[25/Oct/2023:22:11:18 -0300] 0:0:0:0:0:0:0:1 "GET /backend/usuario HTTP/1.1" 200 (934 ms)
[25/Oct/2023:22:11:18 -0300] 0:0:0:0:0:0:0:1 "GET /favicon.ico HTTP/1.1" 404 (3 ms)
[25/Oct/2023:22:13:58 -0300] 0:0:0:0:0:0:0:1 "GET /backend/usuario/1 HTTP/1.1" 200 (325 ms)
[25/Oct/2023:22:14:18 -0300] 0:0:0:0:0:0:0:1 "GET /backend/usuario/1/actividades HTTP/1.1" 200 (281 ms)
[25/Oct/2023:22:22:35 -0300] 0:0:0:0:0:0:0:1 "GET /backend/usuario/1/actividades HTTP/1.1" 200 (835 ms)
[25/Oct/2023:22:22:39 -0300] 0:0:0:0:0:0:0:1 "GET /backend/usuario/1 HTTP/1.1" 200 (363 ms)
[25/Oct/2023:22:23:54 -0300] 0:0:0:0:0:0:0:1 "GET /backend/usuario/1 HTTP/1.1" 200 (699 ms)
[25/Oct/2023:22:23:56 -0300] 0:0:0:0:0:0:0:1 "GET /backend/usuario/1 HTTP/1.1" 200 (279 ms)
[25/Oct/2023:22:26:05 -0300] 0:0:0:0:0:0:0:1 "GET /backend/usuario HTTP/1.1" 200 (804 ms)
[25/Oct/2023:22:26:25 -0300] 0:0:0:0:0:0:0:1 "GET /backend/usuario/1/actividades HTTP/1.1" 200 (310 ms)
[25/Oct/2023:22:26:38 -0300] 0:0:0:0:0:0:0:1 "GET /backend/usuario/1 HTTP/1.1" 200 (296 ms)
[25/Oct/2023:22:27:44 -0300] 0:0:0:0:0:0:0:1 "GET /backend/usuario/1 HTTP/1.1" 200 (309 ms)
[25/Oct/2023:22:27:44 -0300] 0:0:0:0:0:0:0:1 "GET /backend/usuario HTTP/1.1" 200 (292 ms)
[25/Oct/2023:22:27:50 -0300] 0:0:0:0:0:0:0:1 "GET /backend/usuario/1/actividades HTTP/1.1" 200 (301 ms)
[25/Oct/2023:22:28:46 -0300] 0:0:0:0:0:0:0:1 "GET /backend/usuario/2/actividades HTTP/1.1" 200 (196 ms)
[25/Oct/2023:22:28:50 -0300] 0:0:0:0:0:0:0:1 "GET /backend/usuario/1/actividades HTTP/1.1" 200 (298 ms)
[25/Oct/2023:22:30:48 -0300] 0:0:0:0:0:0:0:1 "GET /backend/usuario/1/actividades HTTP/1.1" 404 (161 ms)
[25/Oct/2023:22:30:53 -0300] 0:0:0:0:0:0:0:1 "GET /backend/usuario/1/preferencias HTTP/1.1" 200 (416 ms)
[25/Oct/2023:22:34:20 -0300] 0:0:0:0:0:0:0:1 "GET /backend/usuario/1/preferencias HTTP/1.1" 200 (650 ms)
[25/Oct/2023:22:34:21 -0300] 0:0:0:0:0:0:0:1 "GET /backend/usuario/1/preferencias HTTP/1.1" 200 (272 ms)
