[28/Oct/2023:18:44:02 -0300] 0:0:0:0:0:0:0:1 "GET /backend/usuario HTTP/1.1" 200 (597 ms)
[28/Oct/2023:18:44:02 -0300] 0:0:0:0:0:0:0:1 "GET /favicon.ico HTTP/1.1" 404 (3 ms)
[28/Oct/2023:18:44:07 -0300] 0:0:0:0:0:0:0:1 "GET /backend/usuario/2 HTTP/1.1" 200 (184 ms)
[28/Oct/2023:18:44:14 -0300] 0:0:0:0:0:0:0:1 "GET /backend/usuario/2/preferencias HTTP/1.1" 200 (220 ms)
[28/Oct/2023:18:44:55 -0300] 0:0:0:0:0:0:0:1 "POST /backend/usuario/1/1 HTTP/1.1" 500 (25 ms)
[28/Oct/2023:18:45:05 -0300] 0:0:0:0:0:0:0:1 "POST /backend/usuario/1/1 HTTP/1.1" 500 (8 ms)
[28/Oct/2023:18:46:36 -0300] 0:0:0:0:0:0:0:1 "POST /backend/usuario/1/1 HTTP/1.1" 500 (7 ms)
[28/Oct/2023:18:47:21 -0300] 0:0:0:0:0:0:0:1 "GET /backend/usuario/1/preferencias HTTP/1.1" 200 (221 ms)
[28/Oct/2023:18:47:35 -0300] 0:0:0:0:0:0:0:1 "GET /backend/usuario/2/preferencias HTTP/1.1" 200 (208 ms)
[28/Oct/2023:18:50:56 -0300] 0:0:0:0:0:0:0:1 "POST /backend/usuario/1/1 HTTP/1.1" 500 (6 ms)
[28/Oct/2023:18:51:58 -0300] 0:0:0:0:0:0:0:1 "POST /backend/usuario/1/1 HTTP/1.1" 500 (196 ms)
[28/Oct/2023:18:52:33 -0300] 0:0:0:0:0:0:0:1 "POST /backend/usuario/1/1 HTTP/1.1" 500 (6 ms)
[28/Oct/2023:18:52:43 -0300] 0:0:0:0:0:0:0:1 "POST /backend/usuario/1 HTTP/1.1" 500 (7 ms)
[28/Oct/2023:18:52:48 -0300] 0:0:0:0:0:0:0:1 "GET /backend/usuario/1 HTTP/1.1" 200 (274 ms)
[28/Oct/2023:18:52:54 -0300] 0:0:0:0:0:0:0:1 "GET /backend/usuario/2 HTTP/1.1" 200 (143 ms)
[28/Oct/2023:18:53:05 -0300] 0:0:0:0:0:0:0:1 "POST /backend/usuario/2/1 HTTP/1.1" 500 (5 ms)
[28/Oct/2023:18:53:28 -0300] 0:0:0:0:0:0:0:1 "POST /backend/usuario/2/1 HTTP/1.1" 500 (6 ms)
[28/Oct/2023:18:54:10 -0300] 0:0:0:0:0:0:0:1 "POST /backend/usuario/2/1 HTTP/1.1" 500 (6 ms)
[28/Oct/2023:18:55:39 -0300] 0:0:0:0:0:0:0:1 "GET /backend/usuario/2/preferencias HTTP/1.1" 200 (451 ms)
[28/Oct/2023:18:55:41 -0300] 0:0:0:0:0:0:0:1 "GET /backend/usuario/2/ HTTP/1.1" 200 (196 ms)
[28/Oct/2023:18:55:45 -0300] 0:0:0:0:0:0:0:1 "GET /backend/usuario/2/preferencias HTTP/1.1" 200 (214 ms)
[28/Oct/2023:18:55:58 -0300] 0:0:0:0:0:0:0:1 "POST /backend/usuario/2/1 HTTP/1.1" 200 (518 ms)
[28/Oct/2023:18:56:08 -0300] 0:0:0:0:0:0:0:1 "GET /backend/usuario/2/preferencias HTTP/1.1" 200 (226 ms)
[28/Oct/2023:19:04:45 -0300] 0:0:0:0:0:0:0:1 "GET /backend/usuario/2/preferencias HTTP/1.1" 200 (250 ms)
[28/Oct/2023:19:09:44 -0300] 0:0:0:0:0:0:0:1 "GET /backend/usuario/2/preferencias HTTP/1.1" 200 (216 ms)
[28/Oct/2023:19:09:48 -0300] 0:0:0:0:0:0:0:1 "GET /backend/usuario/1/preferencias HTTP/1.1" 200 (206 ms)
[28/Oct/2023:19:09:51 -0300] 0:0:0:0:0:0:0:1 "GET /backend/usuario/1 HTTP/1.1" 200 (160 ms)
[28/Oct/2023:19:09:59 -0300] 0:0:0:0:0:0:0:1 "GET /backend/usuario/2/preferencias HTTP/1.1" 200 (213 ms)
[28/Oct/2023:19:10:55 -0300] 0:0:0:0:0:0:0:1 "GET /backend/usuario/2/preferencias HTTP/1.1" 200 (453 ms)
[28/Oct/2023:19:10:58 -0300] 0:0:0:0:0:0:0:1 "POST /backend/usuario/2/1 HTTP/1.1" 200 (419 ms)
[28/Oct/2023:19:11:25 -0300] 0:0:0:0:0:0:0:1 "GET /backend/usuario HTTP/1.1" 200 (249 ms)
[28/Oct/2023:19:11:35 -0300] 0:0:0:0:0:0:0:1 "GET /backend/actividad HTTP/1.1" 200 (152 ms)
[28/Oct/2023:19:12:03 -0300] 0:0:0:0:0:0:0:1 "GET /backend/usuario/2/10 HTTP/1.1" 500 (17 ms)
[28/Oct/2023:19:12:08 -0300] 0:0:0:0:0:0:0:1 "POST /backend/usuario/2/10 HTTP/1.1" 200 (328 ms)
[28/Oct/2023:19:12:12 -0300] 0:0:0:0:0:0:0:1 "POST /backend/usuario/2/11 HTTP/1.1" 200 (327 ms)
[28/Oct/2023:19:12:21 -0300] 0:0:0:0:0:0:0:1 "GET /backend/usuario/2/preferencias HTTP/1.1" 200 (190 ms)
[28/Oct/2023:19:13:15 -0300] 0:0:0:0:0:0:0:1 "GET /backend/usuario/2/preferencias HTTP/1.1" 200 (194 ms)
