[01/Nov/2023:17:06:00 -0300] 0:0:0:0:0:0:0:1 "GET /backend/usuario HTTP/1.1" 200 (1387 ms)
[01/Nov/2023:17:06:00 -0300] 0:0:0:0:0:0:0:1 "GET /favicon.ico HTTP/1.1" 404 (7 ms)
[01/Nov/2023:17:06:13 -0300] 0:0:0:0:0:0:0:1 "GET /backend/usuario/1/preferencias HTTP/1.1" 200 (259 ms)
[01/Nov/2023:17:37:15 -0300] 0:0:0:0:0:0:0:1 "GET /backend/usuario/1 HTTP/1.1" 500 (151 ms)
[01/Nov/2023:17:38:13 -0300] 0:0:0:0:0:0:0:1 "GET /backend/usuario/1 HTTP/1.1" 200 (462 ms)
[01/Nov/2023:17:38:25 -0300] 0:0:0:0:0:0:0:1 "GET /backend/usuario/nombre/Ana HTTP/1.1" 200 (235 ms)
[01/Nov/2023:17:38:30 -0300] 0:0:0:0:0:0:0:1 "GET /backend/usuario/nombre/Rodrigo HTTP/1.1" 200 (94 ms)
[01/Nov/2023:17:54:41 -0300] 0:0:0:0:0:0:0:1 "GET /backend/usuario/2/preferencias HTTP/1.1" 200 (210 ms)
[01/Nov/2023:18:21:35 -0300] 0:0:0:0:0:0:0:1 "GET /backend/usuario/nombre/Rodrigo HTTP/1.1" 200 (129 ms)
[01/Nov/2023:18:22:05 -0300] 0:0:0:0:0:0:0:1 "GET /backend/usuario/1/preferencias HTTP/1.1" 200 (217 ms)
[01/Nov/2023:18:22:13 -0300] 0:0:0:0:0:0:0:1 "GET /backend/usuario/1/preferencias HTTP/1.1" 200 (219 ms)
[01/Nov/2023:18:22:15 -0300] 0:0:0:0:0:0:0:1 "GET /backend/usuario/2/preferencias HTTP/1.1" 200 (221 ms)
[01/Nov/2023:18:37:06 -0300] 0:0:0:0:0:0:0:1 "OPTIONS /backend/usuario/2/preferencias HTTP/1.1" 403 (35 ms)
[01/Nov/2023:18:37:06 -0300] 0:0:0:0:0:0:0:1 "OPTIONS /backend/usuario/2/preferencias HTTP/1.1" 403 (5 ms)
[01/Nov/2023:19:11:02 -0300] 0:0:0:0:0:0:0:1 "OPTIONS /backend/usuario/2/preferencias HTTP/1.1" 403 (6 ms)
[01/Nov/2023:19:11:02 -0300] 0:0:0:0:0:0:0:1 "OPTIONS /backend/usuario/2/preferencias HTTP/1.1" 403 (4 ms)
[01/Nov/2023:19:11:34 -0300] 0:0:0:0:0:0:0:1 "OPTIONS /backend/usuario/2/preferencias HTTP/1.1" 403 (3 ms)
[01/Nov/2023:19:11:35 -0300] 0:0:0:0:0:0:0:1 "OPTIONS /backend/usuario/2/preferencias HTTP/1.1" 403 (3 ms)
[01/Nov/2023:19:13:03 -0300] 0:0:0:0:0:0:0:1 "GET /backend/usuario/nombre/Rodrigo HTTP/1.1" 200 (121 ms)
[01/Nov/2023:19:13:07 -0300] 0:0:0:0:0:0:0:1 "GET /backend/usuario/nombre/Ana HTTP/1.1" 200 (109 ms)
[01/Nov/2023:19:13:12 -0300] 0:0:0:0:0:0:0:1 "GET /backend/usuario/nombre/Rodrigo HTTP/1.1" 200 (114 ms)
[01/Nov/2023:19:13:41 -0300] 0:0:0:0:0:0:0:1 "OPTIONS /backend/usuario/2/preferencias HTTP/1.1" 403 (4 ms)
[01/Nov/2023:19:13:41 -0300] 0:0:0:0:0:0:0:1 "OPTIONS /backend/usuario/2/preferencias HTTP/1.1" 403 (4 ms)
[01/Nov/2023:19:14:41 -0300] 0:0:0:0:0:0:0:1 "OPTIONS /backend/usuario/2/preferencias HTTP/1.1" 403 (4 ms)
[01/Nov/2023:19:14:41 -0300] 0:0:0:0:0:0:0:1 "OPTIONS /backend/usuario/2/preferencias HTTP/1.1" 403 (5 ms)
[01/Nov/2023:19:24:06 -0300] 0:0:0:0:0:0:0:1 "GET /backend/usuario/Ana/Preferencias HTTP/1.1" 500 (187 ms)
[01/Nov/2023:19:24:24 -0300] 0:0:0:0:0:0:0:1 "GET /backend/usuario/Ana/preferencias HTTP/1.1" 500 (18 ms)
[01/Nov/2023:19:26:07 -0300] 0:0:0:0:0:0:0:1 "GET /backend/usuario/Ana/preferencias HTTP/1.1" 500 (226 ms)
[01/Nov/2023:19:26:16 -0300] 0:0:0:0:0:0:0:1 "GET /backend/usuario/Ana/preferencias HTTP/1.1" 500 (9 ms)
[01/Nov/2023:19:26:34 -0300] 0:0:0:0:0:0:0:1 "GET /backend/usuario/nombre/Ana/preferencias HTTP/1.1" 200 (463 ms)
[01/Nov/2023:19:26:43 -0300] 0:0:0:0:0:0:0:1 "GET /backend/usuario/nombre/Rodrigo/preferencias HTTP/1.1" 200 (161 ms)
[01/Nov/2023:19:26:54 -0300] 0:0:0:0:0:0:0:1 "GET /backend/usuario/nombre/1/preferencias HTTP/1.1" 404 (110 ms)
[01/Nov/2023:19:27:00 -0300] 0:0:0:0:0:0:0:1 "GET /backend/usuario/1/preferencias HTTP/1.1" 200 (236 ms)
[01/Nov/2023:19:27:03 -0300] 0:0:0:0:0:0:0:1 "GET /backend/usuario/2/preferencias HTTP/1.1" 200 (216 ms)
[01/Nov/2023:19:27:10 -0300] 0:0:0:0:0:0:0:1 "GET /backend/usuario/nombre/Rodrigo/preferencias HTTP/1.1" 200 (159 ms)
[01/Nov/2023:19:35:30 -0300] 0:0:0:0:0:0:0:1 "GET /bff/connector/ping HTTP/1.1" 404 (5 ms)
[01/Nov/2023:19:35:36 -0300] 0:0:0:0:0:0:0:1 "GET /bff/conector/ping HTTP/1.1" 404 (5 ms)
[01/Nov/2023:19:36:21 -0300] 0:0:0:0:0:0:0:1 "GET /conector/bff/ping HTTP/1.1" 404 (1 ms)
[01/Nov/2023:19:37:31 -0300] 0:0:0:0:0:0:0:1 "GET /conector/ping HTTP/1.1" 404 (2 ms)
[01/Nov/2023:20:24:59 -0300] 0:0:0:0:0:0:0:1 "GET /backend/usuario HTTP/1.1" 200 (664 ms)
[01/Nov/2023:20:25:07 -0300] 0:0:0:0:0:0:0:1 "GET /bff/backend/ping HTTP/1.1" 404 (4 ms)
[01/Nov/2023:20:26:07 -0300] 0:0:0:0:0:0:0:1 "GET /backend/ping HTTP/1.1" 200 (7 ms)
