[08/Nov/2023:13:37:43 -0300] 0:0:0:0:0:0:0:1 "GET /conector/ping HTTP/1.1" 200 (166 ms)
[08/Nov/2023:13:37:44 -0300] 0:0:0:0:0:0:0:1 "GET /favicon.ico HTTP/1.1" 404 (5 ms)
[08/Nov/2023:13:37:50 -0300] 0:0:0:0:0:0:0:1 "GET /conector/todos HTTP/1.1" 400 (1413 ms)
[08/Nov/2023:13:43:44 -0300] 0:0:0:0:0:0:0:1 "GET /conector/todos HTTP/1.1" 200 (160 ms)
[08/Nov/2023:13:45:14 -0300] 0:0:0:0:0:0:0:1 "GET /conector/todos HTTP/1.1" 400 (1188 ms)
[08/Nov/2023:13:48:29 -0300] 0:0:0:0:0:0:0:1 "GET /conector/todos HTTP/1.1" 400 (1208 ms)
[08/Nov/2023:13:49:37 -0300] 0:0:0:0:0:0:0:1 "GET /conector/todos HTTP/1.1" 400 (1189 ms)
[08/Nov/2023:13:54:25 -0300] 0:0:0:0:0:0:0:1 "GET /conector/todos HTTP/1.1" 400 (1140 ms)
[08/Nov/2023:13:58:12 -0300] 0:0:0:0:0:0:0:1 "GET /conector/todos HTTP/1.1" 200 (1215 ms)
[08/Nov/2023:14:00:14 -0300] 0:0:0:0:0:0:0:1 "GET /conector/clima HTTP/1.1" 200 (1221 ms)
[08/Nov/2023:14:06:44 -0300] 0:0:0:0:0:0:0:1 "GET /conector/clima HTTP/1.1" 500 (1240 ms)
[08/Nov/2023:14:08:52 -0300] 0:0:0:0:0:0:0:1 "GET /conector/clima HTTP/1.1" 200 (1114 ms)
[08/Nov/2023:14:12:25 -0300] 0:0:0:0:0:0:0:1 "GET /conector/clima HTTP/1.1" 200 (1204 ms)
[08/Nov/2023:14:18:38 -0300] 0:0:0:0:0:0:0:1 "GET /conector/clima HTTP/1.1" 200 (1200 ms)
[08/Nov/2023:14:19:56 -0300] 0:0:0:0:0:0:0:1 "GET /conector/clima HTTP/1.1" 200 (1183 ms)
[08/Nov/2023:14:21:12 -0300] 0:0:0:0:0:0:0:1 "GET /conector/clima HTTP/1.1" 200 (1208 ms)
[08/Nov/2023:18:13:03 -0300] 0:0:0:0:0:0:0:1 "GET /conector/ping HTTP/1.1" 200 (140 ms)
[08/Nov/2023:18:13:03 -0300] 0:0:0:0:0:0:0:1 "GET /favicon.ico HTTP/1.1" 404 (2 ms)
[08/Nov/2023:18:13:11 -0300] 0:0:0:0:0:0:0:1 "GET /conector/clima HTTP/1.1" 200 (1125 ms)
[08/Nov/2023:18:14:08 -0300] 0:0:0:0:0:0:0:1 "GET /conector/clima HTTP/1.1" 200 (1068 ms)
[08/Nov/2023:18:14:35 -0300] 0:0:0:0:0:0:0:1 "GET /conector/ping HTTP/1.1" 200 (7 ms)
[08/Nov/2023:18:14:40 -0300] 0:0:0:0:0:0:0:1 "GET /conector/clima HTTP/1.1" 200 (954 ms)
[08/Nov/2023:18:16:03 -0300] 0:0:0:0:0:0:0:1 "GET /conector/clima HTTP/1.1" 200 (2448 ms)
[08/Nov/2023:18:20:34 -0300] 0:0:0:0:0:0:0:1 "GET /conector/clima HTTP/1.1" 200 (1384 ms)
[08/Nov/2023:18:30:20 -0300] 0:0:0:0:0:0:0:1 "GET /conector/clima/-34/-64 HTTP/1.1" 200 (1125 ms)
[08/Nov/2023:18:30:25 -0300] 0:0:0:0:0:0:0:1 "GET /conector/clima/-34/0 HTTP/1.1" 200 (321 ms)
[08/Nov/2023:18:30:28 -0300] 0:0:0:0:0:0:0:1 "GET /conector/clima/-34/-64 HTTP/1.1" 200 (327 ms)
[08/Nov/2023:18:30:33 -0300] 0:0:0:0:0:0:0:1 "GET /conector/clima/-34/0 HTTP/1.1" 200 (300 ms)
[08/Nov/2023:18:30:37 -0300] 0:0:0:0:0:0:0:1 "GET /conector/clima/0/0 HTTP/1.1" 200 (510 ms)
[08/Nov/2023:18:30:46 -0300] 0:0:0:0:0:0:0:1 "GET /conector/clima/-34/0 HTTP/1.1" 200 (1650 ms)
[08/Nov/2023:18:30:47 -0300] 0:0:0:0:0:0:0:1 "GET /conector/clima/-34/-64 HTTP/1.1" 200 (1753 ms)
