[03/Nov/2023:18:08:42 -0300] 0:0:0:0:0:0:0:1 "OPTIONS /bff/backend/usuario/nombre/rodrigo/preferencias HTTP/1.1" 200 (135 ms)
[03/Nov/2023:18:08:42 -0300] 0:0:0:0:0:0:0:1 "OPTIONS /bff/backend/usuario/nombre/rodrigo/preferencias HTTP/1.1" 200 (135 ms)
[03/Nov/2023:18:08:42 -0300] 0:0:0:0:0:0:0:1 "GET /bff/backend/usuario/nombre/rodrigo/preferencias HTTP/1.1" 400 (781 ms)
[03/Nov/2023:18:08:42 -0300] 0:0:0:0:0:0:0:1 "GET /bff/backend/usuario/nombre/rodrigo/preferencias HTTP/1.1" 400 (41 ms)
[03/Nov/2023:18:11:19 -0300] 0:0:0:0:0:0:0:1 "GET /bff/conector/ping HTTP/1.1" 200 (224 ms)
[03/Nov/2023:18:11:19 -0300] 0:0:0:0:0:0:0:1 "GET /favicon.ico HTTP/1.1" 404 (5 ms)
[03/Nov/2023:18:31:07 -0300] 0:0:0:0:0:0:0:1 "GET /bff/backend/usuario/nombre/rodrigo/preferencias HTTP/1.1" 400 (527 ms)
[03/Nov/2023:18:31:07 -0300] 0:0:0:0:0:0:0:1 "GET /bff/backend/usuario/nombre/rodrigo/preferencias HTTP/1.1" 400 (39 ms)
[03/Nov/2023:18:31:21 -0300] 0:0:0:0:0:0:0:1 "OPTIONS /bff/usuario/nombre/rodrigo/preferencias HTTP/1.1" 200 (9 ms)
[03/Nov/2023:18:31:21 -0300] 0:0:0:0:0:0:0:1 "OPTIONS /bff/usuario/nombre/rodrigo/preferencias HTTP/1.1" 200 (13 ms)
[03/Nov/2023:18:31:21 -0300] 0:0:0:0:0:0:0:1 "GET /bff/usuario/nombre/rodrigo/preferencias HTTP/1.1" 400 (37 ms)
[03/Nov/2023:18:31:21 -0300] 0:0:0:0:0:0:0:1 "GET /bff/usuario/nombre/rodrigo/preferencias HTTP/1.1" 400 (54 ms)
[03/Nov/2023:18:34:26 -0300] 0:0:0:0:0:0:0:1 "GET /bff/usuario/nombre/rodrigo/preferencias HTTP/1.1" 400 (1037 ms)
[03/Nov/2023:18:34:26 -0300] 0:0:0:0:0:0:0:1 "GET /bff/usuario/nombre/rodrigo/preferencias HTTP/1.1" 400 (61 ms)
[03/Nov/2023:18:36:04 -0300] 0:0:0:0:0:0:0:1 "GET /bff/usuario/nombre/rodrigo/preferencias HTTP/1.1" 400 (59 ms)
[03/Nov/2023:18:36:04 -0300] 0:0:0:0:0:0:0:1 "OPTIONS /usuario/nombre/rodrigo HTTP/1.1" 404 (8 ms)
[03/Nov/2023:18:36:04 -0300] 0:0:0:0:0:0:0:1 "GET /bff/usuario/nombre/rodrigo/preferencias HTTP/1.1" 400 (46 ms)
[03/Nov/2023:18:41:45 -0300] 0:0:0:0:0:0:0:1 "OPTIONS /usuario/nombre/rodrigo HTTP/1.1" 404 (54 ms)
[03/Nov/2023:18:41:45 -0300] 0:0:0:0:0:0:0:1 "GET /bff/usuario/nombre/rodrigo/preferencias HTTP/1.1" 400 (43 ms)
[03/Nov/2023:18:41:45 -0300] 0:0:0:0:0:0:0:1 "GET /bff/usuario/nombre/rodrigo/preferencias HTTP/1.1" 400 (616 ms)
[03/Nov/2023:18:42:14 -0300] 0:0:0:0:0:0:0:1 "GET /bff/usuario/nombre/rodrigo/preferencias HTTP/1.1" 400 (39 ms)
[03/Nov/2023:18:42:14 -0300] 0:0:0:0:0:0:0:1 "OPTIONS /bff/usuario/nombre/rodrigo HTTP/1.1" 200 (15 ms)
[03/Nov/2023:18:42:14 -0300] 0:0:0:0:0:0:0:1 "GET /bff/usuario/nombre/rodrigo/preferencias HTTP/1.1" 400 (45 ms)
[03/Nov/2023:18:42:14 -0300] 0:0:0:0:0:0:0:1 "GET /bff/usuario/nombre/rodrigo HTTP/1.1" 400 (48 ms)
[03/Nov/2023:18:42:27 -0300] 0:0:0:0:0:0:0:1 "GET /bff/usuario/nombre/rodrigo HTTP/1.1" 400 (26 ms)
[03/Nov/2023:18:42:27 -0300] 0:0:0:0:0:0:0:1 "GET /bff/usuario/nombre/rodrigo/preferencias HTTP/1.1" 400 (23 ms)
[03/Nov/2023:18:42:27 -0300] 0:0:0:0:0:0:0:1 "GET /bff/usuario/nombre/rodrigo/preferencias HTTP/1.1" 400 (28 ms)
[03/Nov/2023:18:44:25 -0300] 0:0:0:0:0:0:0:1 "GET /bff/usuario/nombre/rodrigo/preferencias HTTP/1.1" 400 (454 ms)
[03/Nov/2023:18:44:25 -0300] 0:0:0:0:0:0:0:1 "GET /bff/usuario/nombre/rodrigo HTTP/1.1" 400 (459 ms)
[03/Nov/2023:18:44:25 -0300] 0:0:0:0:0:0:0:1 "GET /bff/usuario/nombre/rodrigo/preferencias HTTP/1.1" 400 (45 ms)
[03/Nov/2023:18:48:31 -0300] 0:0:0:0:0:0:0:1 "GET /bff/usuario/nombre/rodrigo/preferencias HTTP/1.1" 200 (1122 ms)
[03/Nov/2023:18:48:31 -0300] 0:0:0:0:0:0:0:1 "GET /bff/usuario/nombre/rodrigo HTTP/1.1" 200 (1123 ms)
[03/Nov/2023:18:48:32 -0300] 0:0:0:0:0:0:0:1 "GET /bff/usuario/nombre/rodrigo/preferencias HTTP/1.1" 200 (172 ms)
[03/Nov/2023:19:25:38 -0300] 0:0:0:0:0:0:0:1 "GET /bff/usuario/nombre/rodrigo HTTP/1.1" 200 (665 ms)
[03/Nov/2023:19:25:38 -0300] 0:0:0:0:0:0:0:1 "GET /bff/usuario/nombre/rodrigo/preferencias HTTP/1.1" 200 (666 ms)
[03/Nov/2023:19:25:38 -0300] 0:0:0:0:0:0:0:1 "GET /bff/usuario/nombre/rodrigo/preferencias HTTP/1.1" 200 (149 ms)
[03/Nov/2023:19:29:57 -0300] 0:0:0:0:0:0:0:1 "OPTIONS /bff/actividad HTTP/1.1" 200 (10 ms)
[03/Nov/2023:19:29:57 -0300] 0:0:0:0:0:0:0:1 "OPTIONS /bff/actividad HTTP/1.1" 200 (4 ms)
[03/Nov/2023:19:29:58 -0300] 0:0:0:0:0:0:0:1 "GET /bff/usuario/nombre/rodrigo HTTP/1.1" 200 (129 ms)
[03/Nov/2023:19:29:58 -0300] 0:0:0:0:0:0:0:1 "GET /bff/usuario/nombre/rodrigo/preferencias HTTP/1.1" 200 (180 ms)
[03/Nov/2023:19:29:58 -0300] 0:0:0:0:0:0:0:1 "GET /bff/usuario/nombre/rodrigo/preferencias HTTP/1.1" 200 (154 ms)
[03/Nov/2023:19:29:58 -0300] 0:0:0:0:0:0:0:1 "GET /bff/actividad HTTP/1.1" 200 (357 ms)
[03/Nov/2023:19:29:58 -0300] 0:0:0:0:0:0:0:1 "GET /bff/actividad HTTP/1.1" 200 (124 ms)
[03/Nov/2023:19:30:24 -0300] 0:0:0:0:0:0:0:1 "GET /bff/usuario/nombre/rodrigo HTTP/1.1" 200 (124 ms)
[03/Nov/2023:19:30:24 -0300] 0:0:0:0:0:0:0:1 "GET /bff/actividad HTTP/1.1" 200 (175 ms)
[03/Nov/2023:19:30:24 -0300] 0:0:0:0:0:0:0:1 "GET /bff/usuario/nombre/rodrigo/preferencias HTTP/1.1" 200 (176 ms)
[03/Nov/2023:19:30:24 -0300] 0:0:0:0:0:0:0:1 "GET /bff/actividad HTTP/1.1" 200 (134 ms)
[03/Nov/2023:19:30:24 -0300] 0:0:0:0:0:0:0:1 "GET /bff/usuario/nombre/rodrigo/preferencias HTTP/1.1" 200 (142 ms)
[03/Nov/2023:19:31:05 -0300] 0:0:0:0:0:0:0:1 "GET /bff/usuario/nombre/rodrigo HTTP/1.1" 200 (117 ms)
[03/Nov/2023:19:31:05 -0300] 0:0:0:0:0:0:0:1 "GET /bff/usuario/nombre/rodrigo/preferencias HTTP/1.1" 200 (213 ms)
[03/Nov/2023:19:31:05 -0300] 0:0:0:0:0:0:0:1 "GET /bff/usuario/nombre/rodrigo/preferencias HTTP/1.1" 200 (116 ms)
[03/Nov/2023:19:31:48 -0300] 0:0:0:0:0:0:0:1 "OPTIONS /bff/usuario/nombre/rodrigo/preferencias HTTP/1.1" 200 (4 ms)
[03/Nov/2023:19:31:48 -0300] 0:0:0:0:0:0:0:1 "GET /bff/usuario/nombre/rodrigo/preferencias HTTP/1.1" 200 (187 ms)
[03/Nov/2023:19:31:48 -0300] 0:0:0:0:0:0:0:1 "GET /bff/usuario/nombre/rodrigo HTTP/1.1" 200 (120 ms)
[03/Nov/2023:19:31:48 -0300] 0:0:0:0:0:0:0:1 "GET /bff/usuario/nombre/rodrigo/preferencias HTTP/1.1" 200 (112 ms)
[03/Nov/2023:20:08:07 -0300] 0:0:0:0:0:0:0:1 "OPTIONS /bff/usuario/nombre/rodrigo HTTP/1.1" 200 (4 ms)
[03/Nov/2023:20:08:08 -0300] 0:0:0:0:0:0:0:1 "GET /bff/usuario/nombre/rodrigo HTTP/1.1" 200 (118 ms)
[03/Nov/2023:20:08:08 -0300] 0:0:0:0:0:0:0:1 "GET /bff/usuario/nombre/rodrigo/preferencias HTTP/1.1" 200 (197 ms)
[03/Nov/2023:20:08:08 -0300] 0:0:0:0:0:0:0:1 "GET /bff/usuario/nombre/rodrigo/preferencias HTTP/1.1" 200 (112 ms)
