[09/Nov/2023:16:31:13 -0300] 0:0:0:0:0:0:0:1 "OPTIONS /bff/actividad HTTP/1.1" 200 (610 ms)
[09/Nov/2023:16:31:13 -0300] 0:0:0:0:0:0:0:1 "OPTIONS /bff/actividad HTTP/1.1" 200 (610 ms)
[09/Nov/2023:16:31:15 -0300] 0:0:0:0:0:0:0:1 "GET /bff/actividad HTTP/1.1" 200 (1356 ms)
[09/Nov/2023:16:31:15 -0300] 0:0:0:0:0:0:0:1 "GET /bff/actividad HTTP/1.1" 200 (124 ms)
[09/Nov/2023:16:32:00 -0300] 0:0:0:0:0:0:0:1 "GET /bff/actividad HTTP/1.1" 200 (174 ms)
[09/Nov/2023:16:32:00 -0300] 0:0:0:0:0:0:0:1 "GET /bff/actividad HTTP/1.1" 200 (114 ms)
[09/Nov/2023:16:36:01 -0300] 0:0:0:0:0:0:0:1 "GET /bff/actividad HTTP/1.1" 200 (172 ms)
[09/Nov/2023:16:36:01 -0300] 0:0:0:0:0:0:0:1 "GET /bff/actividad HTTP/1.1" 200 (120 ms)
[09/Nov/2023:16:36:31 -0300] 0:0:0:0:0:0:0:1 "GET /bff/actividad HTTP/1.1" 200 (158 ms)
[09/Nov/2023:16:36:31 -0300] 0:0:0:0:0:0:0:1 "GET /bff/actividad HTTP/1.1" 200 (107 ms)
[09/Nov/2023:16:42:58 -0300] 0:0:0:0:0:0:0:1 "GET /bff/actividad HTTP/1.1" 200 (169 ms)
[09/Nov/2023:16:42:58 -0300] 0:0:0:0:0:0:0:1 "GET /bff/actividad HTTP/1.1" 200 (108 ms)
[09/Nov/2023:16:48:34 -0300] 0:0:0:0:0:0:0:1 "GET /bff/actividad HTTP/1.1" 200 (156 ms)
[09/Nov/2023:16:48:34 -0300] 0:0:0:0:0:0:0:1 "GET /bff/actividad HTTP/1.1" 200 (111 ms)
[09/Nov/2023:16:54:51 -0300] 0:0:0:0:0:0:0:1 "GET /bff/actividad HTTP/1.1" 200 (164 ms)
[09/Nov/2023:16:54:52 -0300] 0:0:0:0:0:0:0:1 "GET /bff/actividad HTTP/1.1" 200 (108 ms)
[09/Nov/2023:16:55:39 -0300] 0:0:0:0:0:0:0:1 "GET /bff/actividad HTTP/1.1" 200 (161 ms)
[09/Nov/2023:16:55:39 -0300] 0:0:0:0:0:0:0:1 "GET /bff/actividad HTTP/1.1" 200 (124 ms)
[09/Nov/2023:16:56:37 -0300] 0:0:0:0:0:0:0:1 "GET /bff/actividad HTTP/1.1" 200 (160 ms)
[09/Nov/2023:16:56:37 -0300] 0:0:0:0:0:0:0:1 "GET /bff/actividad HTTP/1.1" 200 (111 ms)
[09/Nov/2023:16:57:40 -0300] 0:0:0:0:0:0:0:1 "GET /bff/actividad HTTP/1.1" 200 (165 ms)
[09/Nov/2023:16:57:40 -0300] 0:0:0:0:0:0:0:1 "GET /bff/actividad HTTP/1.1" 200 (111 ms)
[09/Nov/2023:16:57:51 -0300] 0:0:0:0:0:0:0:1 "OPTIONS /bff/usuario/nombre/rodrigo/preferencias HTTP/1.1" 200 (10 ms)
[09/Nov/2023:16:57:51 -0300] 0:0:0:0:0:0:0:1 "OPTIONS /bff/actividad HTTP/1.1" 200 (4 ms)
[09/Nov/2023:16:57:51 -0300] 0:0:0:0:0:0:0:1 "OPTIONS /bff/usuario/nombre/rodrigo HTTP/1.1" 200 (4 ms)
[09/Nov/2023:16:57:51 -0300] 0:0:0:0:0:0:0:1 "GET /bff/actividad HTTP/1.1" 200 (401 ms)
[09/Nov/2023:16:57:51 -0300] 0:0:0:0:0:0:0:1 "GET /bff/usuario/nombre/rodrigo HTTP/1.1" 200 (570 ms)
[09/Nov/2023:16:57:51 -0300] 0:0:0:0:0:0:0:1 "GET /bff/usuario/nombre/rodrigo/preferencias HTTP/1.1" 200 (643 ms)
[09/Nov/2023:16:57:51 -0300] 0:0:0:0:0:0:0:1 "GET /bff/usuario/nombre/rodrigo/preferencias HTTP/1.1" 200 (116 ms)
[09/Nov/2023:16:57:52 -0300] 0:0:0:0:0:0:0:1 "GET /bff/usuario/nombre/rodrigo/preferencias HTTP/1.1" 200 (109 ms)
[09/Nov/2023:16:57:52 -0300] 0:0:0:0:0:0:0:1 "GET /bff/usuario/nombre/rodrigo/preferencias HTTP/1.1" 200 (110 ms)
[09/Nov/2023:16:58:18 -0300] 0:0:0:0:0:0:0:1 "GET /bff/usuario/nombre/rodrigo HTTP/1.1" 200 (124 ms)
[09/Nov/2023:16:58:18 -0300] 0:0:0:0:0:0:0:1 "GET /bff/usuario/nombre/rodrigo/preferencias HTTP/1.1" 200 (170 ms)
[09/Nov/2023:16:58:18 -0300] 0:0:0:0:0:0:0:1 "GET /bff/actividad HTTP/1.1" 200 (183 ms)
[09/Nov/2023:16:58:18 -0300] 0:0:0:0:0:0:0:1 "GET /bff/usuario/nombre/rodrigo/preferencias HTTP/1.1" 200 (108 ms)
[09/Nov/2023:16:58:18 -0300] 0:0:0:0:0:0:0:1 "GET /bff/usuario/nombre/rodrigo/preferencias HTTP/1.1" 200 (109 ms)
[09/Nov/2023:16:58:18 -0300] 0:0:0:0:0:0:0:1 "GET /bff/usuario/nombre/rodrigo/preferencias HTTP/1.1" 200 (126 ms)
[09/Nov/2023:17:01:03 -0300] 0:0:0:0:0:0:0:1 "GET /bff/usuario/nombre/rodrigo HTTP/1.1" 200 (127 ms)
[09/Nov/2023:17:01:03 -0300] 0:0:0:0:0:0:0:1 "GET /bff/usuario/nombre/rodrigo/preferencias HTTP/1.1" 200 (172 ms)
[09/Nov/2023:17:01:03 -0300] 0:0:0:0:0:0:0:1 "GET /bff/actividad HTTP/1.1" 200 (176 ms)
[09/Nov/2023:17:01:03 -0300] 0:0:0:0:0:0:0:1 "GET /bff/usuario/nombre/rodrigo/preferencias HTTP/1.1" 200 (123 ms)
[09/Nov/2023:17:01:03 -0300] 0:0:0:0:0:0:0:1 "GET /bff/usuario/nombre/rodrigo/preferencias HTTP/1.1" 200 (129 ms)
[09/Nov/2023:17:01:14 -0300] 0:0:0:0:0:0:0:1 "GET /bff/usuario/nombre/rodrigo/preferencias HTTP/1.1" 200 (180 ms)
[09/Nov/2023:17:01:42 -0300] 0:0:0:0:0:0:0:1 "GET /bff/usuario/nombre/rodrigo HTTP/1.1" 200 (124 ms)
[09/Nov/2023:17:01:42 -0300] 0:0:0:0:0:0:0:1 "GET /bff/actividad HTTP/1.1" 200 (167 ms)
[09/Nov/2023:17:01:42 -0300] 0:0:0:0:0:0:0:1 "GET /bff/usuario/nombre/rodrigo/preferencias HTTP/1.1" 200 (184 ms)
[09/Nov/2023:17:01:42 -0300] 0:0:0:0:0:0:0:1 "GET /bff/usuario/nombre/rodrigo/preferencias HTTP/1.1" 200 (124 ms)
[09/Nov/2023:17:01:42 -0300] 0:0:0:0:0:0:0:1 "GET /bff/usuario/nombre/rodrigo/preferencias HTTP/1.1" 200 (126 ms)
[09/Nov/2023:17:01:47 -0300] 0:0:0:0:0:0:0:1 "GET /bff/usuario/nombre/rodrigo/preferencias HTTP/1.1" 200 (165 ms)
[09/Nov/2023:17:03:12 -0300] 0:0:0:0:0:0:0:1 "GET /bff/usuario/nombre/rodrigo HTTP/1.1" 200 (129 ms)
[09/Nov/2023:17:03:12 -0300] 0:0:0:0:0:0:0:1 "GET /bff/usuario/nombre/rodrigo/preferencias HTTP/1.1" 200 (180 ms)
[09/Nov/2023:17:03:12 -0300] 0:0:0:0:0:0:0:1 "GET /bff/actividad HTTP/1.1" 200 (186 ms)
[09/Nov/2023:17:03:12 -0300] 0:0:0:0:0:0:0:1 "GET /bff/usuario/nombre/rodrigo/preferencias HTTP/1.1" 200 (123 ms)
[09/Nov/2023:17:03:13 -0300] 0:0:0:0:0:0:0:1 "GET /bff/usuario/nombre/rodrigo/preferencias HTTP/1.1" 200 (127 ms)
[09/Nov/2023:17:03:17 -0300] 0:0:0:0:0:0:0:1 "GET /bff/usuario/nombre/rodrigo/preferencias HTTP/1.1" 200 (175 ms)
[09/Nov/2023:17:03:52 -0300] 0:0:0:0:0:0:0:1 "GET /bff/usuario/nombre/rodrigo/preferencias HTTP/1.1" 200 (169 ms)
[09/Nov/2023:17:03:52 -0300] 0:0:0:0:0:0:0:1 "GET /bff/usuario/nombre/rodrigo HTTP/1.1" 200 (131 ms)
[09/Nov/2023:17:03:52 -0300] 0:0:0:0:0:0:0:1 "GET /bff/actividad HTTP/1.1" 200 (176 ms)
[09/Nov/2023:17:03:52 -0300] 0:0:0:0:0:0:0:1 "GET /bff/usuario/nombre/rodrigo/preferencias HTTP/1.1" 200 (124 ms)
[09/Nov/2023:17:03:52 -0300] 0:0:0:0:0:0:0:1 "GET /bff/usuario/nombre/rodrigo/preferencias HTTP/1.1" 200 (121 ms)
[09/Nov/2023:17:03:55 -0300] 0:0:0:0:0:0:0:1 "GET /bff/usuario/nombre/rodrigo/preferencias HTTP/1.1" 200 (163 ms)
[09/Nov/2023:17:04:46 -0300] 0:0:0:0:0:0:0:1 "GET /bff/usuario/nombre/rodrigo HTTP/1.1" 200 (114 ms)
[09/Nov/2023:17:04:46 -0300] 0:0:0:0:0:0:0:1 "GET /bff/actividad HTTP/1.1" 200 (170 ms)
[09/Nov/2023:17:04:46 -0300] 0:0:0:0:0:0:0:1 "GET /bff/usuario/nombre/rodrigo/preferencias HTTP/1.1" 200 (179 ms)
[09/Nov/2023:17:04:47 -0300] 0:0:0:0:0:0:0:1 "GET /bff/usuario/nombre/rodrigo/preferencias HTTP/1.1" 200 (122 ms)
[09/Nov/2023:17:04:47 -0300] 0:0:0:0:0:0:0:1 "GET /bff/usuario/nombre/rodrigo/preferencias HTTP/1.1" 200 (114 ms)
[09/Nov/2023:17:04:50 -0300] 0:0:0:0:0:0:0:1 "GET /bff/usuario/nombre/rodrigo/preferencias HTTP/1.1" 200 (175 ms)
[09/Nov/2023:17:05:49 -0300] 0:0:0:0:0:0:0:1 "GET /bff/usuario/nombre/rodrigo HTTP/1.1" 200 (129 ms)
[09/Nov/2023:17:05:49 -0300] 0:0:0:0:0:0:0:1 "GET /bff/actividad HTTP/1.1" 200 (166 ms)
[09/Nov/2023:17:05:49 -0300] 0:0:0:0:0:0:0:1 "GET /bff/usuario/nombre/rodrigo/preferencias HTTP/1.1" 200 (181 ms)
[09/Nov/2023:17:05:49 -0300] 0:0:0:0:0:0:0:1 "GET /bff/usuario/nombre/rodrigo/preferencias HTTP/1.1" 200 (117 ms)
[09/Nov/2023:17:05:49 -0300] 0:0:0:0:0:0:0:1 "GET /bff/usuario/nombre/rodrigo/preferencias HTTP/1.1" 200 (134 ms)
[09/Nov/2023:17:05:52 -0300] 0:0:0:0:0:0:0:1 "GET /bff/usuario/nombre/rodrigo/preferencias HTTP/1.1" 200 (177 ms)
[09/Nov/2023:17:06:52 -0300] 0:0:0:0:0:0:0:1 "GET /bff/usuario/nombre/rodrigo/preferencias HTTP/1.1" 200 (175 ms)
[09/Nov/2023:17:06:52 -0300] 0:0:0:0:0:0:0:1 "GET /bff/usuario/nombre/rodrigo HTTP/1.1" 200 (130 ms)
[09/Nov/2023:17:06:52 -0300] 0:0:0:0:0:0:0:1 "GET /bff/actividad HTTP/1.1" 200 (179 ms)
[09/Nov/2023:17:06:52 -0300] 0:0:0:0:0:0:0:1 "GET /bff/usuario/nombre/rodrigo/preferencias HTTP/1.1" 200 (116 ms)
[09/Nov/2023:17:06:52 -0300] 0:0:0:0:0:0:0:1 "GET /bff/usuario/nombre/rodrigo/preferencias HTTP/1.1" 200 (124 ms)
[09/Nov/2023:17:06:55 -0300] 0:0:0:0:0:0:0:1 "GET /bff/usuario/nombre/rodrigo/preferencias HTTP/1.1" 200 (169 ms)
[09/Nov/2023:17:07:26 -0300] 0:0:0:0:0:0:0:1 "GET /bff/usuario/nombre/rodrigo HTTP/1.1" 200 (119 ms)
[09/Nov/2023:17:07:26 -0300] 0:0:0:0:0:0:0:1 "GET /bff/actividad HTTP/1.1" 200 (162 ms)
[09/Nov/2023:17:07:26 -0300] 0:0:0:0:0:0:0:1 "GET /bff/usuario/nombre/rodrigo/preferencias HTTP/1.1" 200 (175 ms)
[09/Nov/2023:17:07:26 -0300] 0:0:0:0:0:0:0:1 "GET /bff/usuario/nombre/rodrigo/preferencias HTTP/1.1" 200 (121 ms)
[09/Nov/2023:17:07:26 -0300] 0:0:0:0:0:0:0:1 "GET /bff/usuario/nombre/rodrigo/preferencias HTTP/1.1" 200 (120 ms)
[09/Nov/2023:17:07:29 -0300] 0:0:0:0:0:0:0:1 "GET /bff/usuario/nombre/rodrigo/preferencias HTTP/1.1" 200 (161 ms)
[09/Nov/2023:17:07:44 -0300] 0:0:0:0:0:0:0:1 "GET /bff/usuario/nombre/rodrigo HTTP/1.1" 200 (110 ms)
[09/Nov/2023:17:07:44 -0300] 0:0:0:0:0:0:0:1 "GET /bff/usuario/nombre/rodrigo/preferencias HTTP/1.1" 200 (175 ms)
[09/Nov/2023:17:07:44 -0300] 0:0:0:0:0:0:0:1 "GET /bff/actividad HTTP/1.1" 200 (170 ms)
[09/Nov/2023:17:07:44 -0300] 0:0:0:0:0:0:0:1 "GET /bff/usuario/nombre/rodrigo/preferencias HTTP/1.1" 200 (124 ms)
[09/Nov/2023:17:07:44 -0300] 0:0:0:0:0:0:0:1 "GET /bff/usuario/nombre/rodrigo/preferencias HTTP/1.1" 200 (123 ms)
[09/Nov/2023:17:08:04 -0300] 0:0:0:0:0:0:0:1 "GET /bff/usuario/nombre/rodrigo HTTP/1.1" 200 (163 ms)
[09/Nov/2023:17:08:04 -0300] 0:0:0:0:0:0:0:1 "GET /bff/usuario/nombre/rodrigo/preferencias HTTP/1.1" 200 (216 ms)
[09/Nov/2023:17:08:04 -0300] 0:0:0:0:0:0:0:1 "GET /bff/actividad HTTP/1.1" 200 (229 ms)
[09/Nov/2023:17:08:04 -0300] 0:0:0:0:0:0:0:1 "GET /bff/usuario/nombre/rodrigo/preferencias HTTP/1.1" 200 (117 ms)
[09/Nov/2023:17:08:04 -0300] 0:0:0:0:0:0:0:1 "GET /bff/usuario/nombre/rodrigo/preferencias HTTP/1.1" 200 (116 ms)
[09/Nov/2023:17:08:08 -0300] 0:0:0:0:0:0:0:1 "GET /bff/usuario/nombre/rodrigo/preferencias HTTP/1.1" 200 (163 ms)
[09/Nov/2023:17:08:23 -0300] 0:0:0:0:0:0:0:1 "GET /bff/usuario/nombre/rodrigo HTTP/1.1" 200 (112 ms)
[09/Nov/2023:17:08:24 -0300] 0:0:0:0:0:0:0:1 "GET /bff/usuario/nombre/rodrigo/preferencias HTTP/1.1" 200 (204 ms)
[09/Nov/2023:17:08:24 -0300] 0:0:0:0:0:0:0:1 "GET /bff/actividad HTTP/1.1" 200 (166 ms)
[09/Nov/2023:17:08:24 -0300] 0:0:0:0:0:0:0:1 "GET /bff/usuario/nombre/rodrigo/preferencias HTTP/1.1" 200 (120 ms)
[09/Nov/2023:17:08:24 -0300] 0:0:0:0:0:0:0:1 "GET /bff/usuario/nombre/rodrigo/preferencias HTTP/1.1" 200 (116 ms)
[09/Nov/2023:17:08:29 -0300] 0:0:0:0:0:0:0:1 "GET /bff/usuario/nombre/rodrigo/preferencias HTTP/1.1" 200 (162 ms)
[09/Nov/2023:17:09:11 -0300] 0:0:0:0:0:0:0:1 "GET /bff/usuario/nombre/rodrigo HTTP/1.1" 200 (109 ms)
[09/Nov/2023:17:09:11 -0300] 0:0:0:0:0:0:0:1 "GET /bff/actividad HTTP/1.1" 200 (167 ms)
[09/Nov/2023:17:09:11 -0300] 0:0:0:0:0:0:0:1 "GET /bff/usuario/nombre/rodrigo/preferencias HTTP/1.1" 200 (179 ms)
[09/Nov/2023:17:09:11 -0300] 0:0:0:0:0:0:0:1 "GET /bff/usuario/nombre/rodrigo/preferencias HTTP/1.1" 200 (111 ms)
[09/Nov/2023:17:09:11 -0300] 0:0:0:0:0:0:0:1 "GET /bff/usuario/nombre/rodrigo/preferencias HTTP/1.1" 200 (142 ms)
[09/Nov/2023:17:09:14 -0300] 0:0:0:0:0:0:0:1 "GET /bff/usuario/nombre/rodrigo/preferencias HTTP/1.1" 200 (172 ms)
[09/Nov/2023:17:09:46 -0300] 0:0:0:0:0:0:0:1 "GET /bff/usuario/nombre/rodrigo/preferencias HTTP/1.1" 200 (172 ms)
[09/Nov/2023:17:09:46 -0300] 0:0:0:0:0:0:0:1 "GET /bff/usuario/nombre/rodrigo HTTP/1.1" 200 (124 ms)
[09/Nov/2023:17:09:46 -0300] 0:0:0:0:0:0:0:1 "GET /bff/actividad HTTP/1.1" 200 (179 ms)
[09/Nov/2023:17:09:46 -0300] 0:0:0:0:0:0:0:1 "GET /bff/usuario/nombre/rodrigo/preferencias HTTP/1.1" 200 (121 ms)
[09/Nov/2023:17:09:46 -0300] 0:0:0:0:0:0:0:1 "GET /bff/usuario/nombre/rodrigo/preferencias HTTP/1.1" 200 (116 ms)
[09/Nov/2023:17:09:52 -0300] 0:0:0:0:0:0:0:1 "GET /bff/usuario/nombre/rodrigo/preferencias HTTP/1.1" 200 (168 ms)
[09/Nov/2023:17:13:04 -0300] 0:0:0:0:0:0:0:1 "GET /bff/usuario/nombre/rodrigo HTTP/1.1" 200 (122 ms)
[09/Nov/2023:17:13:04 -0300] 0:0:0:0:0:0:0:1 "GET /bff/actividad HTTP/1.1" 200 (173 ms)
[09/Nov/2023:17:13:04 -0300] 0:0:0:0:0:0:0:1 "GET /bff/usuario/nombre/rodrigo/preferencias HTTP/1.1" 200 (181 ms)
[09/Nov/2023:17:13:04 -0300] 0:0:0:0:0:0:0:1 "GET /bff/usuario/nombre/rodrigo/preferencias HTTP/1.1" 200 (122 ms)
[09/Nov/2023:17:13:04 -0300] 0:0:0:0:0:0:0:1 "GET /bff/usuario/nombre/rodrigo/preferencias HTTP/1.1" 200 (121 ms)
[09/Nov/2023:17:13:08 -0300] 0:0:0:0:0:0:0:1 "GET /bff/usuario/nombre/rodrigo HTTP/1.1" 200 (119 ms)
[09/Nov/2023:17:13:08 -0300] 0:0:0:0:0:0:0:1 "GET /bff/usuario/nombre/rodrigo/preferencias HTTP/1.1" 200 (160 ms)
[09/Nov/2023:17:13:08 -0300] 0:0:0:0:0:0:0:1 "GET /bff/usuario/nombre/rodrigo/preferencias HTTP/1.1" 200 (110 ms)
[09/Nov/2023:17:13:08 -0300] 0:0:0:0:0:0:0:1 "GET /bff/actividad HTTP/1.1" 200 (472 ms)
[09/Nov/2023:17:13:08 -0300] 0:0:0:0:0:0:0:1 "GET /bff/usuario/nombre/rodrigo/preferencias HTTP/1.1" 200 (109 ms)
[09/Nov/2023:17:15:31 -0300] 0:0:0:0:0:0:0:1 "GET /bff/usuario/nombre/rodrigo HTTP/1.1" 200 (156 ms)
[09/Nov/2023:17:15:31 -0300] 0:0:0:0:0:0:0:1 "GET /bff/usuario/nombre/rodrigo/preferencias HTTP/1.1" 200 (222 ms)
[09/Nov/2023:17:15:31 -0300] 0:0:0:0:0:0:0:1 "GET /bff/actividad HTTP/1.1" 200 (214 ms)
[09/Nov/2023:17:15:31 -0300] 0:0:0:0:0:0:0:1 "GET /bff/usuario/nombre/rodrigo/preferencias HTTP/1.1" 200 (118 ms)
[09/Nov/2023:17:15:31 -0300] 0:0:0:0:0:0:0:1 "GET /bff/usuario/nombre/rodrigo/preferencias HTTP/1.1" 200 (113 ms)
[09/Nov/2023:17:15:35 -0300] 0:0:0:0:0:0:0:1 "GET /bff/usuario/nombre/rodrigo/preferencias HTTP/1.1" 200 (166 ms)
[09/Nov/2023:17:15:46 -0300] 0:0:0:0:0:0:0:1 "GET /bff/usuario/nombre/rodrigo/preferencias HTTP/1.1" 200 (162 ms)
[09/Nov/2023:17:15:51 -0300] 0:0:0:0:0:0:0:1 "GET /bff/usuario/nombre/rodrigo/preferencias HTTP/1.1" 200 (167 ms)
[09/Nov/2023:17:15:54 -0300] 0:0:0:0:0:0:0:1 "GET /bff/usuario/nombre/rodrigo/preferencias HTTP/1.1" 200 (174 ms)
[09/Nov/2023:17:15:58 -0300] 0:0:0:0:0:0:0:1 "GET /bff/usuario/nombre/rodrigo/preferencias HTTP/1.1" 200 (160 ms)
[09/Nov/2023:17:16:13 -0300] 0:0:0:0:0:0:0:1 "GET /bff/usuario/nombre/rodrigo HTTP/1.1" 200 (118 ms)
[09/Nov/2023:17:16:14 -0300] 0:0:0:0:0:0:0:1 "GET /bff/usuario/nombre/rodrigo/preferencias HTTP/1.1" 200 (164 ms)
[09/Nov/2023:17:16:14 -0300] 0:0:0:0:0:0:0:1 "GET /bff/actividad HTTP/1.1" 200 (177 ms)
[09/Nov/2023:17:16:14 -0300] 0:0:0:0:0:0:0:1 "GET /bff/usuario/nombre/rodrigo/preferencias HTTP/1.1" 200 (112 ms)
[09/Nov/2023:17:16:14 -0300] 0:0:0:0:0:0:0:1 "GET /bff/usuario/nombre/rodrigo/preferencias HTTP/1.1" 200 (111 ms)
[09/Nov/2023:17:16:40 -0300] 0:0:0:0:0:0:0:1 "GET /bff/usuario/nombre/rodrigo/preferencias HTTP/1.1" 200 (170 ms)
[09/Nov/2023:17:20:48 -0300] 0:0:0:0:0:0:0:1 "GET /bff/conector/ping HTTP/1.1" 200 (348 ms)
[09/Nov/2023:17:20:48 -0300] 0:0:0:0:0:0:0:1 "GET /favicon.ico HTTP/1.1" 404 (9 ms)
[09/Nov/2023:17:20:51 -0300] 0:0:0:0:0:0:0:1 "GET /bff/conector/clima HTTP/1.1" 401 (9 ms)
[09/Nov/2023:17:20:55 -0300] 0:0:0:0:0:0:0:1 "GET /bff/clima HTTP/1.1" 401 (4 ms)
[09/Nov/2023:17:21:17 -0300] 0:0:0:0:0:0:0:1 "GET /bff/clima/0/0 HTTP/1.1" 200 (1553 ms)
[09/Nov/2023:17:23:06 -0300] 0:0:0:0:0:0:0:1 "GET /bff/usuario/nombre/rodrigo/preferencias HTTP/1.1" 200 (173 ms)
[09/Nov/2023:17:23:26 -0300] 0:0:0:0:0:0:0:1 "GET /bff/usuario/nombre/rodrigo/preferencias HTTP/1.1" 200 (166 ms)
[09/Nov/2023:17:28:13 -0300] 0:0:0:0:0:0:0:1 "GET /bff/usuario/nombre/rodrigo HTTP/1.1" 200 (131 ms)
[09/Nov/2023:17:28:13 -0300] 0:0:0:0:0:0:0:1 "GET /bff/usuario/nombre/rodrigo/preferencias HTTP/1.1" 200 (175 ms)
[09/Nov/2023:17:28:13 -0300] 0:0:0:0:0:0:0:1 "GET /bff/actividad HTTP/1.1" 200 (182 ms)
[09/Nov/2023:17:28:14 -0300] 0:0:0:0:0:0:0:1 "GET /bff/usuario/nombre/rodrigo/preferencias HTTP/1.1" 200 (116 ms)
[09/Nov/2023:17:28:14 -0300] 0:0:0:0:0:0:0:1 "GET /bff/usuario/nombre/rodrigo/preferencias HTTP/1.1" 200 (116 ms)
[09/Nov/2023:17:28:21 -0300] 0:0:0:0:0:0:0:1 "GET /bff/usuario/nombre/rodrigo/preferencias HTTP/1.1" 200 (158 ms)
[09/Nov/2023:17:29:04 -0300] 0:0:0:0:0:0:0:1 "GET /bff/usuario/nombre/rodrigo/preferencias HTTP/1.1" 200 (191 ms)
[09/Nov/2023:17:29:59 -0300] 0:0:0:0:0:0:0:1 "GET /bff/usuario/nombre/rodrigo HTTP/1.1" 200 (111 ms)
[09/Nov/2023:17:29:59 -0300] 0:0:0:0:0:0:0:1 "GET /bff/usuario/nombre/rodrigo/preferencias HTTP/1.1" 200 (170 ms)
[09/Nov/2023:17:29:59 -0300] 0:0:0:0:0:0:0:1 "GET /bff/actividad HTTP/1.1" 200 (203 ms)
[09/Nov/2023:17:29:59 -0300] 0:0:0:0:0:0:0:1 "GET /bff/usuario/nombre/rodrigo/preferencias HTTP/1.1" 200 (118 ms)
[09/Nov/2023:17:29:59 -0300] 0:0:0:0:0:0:0:1 "GET /bff/usuario/nombre/rodrigo/preferencias HTTP/1.1" 200 (116 ms)
[09/Nov/2023:17:30:03 -0300] 0:0:0:0:0:0:0:1 "GET /bff/usuario/nombre/rodrigo/preferencias HTTP/1.1" 200 (170 ms)
[09/Nov/2023:17:30:10 -0300] 0:0:0:0:0:0:0:1 "GET /bff/usuario/nombre/rodrigo/preferencias HTTP/1.1" 200 (158 ms)
[09/Nov/2023:17:30:13 -0300] 0:0:0:0:0:0:0:1 "GET /bff/usuario/nombre/rodrigo/preferencias HTTP/1.1" 200 (159 ms)
[09/Nov/2023:17:30:15 -0300] 0:0:0:0:0:0:0:1 "GET /bff/usuario/nombre/rodrigo/preferencias HTTP/1.1" 200 (176 ms)
[09/Nov/2023:17:34:09 -0300] 0:0:0:0:0:0:0:1 "GET /bff/usuario/nombre/rodrigo/preferencias HTTP/1.1" 200 (187 ms)
[09/Nov/2023:17:34:09 -0300] 0:0:0:0:0:0:0:1 "GET /bff/usuario/nombre/rodrigo HTTP/1.1" 200 (125 ms)
[09/Nov/2023:17:34:09 -0300] 0:0:0:0:0:0:0:1 "GET /bff/actividad HTTP/1.1" 200 (187 ms)
[09/Nov/2023:17:34:09 -0300] 0:0:0:0:0:0:0:1 "GET /bff/usuario/nombre/rodrigo/preferencias HTTP/1.1" 200 (114 ms)
[09/Nov/2023:17:34:09 -0300] 0:0:0:0:0:0:0:1 "GET /bff/usuario/nombre/rodrigo/preferencias HTTP/1.1" 200 (112 ms)
[09/Nov/2023:17:34:17 -0300] 0:0:0:0:0:0:0:1 "GET /bff/usuario/nombre/rodrigo/preferencias HTTP/1.1" 200 (166 ms)
[09/Nov/2023:17:34:23 -0300] 0:0:0:0:0:0:0:1 "GET /bff/usuario/nombre/rodrigo/preferencias HTTP/1.1" 200 (163 ms)
[09/Nov/2023:17:34:28 -0300] 0:0:0:0:0:0:0:1 "GET /bff/usuario/nombre/rodrigo/preferencias HTTP/1.1" 200 (167 ms)
