[07/Nov/2023:15:55:35 -0300] 0:0:0:0:0:0:0:1 "OPTIONS /bff/usuario/nombre/rodrigo/preferencias HTTP/1.1" 200 (367 ms)
[07/Nov/2023:15:55:35 -0300] 0:0:0:0:0:0:0:1 "OPTIONS /bff/usuario/nombre/rodrigo/preferencias HTTP/1.1" 200 (326 ms)
[07/Nov/2023:15:55:35 -0300] 127.0.0.1 "OPTIONS /bff/usuario/nombre/rodrigo HTTP/1.1" 200 (366 ms)
[07/Nov/2023:15:55:36 -0300] 0:0:0:0:0:0:0:1 "GET /bff/usuario/nombre/rodrigo HTTP/1.1" 400 (573 ms)
[07/Nov/2023:15:55:36 -0300] 127.0.0.1 "GET /bff/usuario/nombre/rodrigo/preferencias HTTP/1.1" 400 (566 ms)
[07/Nov/2023:15:55:36 -0300] 0:0:0:0:0:0:0:1 "GET /bff/usuario/nombre/rodrigo/preferencias HTTP/1.1" 400 (69 ms)
[07/Nov/2023:15:57:41 -0300] 0:0:0:0:0:0:0:1 "GET /bff/usuario/nombre/rodrigo HTTP/1.1" 200 (680 ms)
[07/Nov/2023:15:57:41 -0300] 0:0:0:0:0:0:0:1 "GET /bff/usuario/nombre/rodrigo/preferencias HTTP/1.1" 200 (714 ms)
[07/Nov/2023:15:57:41 -0300] 0:0:0:0:0:0:0:1 "GET /bff/usuario/nombre/rodrigo/preferencias HTTP/1.1" 200 (121 ms)
[07/Nov/2023:16:00:41 -0300] 0:0:0:0:0:0:0:1 "OPTIONS /bff/usuario/nombre/juan HTTP/1.1" 200 (6 ms)
[07/Nov/2023:16:00:41 -0300] 0:0:0:0:0:0:0:1 "OPTIONS /bff/usuario/nombre/juan/preferencias HTTP/1.1" 200 (3 ms)
[07/Nov/2023:16:00:41 -0300] 0:0:0:0:0:0:0:1 "OPTIONS /bff/usuario/nombre/juan/preferencias HTTP/1.1" 200 (4 ms)
[07/Nov/2023:16:00:41 -0300] 0:0:0:0:0:0:0:1 "GET /bff/usuario/nombre/juan HTTP/1.1" 400 (132 ms)
[07/Nov/2023:16:00:41 -0300] 0:0:0:0:0:0:0:1 "GET /bff/usuario/nombre/juan/preferencias HTTP/1.1" 400 (140 ms)
[07/Nov/2023:16:00:41 -0300] 0:0:0:0:0:0:0:1 "GET /bff/usuario/nombre/juan/preferencias HTTP/1.1" 400 (66 ms)
[07/Nov/2023:16:02:14 -0300] 0:0:0:0:0:0:0:1 "GET /bff/usuario/nombre/juan/preferencias HTTP/1.1" 400 (118 ms)
[07/Nov/2023:16:02:14 -0300] 0:0:0:0:0:0:0:1 "GET /bff/usuario/nombre/juan HTTP/1.1" 400 (129 ms)
[07/Nov/2023:16:02:14 -0300] 0:0:0:0:0:0:0:1 "GET /bff/usuario/nombre/juan/preferencias HTTP/1.1" 400 (77 ms)
[07/Nov/2023:16:03:51 -0300] 0:0:0:0:0:0:0:1 "GET /bff/usuario/nombre/juan/preferencias HTTP/1.1" 400 (115 ms)
[07/Nov/2023:16:03:51 -0300] 0:0:0:0:0:0:0:1 "GET /bff/usuario/nombre/juan HTTP/1.1" 400 (131 ms)
[07/Nov/2023:16:03:51 -0300] 0:0:0:0:0:0:0:1 "GET /bff/usuario/nombre/juan/preferencias HTTP/1.1" 400 (69 ms)
[07/Nov/2023:16:04:33 -0300] 0:0:0:0:0:0:0:1 "GET /bff/usuario/nombre/juan/preferencias HTTP/1.1" 400 (109 ms)
[07/Nov/2023:16:04:33 -0300] 0:0:0:0:0:0:0:1 "GET /bff/usuario/nombre/juan HTTP/1.1" 400 (121 ms)
[07/Nov/2023:16:04:33 -0300] 0:0:0:0:0:0:0:1 "GET /bff/usuario/nombre/juan/preferencias HTTP/1.1" 400 (64 ms)
[07/Nov/2023:16:08:39 -0300] 0:0:0:0:0:0:0:1 "GET /bff/usuario/nombre/juan HTTP/1.1" 400 (123 ms)
[07/Nov/2023:16:08:39 -0300] 0:0:0:0:0:0:0:1 "GET /bff/usuario/nombre/juan/preferencias HTTP/1.1" 400 (143 ms)
[07/Nov/2023:16:08:39 -0300] 0:0:0:0:0:0:0:1 "GET /bff/usuario/nombre/juan/preferencias HTTP/1.1" 400 (67 ms)
[07/Nov/2023:16:17:54 -0300] 0:0:0:0:0:0:0:1 "GET /bff/usuario/nombre/juan HTTP/1.1" 200 (1078 ms)
[07/Nov/2023:16:17:54 -0300] 0:0:0:0:0:0:0:1 "GET /bff/usuario/nombre/juan/preferencias HTTP/1.1" 400 (1089 ms)
[07/Nov/2023:16:17:54 -0300] 0:0:0:0:0:0:0:1 "OPTIONS /bff/usuario HTTP/1.1" 200 (5 ms)
[07/Nov/2023:16:17:54 -0300] 0:0:0:0:0:0:0:1 "GET /bff/usuario/nombre/juan/preferencias HTTP/1.1" 400 (93 ms)
[07/Nov/2023:16:17:55 -0300] 0:0:0:0:0:0:0:1 "POST /bff/usuario HTTP/1.1" 200 (355 ms)
[07/Nov/2023:16:22:49 -0300] 0:0:0:0:0:0:0:1 "GET /bff/usuario/nombre/juan HTTP/1.1" 200 (119 ms)
[07/Nov/2023:16:22:49 -0300] 0:0:0:0:0:0:0:1 "GET /bff/usuario/nombre/juan/preferencias HTTP/1.1" 200 (210 ms)
[07/Nov/2023:16:22:50 -0300] 0:0:0:0:0:0:0:1 "GET /bff/usuario/nombre/juan/preferencias HTTP/1.1" 200 (126 ms)
[07/Nov/2023:16:27:46 -0300] 0:0:0:0:0:0:0:1 "GET /bff/usuario/nombre/juan HTTP/1.1" 200 (121 ms)
[07/Nov/2023:16:27:46 -0300] 0:0:0:0:0:0:0:1 "GET /bff/usuario/nombre/juan/preferencias HTTP/1.1" 200 (202 ms)
[07/Nov/2023:16:27:46 -0300] 0:0:0:0:0:0:0:1 "GET /bff/usuario/nombre/juan/preferencias HTTP/1.1" 200 (124 ms)
[07/Nov/2023:16:28:06 -0300] 0:0:0:0:0:0:0:1 "GET /bff/usuario/nombre/juan HTTP/1.1" 200 (117 ms)
[07/Nov/2023:16:28:06 -0300] 0:0:0:0:0:0:0:1 "GET /bff/usuario/nombre/juan/preferencias HTTP/1.1" 200 (183 ms)
[07/Nov/2023:16:28:06 -0300] 0:0:0:0:0:0:0:1 "GET /bff/usuario/nombre/juan/preferencias HTTP/1.1" 200 (119 ms)
[07/Nov/2023:16:28:10 -0300] 0:0:0:0:0:0:0:1 "GET /bff/usuario/nombre/juan HTTP/1.1" 200 (122 ms)
[07/Nov/2023:16:28:10 -0300] 0:0:0:0:0:0:0:1 "GET /bff/usuario/nombre/juan/preferencias HTTP/1.1" 200 (176 ms)
[07/Nov/2023:16:28:10 -0300] 0:0:0:0:0:0:0:1 "GET /bff/usuario/nombre/juan/preferencias HTTP/1.1" 200 (123 ms)
[07/Nov/2023:16:32:40 -0300] 0:0:0:0:0:0:0:1 "GET /bff/usuario/nombre/juan HTTP/1.1" 200 (128 ms)
[07/Nov/2023:16:32:40 -0300] 0:0:0:0:0:0:0:1 "GET /bff/usuario/nombre/juan/preferencias HTTP/1.1" 200 (185 ms)
[07/Nov/2023:16:32:40 -0300] 0:0:0:0:0:0:0:1 "GET /bff/usuario/nombre/juan/preferencias HTTP/1.1" 200 (123 ms)
[07/Nov/2023:16:41:27 -0300] 0:0:0:0:0:0:0:1 "GET /bff/usuario/nombre/juan HTTP/1.1" 200 (119 ms)
[07/Nov/2023:16:41:28 -0300] 0:0:0:0:0:0:0:1 "GET /bff/usuario/nombre/juan/preferencias HTTP/1.1" 200 (188 ms)
[07/Nov/2023:16:41:28 -0300] 0:0:0:0:0:0:0:1 "OPTIONS /bff/actividad HTTP/1.1" 200 (2 ms)
[07/Nov/2023:16:41:28 -0300] 0:0:0:0:0:0:0:1 "GET /bff/usuario/nombre/juan/preferencias HTTP/1.1" 200 (121 ms)
[07/Nov/2023:16:41:28 -0300] 0:0:0:0:0:0:0:1 "GET /bff/actividad HTTP/1.1" 200 (131 ms)
[07/Nov/2023:16:41:28 -0300] 0:0:0:0:0:0:0:1 "GET /bff/actividad HTTP/1.1" 200 (126 ms)
[07/Nov/2023:16:41:44 -0300] 0:0:0:0:0:0:0:1 "GET /bff/usuario/nombre/juan HTTP/1.1" 200 (129 ms)
[07/Nov/2023:16:41:44 -0300] 0:0:0:0:0:0:0:1 "GET /bff/usuario/nombre/juan/preferencias HTTP/1.1" 200 (173 ms)
[07/Nov/2023:16:41:44 -0300] 0:0:0:0:0:0:0:1 "GET /bff/usuario/nombre/juan/preferencias HTTP/1.1" 200 (119 ms)
[07/Nov/2023:16:41:44 -0300] 0:0:0:0:0:0:0:1 "GET /bff/actividad HTTP/1.1" 200 (141 ms)
[07/Nov/2023:16:41:44 -0300] 0:0:0:0:0:0:0:1 "GET /bff/actividad HTTP/1.1" 200 (120 ms)
[07/Nov/2023:16:42:04 -0300] 0:0:0:0:0:0:0:1 "GET /bff/usuario/nombre/juan HTTP/1.1" 200 (123 ms)
[07/Nov/2023:16:42:04 -0300] 0:0:0:0:0:0:0:1 "GET /bff/usuario/nombre/juan/preferencias HTTP/1.1" 200 (169 ms)
[07/Nov/2023:16:42:05 -0300] 0:0:0:0:0:0:0:1 "GET /bff/usuario/nombre/juan/preferencias HTTP/1.1" 200 (120 ms)
[07/Nov/2023:16:42:05 -0300] 0:0:0:0:0:0:0:1 "GET /bff/actividad HTTP/1.1" 200 (119 ms)
[07/Nov/2023:16:42:05 -0300] 0:0:0:0:0:0:0:1 "GET /bff/actividad HTTP/1.1" 200 (122 ms)
[07/Nov/2023:16:43:58 -0300] 0:0:0:0:0:0:0:1 "GET /bff/usuario/nombre/rodrigo HTTP/1.1" 200 (126 ms)
[07/Nov/2023:16:43:58 -0300] 0:0:0:0:0:0:0:1 "GET /bff/usuario/nombre/rodrigo/preferencias HTTP/1.1" 200 (193 ms)
[07/Nov/2023:16:43:58 -0300] 0:0:0:0:0:0:0:1 "GET /bff/usuario/nombre/rodrigo/preferencias HTTP/1.1" 200 (135 ms)
[07/Nov/2023:16:45:16 -0300] 0:0:0:0:0:0:0:1 "GET /bff/actividad HTTP/1.1" 401 (20 ms)
[07/Nov/2023:16:45:16 -0300] 0:0:0:0:0:0:0:1 "GET /bff/actividad HTTP/1.1" 401 (11 ms)
[07/Nov/2023:16:45:27 -0300] 0:0:0:0:0:0:0:1 "GET /bff/actividad HTTP/1.1" 401 (5 ms)
[07/Nov/2023:16:45:27 -0300] 0:0:0:0:0:0:0:1 "GET /bff/actividad HTTP/1.1" 401 (4 ms)
[07/Nov/2023:16:47:03 -0300] 0:0:0:0:0:0:0:1 "GET /bff/actividad HTTP/1.1" 401 (6 ms)
[07/Nov/2023:16:47:03 -0300] 0:0:0:0:0:0:0:1 "GET /bff/actividad HTTP/1.1" 401 (3 ms)
[07/Nov/2023:16:47:17 -0300] 0:0:0:0:0:0:0:1 "GET /bff/usuario/nombre/rodrigo HTTP/1.1" 200 (130 ms)
[07/Nov/2023:16:47:18 -0300] 0:0:0:0:0:0:0:1 "GET /bff/usuario/nombre/rodrigo/preferencias HTTP/1.1" 200 (184 ms)
[07/Nov/2023:16:47:18 -0300] 0:0:0:0:0:0:0:1 "GET /bff/usuario/nombre/rodrigo/preferencias HTTP/1.1" 200 (119 ms)
[07/Nov/2023:16:47:22 -0300] 0:0:0:0:0:0:0:1 "GET /bff/actividad HTTP/1.1" 401 (4 ms)
[07/Nov/2023:16:47:22 -0300] 0:0:0:0:0:0:0:1 "GET /bff/actividad HTTP/1.1" 401 (4 ms)
[07/Nov/2023:16:47:27 -0300] 0:0:0:0:0:0:0:1 "GET /bff/usuario/nombre/juan HTTP/1.1" 200 (122 ms)
[07/Nov/2023:16:47:27 -0300] 0:0:0:0:0:0:0:1 "GET /bff/usuario/nombre/juan/preferencias HTTP/1.1" 200 (168 ms)
[07/Nov/2023:16:47:27 -0300] 0:0:0:0:0:0:0:1 "GET /bff/usuario/nombre/juan/preferencias HTTP/1.1" 200 (116 ms)
[07/Nov/2023:16:47:27 -0300] 0:0:0:0:0:0:0:1 "GET /bff/actividad HTTP/1.1" 200 (112 ms)
[07/Nov/2023:16:47:27 -0300] 0:0:0:0:0:0:0:1 "GET /bff/actividad HTTP/1.1" 200 (119 ms)
[07/Nov/2023:16:47:38 -0300] 0:0:0:0:0:0:0:1 "GET /bff/actividad HTTP/1.1" 401 (7 ms)
[07/Nov/2023:16:47:38 -0300] 0:0:0:0:0:0:0:1 "GET /bff/actividad HTTP/1.1" 401 (4 ms)
[07/Nov/2023:16:48:00 -0300] 0:0:0:0:0:0:0:1 "GET /bff/actividad HTTP/1.1" 401 (1 ms)
[07/Nov/2023:16:51:19 -0300] 0:0:0:0:0:0:0:1 "GET /bff/actividad HTTP/1.1" 401 (3 ms)
[07/Nov/2023:16:51:19 -0300] 0:0:0:0:0:0:0:1 "GET /bff/actividad HTTP/1.1" 401 (5 ms)
