[20/Nov/2023:10:48:19 -0300] 0:0:0:0:0:0:0:1 "OPTIONS /bff/clima/-32.2301868/-58.1779354 HTTP/1.1" 200 (638 ms)
[20/Nov/2023:10:48:19 -0300] 0:0:0:0:0:0:0:1 "OPTIONS /bff/actividad HTTP/1.1" 200 (639 ms)
[20/Nov/2023:10:48:19 -0300] 0:0:0:0:0:0:0:1 "OPTIONS /bff/actividad HTTP/1.1" 200 (659 ms)
[20/Nov/2023:10:48:36 -0300] 0:0:0:0:0:0:0:1 "GET /bff/actividad HTTP/1.1" 200 (16835 ms)
[20/Nov/2023:10:48:36 -0300] 0:0:0:0:0:0:0:1 "GET /bff/clima/-32.2301868/-58.1779354 HTTP/1.1" 200 (16871 ms)
[20/Nov/2023:10:48:37 -0300] 0:0:0:0:0:0:0:1 "GET /bff/actividad HTTP/1.1" 200 (205 ms)
[20/Nov/2023:10:48:37 -0300] 0:0:0:0:0:0:0:1 "GET /bff/clima/-32.2301868/-58.1779354 HTTP/1.1" 200 (338 ms)
[20/Nov/2023:10:48:37 -0300] 0:0:0:0:0:0:0:1 "GET /bff/clima/-32.2301868/-58.1779354 HTTP/1.1" 200 (292 ms)
[20/Nov/2023:10:48:37 -0300] 0:0:0:0:0:0:0:1 "GET /bff/clima/-32.2301868/-58.1779354 HTTP/1.1" 200 (280 ms)
[20/Nov/2023:10:48:38 -0300] 0:0:0:0:0:0:0:1 "GET /bff/clima/-32.2301868/-58.1779354 HTTP/1.1" 200 (278 ms)
[20/Nov/2023:10:48:38 -0300] 0:0:0:0:0:0:0:1 "GET /bff/clima/-32.2301868/-58.1779354 HTTP/1.1" 200 (296 ms)
[20/Nov/2023:10:48:38 -0300] 0:0:0:0:0:0:0:1 "GET /bff/clima/-32.2301868/-58.1779354 HTTP/1.1" 200 (278 ms)
[20/Nov/2023:10:48:38 -0300] 0:0:0:0:0:0:0:1 "GET /bff/clima/-32.2301868/-58.1779354 HTTP/1.1" 200 (284 ms)
[20/Nov/2023:10:48:39 -0300] 0:0:0:0:0:0:0:1 "GET /bff/clima/-32.2301868/-58.1779354 HTTP/1.1" 200 (293 ms)
[20/Nov/2023:10:48:39 -0300] 0:0:0:0:0:0:0:1 "GET /bff/clima/-32.2301868/-58.1779354 HTTP/1.1" 200 (267 ms)
[20/Nov/2023:10:48:39 -0300] 0:0:0:0:0:0:0:1 "GET /bff/clima/-32.2301868/-58.1779354 HTTP/1.1" 200 (279 ms)
[20/Nov/2023:10:48:40 -0300] 0:0:0:0:0:0:0:1 "GET /bff/clima/-32.2301868/-58.1779354 HTTP/1.1" 200 (272 ms)
[20/Nov/2023:10:48:40 -0300] 0:0:0:0:0:0:0:1 "GET /bff/clima/-32.2301868/-58.1779354 HTTP/1.1" 200 (272 ms)
[20/Nov/2023:10:48:40 -0300] 0:0:0:0:0:0:0:1 "GET /bff/clima/-32.2301868/-58.1779354 HTTP/1.1" 200 (281 ms)
[20/Nov/2023:10:48:40 -0300] 0:0:0:0:0:0:0:1 "GET /bff/clima/-32.2301868/-58.1779354 HTTP/1.1" 200 (263 ms)
[20/Nov/2023:10:49:44 -0300] 0:0:0:0:0:0:0:1 "OPTIONS /bff/clima/-32.2301868/-58.1779354 HTTP/1.1" 200 (17 ms)
[20/Nov/2023:10:49:45 -0300] 0:0:0:0:0:0:0:1 "OPTIONS /bff/usuario/nombre/rodrigo HTTP/1.1" 200 (4 ms)
[20/Nov/2023:10:49:45 -0300] 0:0:0:0:0:0:0:1 "OPTIONS /bff/actividad HTTP/1.1" 200 (16 ms)
[20/Nov/2023:10:49:45 -0300] 0:0:0:0:0:0:0:1 "OPTIONS /bff/usuario/nombre/rodrigo/preferencias HTTP/1.1" 200 (4 ms)
[20/Nov/2023:10:49:45 -0300] 0:0:0:0:0:0:0:1 "GET /bff/actividad HTTP/1.1" 200 (210 ms)
[20/Nov/2023:10:49:45 -0300] 0:0:0:0:0:0:0:1 "GET /bff/usuario/nombre/rodrigo HTTP/1.1" 200 (368 ms)
[20/Nov/2023:10:49:45 -0300] 0:0:0:0:0:0:0:1 "GET /bff/usuario/nombre/rodrigo/preferencias HTTP/1.1" 200 (403 ms)
[20/Nov/2023:10:49:45 -0300] 0:0:0:0:0:0:0:1 "GET /bff/usuario/nombre/rodrigo/preferencias HTTP/1.1" 200 (137 ms)
[20/Nov/2023:10:49:45 -0300] 0:0:0:0:0:0:0:1 "GET /bff/clima/-32.2301868/-58.1779354 HTTP/1.1" 200 (1568 ms)
[20/Nov/2023:10:49:45 -0300] 0:0:0:0:0:0:0:1 "GET /bff/usuario/nombre/rodrigo/preferencias HTTP/1.1" 200 (127 ms)
[20/Nov/2023:10:49:46 -0300] 0:0:0:0:0:0:0:1 "GET /bff/clima/-32.2301868/-58.1779354 HTTP/1.1" 200 (298 ms)
[20/Nov/2023:10:49:46 -0300] 0:0:0:0:0:0:0:1 "GET /bff/clima/-32.2301868/-58.1779354 HTTP/1.1" 200 (298 ms)
[20/Nov/2023:10:52:45 -0300] 0:0:0:0:0:0:0:1 "OPTIONS /bff/clima/-32.2301914/-58.1779351 HTTP/1.1" 200 (5 ms)
[20/Nov/2023:10:52:45 -0300] 0:0:0:0:0:0:0:1 "GET /bff/actividad HTTP/1.1" 200 (186 ms)
[20/Nov/2023:10:52:46 -0300] 0:0:0:0:0:0:0:1 "GET /bff/usuario/nombre/rodrigo HTTP/1.1" 200 (183 ms)
[20/Nov/2023:10:52:46 -0300] 0:0:0:0:0:0:0:1 "GET /bff/clima/-32.2301914/-58.1779351 HTTP/1.1" 200 (869 ms)
[20/Nov/2023:10:52:46 -0300] 0:0:0:0:0:0:0:1 "GET /bff/usuario/nombre/rodrigo/preferencias HTTP/1.1" 200 (1101 ms)
[20/Nov/2023:10:52:47 -0300] 0:0:0:0:0:0:0:1 "GET /bff/usuario/nombre/rodrigo/preferencias HTTP/1.1" 200 (166 ms)
[20/Nov/2023:10:52:47 -0300] 0:0:0:0:0:0:0:1 "GET /bff/clima/-32.2301914/-58.1779351 HTTP/1.1" 200 (277 ms)
[20/Nov/2023:10:52:47 -0300] 0:0:0:0:0:0:0:1 "GET /bff/usuario/nombre/rodrigo/preferencias HTTP/1.1" 200 (133 ms)
[20/Nov/2023:10:52:47 -0300] 0:0:0:0:0:0:0:1 "GET /bff/clima/-32.2301914/-58.1779351 HTTP/1.1" 200 (317 ms)
[20/Nov/2023:10:55:02 -0300] 0:0:0:0:0:0:0:1 "GET /bff/usuario/nombre/rodrigo HTTP/1.1" 200 (167 ms)
[20/Nov/2023:10:55:02 -0300] 0:0:0:0:0:0:0:1 "GET /bff/usuario/nombre/rodrigo/preferencias HTTP/1.1" 200 (363 ms)
[20/Nov/2023:10:55:02 -0300] 0:0:0:0:0:0:0:1 "GET /bff/actividad HTTP/1.1" 200 (256 ms)
[20/Nov/2023:10:55:02 -0300] 0:0:0:0:0:0:0:1 "GET /bff/usuario/nombre/rodrigo/preferencias HTTP/1.1" 200 (136 ms)
[20/Nov/2023:10:55:03 -0300] 0:0:0:0:0:0:0:1 "GET /bff/usuario/nombre/rodrigo/preferencias HTTP/1.1" 200 (139 ms)
[20/Nov/2023:10:55:03 -0300] 0:0:0:0:0:0:0:1 "GET /bff/clima/-32.2301868/-58.1779354 HTTP/1.1" 200 (986 ms)
[20/Nov/2023:10:55:03 -0300] 0:0:0:0:0:0:0:1 "GET /bff/clima/-32.2301868/-58.1779354 HTTP/1.1" 200 (281 ms)
[20/Nov/2023:10:55:03 -0300] 0:0:0:0:0:0:0:1 "GET /bff/clima/-32.2301868/-58.1779354 HTTP/1.1" 200 (275 ms)
[20/Nov/2023:11:05:14 -0300] 0:0:0:0:0:0:0:1 "OPTIONS /bff/clima/-32.222445/-58.1500436 HTTP/1.1" 200 (18 ms)
[20/Nov/2023:11:05:14 -0300] 0:0:0:0:0:0:0:1 "GET /bff/usuario/nombre/rodrigo/preferencias HTTP/1.1" 200 (352 ms)
[20/Nov/2023:11:05:14 -0300] 0:0:0:0:0:0:0:1 "GET /bff/actividad HTTP/1.1" 200 (335 ms)
[20/Nov/2023:11:05:14 -0300] 0:0:0:0:0:0:0:1 "GET /bff/usuario/nombre/rodrigo HTTP/1.1" 200 (114 ms)
[20/Nov/2023:11:05:14 -0300] 0:0:0:0:0:0:0:1 "GET /bff/usuario/nombre/rodrigo/preferencias HTTP/1.1" 200 (188 ms)
[20/Nov/2023:11:05:15 -0300] 0:0:0:0:0:0:0:1 "GET /bff/usuario/nombre/rodrigo/preferencias HTTP/1.1" 200 (300 ms)
[20/Nov/2023:11:05:15 -0300] 0:0:0:0:0:0:0:1 "GET /bff/clima/-32.222445/-58.1500436 HTTP/1.1" 200 (1092 ms)
[20/Nov/2023:11:05:15 -0300] 0:0:0:0:0:0:0:1 "GET /bff/clima/-32.222445/-58.1500436 HTTP/1.1" 200 (270 ms)
[20/Nov/2023:11:05:15 -0300] 0:0:0:0:0:0:0:1 "GET /bff/clima/-32.222445/-58.1500436 HTTP/1.1" 200 (296 ms)
[20/Nov/2023:11:09:18 -0300] 0:0:0:0:0:0:0:1 "GET /bff/usuario/nombre/rodrigo/preferencias HTTP/1.1" 200 (229 ms)
[20/Nov/2023:11:09:19 -0300] 0:0:0:0:0:0:0:1 "GET /bff/actividad HTTP/1.1" 200 (182 ms)
[20/Nov/2023:11:09:19 -0300] 0:0:0:0:0:0:0:1 "GET /bff/usuario/nombre/rodrigo HTTP/1.1" 200 (82 ms)
[20/Nov/2023:11:09:19 -0300] 0:0:0:0:0:0:0:1 "GET /bff/usuario/nombre/rodrigo/preferencias HTTP/1.1" 200 (127 ms)
[20/Nov/2023:11:09:19 -0300] 0:0:0:0:0:0:0:1 "GET /bff/usuario/nombre/rodrigo/preferencias HTTP/1.1" 200 (133 ms)
[20/Nov/2023:11:09:19 -0300] 0:0:0:0:0:0:0:1 "GET /bff/clima/-32.2301868/-58.1779354 HTTP/1.1" 200 (849 ms)
[20/Nov/2023:11:09:20 -0300] 0:0:0:0:0:0:0:1 "GET /bff/clima/-32.2301868/-58.1779354 HTTP/1.1" 200 (614 ms)
[20/Nov/2023:11:09:20 -0300] 0:0:0:0:0:0:0:1 "GET /bff/clima/-32.2301868/-58.1779354 HTTP/1.1" 200 (253 ms)
[20/Nov/2023:11:15:02 -0300] 0:0:0:0:0:0:0:1 "GET /bff/usuario/nombre/rodrigo/preferencias HTTP/1.1" 200 (196 ms)
[20/Nov/2023:11:15:02 -0300] 0:0:0:0:0:0:0:1 "GET /bff/usuario/nombre/rodrigo HTTP/1.1" 200 (113 ms)
[20/Nov/2023:11:15:02 -0300] 0:0:0:0:0:0:0:1 "GET /bff/actividad HTTP/1.1" 200 (184 ms)
[20/Nov/2023:11:15:02 -0300] 0:0:0:0:0:0:0:1 "GET /bff/usuario/nombre/rodrigo/preferencias HTTP/1.1" 200 (126 ms)
[20/Nov/2023:11:15:02 -0300] 0:0:0:0:0:0:0:1 "GET /bff/usuario/nombre/rodrigo/preferencias HTTP/1.1" 200 (112 ms)
[20/Nov/2023:11:15:07 -0300] 0:0:0:0:0:0:0:1 "GET /bff/clima/-32.2301868/-58.1779354 HTTP/1.1" 200 (810 ms)
[20/Nov/2023:11:17:49 -0300] 0:0:0:0:0:0:0:1 "GET /bff/usuario/nombre/rodrigo/preferencias HTTP/1.1" 200 (170 ms)
[20/Nov/2023:11:17:50 -0300] 0:0:0:0:0:0:0:1 "GET /bff/actividad HTTP/1.1" 200 (153 ms)
[20/Nov/2023:11:17:50 -0300] 0:0:0:0:0:0:0:1 "GET /bff/usuario/nombre/rodrigo HTTP/1.1" 200 (137 ms)
[20/Nov/2023:11:17:50 -0300] 0:0:0:0:0:0:0:1 "GET /bff/clima/-32.2301868/-58.1779354 HTTP/1.1" 200 (1028 ms)
[20/Nov/2023:11:17:50 -0300] 0:0:0:0:0:0:0:1 "GET /bff/usuario/nombre/rodrigo/preferencias HTTP/1.1" 200 (129 ms)
[20/Nov/2023:11:17:50 -0300] 0:0:0:0:0:0:0:1 "GET /bff/clima/-32.2301868/-58.1779354 HTTP/1.1" 200 (284 ms)
[20/Nov/2023:11:17:50 -0300] 0:0:0:0:0:0:0:1 "GET /bff/usuario/nombre/rodrigo/preferencias HTTP/1.1" 200 (184 ms)
[20/Nov/2023:11:17:50 -0300] 0:0:0:0:0:0:0:1 "GET /bff/clima/-32.2301868/-58.1779354 HTTP/1.1" 200 (273 ms)
[20/Nov/2023:11:19:02 -0300] 0:0:0:0:0:0:0:1 "GET /bff/usuario/nombre/rodrigo/preferencias HTTP/1.1" 200 (185 ms)
[20/Nov/2023:11:19:02 -0300] 0:0:0:0:0:0:0:1 "GET /bff/usuario/nombre/rodrigo HTTP/1.1" 200 (128 ms)
[20/Nov/2023:11:19:02 -0300] 0:0:0:0:0:0:0:1 "GET /bff/actividad HTTP/1.1" 200 (135 ms)
[20/Nov/2023:11:19:02 -0300] 0:0:0:0:0:0:0:1 "GET /bff/usuario/nombre/rodrigo/preferencias HTTP/1.1" 200 (136 ms)
[20/Nov/2023:11:19:02 -0300] 0:0:0:0:0:0:0:1 "GET /bff/usuario/nombre/rodrigo/preferencias HTTP/1.1" 200 (138 ms)
[20/Nov/2023:11:19:02 -0300] 0:0:0:0:0:0:0:1 "GET /bff/clima/-32.2301868/-58.1779354 HTTP/1.1" 200 (778 ms)
[20/Nov/2023:11:19:03 -0300] 0:0:0:0:0:0:0:1 "GET /bff/clima/-32.2301868/-58.1779354 HTTP/1.1" 200 (272 ms)
[20/Nov/2023:11:19:03 -0300] 0:0:0:0:0:0:0:1 "GET /bff/clima/-32.2301868/-58.1779354 HTTP/1.1" 200 (279 ms)
[20/Nov/2023:11:20:52 -0300] 0:0:0:0:0:0:0:1 "GET /bff/usuario/nombre/rodrigo HTTP/1.1" 200 (993 ms)
[20/Nov/2023:11:20:52 -0300] 0:0:0:0:0:0:0:1 "GET /bff/usuario/nombre/rodrigo/preferencias HTTP/1.1" 200 (1064 ms)
[20/Nov/2023:11:20:52 -0300] 0:0:0:0:0:0:0:1 "GET /bff/actividad HTTP/1.1" 200 (1019 ms)
[20/Nov/2023:11:20:52 -0300] 0:0:0:0:0:0:0:1 "GET /bff/usuario/nombre/rodrigo/preferencias HTTP/1.1" 200 (133 ms)
[20/Nov/2023:11:20:52 -0300] 0:0:0:0:0:0:0:1 "GET /bff/usuario/nombre/rodrigo/preferencias HTTP/1.1" 200 (127 ms)
[20/Nov/2023:11:20:52 -0300] 0:0:0:0:0:0:0:1 "GET /bff/clima/-32.2301868/-58.1779354 HTTP/1.1" 200 (1632 ms)
[20/Nov/2023:11:20:53 -0300] 0:0:0:0:0:0:0:1 "GET /bff/clima/-32.2301868/-58.1779354 HTTP/1.1" 200 (260 ms)
[20/Nov/2023:11:20:53 -0300] 0:0:0:0:0:0:0:1 "GET /bff/clima/-32.2301868/-58.1779354 HTTP/1.1" 200 (267 ms)
[20/Nov/2023:11:23:06 -0300] 0:0:0:0:0:0:0:1 "GET /bff/usuario/nombre/rodrigo/preferencias HTTP/1.1" 200 (198 ms)
[20/Nov/2023:11:23:06 -0300] 0:0:0:0:0:0:0:1 "GET /bff/usuario/nombre/rodrigo HTTP/1.1" 200 (107 ms)
[20/Nov/2023:11:23:06 -0300] 0:0:0:0:0:0:0:1 "GET /bff/actividad HTTP/1.1" 200 (174 ms)
[20/Nov/2023:11:23:06 -0300] 0:0:0:0:0:0:0:1 "GET /bff/usuario/nombre/rodrigo/preferencias HTTP/1.1" 200 (166 ms)
[20/Nov/2023:11:23:06 -0300] 0:0:0:0:0:0:0:1 "GET /bff/usuario/nombre/rodrigo/preferencias HTTP/1.1" 200 (138 ms)
[20/Nov/2023:11:23:07 -0300] 0:0:0:0:0:0:0:1 "GET /bff/clima/-32.2301868/-58.1779354 HTTP/1.1" 200 (797 ms)
[20/Nov/2023:11:23:07 -0300] 0:0:0:0:0:0:0:1 "GET /bff/clima/-32.2301868/-58.1779354 HTTP/1.1" 200 (282 ms)
[20/Nov/2023:11:23:07 -0300] 0:0:0:0:0:0:0:1 "GET /bff/clima/-32.2301868/-58.1779354 HTTP/1.1" 200 (272 ms)
[20/Nov/2023:11:26:15 -0300] 0:0:0:0:0:0:0:1 "GET /bff/usuario/nombre/rodrigo HTTP/1.1" 200 (197 ms)
[20/Nov/2023:11:26:15 -0300] 0:0:0:0:0:0:0:1 "GET /bff/usuario/nombre/rodrigo/preferencias HTTP/1.1" 200 (336 ms)
[20/Nov/2023:11:26:15 -0300] 0:0:0:0:0:0:0:1 "GET /bff/actividad HTTP/1.1" 200 (339 ms)
[20/Nov/2023:11:26:15 -0300] 0:0:0:0:0:0:0:1 "GET /bff/usuario/nombre/rodrigo/preferencias HTTP/1.1" 200 (142 ms)
[20/Nov/2023:11:26:15 -0300] 0:0:0:0:0:0:0:1 "GET /bff/usuario/nombre/rodrigo/preferencias HTTP/1.1" 200 (132 ms)
[20/Nov/2023:11:26:15 -0300] 0:0:0:0:0:0:0:1 "GET /bff/clima/-32.2301868/-58.1779354 HTTP/1.1" 200 (957 ms)
[20/Nov/2023:11:26:16 -0300] 0:0:0:0:0:0:0:1 "GET /bff/clima/-32.2301868/-58.1779354 HTTP/1.1" 200 (290 ms)
[20/Nov/2023:11:26:16 -0300] 0:0:0:0:0:0:0:1 "GET /bff/clima/-32.2301868/-58.1779354 HTTP/1.1" 200 (258 ms)
[20/Nov/2023:11:26:42 -0300] 0:0:0:0:0:0:0:1 "GET /bff/usuario/nombre/rodrigo HTTP/1.1" 200 (105 ms)
[20/Nov/2023:11:26:42 -0300] 0:0:0:0:0:0:0:1 "GET /bff/usuario/nombre/rodrigo/preferencias HTTP/1.1" 200 (212 ms)
[20/Nov/2023:11:26:42 -0300] 0:0:0:0:0:0:0:1 "GET /bff/actividad HTTP/1.1" 200 (172 ms)
[20/Nov/2023:11:26:42 -0300] 0:0:0:0:0:0:0:1 "GET /bff/usuario/nombre/rodrigo/preferencias HTTP/1.1" 200 (123 ms)
[20/Nov/2023:11:26:42 -0300] 0:0:0:0:0:0:0:1 "GET /bff/usuario/nombre/rodrigo/preferencias HTTP/1.1" 200 (137 ms)
[20/Nov/2023:11:26:42 -0300] 0:0:0:0:0:0:0:1 "GET /bff/clima/-32.2301868/-58.1779354 HTTP/1.1" 200 (792 ms)
[20/Nov/2023:11:26:42 -0300] 0:0:0:0:0:0:0:1 "GET /bff/clima/-32.2301868/-58.1779354 HTTP/1.1" 200 (270 ms)
[20/Nov/2023:11:26:43 -0300] 0:0:0:0:0:0:0:1 "GET /bff/clima/-32.2301868/-58.1779354 HTTP/1.1" 200 (258 ms)
[20/Nov/2023:11:27:50 -0300] 0:0:0:0:0:0:0:1 "OPTIONS /bff/clima/-32.2302143/-58.1779218 HTTP/1.1" 200 (7 ms)
[20/Nov/2023:11:27:50 -0300] 0:0:0:0:0:0:0:1 "GET /bff/usuario/nombre/rodrigo/preferencias HTTP/1.1" 200 (194 ms)
[20/Nov/2023:11:27:50 -0300] 0:0:0:0:0:0:0:1 "GET /bff/usuario/nombre/rodrigo HTTP/1.1" 200 (144 ms)
[20/Nov/2023:11:27:50 -0300] 0:0:0:0:0:0:0:1 "GET /bff/actividad HTTP/1.1" 200 (200 ms)
[20/Nov/2023:11:27:51 -0300] 0:0:0:0:0:0:0:1 "GET /bff/usuario/nombre/rodrigo/preferencias HTTP/1.1" 200 (174 ms)
[20/Nov/2023:11:27:51 -0300] 0:0:0:0:0:0:0:1 "GET /bff/clima/-32.2302143/-58.1779218 HTTP/1.1" 200 (815 ms)
[20/Nov/2023:11:27:51 -0300] 0:0:0:0:0:0:0:1 "GET /bff/usuario/nombre/rodrigo/preferencias HTTP/1.1" 200 (179 ms)
[20/Nov/2023:11:27:51 -0300] 0:0:0:0:0:0:0:1 "GET /bff/clima/-32.2302143/-58.1779218 HTTP/1.1" 200 (276 ms)
[20/Nov/2023:11:27:52 -0300] 0:0:0:0:0:0:0:1 "GET /bff/clima/-32.2302143/-58.1779218 HTTP/1.1" 200 (279 ms)
[20/Nov/2023:11:28:54 -0300] 0:0:0:0:0:0:0:1 "GET /bff/usuario/nombre/rodrigo HTTP/1.1" 200 (129 ms)
[20/Nov/2023:11:28:54 -0300] 0:0:0:0:0:0:0:1 "GET /bff/usuario/nombre/rodrigo/preferencias HTTP/1.1" 200 (196 ms)
[20/Nov/2023:11:28:54 -0300] 0:0:0:0:0:0:0:1 "GET /bff/actividad HTTP/1.1" 200 (205 ms)
[20/Nov/2023:11:28:55 -0300] 0:0:0:0:0:0:0:1 "GET /bff/usuario/nombre/rodrigo/preferencias HTTP/1.1" 200 (124 ms)
[20/Nov/2023:11:28:55 -0300] 0:0:0:0:0:0:0:1 "GET /bff/usuario/nombre/rodrigo/preferencias HTTP/1.1" 200 (126 ms)
[20/Nov/2023:11:28:55 -0300] 0:0:0:0:0:0:0:1 "GET /bff/clima/-32.2301868/-58.1779354 HTTP/1.1" 200 (776 ms)
[20/Nov/2023:11:28:55 -0300] 0:0:0:0:0:0:0:1 "GET /bff/clima/-32.2301868/-58.1779354 HTTP/1.1" 200 (262 ms)
[20/Nov/2023:11:28:56 -0300] 0:0:0:0:0:0:0:1 "GET /bff/clima/-32.2301868/-58.1779354 HTTP/1.1" 200 (264 ms)
[20/Nov/2023:11:32:53 -0300] 0:0:0:0:0:0:0:1 "GET /bff/usuario/nombre/rodrigo/preferencias HTTP/1.1" 200 (224 ms)
[20/Nov/2023:11:32:53 -0300] 0:0:0:0:0:0:0:1 "GET /bff/usuario/nombre/rodrigo HTTP/1.1" 200 (131 ms)
[20/Nov/2023:11:32:53 -0300] 0:0:0:0:0:0:0:1 "GET /bff/actividad HTTP/1.1" 200 (171 ms)
[20/Nov/2023:11:32:53 -0300] 0:0:0:0:0:0:0:1 "GET /bff/usuario/nombre/rodrigo/preferencias HTTP/1.1" 200 (121 ms)
[20/Nov/2023:11:32:53 -0300] 0:0:0:0:0:0:0:1 "GET /bff/usuario/nombre/rodrigo/preferencias HTTP/1.1" 200 (114 ms)
[20/Nov/2023:11:32:58 -0300] 0:0:0:0:0:0:0:1 "GET /bff/clima/-32.2302143/-58.1779218 HTTP/1.1" 200 (785 ms)
[20/Nov/2023:11:41:41 -0300] 0:0:0:0:0:0:0:1 "GET /bff/usuario/nombre/rodrigo HTTP/1.1" 200 (164 ms)
[20/Nov/2023:11:41:41 -0300] 0:0:0:0:0:0:0:1 "GET /bff/actividad HTTP/1.1" 200 (241 ms)
[20/Nov/2023:11:41:41 -0300] 0:0:0:0:0:0:0:1 "GET /bff/usuario/nombre/rodrigo/preferencias HTTP/1.1" 200 (290 ms)
[20/Nov/2023:11:41:41 -0300] 0:0:0:0:0:0:0:1 "GET /bff/usuario/nombre/rodrigo/preferencias HTTP/1.1" 200 (126 ms)
[20/Nov/2023:11:41:41 -0300] 0:0:0:0:0:0:0:1 "GET /bff/usuario/nombre/rodrigo/preferencias HTTP/1.1" 200 (117 ms)
[20/Nov/2023:11:41:41 -0300] 0:0:0:0:0:0:0:1 "GET /bff/clima/-32.2301868/-58.1779354 HTTP/1.1" 200 (1139 ms)
[20/Nov/2023:11:41:41 -0300] 0:0:0:0:0:0:0:1 "GET /bff/clima/-32.2301868/-58.1779354 HTTP/1.1" 200 (261 ms)
[20/Nov/2023:11:41:42 -0300] 0:0:0:0:0:0:0:1 "GET /bff/clima/-32.2301868/-58.1779354 HTTP/1.1" 200 (259 ms)
[20/Nov/2023:11:44:29 -0300] 0:0:0:0:0:0:0:1 "GET /bff/usuario/nombre/rodrigo/preferencias HTTP/1.1" 200 (226 ms)
[20/Nov/2023:11:44:29 -0300] 0:0:0:0:0:0:0:1 "GET /bff/usuario/nombre/rodrigo HTTP/1.1" 200 (125 ms)
[20/Nov/2023:11:44:29 -0300] 0:0:0:0:0:0:0:1 "GET /bff/usuario/nombre/rodrigo/preferencias HTTP/1.1" 200 (129 ms)
[20/Nov/2023:11:44:29 -0300] 0:0:0:0:0:0:0:1 "GET /bff/actividad HTTP/1.1" 200 (141 ms)
[20/Nov/2023:11:44:30 -0300] 0:0:0:0:0:0:0:1 "GET /bff/usuario/nombre/rodrigo/preferencias HTTP/1.1" 200 (133 ms)
[20/Nov/2023:11:44:30 -0300] 0:0:0:0:0:0:0:1 "GET /bff/clima/-32.2301868/-58.1779354 HTTP/1.1" 200 (793 ms)
[20/Nov/2023:11:44:30 -0300] 0:0:0:0:0:0:0:1 "GET /bff/clima/-32.2301868/-58.1779354 HTTP/1.1" 200 (265 ms)
[20/Nov/2023:11:44:31 -0300] 0:0:0:0:0:0:0:1 "GET /bff/clima/-32.2301868/-58.1779354 HTTP/1.1" 200 (267 ms)
[20/Nov/2023:11:50:03 -0300] 0:0:0:0:0:0:0:1 "OPTIONS /bff/clima/-32.2301868/-58.1779354 HTTP/1.1" 200 (10 ms)
[20/Nov/2023:11:50:03 -0300] 0:0:0:0:0:0:0:1 "OPTIONS /bff/actividad HTTP/1.1" 200 (6 ms)
[20/Nov/2023:11:50:04 -0300] 0:0:0:0:0:0:0:1 "OPTIONS /bff/usuario/nombre/rodrigo/preferencias HTTP/1.1" 200 (11 ms)
[20/Nov/2023:11:50:04 -0300] 0:0:0:0:0:0:0:1 "OPTIONS /bff/usuario/nombre/rodrigo HTTP/1.1" 200 (5 ms)
[20/Nov/2023:11:50:04 -0300] 0:0:0:0:0:0:0:1 "GET /bff/actividad HTTP/1.1" 200 (222 ms)
[20/Nov/2023:11:50:04 -0300] 0:0:0:0:0:0:0:1 "GET /bff/usuario/nombre/rodrigo/preferencias HTTP/1.1" 200 (170 ms)
[20/Nov/2023:11:50:04 -0300] 0:0:0:0:0:0:0:1 "GET /bff/usuario/nombre/rodrigo HTTP/1.1" 200 (94 ms)
[20/Nov/2023:11:50:04 -0300] 0:0:0:0:0:0:0:1 "GET /bff/usuario/nombre/rodrigo/preferencias HTTP/1.1" 200 (124 ms)
[20/Nov/2023:11:50:04 -0300] 0:0:0:0:0:0:0:1 "GET /bff/usuario/nombre/rodrigo/preferencias HTTP/1.1" 200 (120 ms)
[20/Nov/2023:11:50:04 -0300] 0:0:0:0:0:0:0:1 "GET /bff/clima/-32.2301868/-58.1779354 HTTP/1.1" 200 (1028 ms)
[20/Nov/2023:11:50:05 -0300] 0:0:0:0:0:0:0:1 "GET /bff/clima/-32.2301868/-58.1779354 HTTP/1.1" 200 (337 ms)
[20/Nov/2023:11:50:05 -0300] 0:0:0:0:0:0:0:1 "GET /bff/clima/-32.2301868/-58.1779354 HTTP/1.1" 200 (267 ms)
[20/Nov/2023:11:51:12 -0300] 0:0:0:0:0:0:0:1 "GET /bff/usuario/nombre/rodrigo/preferencias HTTP/1.1" 200 (151 ms)
[20/Nov/2023:11:51:12 -0300] 0:0:0:0:0:0:0:1 "GET /bff/usuario/nombre/rodrigo HTTP/1.1" 200 (114 ms)
[20/Nov/2023:11:51:12 -0300] 0:0:0:0:0:0:0:1 "GET /bff/actividad HTTP/1.1" 200 (150 ms)
[20/Nov/2023:11:51:12 -0300] 0:0:0:0:0:0:0:1 "GET /bff/usuario/nombre/rodrigo/preferencias HTTP/1.1" 200 (104 ms)
[20/Nov/2023:11:51:12 -0300] 0:0:0:0:0:0:0:1 "GET /bff/usuario/nombre/rodrigo/preferencias HTTP/1.1" 200 (113 ms)
[20/Nov/2023:11:51:16 -0300] 0:0:0:0:0:0:0:1 "GET /bff/clima/-32.2301868/-58.1779354 HTTP/1.1" 200 (756 ms)
[20/Nov/2023:11:52:59 -0300] 0:0:0:0:0:0:0:1 "GET /bff/usuario/nombre/rodrigo/preferencias HTTP/1.1" 200 (178 ms)
[20/Nov/2023:11:52:59 -0300] 0:0:0:0:0:0:0:1 "GET /bff/usuario/nombre/rodrigo HTTP/1.1" 200 (108 ms)
[20/Nov/2023:11:52:59 -0300] 0:0:0:0:0:0:0:1 "GET /bff/actividad HTTP/1.1" 200 (161 ms)
[20/Nov/2023:11:52:59 -0300] 0:0:0:0:0:0:0:1 "GET /bff/usuario/nombre/rodrigo/preferencias HTTP/1.1" 200 (104 ms)
[20/Nov/2023:11:53:00 -0300] 0:0:0:0:0:0:0:1 "GET /bff/usuario/nombre/rodrigo/preferencias HTTP/1.1" 200 (147 ms)
[20/Nov/2023:11:53:06 -0300] 0:0:0:0:0:0:0:1 "GET /bff/usuario/nombre/rodrigo/preferencias HTTP/1.1" 200 (153 ms)
[20/Nov/2023:11:53:06 -0300] 0:0:0:0:0:0:0:1 "GET /bff/usuario/nombre/rodrigo HTTP/1.1" 200 (101 ms)
[20/Nov/2023:11:53:06 -0300] 0:0:0:0:0:0:0:1 "GET /bff/usuario/nombre/rodrigo/preferencias HTTP/1.1" 200 (102 ms)
[20/Nov/2023:11:53:06 -0300] 0:0:0:0:0:0:0:1 "GET /bff/actividad HTTP/1.1" 200 (156 ms)
[20/Nov/2023:11:53:07 -0300] 0:0:0:0:0:0:0:1 "GET /bff/usuario/nombre/rodrigo/preferencias HTTP/1.1" 200 (102 ms)
[20/Nov/2023:11:53:16 -0300] 0:0:0:0:0:0:0:1 "GET /bff/usuario/nombre/rodrigo/preferencias HTTP/1.1" 200 (148 ms)
[20/Nov/2023:11:53:16 -0300] 0:0:0:0:0:0:0:1 "GET /bff/usuario/nombre/rodrigo HTTP/1.1" 200 (104 ms)
[20/Nov/2023:11:53:16 -0300] 0:0:0:0:0:0:0:1 "GET /bff/actividad HTTP/1.1" 200 (161 ms)
[20/Nov/2023:11:53:16 -0300] 0:0:0:0:0:0:0:1 "GET /bff/usuario/nombre/rodrigo/preferencias HTTP/1.1" 200 (112 ms)
[20/Nov/2023:11:53:16 -0300] 0:0:0:0:0:0:0:1 "GET /bff/usuario/nombre/rodrigo/preferencias HTTP/1.1" 200 (112 ms)
[20/Nov/2023:11:53:17 -0300] 0:0:0:0:0:0:0:1 "GET /bff/clima/-32.2301868/-58.1779354 HTTP/1.1" 200 (741 ms)
[20/Nov/2023:11:53:17 -0300] 0:0:0:0:0:0:0:1 "GET /bff/clima/-32.2301868/-58.1779354 HTTP/1.1" 200 (256 ms)
[20/Nov/2023:11:53:17 -0300] 0:0:0:0:0:0:0:1 "GET /bff/clima/-32.2301868/-58.1779354 HTTP/1.1" 200 (264 ms)
[20/Nov/2023:11:54:07 -0300] 0:0:0:0:0:0:0:1 "GET /bff/usuario/nombre/rodrigo/preferencias HTTP/1.1" 200 (161 ms)
[20/Nov/2023:11:54:07 -0300] 0:0:0:0:0:0:0:1 "GET /bff/usuario/nombre/rodrigo HTTP/1.1" 200 (129 ms)
[20/Nov/2023:11:54:07 -0300] 0:0:0:0:0:0:0:1 "GET /bff/actividad HTTP/1.1" 200 (161 ms)
[20/Nov/2023:11:54:07 -0300] 0:0:0:0:0:0:0:1 "GET /bff/usuario/nombre/rodrigo/preferencias HTTP/1.1" 200 (120 ms)
[20/Nov/2023:11:54:07 -0300] 0:0:0:0:0:0:0:1 "GET /bff/usuario/nombre/rodrigo/preferencias HTTP/1.1" 200 (99 ms)
[20/Nov/2023:11:54:07 -0300] 0:0:0:0:0:0:0:1 "GET /bff/clima/-32.2301868/-58.1779354 HTTP/1.1" 200 (751 ms)
[20/Nov/2023:11:54:08 -0300] 0:0:0:0:0:0:0:1 "GET /bff/clima/-32.2301868/-58.1779354 HTTP/1.1" 200 (263 ms)
[20/Nov/2023:11:54:08 -0300] 0:0:0:0:0:0:0:1 "GET /bff/clima/-32.2301868/-58.1779354 HTTP/1.1" 200 (268 ms)
[20/Nov/2023:12:08:58 -0300] 0:0:0:0:0:0:0:1 "GET /bff/usuario/nombre/rodrigo HTTP/1.1" 200 (129 ms)
[20/Nov/2023:12:08:58 -0300] 0:0:0:0:0:0:0:1 "GET /bff/usuario/nombre/rodrigo/preferencias HTTP/1.1" 200 (243 ms)
[20/Nov/2023:12:08:58 -0300] 0:0:0:0:0:0:0:1 "GET /bff/actividad HTTP/1.1" 200 (170 ms)
[20/Nov/2023:12:08:58 -0300] 0:0:0:0:0:0:0:1 "GET /bff/usuario/nombre/rodrigo/preferencias HTTP/1.1" 200 (108 ms)
[20/Nov/2023:12:08:59 -0300] 0:0:0:0:0:0:0:1 "GET /bff/usuario/nombre/rodrigo/preferencias HTTP/1.1" 200 (153 ms)
[20/Nov/2023:12:08:59 -0300] 0:0:0:0:0:0:0:1 "GET /bff/clima/-32.2301868/-58.1779354 HTTP/1.1" 200 (870 ms)
[20/Nov/2023:12:08:59 -0300] 0:0:0:0:0:0:0:1 "GET /bff/clima/-32.2301868/-58.1779354 HTTP/1.1" 200 (273 ms)
[20/Nov/2023:12:09:00 -0300] 0:0:0:0:0:0:0:1 "GET /bff/clima/-32.2301868/-58.1779354 HTTP/1.1" 200 (265 ms)
[20/Nov/2023:12:10:14 -0300] 0:0:0:0:0:0:0:1 "GET /bff/usuario/nombre/rodrigo HTTP/1.1" 200 (101 ms)
[20/Nov/2023:12:10:14 -0300] 0:0:0:0:0:0:0:1 "GET /bff/usuario/nombre/rodrigo/preferencias HTTP/1.1" 200 (192 ms)
[20/Nov/2023:12:10:14 -0300] 0:0:0:0:0:0:0:1 "GET /bff/actividad HTTP/1.1" 200 (155 ms)
[20/Nov/2023:12:10:14 -0300] 0:0:0:0:0:0:0:1 "GET /bff/usuario/nombre/rodrigo/preferencias HTTP/1.1" 200 (109 ms)
[20/Nov/2023:12:10:14 -0300] 0:0:0:0:0:0:0:1 "GET /bff/usuario/nombre/rodrigo/preferencias HTTP/1.1" 200 (111 ms)
[20/Nov/2023:12:10:15 -0300] 0:0:0:0:0:0:0:1 "GET /bff/clima/-32.2301868/-58.1779354 HTTP/1.1" 200 (884 ms)
[20/Nov/2023:12:10:15 -0300] 0:0:0:0:0:0:0:1 "GET /bff/clima/-32.2301868/-58.1779354 HTTP/1.1" 200 (268 ms)
[20/Nov/2023:12:10:15 -0300] 0:0:0:0:0:0:0:1 "GET /bff/clima/-32.2301868/-58.1779354 HTTP/1.1" 200 (265 ms)
[20/Nov/2023:12:10:52 -0300] 0:0:0:0:0:0:0:1 "GET /bff/usuario/nombre/rodrigo HTTP/1.1" 200 (123 ms)
[20/Nov/2023:12:10:52 -0300] 0:0:0:0:0:0:0:1 "GET /bff/usuario/nombre/rodrigo/preferencias HTTP/1.1" 200 (212 ms)
[20/Nov/2023:12:10:52 -0300] 0:0:0:0:0:0:0:1 "GET /bff/actividad HTTP/1.1" 200 (165 ms)
[20/Nov/2023:12:10:52 -0300] 0:0:0:0:0:0:0:1 "GET /bff/usuario/nombre/rodrigo/preferencias HTTP/1.1" 200 (114 ms)
[20/Nov/2023:12:10:53 -0300] 0:0:0:0:0:0:0:1 "GET /bff/usuario/nombre/rodrigo/preferencias HTTP/1.1" 200 (138 ms)
[20/Nov/2023:12:10:53 -0300] 0:0:0:0:0:0:0:1 "GET /bff/clima/-32.2301868/-58.1779354 HTTP/1.1" 200 (784 ms)
[20/Nov/2023:12:10:53 -0300] 0:0:0:0:0:0:0:1 "GET /bff/clima/-32.2301868/-58.1779354 HTTP/1.1" 200 (256 ms)
[20/Nov/2023:12:10:53 -0300] 0:0:0:0:0:0:0:1 "GET /bff/clima/-32.2301868/-58.1779354 HTTP/1.1" 200 (256 ms)
[20/Nov/2023:12:28:49 -0300] 0:0:0:0:0:0:0:1 "GET /bff/usuario/nombre/rodrigo HTTP/1.1" 200 (136 ms)
[20/Nov/2023:12:28:49 -0300] 0:0:0:0:0:0:0:1 "GET /bff/usuario/nombre/rodrigo/preferencias HTTP/1.1" 200 (173 ms)
[20/Nov/2023:12:28:49 -0300] 0:0:0:0:0:0:0:1 "GET /bff/actividad HTTP/1.1" 200 (184 ms)
[20/Nov/2023:12:28:49 -0300] 0:0:0:0:0:0:0:1 "GET /bff/usuario/nombre/rodrigo/preferencias HTTP/1.1" 200 (150 ms)
[20/Nov/2023:12:28:49 -0300] 0:0:0:0:0:0:0:1 "GET /bff/usuario/nombre/rodrigo/preferencias HTTP/1.1" 200 (106 ms)
[20/Nov/2023:12:29:11 -0300] 0:0:0:0:0:0:0:1 "GET /bff/usuario/nombre/rodrigo/preferencias HTTP/1.1" 200 (162 ms)
[20/Nov/2023:12:29:11 -0300] 0:0:0:0:0:0:0:1 "GET /bff/actividad HTTP/1.1" 200 (166 ms)
[20/Nov/2023:12:29:11 -0300] 0:0:0:0:0:0:0:1 "GET /bff/usuario/nombre/rodrigo HTTP/1.1" 200 (78 ms)
[20/Nov/2023:12:29:11 -0300] 0:0:0:0:0:0:0:1 "GET /bff/usuario/nombre/rodrigo/preferencias HTTP/1.1" 200 (202 ms)
[20/Nov/2023:12:29:11 -0300] 0:0:0:0:0:0:0:1 "GET /bff/usuario/nombre/rodrigo/preferencias HTTP/1.1" 200 (158 ms)
[20/Nov/2023:12:29:12 -0300] 0:0:0:0:0:0:0:1 "GET /bff/clima/-32.2301868/-58.1779354 HTTP/1.1" 200 (1413 ms)
[20/Nov/2023:12:29:12 -0300] 0:0:0:0:0:0:0:1 "GET /bff/clima/-32.2301868/-58.1779354 HTTP/1.1" 200 (450 ms)
[20/Nov/2023:12:29:13 -0300] 0:0:0:0:0:0:0:1 "GET /bff/clima/-32.2301868/-58.1779354 HTTP/1.1" 200 (353 ms)
[20/Nov/2023:12:30:45 -0300] 0:0:0:0:0:0:0:1 "GET /bff/usuario/nombre/rodrigo HTTP/1.1" 200 (131 ms)
[20/Nov/2023:12:30:45 -0300] 0:0:0:0:0:0:0:1 "GET /bff/usuario/nombre/rodrigo/preferencias HTTP/1.1" 200 (153 ms)
[20/Nov/2023:12:30:45 -0300] 0:0:0:0:0:0:0:1 "GET /bff/actividad HTTP/1.1" 200 (149 ms)
[20/Nov/2023:12:30:45 -0300] 0:0:0:0:0:0:0:1 "GET /bff/usuario/nombre/rodrigo/preferencias HTTP/1.1" 200 (127 ms)
[20/Nov/2023:12:30:46 -0300] 0:0:0:0:0:0:0:1 "GET /bff/usuario/nombre/rodrigo/preferencias HTTP/1.1" 200 (140 ms)
[20/Nov/2023:12:30:46 -0300] 0:0:0:0:0:0:0:1 "GET /bff/clima/-32.2301868/-58.1779354 HTTP/1.1" 200 (782 ms)
[20/Nov/2023:12:30:46 -0300] 0:0:0:0:0:0:0:1 "GET /bff/clima/-32.2301868/-58.1779354 HTTP/1.1" 200 (297 ms)
[20/Nov/2023:12:30:46 -0300] 0:0:0:0:0:0:0:1 "GET /bff/clima/-32.2301868/-58.1779354 HTTP/1.1" 200 (264 ms)
[20/Nov/2023:12:38:07 -0300] 0:0:0:0:0:0:0:1 "OPTIONS /bff/clima/-32.222445/-58.1500436 HTTP/1.1" 200 (9 ms)
[20/Nov/2023:12:38:07 -0300] 0:0:0:0:0:0:0:1 "GET /bff/usuario/nombre/rodrigo HTTP/1.1" 200 (125 ms)
[20/Nov/2023:12:38:08 -0300] 0:0:0:0:0:0:0:1 "GET /bff/usuario/nombre/rodrigo/preferencias HTTP/1.1" 200 (178 ms)
[20/Nov/2023:12:38:08 -0300] 0:0:0:0:0:0:0:1 "GET /bff/actividad HTTP/1.1" 200 (165 ms)
[20/Nov/2023:12:38:08 -0300] 0:0:0:0:0:0:0:1 "GET /bff/usuario/nombre/rodrigo/preferencias HTTP/1.1" 200 (117 ms)
[20/Nov/2023:12:38:08 -0300] 0:0:0:0:0:0:0:1 "GET /bff/usuario/nombre/rodrigo/preferencias HTTP/1.1" 200 (141 ms)
[20/Nov/2023:12:38:08 -0300] 0:0:0:0:0:0:0:1 "GET /bff/clima/-32.222445/-58.1500436 HTTP/1.1" 200 (900 ms)
[20/Nov/2023:12:38:08 -0300] 0:0:0:0:0:0:0:1 "GET /bff/clima/-32.222445/-58.1500436 HTTP/1.1" 200 (310 ms)
[20/Nov/2023:12:38:09 -0300] 0:0:0:0:0:0:0:1 "GET /bff/clima/-32.222445/-58.1500436 HTTP/1.1" 200 (383 ms)
[20/Nov/2023:12:38:47 -0300] 0:0:0:0:0:0:0:1 "GET /bff/usuario/nombre/rodrigo/preferencias HTTP/1.1" 200 (174 ms)
[20/Nov/2023:12:38:47 -0300] 0:0:0:0:0:0:0:1 "GET /bff/actividad HTTP/1.1" 200 (177 ms)
[20/Nov/2023:12:38:47 -0300] 0:0:0:0:0:0:0:1 "GET /bff/usuario/nombre/rodrigo HTTP/1.1" 200 (77 ms)
[20/Nov/2023:12:38:47 -0300] 0:0:0:0:0:0:0:1 "GET /bff/usuario/nombre/rodrigo/preferencias HTTP/1.1" 200 (126 ms)
[20/Nov/2023:12:38:48 -0300] 0:0:0:0:0:0:0:1 "GET /bff/usuario/nombre/rodrigo/preferencias HTTP/1.1" 200 (138 ms)
[20/Nov/2023:12:38:48 -0300] 0:0:0:0:0:0:0:1 "GET /bff/clima/-32.222445/-58.1500436 HTTP/1.1" 200 (761 ms)
[20/Nov/2023:12:38:48 -0300] 0:0:0:0:0:0:0:1 "GET /bff/clima/-32.222445/-58.1500436 HTTP/1.1" 200 (282 ms)
[20/Nov/2023:12:38:48 -0300] 0:0:0:0:0:0:0:1 "GET /bff/clima/-32.222445/-58.1500436 HTTP/1.1" 200 (268 ms)
[20/Nov/2023:12:41:59 -0300] 0:0:0:0:0:0:0:1 "GET /bff/usuario/nombre/rodrigo/preferencias HTTP/1.1" 200 (174 ms)
[20/Nov/2023:12:41:59 -0300] 0:0:0:0:0:0:0:1 "GET /bff/usuario/nombre/rodrigo HTTP/1.1" 200 (72 ms)
[20/Nov/2023:12:42:00 -0300] 0:0:0:0:0:0:0:1 "GET /bff/actividad HTTP/1.1" 200 (164 ms)
[20/Nov/2023:12:42:00 -0300] 0:0:0:0:0:0:0:1 "GET /bff/usuario/nombre/rodrigo/preferencias HTTP/1.1" 200 (168 ms)
[20/Nov/2023:12:42:00 -0300] 0:0:0:0:0:0:0:1 "GET /bff/usuario/nombre/rodrigo/preferencias HTTP/1.1" 200 (144 ms)
[20/Nov/2023:12:42:00 -0300] 0:0:0:0:0:0:0:1 "GET /bff/clima/-32.2301868/-58.1779354 HTTP/1.1" 200 (750 ms)
[20/Nov/2023:12:42:00 -0300] 0:0:0:0:0:0:0:1 "GET /bff/clima/-32.2301868/-58.1779354 HTTP/1.1" 200 (267 ms)
[20/Nov/2023:12:42:00 -0300] 0:0:0:0:0:0:0:1 "GET /bff/clima/-32.2301868/-58.1779354 HTTP/1.1" 200 (256 ms)
[20/Nov/2023:12:42:30 -0300] 0:0:0:0:0:0:0:1 "GET /bff/usuario/nombre/rodrigo HTTP/1.1" 200 (115 ms)
[20/Nov/2023:12:42:30 -0300] 0:0:0:0:0:0:0:1 "GET /bff/usuario/nombre/rodrigo/preferencias HTTP/1.1" 200 (167 ms)
[20/Nov/2023:12:42:30 -0300] 0:0:0:0:0:0:0:1 "GET /bff/actividad HTTP/1.1" 200 (155 ms)
[20/Nov/2023:12:42:31 -0300] 0:0:0:0:0:0:0:1 "GET /bff/usuario/nombre/rodrigo/preferencias HTTP/1.1" 200 (130 ms)
[20/Nov/2023:12:42:31 -0300] 0:0:0:0:0:0:0:1 "GET /bff/usuario/nombre/rodrigo/preferencias HTTP/1.1" 200 (117 ms)
[20/Nov/2023:12:42:31 -0300] 0:0:0:0:0:0:0:1 "GET /bff/clima/-32.2301868/-58.1779354 HTTP/1.1" 200 (743 ms)
[20/Nov/2023:12:42:31 -0300] 0:0:0:0:0:0:0:1 "GET /bff/clima/-32.2301868/-58.1779354 HTTP/1.1" 200 (269 ms)
[20/Nov/2023:12:42:32 -0300] 0:0:0:0:0:0:0:1 "GET /bff/clima/-32.2301868/-58.1779354 HTTP/1.1" 200 (263 ms)
[20/Nov/2023:12:43:47 -0300] 0:0:0:0:0:0:0:1 "GET /bff/usuario/nombre/rodrigo HTTP/1.1" 200 (124 ms)
[20/Nov/2023:12:43:47 -0300] 0:0:0:0:0:0:0:1 "GET /bff/usuario/nombre/rodrigo/preferencias HTTP/1.1" 200 (179 ms)
[20/Nov/2023:12:43:47 -0300] 0:0:0:0:0:0:0:1 "GET /bff/actividad HTTP/1.1" 200 (166 ms)
[20/Nov/2023:12:43:47 -0300] 0:0:0:0:0:0:0:1 "GET /bff/usuario/nombre/rodrigo/preferencias HTTP/1.1" 200 (127 ms)
[20/Nov/2023:12:43:48 -0300] 0:0:0:0:0:0:0:1 "GET /bff/usuario/nombre/rodrigo/preferencias HTTP/1.1" 200 (139 ms)
[20/Nov/2023:12:43:48 -0300] 0:0:0:0:0:0:0:1 "GET /bff/clima/-32.2301868/-58.1779354 HTTP/1.1" 200 (899 ms)
[20/Nov/2023:12:43:48 -0300] 0:0:0:0:0:0:0:1 "GET /bff/clima/-32.2301868/-58.1779354 HTTP/1.1" 200 (269 ms)
[20/Nov/2023:12:43:48 -0300] 0:0:0:0:0:0:0:1 "GET /bff/clima/-32.2301868/-58.1779354 HTTP/1.1" 200 (277 ms)
[20/Nov/2023:12:44:10 -0300] 0:0:0:0:0:0:0:1 "GET /bff/usuario/nombre/rodrigo HTTP/1.1" 200 (128 ms)
[20/Nov/2023:12:44:10 -0300] 0:0:0:0:0:0:0:1 "GET /bff/actividad HTTP/1.1" 200 (118 ms)
[20/Nov/2023:12:44:10 -0300] 0:0:0:0:0:0:0:1 "GET /bff/usuario/nombre/rodrigo/preferencias HTTP/1.1" 200 (168 ms)
[20/Nov/2023:12:44:10 -0300] 0:0:0:0:0:0:0:1 "GET /bff/usuario/nombre/rodrigo/preferencias HTTP/1.1" 200 (140 ms)
[20/Nov/2023:12:44:10 -0300] 0:0:0:0:0:0:0:1 "GET /bff/usuario/nombre/rodrigo/preferencias HTTP/1.1" 200 (228 ms)
[20/Nov/2023:12:44:11 -0300] 0:0:0:0:0:0:0:1 "GET /bff/clima/-32.2301868/-58.1779354 HTTP/1.1" 200 (1192 ms)
[20/Nov/2023:12:44:11 -0300] 0:0:0:0:0:0:0:1 "GET /bff/clima/-32.2301868/-58.1779354 HTTP/1.1" 200 (475 ms)
[20/Nov/2023:12:44:12 -0300] 0:0:0:0:0:0:0:1 "GET /bff/clima/-32.2301868/-58.1779354 HTTP/1.1" 200 (287 ms)
[20/Nov/2023:12:45:16 -0300] 0:0:0:0:0:0:0:1 "GET /bff/usuario/nombre/rodrigo/preferencias HTTP/1.1" 200 (152 ms)
[20/Nov/2023:12:45:16 -0300] 0:0:0:0:0:0:0:1 "GET /bff/actividad HTTP/1.1" 200 (156 ms)
[20/Nov/2023:12:45:16 -0300] 0:0:0:0:0:0:0:1 "GET /bff/usuario/nombre/rodrigo HTTP/1.1" 200 (106 ms)
[20/Nov/2023:12:45:16 -0300] 0:0:0:0:0:0:0:1 "GET /bff/usuario/nombre/rodrigo/preferencias HTTP/1.1" 200 (113 ms)
[20/Nov/2023:12:45:16 -0300] 0:0:0:0:0:0:0:1 "GET /bff/usuario/nombre/rodrigo/preferencias HTTP/1.1" 200 (107 ms)
[20/Nov/2023:12:45:17 -0300] 0:0:0:0:0:0:0:1 "GET /bff/clima/-32.222445/-58.1500436 HTTP/1.1" 200 (1373 ms)
[20/Nov/2023:12:45:17 -0300] 0:0:0:0:0:0:0:1 "GET /bff/clima/-32.222445/-58.1500436 HTTP/1.1" 200 (270 ms)
[20/Nov/2023:12:45:17 -0300] 0:0:0:0:0:0:0:1 "GET /bff/clima/-32.222445/-58.1500436 HTTP/1.1" 200 (275 ms)
[20/Nov/2023:12:47:00 -0300] 0:0:0:0:0:0:0:1 "GET /bff/usuario/nombre/rodrigo HTTP/1.1" 200 (112 ms)
[20/Nov/2023:12:47:00 -0300] 0:0:0:0:0:0:0:1 "GET /bff/actividad HTTP/1.1" 200 (136 ms)
[20/Nov/2023:12:47:00 -0300] 0:0:0:0:0:0:0:1 "GET /bff/usuario/nombre/rodrigo/preferencias HTTP/1.1" 200 (161 ms)
[20/Nov/2023:12:47:00 -0300] 0:0:0:0:0:0:0:1 "GET /bff/usuario/nombre/rodrigo/preferencias HTTP/1.1" 200 (113 ms)
[20/Nov/2023:12:47:01 -0300] 0:0:0:0:0:0:0:1 "GET /bff/usuario/nombre/rodrigo/preferencias HTTP/1.1" 200 (150 ms)
[20/Nov/2023:12:47:07 -0300] 0:0:0:0:0:0:0:1 "GET /bff/usuario/nombre/rodrigo HTTP/1.1" 200 (99 ms)
[20/Nov/2023:12:47:07 -0300] 0:0:0:0:0:0:0:1 "GET /bff/usuario/nombre/rodrigo/preferencias HTTP/1.1" 200 (160 ms)
[20/Nov/2023:12:47:07 -0300] 0:0:0:0:0:0:0:1 "GET /bff/actividad HTTP/1.1" 200 (154 ms)
[20/Nov/2023:12:47:07 -0300] 0:0:0:0:0:0:0:1 "GET /bff/usuario/nombre/rodrigo/preferencias HTTP/1.1" 200 (120 ms)
[20/Nov/2023:12:47:08 -0300] 0:0:0:0:0:0:0:1 "GET /bff/usuario/nombre/rodrigo/preferencias HTTP/1.1" 200 (115 ms)
[20/Nov/2023:12:47:36 -0300] 0:0:0:0:0:0:0:1 "GET /bff/clima/-32.2301868/-58.1779354 HTTP/1.1" 200 (763 ms)
[20/Nov/2023:12:55:29 -0300] 0:0:0:0:0:0:0:1 "OPTIONS /bff/clima/-32.2302143/-58.1779218 HTTP/1.1" 200 (5 ms)
[20/Nov/2023:12:55:29 -0300] 0:0:0:0:0:0:0:1 "OPTIONS /bff/usuario/nombre/rodrigo/preferencias HTTP/1.1" 200 (2 ms)
[20/Nov/2023:12:55:29 -0300] 0:0:0:0:0:0:0:1 "OPTIONS /bff/actividad HTTP/1.1" 200 (9 ms)
[20/Nov/2023:12:55:29 -0300] 0:0:0:0:0:0:0:1 "GET /bff/usuario/nombre/rodrigo/preferencias HTTP/1.1" 200 (170 ms)
[20/Nov/2023:12:55:29 -0300] 0:0:0:0:0:0:0:1 "OPTIONS /bff/usuario/nombre/rodrigo HTTP/1.1" 200 (4 ms)
[20/Nov/2023:12:55:29 -0300] 0:0:0:0:0:0:0:1 "GET /bff/usuario/nombre/rodrigo HTTP/1.1" 200 (199 ms)
[20/Nov/2023:12:55:30 -0300] 0:0:0:0:0:0:0:1 "GET /bff/actividad HTTP/1.1" 200 (943 ms)
[20/Nov/2023:12:55:30 -0300] 0:0:0:0:0:0:0:1 "GET /bff/usuario/nombre/rodrigo/preferencias HTTP/1.1" 200 (884 ms)
[20/Nov/2023:12:55:30 -0300] 0:0:0:0:0:0:0:1 "GET /bff/usuario/nombre/rodrigo/preferencias HTTP/1.1" 200 (149 ms)
[20/Nov/2023:12:55:30 -0300] 0:0:0:0:0:0:0:1 "GET /bff/clima/-32.2302143/-58.1779218 HTTP/1.1" 200 (1514 ms)
[20/Nov/2023:12:55:31 -0300] 0:0:0:0:0:0:0:1 "GET /bff/clima/-32.2302143/-58.1779218 HTTP/1.1" 200 (262 ms)
[20/Nov/2023:12:55:31 -0300] 0:0:0:0:0:0:0:1 "GET /bff/clima/-32.2302143/-58.1779218 HTTP/1.1" 200 (255 ms)
[20/Nov/2023:12:55:41 -0300] 0:0:0:0:0:0:0:1 "OPTIONS /bff/clima/-32.2301868/-58.1779354 HTTP/1.1" 200 (6 ms)
[20/Nov/2023:12:55:41 -0300] 0:0:0:0:0:0:0:1 "GET /bff/usuario/nombre/rodrigo HTTP/1.1" 200 (186 ms)
[20/Nov/2023:12:55:41 -0300] 0:0:0:0:0:0:0:1 "GET /bff/usuario/nombre/rodrigo/preferencias HTTP/1.1" 200 (372 ms)
[20/Nov/2023:12:55:41 -0300] 0:0:0:0:0:0:0:1 "GET /bff/actividad HTTP/1.1" 200 (250 ms)
[20/Nov/2023:12:55:42 -0300] 0:0:0:0:0:0:0:1 "GET /bff/usuario/nombre/rodrigo/preferencias HTTP/1.1" 200 (114 ms)
[20/Nov/2023:12:55:42 -0300] 0:0:0:0:0:0:0:1 "GET /bff/usuario/nombre/rodrigo/preferencias HTTP/1.1" 200 (158 ms)
[20/Nov/2023:12:55:42 -0300] 0:0:0:0:0:0:0:1 "GET /bff/clima/-32.2301868/-58.1779354 HTTP/1.1" 200 (836 ms)
[20/Nov/2023:12:55:42 -0300] 0:0:0:0:0:0:0:1 "GET /bff/clima/-32.2301868/-58.1779354 HTTP/1.1" 200 (258 ms)
[20/Nov/2023:12:55:43 -0300] 0:0:0:0:0:0:0:1 "GET /bff/clima/-32.2301868/-58.1779354 HTTP/1.1" 200 (259 ms)
[20/Nov/2023:12:56:03 -0300] 0:0:0:0:0:0:0:1 "GET /bff/usuario/nombre/rodrigo HTTP/1.1" 200 (96 ms)
[20/Nov/2023:12:56:04 -0300] 0:0:0:0:0:0:0:1 "GET /bff/usuario/nombre/rodrigo/preferencias HTTP/1.1" 200 (161 ms)
[20/Nov/2023:12:56:04 -0300] 0:0:0:0:0:0:0:1 "GET /bff/actividad HTTP/1.1" 200 (169 ms)
[20/Nov/2023:12:56:04 -0300] 0:0:0:0:0:0:0:1 "GET /bff/usuario/nombre/rodrigo/preferencias HTTP/1.1" 200 (131 ms)
[20/Nov/2023:12:56:04 -0300] 0:0:0:0:0:0:0:1 "GET /bff/usuario/nombre/rodrigo/preferencias HTTP/1.1" 200 (110 ms)
[20/Nov/2023:12:56:04 -0300] 0:0:0:0:0:0:0:1 "GET /bff/clima/-32.2301868/-58.1779354 HTTP/1.1" 200 (771 ms)
[20/Nov/2023:12:56:04 -0300] 0:0:0:0:0:0:0:1 "GET /bff/clima/-32.2301868/-58.1779354 HTTP/1.1" 200 (262 ms)
[20/Nov/2023:12:56:04 -0300] 0:0:0:0:0:0:0:1 "GET /bff/clima/-32.2301868/-58.1779354 HTTP/1.1" 200 (268 ms)
[20/Nov/2023:12:56:24 -0300] 0:0:0:0:0:0:0:1 "GET /bff/usuario/nombre/rodrigo/preferencias HTTP/1.1" 200 (175 ms)
[20/Nov/2023:12:56:24 -0300] 0:0:0:0:0:0:0:1 "GET /bff/usuario/nombre/rodrigo HTTP/1.1" 200 (129 ms)
[20/Nov/2023:12:56:24 -0300] 0:0:0:0:0:0:0:1 "GET /bff/actividad HTTP/1.1" 200 (163 ms)
[20/Nov/2023:12:56:24 -0300] 0:0:0:0:0:0:0:1 "GET /bff/usuario/nombre/rodrigo/preferencias HTTP/1.1" 200 (128 ms)
[20/Nov/2023:12:56:24 -0300] 0:0:0:0:0:0:0:1 "GET /bff/usuario/nombre/rodrigo/preferencias HTTP/1.1" 200 (115 ms)
[20/Nov/2023:12:56:25 -0300] 0:0:0:0:0:0:0:1 "GET /bff/clima/-32.2301868/-58.1779354 HTTP/1.1" 200 (821 ms)
[20/Nov/2023:12:56:25 -0300] 0:0:0:0:0:0:0:1 "GET /bff/clima/-32.2301868/-58.1779354 HTTP/1.1" 200 (256 ms)
[20/Nov/2023:12:56:25 -0300] 0:0:0:0:0:0:0:1 "GET /bff/clima/-32.2301868/-58.1779354 HTTP/1.1" 200 (261 ms)
[20/Nov/2023:12:57:37 -0300] 0:0:0:0:0:0:0:1 "GET /bff/usuario/nombre/rodrigo HTTP/1.1" 200 (133 ms)
[20/Nov/2023:12:57:37 -0300] 0:0:0:0:0:0:0:1 "GET /bff/usuario/nombre/rodrigo/preferencias HTTP/1.1" 200 (166 ms)
[20/Nov/2023:12:57:37 -0300] 0:0:0:0:0:0:0:1 "GET /bff/actividad HTTP/1.1" 200 (162 ms)
[20/Nov/2023:12:57:37 -0300] 0:0:0:0:0:0:0:1 "GET /bff/usuario/nombre/rodrigo/preferencias HTTP/1.1" 200 (113 ms)
[20/Nov/2023:12:57:37 -0300] 0:0:0:0:0:0:0:1 "GET /bff/usuario/nombre/rodrigo/preferencias HTTP/1.1" 200 (140 ms)
[20/Nov/2023:12:57:38 -0300] 0:0:0:0:0:0:0:1 "GET /bff/clima/-32.2302143/-58.1779218 HTTP/1.1" 200 (803 ms)
[20/Nov/2023:12:57:38 -0300] 0:0:0:0:0:0:0:1 "GET /bff/clima/-32.2302143/-58.1779218 HTTP/1.1" 200 (268 ms)
[20/Nov/2023:12:57:38 -0300] 0:0:0:0:0:0:0:1 "GET /bff/clima/-32.2302143/-58.1779218 HTTP/1.1" 200 (267 ms)
[20/Nov/2023:12:57:59 -0300] 0:0:0:0:0:0:0:1 "GET /bff/usuario/nombre/rodrigo HTTP/1.1" 200 (127 ms)
[20/Nov/2023:12:57:59 -0300] 0:0:0:0:0:0:0:1 "GET /bff/usuario/nombre/rodrigo/preferencias HTTP/1.1" 200 (181 ms)
[20/Nov/2023:12:57:59 -0300] 0:0:0:0:0:0:0:1 "GET /bff/actividad HTTP/1.1" 200 (157 ms)
[20/Nov/2023:12:58:00 -0300] 0:0:0:0:0:0:0:1 "GET /bff/usuario/nombre/rodrigo/preferencias HTTP/1.1" 200 (119 ms)
[20/Nov/2023:12:58:00 -0300] 0:0:0:0:0:0:0:1 "GET /bff/usuario/nombre/rodrigo/preferencias HTTP/1.1" 200 (100 ms)
[20/Nov/2023:12:58:00 -0300] 0:0:0:0:0:0:0:1 "GET /bff/clima/-32.2302143/-58.1779218 HTTP/1.1" 200 (739 ms)
[20/Nov/2023:12:58:00 -0300] 0:0:0:0:0:0:0:1 "GET /bff/clima/-32.2302143/-58.1779218 HTTP/1.1" 200 (264 ms)
[20/Nov/2023:12:58:00 -0300] 0:0:0:0:0:0:0:1 "GET /bff/clima/-32.2302143/-58.1779218 HTTP/1.1" 200 (257 ms)
[20/Nov/2023:12:58:17 -0300] 0:0:0:0:0:0:0:1 "GET /bff/usuario/nombre/rodrigo HTTP/1.1" 200 (125 ms)
[20/Nov/2023:12:58:17 -0300] 0:0:0:0:0:0:0:1 "GET /bff/actividad HTTP/1.1" 200 (139 ms)
[20/Nov/2023:12:58:17 -0300] 0:0:0:0:0:0:0:1 "GET /bff/usuario/nombre/rodrigo/preferencias HTTP/1.1" 200 (165 ms)
[20/Nov/2023:12:58:17 -0300] 0:0:0:0:0:0:0:1 "GET /bff/usuario/nombre/rodrigo/preferencias HTTP/1.1" 200 (100 ms)
[20/Nov/2023:12:58:17 -0300] 0:0:0:0:0:0:0:1 "GET /bff/usuario/nombre/rodrigo/preferencias HTTP/1.1" 200 (107 ms)
[20/Nov/2023:12:58:17 -0300] 0:0:0:0:0:0:0:1 "GET /bff/clima/-32.2302143/-58.1779218 HTTP/1.1" 200 (767 ms)
[20/Nov/2023:12:58:18 -0300] 0:0:0:0:0:0:0:1 "GET /bff/clima/-32.2302143/-58.1779218 HTTP/1.1" 200 (252 ms)
[20/Nov/2023:12:58:18 -0300] 0:0:0:0:0:0:0:1 "GET /bff/clima/-32.2302143/-58.1779218 HTTP/1.1" 200 (262 ms)
[20/Nov/2023:12:58:33 -0300] 0:0:0:0:0:0:0:1 "GET /bff/usuario/nombre/rodrigo HTTP/1.1" 200 (123 ms)
[20/Nov/2023:12:58:33 -0300] 0:0:0:0:0:0:0:1 "GET /bff/usuario/nombre/rodrigo/preferencias HTTP/1.1" 200 (197 ms)
[20/Nov/2023:12:58:33 -0300] 0:0:0:0:0:0:0:1 "GET /bff/actividad HTTP/1.1" 200 (172 ms)
[20/Nov/2023:12:58:33 -0300] 0:0:0:0:0:0:0:1 "GET /bff/usuario/nombre/rodrigo/preferencias HTTP/1.1" 200 (124 ms)
[20/Nov/2023:12:58:33 -0300] 0:0:0:0:0:0:0:1 "GET /bff/usuario/nombre/rodrigo/preferencias HTTP/1.1" 200 (129 ms)
[20/Nov/2023:12:58:33 -0300] 0:0:0:0:0:0:0:1 "GET /bff/clima/-32.2302143/-58.1779218 HTTP/1.1" 200 (760 ms)
[20/Nov/2023:12:58:34 -0300] 0:0:0:0:0:0:0:1 "GET /bff/clima/-32.2302143/-58.1779218 HTTP/1.1" 200 (272 ms)
[20/Nov/2023:12:58:34 -0300] 0:0:0:0:0:0:0:1 "GET /bff/clima/-32.2302143/-58.1779218 HTTP/1.1" 200 (257 ms)
[20/Nov/2023:12:59:40 -0300] 0:0:0:0:0:0:0:1 "GET /bff/usuario/nombre/rodrigo/preferencias HTTP/1.1" 200 (147 ms)
[20/Nov/2023:12:59:40 -0300] 0:0:0:0:0:0:0:1 "GET /bff/actividad HTTP/1.1" 200 (168 ms)
[20/Nov/2023:12:59:40 -0300] 0:0:0:0:0:0:0:1 "GET /bff/usuario/nombre/rodrigo HTTP/1.1" 200 (76 ms)
[20/Nov/2023:12:59:40 -0300] 0:0:0:0:0:0:0:1 "GET /bff/usuario/nombre/rodrigo/preferencias HTTP/1.1" 200 (123 ms)
[20/Nov/2023:12:59:40 -0300] 0:0:0:0:0:0:0:1 "GET /bff/usuario/nombre/rodrigo/preferencias HTTP/1.1" 200 (186 ms)
[20/Nov/2023:12:59:41 -0300] 0:0:0:0:0:0:0:1 "GET /bff/clima/-32.2302143/-58.1779218 HTTP/1.1" 200 (765 ms)
[20/Nov/2023:12:59:41 -0300] 0:0:0:0:0:0:0:1 "GET /bff/clima/-32.2302143/-58.1779218 HTTP/1.1" 200 (281 ms)
[20/Nov/2023:12:59:41 -0300] 0:0:0:0:0:0:0:1 "GET /bff/clima/-32.2302143/-58.1779218 HTTP/1.1" 200 (281 ms)
[20/Nov/2023:13:00:09 -0300] 0:0:0:0:0:0:0:1 "GET /bff/usuario/nombre/rodrigo HTTP/1.1" 200 (104 ms)
[20/Nov/2023:13:00:09 -0300] 0:0:0:0:0:0:0:1 "GET /bff/usuario/nombre/rodrigo/preferencias HTTP/1.1" 200 (164 ms)
[20/Nov/2023:13:00:09 -0300] 0:0:0:0:0:0:0:1 "GET /bff/actividad HTTP/1.1" 200 (171 ms)
[20/Nov/2023:13:00:09 -0300] 0:0:0:0:0:0:0:1 "GET /bff/usuario/nombre/rodrigo/preferencias HTTP/1.1" 200 (121 ms)
[20/Nov/2023:13:00:09 -0300] 0:0:0:0:0:0:0:1 "GET /bff/usuario/nombre/rodrigo/preferencias HTTP/1.1" 200 (146 ms)
[20/Nov/2023:13:00:10 -0300] 0:0:0:0:0:0:0:1 "GET /bff/clima/-32.2302143/-58.1779218 HTTP/1.1" 200 (993 ms)
[20/Nov/2023:13:00:10 -0300] 0:0:0:0:0:0:0:1 "GET /bff/clima/-32.2302143/-58.1779218 HTTP/1.1" 200 (754 ms)
[20/Nov/2023:13:00:11 -0300] 0:0:0:0:0:0:0:1 "GET /bff/clima/-32.2302143/-58.1779218 HTTP/1.1" 200 (835 ms)
[20/Nov/2023:13:01:31 -0300] 0:0:0:0:0:0:0:1 "GET /bff/usuario/nombre/rodrigo/preferencias HTTP/1.1" 200 (141 ms)
[20/Nov/2023:13:01:31 -0300] 0:0:0:0:0:0:0:1 "GET /bff/usuario/nombre/rodrigo HTTP/1.1" 200 (114 ms)
[20/Nov/2023:13:01:31 -0300] 0:0:0:0:0:0:0:1 "GET /bff/actividad HTTP/1.1" 200 (185 ms)
[20/Nov/2023:13:01:31 -0300] 0:0:0:0:0:0:0:1 "GET /bff/usuario/nombre/rodrigo/preferencias HTTP/1.1" 200 (131 ms)
[20/Nov/2023:13:01:31 -0300] 0:0:0:0:0:0:0:1 "GET /bff/usuario/nombre/rodrigo/preferencias HTTP/1.1" 200 (114 ms)
[20/Nov/2023:13:01:31 -0300] 0:0:0:0:0:0:0:1 "GET /bff/clima/-32.2302143/-58.1779218 HTTP/1.1" 200 (944 ms)
[20/Nov/2023:13:01:32 -0300] 0:0:0:0:0:0:0:1 "GET /bff/clima/-32.2302143/-58.1779218 HTTP/1.1" 200 (268 ms)
[20/Nov/2023:13:01:32 -0300] 0:0:0:0:0:0:0:1 "GET /bff/clima/-32.2302143/-58.1779218 HTTP/1.1" 200 (259 ms)
[20/Nov/2023:13:02:06 -0300] 0:0:0:0:0:0:0:1 "GET /bff/usuario/nombre/rodrigo HTTP/1.1" 200 (106 ms)
[20/Nov/2023:13:02:06 -0300] 0:0:0:0:0:0:0:1 "GET /bff/usuario/nombre/rodrigo/preferencias HTTP/1.1" 200 (148 ms)
[20/Nov/2023:13:02:06 -0300] 0:0:0:0:0:0:0:1 "GET /bff/actividad HTTP/1.1" 200 (181 ms)
[20/Nov/2023:13:02:06 -0300] 0:0:0:0:0:0:0:1 "GET /bff/usuario/nombre/rodrigo/preferencias HTTP/1.1" 200 (114 ms)
[20/Nov/2023:13:02:06 -0300] 0:0:0:0:0:0:0:1 "GET /bff/usuario/nombre/rodrigo/preferencias HTTP/1.1" 200 (118 ms)
[20/Nov/2023:13:02:06 -0300] 0:0:0:0:0:0:0:1 "GET /bff/clima/-32.2302143/-58.1779218 HTTP/1.1" 200 (778 ms)
[20/Nov/2023:13:02:07 -0300] 0:0:0:0:0:0:0:1 "GET /bff/clima/-32.2302143/-58.1779218 HTTP/1.1" 200 (281 ms)
[20/Nov/2023:13:02:07 -0300] 0:0:0:0:0:0:0:1 "GET /bff/clima/-32.2302143/-58.1779218 HTTP/1.1" 200 (256 ms)
[20/Nov/2023:13:03:18 -0300] 0:0:0:0:0:0:0:1 "GET /bff/usuario/nombre/rodrigo HTTP/1.1" 200 (132 ms)
[20/Nov/2023:13:03:18 -0300] 0:0:0:0:0:0:0:1 "GET /bff/usuario/nombre/rodrigo/preferencias HTTP/1.1" 200 (141 ms)
[20/Nov/2023:13:03:18 -0300] 0:0:0:0:0:0:0:1 "GET /bff/actividad HTTP/1.1" 200 (166 ms)
[20/Nov/2023:13:03:18 -0300] 0:0:0:0:0:0:0:1 "GET /bff/usuario/nombre/rodrigo/preferencias HTTP/1.1" 200 (107 ms)
[20/Nov/2023:13:03:18 -0300] 0:0:0:0:0:0:0:1 "GET /bff/usuario/nombre/rodrigo/preferencias HTTP/1.1" 200 (132 ms)
[20/Nov/2023:13:03:18 -0300] 0:0:0:0:0:0:0:1 "GET /bff/clima/-32.2301868/-58.1779354 HTTP/1.1" 200 (790 ms)
[20/Nov/2023:13:03:19 -0300] 0:0:0:0:0:0:0:1 "GET /bff/clima/-32.2301868/-58.1779354 HTTP/1.1" 200 (298 ms)
[20/Nov/2023:13:03:19 -0300] 0:0:0:0:0:0:0:1 "GET /bff/clima/-32.2301868/-58.1779354 HTTP/1.1" 200 (263 ms)
[20/Nov/2023:13:05:33 -0300] 0:0:0:0:0:0:0:1 "GET /bff/usuario/nombre/rodrigo HTTP/1.1" 200 (124 ms)
[20/Nov/2023:13:05:33 -0300] 0:0:0:0:0:0:0:1 "GET /bff/usuario/nombre/rodrigo/preferencias HTTP/1.1" 200 (195 ms)
[20/Nov/2023:13:05:33 -0300] 0:0:0:0:0:0:0:1 "GET /bff/actividad HTTP/1.1" 200 (171 ms)
[20/Nov/2023:13:05:33 -0300] 0:0:0:0:0:0:0:1 "GET /bff/usuario/nombre/rodrigo/preferencias HTTP/1.1" 200 (127 ms)
[20/Nov/2023:13:05:33 -0300] 0:0:0:0:0:0:0:1 "GET /bff/usuario/nombre/rodrigo/preferencias HTTP/1.1" 200 (151 ms)
[20/Nov/2023:13:05:34 -0300] 0:0:0:0:0:0:0:1 "GET /bff/clima/-32.2302143/-58.1779218 HTTP/1.1" 200 (770 ms)
[20/Nov/2023:13:05:34 -0300] 0:0:0:0:0:0:0:1 "GET /bff/clima/-32.2302143/-58.1779218 HTTP/1.1" 200 (261 ms)
[20/Nov/2023:13:05:34 -0300] 0:0:0:0:0:0:0:1 "GET /bff/clima/-32.2302143/-58.1779218 HTTP/1.1" 200 (249 ms)
[20/Nov/2023:13:10:01 -0300] 0:0:0:0:0:0:0:1 "GET /bff/actividad HTTP/1.1" 200 (327 ms)
[20/Nov/2023:13:10:01 -0300] 0:0:0:0:0:0:0:1 "GET /bff/usuario/nombre/rodrigo/preferencias HTTP/1.1" 200 (205 ms)
[20/Nov/2023:13:10:01 -0300] 0:0:0:0:0:0:0:1 "GET /bff/usuario/nombre/rodrigo HTTP/1.1" 200 (124 ms)
[20/Nov/2023:13:10:01 -0300] 0:0:0:0:0:0:0:1 "GET /bff/usuario/nombre/rodrigo/preferencias HTTP/1.1" 200 (110 ms)
[20/Nov/2023:13:10:01 -0300] 0:0:0:0:0:0:0:1 "GET /bff/usuario/nombre/rodrigo/preferencias HTTP/1.1" 200 (131 ms)
[20/Nov/2023:13:10:01 -0300] 0:0:0:0:0:0:0:1 "GET /bff/clima/-32.222445/-58.1500436 HTTP/1.1" 200 (911 ms)
[20/Nov/2023:13:10:01 -0300] 0:0:0:0:0:0:0:1 "GET /bff/clima/-32.222445/-58.1500436 HTTP/1.1" 200 (245 ms)
[20/Nov/2023:13:10:02 -0300] 0:0:0:0:0:0:0:1 "GET /bff/clima/-32.222445/-58.1500436 HTTP/1.1" 200 (257 ms)
[20/Nov/2023:13:10:41 -0300] 0:0:0:0:0:0:0:1 "GET /bff/usuario/nombre/rodrigo/preferencias HTTP/1.1" 200 (154 ms)
[20/Nov/2023:13:10:41 -0300] 0:0:0:0:0:0:0:1 "OPTIONS /bff/usuario/usuarioActividad/rodrigo/Actividades%20hogare%C3%B1as HTTP/1.1" 200 (13 ms)
[20/Nov/2023:13:10:41 -0300] 0:0:0:0:0:0:0:1 "OPTIONS /bff/usuario/usuarioActividad/rodrigo/Golf HTTP/1.1" 200 (2 ms)
[20/Nov/2023:13:10:41 -0300] 0:0:0:0:0:0:0:1 "OPTIONS /bff/usuario/usuarioActividad/rodrigo/Pesca HTTP/1.1" 200 (18 ms)
[20/Nov/2023:13:10:41 -0300] 0:0:0:0:0:0:0:1 "OPTIONS /bff/usuario/usuarioActividad/rodrigo/Senderismo HTTP/1.1" 200 (6 ms)
[20/Nov/2023:13:10:41 -0300] 0:0:0:0:0:0:0:1 "OPTIONS /bff/usuario/usuarioActividad/rodrigo/Correr HTTP/1.1" 200 (37 ms)
[20/Nov/2023:13:10:41 -0300] 0:0:0:0:0:0:0:1 "OPTIONS /bff/usuario/usuarioActividad/rodrigo/Camping HTTP/1.1" 200 (18 ms)
[20/Nov/2023:13:10:42 -0300] 0:0:0:0:0:0:0:1 "DELETE /bff/usuario/usuarioActividad/rodrigo/Senderismo HTTP/1.1" 200 (758 ms)
[20/Nov/2023:13:10:42 -0300] 0:0:0:0:0:0:0:1 "POST /bff/usuario/usuarioActividad/rodrigo/Camping HTTP/1.1" 200 (959 ms)
[20/Nov/2023:13:10:42 -0300] 0:0:0:0:0:0:0:1 "POST /bff/usuario/usuarioActividad/rodrigo/Golf HTTP/1.1" 200 (1004 ms)
[20/Nov/2023:13:10:42 -0300] 0:0:0:0:0:0:0:1 "POST /bff/usuario/usuarioActividad/rodrigo/Correr HTTP/1.1" 200 (1207 ms)
[20/Nov/2023:13:10:42 -0300] 0:0:0:0:0:0:0:1 "POST /bff/usuario/usuarioActividad/rodrigo/Pesca HTTP/1.1" 200 (1233 ms)
[20/Nov/2023:13:10:42 -0300] 0:0:0:0:0:0:0:1 "POST /bff/usuario/usuarioActividad/rodrigo/Actividades%20hogare%C3%B1as HTTP/1.1" 200 (1254 ms)
[20/Nov/2023:13:10:45 -0300] 0:0:0:0:0:0:0:1 "GET /bff/usuario/nombre/rodrigo/preferencias HTTP/1.1" 200 (180 ms)
[20/Nov/2023:13:10:45 -0300] 0:0:0:0:0:0:0:1 "GET /bff/actividad HTTP/1.1" 200 (167 ms)
[20/Nov/2023:13:10:45 -0300] 0:0:0:0:0:0:0:1 "GET /bff/usuario/nombre/rodrigo HTTP/1.1" 200 (60 ms)
[20/Nov/2023:13:10:45 -0300] 0:0:0:0:0:0:0:1 "GET /bff/usuario/nombre/rodrigo/preferencias HTTP/1.1" 200 (121 ms)
[20/Nov/2023:13:10:45 -0300] 0:0:0:0:0:0:0:1 "GET /bff/usuario/nombre/rodrigo/preferencias HTTP/1.1" 200 (129 ms)
[20/Nov/2023:13:10:45 -0300] 0:0:0:0:0:0:0:1 "GET /bff/clima/-32.222445/-58.1500436 HTTP/1.1" 200 (783 ms)
[20/Nov/2023:13:10:46 -0300] 0:0:0:0:0:0:0:1 "GET /bff/clima/-32.222445/-58.1500436 HTTP/1.1" 200 (255 ms)
[20/Nov/2023:13:10:46 -0300] 0:0:0:0:0:0:0:1 "GET /bff/clima/-32.222445/-58.1500436 HTTP/1.1" 200 (253 ms)
[20/Nov/2023:13:10:46 -0300] 0:0:0:0:0:0:0:1 "GET /bff/clima/-32.222445/-58.1500436 HTTP/1.1" 200 (250 ms)
[20/Nov/2023:13:10:46 -0300] 0:0:0:0:0:0:0:1 "GET /bff/clima/-32.222445/-58.1500436 HTTP/1.1" 200 (258 ms)
[20/Nov/2023:13:10:47 -0300] 0:0:0:0:0:0:0:1 "GET /bff/clima/-32.222445/-58.1500436 HTTP/1.1" 200 (254 ms)
[20/Nov/2023:13:10:47 -0300] 0:0:0:0:0:0:0:1 "GET /bff/clima/-32.222445/-58.1500436 HTTP/1.1" 200 (260 ms)
[20/Nov/2023:13:10:47 -0300] 0:0:0:0:0:0:0:1 "GET /bff/clima/-32.222445/-58.1500436 HTTP/1.1" 200 (245 ms)
[20/Nov/2023:13:10:47 -0300] 0:0:0:0:0:0:0:1 "GET /bff/clima/-32.222445/-58.1500436 HTTP/1.1" 200 (250 ms)
[20/Nov/2023:13:10:48 -0300] 0:0:0:0:0:0:0:1 "GET /bff/clima/-32.222445/-58.1500436 HTTP/1.1" 200 (246 ms)
[20/Nov/2023:13:10:48 -0300] 0:0:0:0:0:0:0:1 "GET /bff/clima/-32.222445/-58.1500436 HTTP/1.1" 200 (248 ms)
[20/Nov/2023:13:11:40 -0300] 0:0:0:0:0:0:0:1 "GET /bff/usuario/nombre/rodrigo/preferencias HTTP/1.1" 200 (152 ms)
[20/Nov/2023:13:11:40 -0300] 0:0:0:0:0:0:0:1 "OPTIONS /bff/usuario/usuarioActividad/rodrigo/Futbol HTTP/1.1" 200 (3 ms)
[20/Nov/2023:13:11:40 -0300] 0:0:0:0:0:0:0:1 "POST /bff/usuario/usuarioActividad/rodrigo/Senderismo HTTP/1.1" 200 (247 ms)
[20/Nov/2023:13:11:40 -0300] 0:0:0:0:0:0:0:1 "POST /bff/usuario/usuarioActividad/rodrigo/Futbol HTTP/1.1" 200 (237 ms)
[20/Nov/2023:13:11:43 -0300] 0:0:0:0:0:0:0:1 "GET /bff/usuario/nombre/rodrigo HTTP/1.1" 200 (115 ms)
[20/Nov/2023:13:11:43 -0300] 0:0:0:0:0:0:0:1 "GET /bff/usuario/nombre/rodrigo/preferencias HTTP/1.1" 200 (172 ms)
[20/Nov/2023:13:11:43 -0300] 0:0:0:0:0:0:0:1 "GET /bff/actividad HTTP/1.1" 200 (135 ms)
[20/Nov/2023:13:11:43 -0300] 0:0:0:0:0:0:0:1 "GET /bff/usuario/nombre/rodrigo/preferencias HTTP/1.1" 200 (120 ms)
[20/Nov/2023:13:11:43 -0300] 0:0:0:0:0:0:0:1 "GET /bff/usuario/nombre/rodrigo/preferencias HTTP/1.1" 200 (158 ms)
[20/Nov/2023:13:11:43 -0300] 0:0:0:0:0:0:0:1 "GET /bff/clima/-32.2301868/-58.1779354 HTTP/1.1" 200 (741 ms)
[20/Nov/2023:13:11:44 -0300] 0:0:0:0:0:0:0:1 "GET /bff/clima/-32.2301868/-58.1779354 HTTP/1.1" 200 (252 ms)
[20/Nov/2023:13:11:44 -0300] 0:0:0:0:0:0:0:1 "GET /bff/clima/-32.2301868/-58.1779354 HTTP/1.1" 200 (252 ms)
[20/Nov/2023:13:11:44 -0300] 0:0:0:0:0:0:0:1 "GET /bff/clima/-32.2301868/-58.1779354 HTTP/1.1" 200 (255 ms)
[20/Nov/2023:13:11:44 -0300] 0:0:0:0:0:0:0:1 "GET /bff/clima/-32.2301868/-58.1779354 HTTP/1.1" 200 (253 ms)
[20/Nov/2023:13:11:45 -0300] 0:0:0:0:0:0:0:1 "GET /bff/clima/-32.2301868/-58.1779354 HTTP/1.1" 200 (251 ms)
[20/Nov/2023:13:11:45 -0300] 0:0:0:0:0:0:0:1 "GET /bff/clima/-32.2301868/-58.1779354 HTTP/1.1" 200 (246 ms)
[20/Nov/2023:13:11:45 -0300] 0:0:0:0:0:0:0:1 "GET /bff/clima/-32.2301868/-58.1779354 HTTP/1.1" 200 (247 ms)
[20/Nov/2023:13:11:45 -0300] 0:0:0:0:0:0:0:1 "GET /bff/clima/-32.2301868/-58.1779354 HTTP/1.1" 200 (248 ms)
[20/Nov/2023:13:11:46 -0300] 0:0:0:0:0:0:0:1 "GET /bff/clima/-32.2301868/-58.1779354 HTTP/1.1" 200 (251 ms)
[20/Nov/2023:13:11:46 -0300] 0:0:0:0:0:0:0:1 "GET /bff/clima/-32.2301868/-58.1779354 HTTP/1.1" 200 (249 ms)
[20/Nov/2023:13:11:46 -0300] 0:0:0:0:0:0:0:1 "GET /bff/clima/-32.2301868/-58.1779354 HTTP/1.1" 200 (251 ms)
[20/Nov/2023:13:11:46 -0300] 0:0:0:0:0:0:0:1 "GET /bff/clima/-32.2301868/-58.1779354 HTTP/1.1" 200 (250 ms)
[20/Nov/2023:13:11:47 -0300] 0:0:0:0:0:0:0:1 "GET /bff/clima/-32.2301868/-58.1779354 HTTP/1.1" 200 (249 ms)
[20/Nov/2023:13:11:47 -0300] 0:0:0:0:0:0:0:1 "GET /bff/clima/-32.2301868/-58.1779354 HTTP/1.1" 200 (249 ms)
