[07/Dec/2023:10:00:25 -0300] 0:0:0:0:0:0:0:1 "OPTIONS /bff/actividad HTTP/1.1" 200 (720 ms)
[07/Dec/2023:10:00:25 -0300] 0:0:0:0:0:0:0:1 "OPTIONS /bff/actividad HTTP/1.1" 200 (767 ms)
[07/Dec/2023:10:00:25 -0300] 0:0:0:0:0:0:0:1 "OPTIONS /bff/clima/-32.4791021/-58.2439337 HTTP/1.1" 200 (779 ms)
[07/Dec/2023:10:00:28 -0300] 0:0:0:0:0:0:0:1 "GET /bff/actividad HTTP/1.1" 200 (3757 ms)
[07/Dec/2023:10:00:28 -0300] 0:0:0:0:0:0:0:1 "GET /bff/actividad HTTP/1.1" 200 (187 ms)
[07/Dec/2023:10:00:29 -0300] 0:0:0:0:0:0:0:1 "GET /bff/clima/-32.4791021/-58.2439337 HTTP/1.1" 200 (4769 ms)
[07/Dec/2023:10:00:30 -0300] 0:0:0:0:0:0:0:1 "GET /bff/clima/-32.4791021/-58.2439337 HTTP/1.1" 200 (278 ms)
[07/Dec/2023:10:00:30 -0300] 0:0:0:0:0:0:0:1 "GET /bff/clima/-32.4791021/-58.2439337 HTTP/1.1" 200 (271 ms)
[07/Dec/2023:10:00:30 -0300] 0:0:0:0:0:0:0:1 "GET /bff/clima/-32.4791021/-58.2439337 HTTP/1.1" 200 (272 ms)
[07/Dec/2023:10:00:30 -0300] 0:0:0:0:0:0:0:1 "GET /bff/clima/-32.4791021/-58.2439337 HTTP/1.1" 200 (270 ms)
[07/Dec/2023:10:00:31 -0300] 0:0:0:0:0:0:0:1 "GET /bff/clima/-32.4791021/-58.2439337 HTTP/1.1" 200 (272 ms)
[07/Dec/2023:10:00:31 -0300] 0:0:0:0:0:0:0:1 "GET /bff/clima/-32.4791021/-58.2439337 HTTP/1.1" 200 (276 ms)
[07/Dec/2023:10:00:31 -0300] 0:0:0:0:0:0:0:1 "GET /bff/clima/-32.4791021/-58.2439337 HTTP/1.1" 200 (267 ms)
[07/Dec/2023:10:00:32 -0300] 0:0:0:0:0:0:0:1 "GET /bff/clima/-32.4791021/-58.2439337 HTTP/1.1" 200 (265 ms)
[07/Dec/2023:10:00:32 -0300] 0:0:0:0:0:0:0:1 "GET /bff/clima/-32.4791021/-58.2439337 HTTP/1.1" 200 (263 ms)
[07/Dec/2023:10:00:32 -0300] 0:0:0:0:0:0:0:1 "GET /bff/clima/-32.4791021/-58.2439337 HTTP/1.1" 200 (258 ms)
[07/Dec/2023:10:00:32 -0300] 0:0:0:0:0:0:0:1 "GET /bff/clima/-32.4791021/-58.2439337 HTTP/1.1" 200 (260 ms)
[07/Dec/2023:10:00:33 -0300] 0:0:0:0:0:0:0:1 "GET /bff/clima/-32.4791021/-58.2439337 HTTP/1.1" 200 (259 ms)
[07/Dec/2023:10:00:33 -0300] 0:0:0:0:0:0:0:1 "GET /bff/clima/-32.4791021/-58.2439337 HTTP/1.1" 200 (257 ms)
[07/Dec/2023:10:00:33 -0300] 0:0:0:0:0:0:0:1 "GET /bff/clima/-32.4791021/-58.2439337 HTTP/1.1" 200 (267 ms)
[07/Dec/2023:10:00:33 -0300] 0:0:0:0:0:0:0:1 "GET /bff/clima/-32.4791021/-58.2439337 HTTP/1.1" 200 (268 ms)
[07/Dec/2023:10:00:34 -0300] 0:0:0:0:0:0:0:1 "GET /bff/clima/-32.4791021/-58.2439337 HTTP/1.1" 200 (261 ms)
[07/Dec/2023:10:00:34 -0300] 0:0:0:0:0:0:0:1 "GET /bff/clima/-32.4791021/-58.2439337 HTTP/1.1" 200 (254 ms)
[07/Dec/2023:10:00:34 -0300] 0:0:0:0:0:0:0:1 "GET /bff/clima/-32.4791021/-58.2439337 HTTP/1.1" 200 (252 ms)
[07/Dec/2023:10:00:34 -0300] 0:0:0:0:0:0:0:1 "GET /bff/clima/-32.4791021/-58.2439337 HTTP/1.1" 200 (258 ms)
[07/Dec/2023:10:00:35 -0300] 0:0:0:0:0:0:0:1 "GET /bff/clima/-32.4791021/-58.2439337 HTTP/1.1" 200 (264 ms)
[07/Dec/2023:10:00:35 -0300] 0:0:0:0:0:0:0:1 "GET /bff/clima/-32.4791021/-58.2439337 HTTP/1.1" 200 (254 ms)
[07/Dec/2023:10:00:35 -0300] 0:0:0:0:0:0:0:1 "GET /bff/clima/-32.4791021/-58.2439337 HTTP/1.1" 200 (263 ms)
[07/Dec/2023:10:06:33 -0300] 0:0:0:0:0:0:0:1 "GET /bff/actividad HTTP/1.1" 200 (285 ms)
[07/Dec/2023:10:06:33 -0300] 0:0:0:0:0:0:0:1 "GET /bff/actividad HTTP/1.1" 200 (125 ms)
[07/Dec/2023:10:06:34 -0300] 0:0:0:0:0:0:0:1 "GET /bff/clima/-32.4791021/-58.2439337 HTTP/1.1" 200 (935 ms)
[07/Dec/2023:10:06:34 -0300] 0:0:0:0:0:0:0:1 "GET /bff/clima/-32.4791021/-58.2439337 HTTP/1.1" 200 (257 ms)
[07/Dec/2023:10:06:34 -0300] 0:0:0:0:0:0:0:1 "GET /bff/clima/-32.4791021/-58.2439337 HTTP/1.1" 200 (255 ms)
[07/Dec/2023:10:06:35 -0300] 0:0:0:0:0:0:0:1 "GET /bff/clima/-32.4791021/-58.2439337 HTTP/1.1" 200 (253 ms)
[07/Dec/2023:10:06:35 -0300] 0:0:0:0:0:0:0:1 "GET /bff/clima/-32.4791021/-58.2439337 HTTP/1.1" 200 (255 ms)
[07/Dec/2023:10:06:35 -0300] 0:0:0:0:0:0:0:1 "GET /bff/clima/-32.4791021/-58.2439337 HTTP/1.1" 200 (256 ms)
[07/Dec/2023:10:06:35 -0300] 0:0:0:0:0:0:0:1 "GET /bff/clima/-32.4791021/-58.2439337 HTTP/1.1" 200 (251 ms)
[07/Dec/2023:10:06:36 -0300] 0:0:0:0:0:0:0:1 "GET /bff/clima/-32.4791021/-58.2439337 HTTP/1.1" 200 (253 ms)
[07/Dec/2023:10:06:36 -0300] 0:0:0:0:0:0:0:1 "GET /bff/clima/-32.4791021/-58.2439337 HTTP/1.1" 200 (253 ms)
[07/Dec/2023:10:06:36 -0300] 0:0:0:0:0:0:0:1 "GET /bff/clima/-32.4791021/-58.2439337 HTTP/1.1" 200 (252 ms)
[07/Dec/2023:10:06:36 -0300] 0:0:0:0:0:0:0:1 "GET /bff/clima/-32.4791021/-58.2439337 HTTP/1.1" 200 (251 ms)
[07/Dec/2023:10:06:37 -0300] 0:0:0:0:0:0:0:1 "GET /bff/clima/-32.4791021/-58.2439337 HTTP/1.1" 200 (250 ms)
[07/Dec/2023:10:06:37 -0300] 0:0:0:0:0:0:0:1 "GET /bff/clima/-32.4791021/-58.2439337 HTTP/1.1" 200 (251 ms)
[07/Dec/2023:10:06:37 -0300] 0:0:0:0:0:0:0:1 "GET /bff/clima/-32.4791021/-58.2439337 HTTP/1.1" 200 (254 ms)
[07/Dec/2023:10:06:37 -0300] 0:0:0:0:0:0:0:1 "GET /bff/clima/-32.4791021/-58.2439337 HTTP/1.1" 200 (252 ms)
[07/Dec/2023:10:06:38 -0300] 0:0:0:0:0:0:0:1 "GET /bff/clima/-32.4791021/-58.2439337 HTTP/1.1" 200 (250 ms)
[07/Dec/2023:10:06:38 -0300] 0:0:0:0:0:0:0:1 "GET /bff/clima/-32.4791021/-58.2439337 HTTP/1.1" 200 (252 ms)
[07/Dec/2023:10:06:38 -0300] 0:0:0:0:0:0:0:1 "GET /bff/clima/-32.4791021/-58.2439337 HTTP/1.1" 200 (252 ms)
[07/Dec/2023:10:06:38 -0300] 0:0:0:0:0:0:0:1 "GET /bff/clima/-32.4791021/-58.2439337 HTTP/1.1" 200 (251 ms)
[07/Dec/2023:10:06:39 -0300] 0:0:0:0:0:0:0:1 "GET /bff/clima/-32.4791021/-58.2439337 HTTP/1.1" 200 (252 ms)
[07/Dec/2023:10:06:39 -0300] 0:0:0:0:0:0:0:1 "GET /bff/clima/-32.4791021/-58.2439337 HTTP/1.1" 200 (252 ms)
[07/Dec/2023:10:06:39 -0300] 0:0:0:0:0:0:0:1 "GET /bff/clima/-32.4791021/-58.2439337 HTTP/1.1" 200 (252 ms)
[07/Dec/2023:10:06:39 -0300] 0:0:0:0:0:0:0:1 "GET /bff/clima/-32.4791021/-58.2439337 HTTP/1.1" 200 (251 ms)
[07/Dec/2023:10:12:01 -0300] 0:0:0:0:0:0:0:1 "GET /bff/actividad HTTP/1.1" 200 (187 ms)
[07/Dec/2023:10:12:01 -0300] 0:0:0:0:0:0:0:1 "GET /bff/actividad HTTP/1.1" 200 (209 ms)
[07/Dec/2023:10:12:15 -0300] 0:0:0:0:0:0:0:1 "GET /bff/actividad HTTP/1.1" 200 (170 ms)
[07/Dec/2023:10:12:15 -0300] 0:0:0:0:0:0:0:1 "GET /bff/actividad HTTP/1.1" 200 (122 ms)
[07/Dec/2023:10:12:32 -0300] 0:0:0:0:0:0:0:1 "GET /bff/clima/-32.4791021/-58.2439337 HTTP/1.1" 200 (1872 ms)
[07/Dec/2023:10:14:03 -0300] 0:0:0:0:0:0:0:1 "OPTIONS /bff/actividad HTTP/1.1" 200 (8 ms)
[07/Dec/2023:10:14:03 -0300] 0:0:0:0:0:0:0:1 "OPTIONS /bff/actividad HTTP/1.1" 200 (8 ms)
[07/Dec/2023:10:14:29 -0300] 0:0:0:0:0:0:0:1 "GET /bff/actividad HTTP/1.1" 200 (191 ms)
[07/Dec/2023:10:14:30 -0300] 0:0:0:0:0:0:0:1 "GET /bff/actividad HTTP/1.1" 200 (123 ms)
[07/Dec/2023:10:14:30 -0300] 0:0:0:0:0:0:0:1 "GET /bff/clima/-32.4791021/-58.2439337 HTTP/1.1" 200 (1220 ms)
[07/Dec/2023:10:14:31 -0300] 0:0:0:0:0:0:0:1 "GET /bff/clima/-32.4791021/-58.2439337 HTTP/1.1" 200 (409 ms)
[07/Dec/2023:10:14:31 -0300] 0:0:0:0:0:0:0:1 "GET /bff/clima/-32.4791021/-58.2439337 HTTP/1.1" 200 (398 ms)
[07/Dec/2023:10:14:32 -0300] 0:0:0:0:0:0:0:1 "GET /bff/clima/-32.4791021/-58.2439337 HTTP/1.1" 200 (253 ms)
[07/Dec/2023:10:14:32 -0300] 0:0:0:0:0:0:0:1 "GET /bff/clima/-32.4791021/-58.2439337 HTTP/1.1" 200 (266 ms)
[07/Dec/2023:10:14:32 -0300] 0:0:0:0:0:0:0:1 "GET /bff/clima/-32.4791021/-58.2439337 HTTP/1.1" 200 (324 ms)
[07/Dec/2023:10:14:32 -0300] 0:0:0:0:0:0:0:1 "GET /bff/clima/-32.4791021/-58.2439337 HTTP/1.1" 200 (368 ms)
[07/Dec/2023:10:14:33 -0300] 0:0:0:0:0:0:0:1 "GET /bff/clima/-32.4791021/-58.2439337 HTTP/1.1" 200 (382 ms)
[07/Dec/2023:10:14:33 -0300] 0:0:0:0:0:0:0:1 "GET /bff/clima/-32.4791021/-58.2439337 HTTP/1.1" 200 (393 ms)
[07/Dec/2023:10:14:34 -0300] 0:0:0:0:0:0:0:1 "GET /bff/clima/-32.4791021/-58.2439337 HTTP/1.1" 200 (404 ms)
[07/Dec/2023:10:14:34 -0300] 0:0:0:0:0:0:0:1 "GET /bff/clima/-32.4791021/-58.2439337 HTTP/1.1" 200 (450 ms)
[07/Dec/2023:10:14:35 -0300] 0:0:0:0:0:0:0:1 "GET /bff/clima/-32.4791021/-58.2439337 HTTP/1.1" 200 (422 ms)
[07/Dec/2023:10:14:35 -0300] 0:0:0:0:0:0:0:1 "GET /bff/clima/-32.4791021/-58.2439337 HTTP/1.1" 200 (421 ms)
[07/Dec/2023:10:14:35 -0300] 0:0:0:0:0:0:0:1 "GET /bff/clima/-32.4791021/-58.2439337 HTTP/1.1" 200 (415 ms)
[07/Dec/2023:10:14:36 -0300] 0:0:0:0:0:0:0:1 "GET /bff/clima/-32.4791021/-58.2439337 HTTP/1.1" 200 (383 ms)
[07/Dec/2023:10:14:36 -0300] 0:0:0:0:0:0:0:1 "GET /bff/clima/-32.4791021/-58.2439337 HTTP/1.1" 200 (367 ms)
[07/Dec/2023:10:14:37 -0300] 0:0:0:0:0:0:0:1 "GET /bff/clima/-32.4791021/-58.2439337 HTTP/1.1" 200 (394 ms)
[07/Dec/2023:10:14:37 -0300] 0:0:0:0:0:0:0:1 "GET /bff/clima/-32.4791021/-58.2439337 HTTP/1.1" 200 (416 ms)
[07/Dec/2023:10:14:37 -0300] 0:0:0:0:0:0:0:1 "GET /bff/clima/-32.4791021/-58.2439337 HTTP/1.1" 200 (429 ms)
[07/Dec/2023:10:14:38 -0300] 0:0:0:0:0:0:0:1 "GET /bff/clima/-32.4791021/-58.2439337 HTTP/1.1" 200 (419 ms)
[07/Dec/2023:10:14:39 -0300] 0:0:0:0:0:0:0:1 "GET /bff/clima/-32.4791021/-58.2439337 HTTP/1.1" 200 (711 ms)
[07/Dec/2023:10:14:39 -0300] 0:0:0:0:0:0:0:1 "GET /bff/clima/-32.4791021/-58.2439337 HTTP/1.1" 200 (406 ms)
[07/Dec/2023:10:14:39 -0300] 0:0:0:0:0:0:0:1 "GET /bff/clima/-32.4791021/-58.2439337 HTTP/1.1" 200 (412 ms)
[07/Dec/2023:10:15:18 -0300] 0:0:0:0:0:0:0:1 "GET /bff/actividad HTTP/1.1" 200 (177 ms)
[07/Dec/2023:10:15:18 -0300] 0:0:0:0:0:0:0:1 "GET /bff/actividad HTTP/1.1" 200 (121 ms)
[07/Dec/2023:10:15:23 -0300] 0:0:0:0:0:0:0:1 "GET /bff/clima/-32.4791021/-58.2439337 HTTP/1.1" 200 (779 ms)
[07/Dec/2023:10:15:49 -0300] 0:0:0:0:0:0:0:1 "GET /bff/actividad HTTP/1.1" 200 (174 ms)
[07/Dec/2023:10:15:49 -0300] 0:0:0:0:0:0:0:1 "GET /bff/actividad HTTP/1.1" 200 (114 ms)
[07/Dec/2023:10:15:50 -0300] 0:0:0:0:0:0:0:1 "GET /bff/clima/-32.4791021/-58.2439337 HTTP/1.1" 200 (1292 ms)
[07/Dec/2023:10:15:50 -0300] 0:0:0:0:0:0:0:1 "GET /bff/clima/-32.4791021/-58.2439337 HTTP/1.1" 200 (431 ms)
[07/Dec/2023:10:15:51 -0300] 0:0:0:0:0:0:0:1 "GET /bff/clima/-32.4791021/-58.2439337 HTTP/1.1" 200 (392 ms)
[07/Dec/2023:10:15:51 -0300] 0:0:0:0:0:0:0:1 "GET /bff/clima/-32.4791021/-58.2439337 HTTP/1.1" 200 (247 ms)
[07/Dec/2023:10:15:51 -0300] 0:0:0:0:0:0:0:1 "GET /bff/clima/-32.4791021/-58.2439337 HTTP/1.1" 200 (272 ms)
[07/Dec/2023:10:15:52 -0300] 0:0:0:0:0:0:0:1 "GET /bff/clima/-32.4791021/-58.2439337 HTTP/1.1" 200 (329 ms)
[07/Dec/2023:10:15:52 -0300] 0:0:0:0:0:0:0:1 "GET /bff/clima/-32.4791021/-58.2439337 HTTP/1.1" 200 (349 ms)
[07/Dec/2023:10:15:52 -0300] 0:0:0:0:0:0:0:1 "GET /bff/clima/-32.4791021/-58.2439337 HTTP/1.1" 200 (366 ms)
[07/Dec/2023:10:15:53 -0300] 0:0:0:0:0:0:0:1 "GET /bff/clima/-32.4791021/-58.2439337 HTTP/1.1" 200 (375 ms)
[07/Dec/2023:10:15:53 -0300] 0:0:0:0:0:0:0:1 "GET /bff/clima/-32.4791021/-58.2439337 HTTP/1.1" 200 (383 ms)
[07/Dec/2023:10:15:53 -0300] 0:0:0:0:0:0:0:1 "GET /bff/clima/-32.4791021/-58.2439337 HTTP/1.1" 200 (385 ms)
[07/Dec/2023:10:15:54 -0300] 0:0:0:0:0:0:0:1 "GET /bff/clima/-32.4791021/-58.2439337 HTTP/1.1" 200 (379 ms)
[07/Dec/2023:10:15:54 -0300] 0:0:0:0:0:0:0:1 "GET /bff/clima/-32.4791021/-58.2439337 HTTP/1.1" 200 (384 ms)
[07/Dec/2023:10:15:55 -0300] 0:0:0:0:0:0:0:1 "GET /bff/clima/-32.4791021/-58.2439337 HTTP/1.1" 200 (400 ms)
[07/Dec/2023:10:15:55 -0300] 0:0:0:0:0:0:0:1 "GET /bff/clima/-32.4791021/-58.2439337 HTTP/1.1" 200 (412 ms)
[07/Dec/2023:10:15:55 -0300] 0:0:0:0:0:0:0:1 "GET /bff/clima/-32.4791021/-58.2439337 HTTP/1.1" 200 (406 ms)
[07/Dec/2023:10:15:56 -0300] 0:0:0:0:0:0:0:1 "GET /bff/clima/-32.4791021/-58.2439337 HTTP/1.1" 200 (411 ms)
[07/Dec/2023:10:15:56 -0300] 0:0:0:0:0:0:0:1 "GET /bff/clima/-32.4791021/-58.2439337 HTTP/1.1" 200 (416 ms)
[07/Dec/2023:10:15:57 -0300] 0:0:0:0:0:0:0:1 "GET /bff/clima/-32.4791021/-58.2439337 HTTP/1.1" 200 (414 ms)
[07/Dec/2023:10:15:57 -0300] 0:0:0:0:0:0:0:1 "GET /bff/clima/-32.4791021/-58.2439337 HTTP/1.1" 200 (417 ms)
[07/Dec/2023:10:15:58 -0300] 0:0:0:0:0:0:0:1 "GET /bff/clima/-32.4791021/-58.2439337 HTTP/1.1" 200 (412 ms)
[07/Dec/2023:10:15:58 -0300] 0:0:0:0:0:0:0:1 "GET /bff/clima/-32.4791021/-58.2439337 HTTP/1.1" 200 (403 ms)
[07/Dec/2023:10:15:58 -0300] 0:0:0:0:0:0:0:1 "GET /bff/clima/-32.4791021/-58.2439337 HTTP/1.1" 200 (398 ms)
[07/Dec/2023:10:16:31 -0300] 0:0:0:0:0:0:0:1 "GET /bff/actividad HTTP/1.1" 200 (165 ms)
[07/Dec/2023:10:16:31 -0300] 0:0:0:0:0:0:0:1 "GET /bff/actividad HTTP/1.1" 200 (125 ms)
[07/Dec/2023:10:16:52 -0300] 0:0:0:0:0:0:0:1 "GET /bff/clima/-32.4791021/-58.2439337 HTTP/1.1" 200 (978 ms)
[07/Dec/2023:10:17:20 -0300] 0:0:0:0:0:0:0:1 "GET /bff/actividad HTTP/1.1" 200 (171 ms)
[07/Dec/2023:10:17:20 -0300] 0:0:0:0:0:0:0:1 "GET /bff/actividad HTTP/1.1" 200 (119 ms)
[07/Dec/2023:10:17:21 -0300] 0:0:0:0:0:0:0:1 "GET /bff/clima/-32.4791021/-58.2439337 HTTP/1.1" 200 (1475 ms)
[07/Dec/2023:10:17:22 -0300] 0:0:0:0:0:0:0:1 "GET /bff/clima/-32.4791021/-58.2439337 HTTP/1.1" 200 (263 ms)
[07/Dec/2023:10:17:22 -0300] 0:0:0:0:0:0:0:1 "GET /bff/clima/-32.4791021/-58.2439337 HTTP/1.1" 200 (258 ms)
[07/Dec/2023:10:17:22 -0300] 0:0:0:0:0:0:0:1 "GET /bff/clima/-32.4791021/-58.2439337 HTTP/1.1" 200 (259 ms)
[07/Dec/2023:10:17:22 -0300] 0:0:0:0:0:0:0:1 "GET /bff/clima/-32.4791021/-58.2439337 HTTP/1.1" 200 (258 ms)
[07/Dec/2023:10:17:23 -0300] 0:0:0:0:0:0:0:1 "GET /bff/clima/-32.4791021/-58.2439337 HTTP/1.1" 200 (261 ms)
[07/Dec/2023:10:17:23 -0300] 0:0:0:0:0:0:0:1 "GET /bff/clima/-32.4791021/-58.2439337 HTTP/1.1" 200 (270 ms)
[07/Dec/2023:10:17:23 -0300] 0:0:0:0:0:0:0:1 "GET /bff/clima/-32.4791021/-58.2439337 HTTP/1.1" 200 (261 ms)
[07/Dec/2023:10:17:23 -0300] 0:0:0:0:0:0:0:1 "GET /bff/clima/-32.4791021/-58.2439337 HTTP/1.1" 200 (260 ms)
[07/Dec/2023:10:17:24 -0300] 0:0:0:0:0:0:0:1 "GET /bff/clima/-32.4791021/-58.2439337 HTTP/1.1" 200 (260 ms)
[07/Dec/2023:10:17:24 -0300] 0:0:0:0:0:0:0:1 "GET /bff/clima/-32.4791021/-58.2439337 HTTP/1.1" 200 (260 ms)
[07/Dec/2023:10:17:24 -0300] 0:0:0:0:0:0:0:1 "GET /bff/clima/-32.4791021/-58.2439337 HTTP/1.1" 200 (260 ms)
[07/Dec/2023:10:17:24 -0300] 0:0:0:0:0:0:0:1 "GET /bff/clima/-32.4791021/-58.2439337 HTTP/1.1" 200 (258 ms)
[07/Dec/2023:10:17:25 -0300] 0:0:0:0:0:0:0:1 "GET /bff/clima/-32.4791021/-58.2439337 HTTP/1.1" 200 (258 ms)
[07/Dec/2023:10:17:25 -0300] 0:0:0:0:0:0:0:1 "GET /bff/clima/-32.4791021/-58.2439337 HTTP/1.1" 200 (261 ms)
[07/Dec/2023:10:17:25 -0300] 0:0:0:0:0:0:0:1 "GET /bff/clima/-32.4791021/-58.2439337 HTTP/1.1" 200 (260 ms)
[07/Dec/2023:10:17:26 -0300] 0:0:0:0:0:0:0:1 "GET /bff/clima/-32.4791021/-58.2439337 HTTP/1.1" 200 (262 ms)
[07/Dec/2023:10:17:26 -0300] 0:0:0:0:0:0:0:1 "GET /bff/clima/-32.4791021/-58.2439337 HTTP/1.1" 200 (259 ms)
[07/Dec/2023:10:17:26 -0300] 0:0:0:0:0:0:0:1 "GET /bff/clima/-32.4791021/-58.2439337 HTTP/1.1" 200 (263 ms)
[07/Dec/2023:10:17:26 -0300] 0:0:0:0:0:0:0:1 "GET /bff/clima/-32.4791021/-58.2439337 HTTP/1.1" 200 (258 ms)
[07/Dec/2023:10:17:27 -0300] 0:0:0:0:0:0:0:1 "GET /bff/clima/-32.4791021/-58.2439337 HTTP/1.1" 200 (259 ms)
[07/Dec/2023:10:17:27 -0300] 0:0:0:0:0:0:0:1 "GET /bff/clima/-32.4791021/-58.2439337 HTTP/1.1" 200 (266 ms)
[07/Dec/2023:10:17:27 -0300] 0:0:0:0:0:0:0:1 "GET /bff/clima/-32.4791021/-58.2439337 HTTP/1.1" 200 (261 ms)
[07/Dec/2023:10:18:03 -0300] 0:0:0:0:0:0:0:1 "GET /bff/actividad HTTP/1.1" 200 (170 ms)
[07/Dec/2023:10:18:04 -0300] 0:0:0:0:0:0:0:1 "GET /bff/actividad HTTP/1.1" 200 (111 ms)
[07/Dec/2023:10:18:05 -0300] 0:0:0:0:0:0:0:1 "GET /bff/clima/-32.4791021/-58.2439337 HTTP/1.1" 200 (1299 ms)
[07/Dec/2023:10:18:06 -0300] 0:0:0:0:0:0:0:1 "GET /bff/actividad HTTP/1.1" 200 (169 ms)
[07/Dec/2023:10:18:06 -0300] 0:0:0:0:0:0:0:1 "GET /bff/actividad HTTP/1.1" 200 (115 ms)
[07/Dec/2023:10:18:06 -0300] 0:0:0:0:0:0:0:1 "GET /bff/clima/-32.4791021/-58.2439337 HTTP/1.1" 200 (425 ms)
[07/Dec/2023:10:18:07 -0300] 0:0:0:0:0:0:0:1 "GET /bff/clima/-32.4791021/-58.2439337 HTTP/1.1" 200 (424 ms)
[07/Dec/2023:10:18:07 -0300] 0:0:0:0:0:0:0:1 "GET /bff/clima/-32.4791021/-58.2439337 HTTP/1.1" 200 (421 ms)
[07/Dec/2023:10:18:07 -0300] 0:0:0:0:0:0:0:1 "GET /bff/clima/-32.4791021/-58.2439337 HTTP/1.1" 200 (422 ms)
[07/Dec/2023:10:18:08 -0300] 0:0:0:0:0:0:0:1 "GET /bff/clima/-32.4791021/-58.2439337 HTTP/1.1" 200 (439 ms)
[07/Dec/2023:10:18:08 -0300] 0:0:0:0:0:0:0:1 "GET /bff/clima/-32.4791021/-58.2439337 HTTP/1.1" 200 (435 ms)
[07/Dec/2023:10:18:09 -0300] 0:0:0:0:0:0:0:1 "GET /bff/clima/-32.4791021/-58.2439337 HTTP/1.1" 200 (422 ms)
[07/Dec/2023:10:18:09 -0300] 0:0:0:0:0:0:0:1 "GET /bff/clima/-32.4791021/-58.2439337 HTTP/1.1" 200 (424 ms)
[07/Dec/2023:10:18:10 -0300] 0:0:0:0:0:0:0:1 "GET /bff/clima/-32.4791021/-58.2439337 HTTP/1.1" 200 (431 ms)
[07/Dec/2023:10:18:10 -0300] 0:0:0:0:0:0:0:1 "GET /bff/clima/-32.4791021/-58.2439337 HTTP/1.1" 200 (424 ms)
[07/Dec/2023:10:18:10 -0300] 0:0:0:0:0:0:0:1 "GET /bff/clima/-32.4791021/-58.2439337 HTTP/1.1" 200 (421 ms)
[07/Dec/2023:10:18:11 -0300] 0:0:0:0:0:0:0:1 "GET /bff/clima/-32.4791021/-58.2439337 HTTP/1.1" 200 (416 ms)
[07/Dec/2023:10:18:11 -0300] 0:0:0:0:0:0:0:1 "GET /bff/clima/-32.4791021/-58.2439337 HTTP/1.1" 200 (419 ms)
[07/Dec/2023:10:18:12 -0300] 0:0:0:0:0:0:0:1 "GET /bff/clima/-32.4791021/-58.2439337 HTTP/1.1" 200 (422 ms)
[07/Dec/2023:10:18:12 -0300] 0:0:0:0:0:0:0:1 "GET /bff/clima/-32.4791021/-58.2439337 HTTP/1.1" 200 (421 ms)
[07/Dec/2023:10:18:13 -0300] 0:0:0:0:0:0:0:1 "GET /bff/clima/-32.4791021/-58.2439337 HTTP/1.1" 200 (426 ms)
[07/Dec/2023:10:18:13 -0300] 0:0:0:0:0:0:0:1 "GET /bff/clima/-32.4791021/-58.2439337 HTTP/1.1" 200 (419 ms)
[07/Dec/2023:10:18:13 -0300] 0:0:0:0:0:0:0:1 "GET /bff/clima/-32.4791021/-58.2439337 HTTP/1.1" 200 (422 ms)
[07/Dec/2023:10:18:14 -0300] 0:0:0:0:0:0:0:1 "GET /bff/clima/-32.4791021/-58.2439337 HTTP/1.1" 200 (412 ms)
[07/Dec/2023:10:18:14 -0300] 0:0:0:0:0:0:0:1 "GET /bff/clima/-32.4791021/-58.2439337 HTTP/1.1" 200 (425 ms)
[07/Dec/2023:10:18:15 -0300] 0:0:0:0:0:0:0:1 "GET /bff/clima/-32.4791021/-58.2439337 HTTP/1.1" 200 (425 ms)
[07/Dec/2023:10:18:15 -0300] 0:0:0:0:0:0:0:1 "GET /bff/clima/-32.4791021/-58.2439337 HTTP/1.1" 200 (419 ms)
[07/Dec/2023:10:18:15 -0300] 0:0:0:0:0:0:0:1 "GET /bff/clima/-32.4791021/-58.2439337 HTTP/1.1" 200 (422 ms)
[07/Dec/2023:10:18:23 -0300] 0:0:0:0:0:0:0:1 "GET /bff/actividad HTTP/1.1" 200 (166 ms)
[07/Dec/2023:10:18:24 -0300] 0:0:0:0:0:0:0:1 "GET /bff/actividad HTTP/1.1" 200 (122 ms)
[07/Dec/2023:10:18:25 -0300] 0:0:0:0:0:0:0:1 "GET /bff/clima/-32.4791021/-58.2439337 HTTP/1.1" 200 (925 ms)
[07/Dec/2023:10:19:00 -0300] 0:0:0:0:0:0:0:1 "GET /bff/actividad HTTP/1.1" 200 (170 ms)
[07/Dec/2023:10:19:00 -0300] 0:0:0:0:0:0:0:1 "GET /bff/actividad HTTP/1.1" 200 (112 ms)
[07/Dec/2023:10:19:03 -0300] 0:0:0:0:0:0:0:1 "GET /bff/clima/-32.4791021/-58.2439337 HTTP/1.1" 200 (1234 ms)
[07/Dec/2023:10:19:13 -0300] 0:0:0:0:0:0:0:1 "GET /bff/actividad HTTP/1.1" 200 (167 ms)
[07/Dec/2023:10:19:13 -0300] 0:0:0:0:0:0:0:1 "GET /bff/actividad HTTP/1.1" 200 (115 ms)
[07/Dec/2023:10:19:14 -0300] 0:0:0:0:0:0:0:1 "GET /bff/clima/-32.4791021/-58.2439337 HTTP/1.1" 200 (1395 ms)
[07/Dec/2023:10:19:15 -0300] 0:0:0:0:0:0:0:1 "GET /bff/clima/-32.4791021/-58.2439337 HTTP/1.1" 200 (249 ms)
[07/Dec/2023:10:19:15 -0300] 0:0:0:0:0:0:0:1 "GET /bff/clima/-32.4791021/-58.2439337 HTTP/1.1" 200 (248 ms)
[07/Dec/2023:10:19:15 -0300] 0:0:0:0:0:0:0:1 "GET /bff/clima/-32.4791021/-58.2439337 HTTP/1.1" 200 (249 ms)
[07/Dec/2023:10:19:15 -0300] 0:0:0:0:0:0:0:1 "GET /bff/clima/-32.4791021/-58.2439337 HTTP/1.1" 200 (249 ms)
[07/Dec/2023:10:19:16 -0300] 0:0:0:0:0:0:0:1 "GET /bff/clima/-32.4791021/-58.2439337 HTTP/1.1" 200 (249 ms)
[07/Dec/2023:10:19:16 -0300] 0:0:0:0:0:0:0:1 "GET /bff/clima/-32.4791021/-58.2439337 HTTP/1.1" 200 (256 ms)
[07/Dec/2023:10:19:16 -0300] 0:0:0:0:0:0:0:1 "GET /bff/clima/-32.4791021/-58.2439337 HTTP/1.1" 200 (250 ms)
[07/Dec/2023:10:19:16 -0300] 0:0:0:0:0:0:0:1 "GET /bff/clima/-32.4791021/-58.2439337 HTTP/1.1" 200 (249 ms)
[07/Dec/2023:10:19:17 -0300] 0:0:0:0:0:0:0:1 "GET /bff/clima/-32.4791021/-58.2439337 HTTP/1.1" 200 (253 ms)
[07/Dec/2023:10:19:17 -0300] 0:0:0:0:0:0:0:1 "GET /bff/clima/-32.4791021/-58.2439337 HTTP/1.1" 200 (248 ms)
[07/Dec/2023:10:19:17 -0300] 0:0:0:0:0:0:0:1 "GET /bff/clima/-32.4791021/-58.2439337 HTTP/1.1" 200 (249 ms)
[07/Dec/2023:10:19:17 -0300] 0:0:0:0:0:0:0:1 "GET /bff/clima/-32.4791021/-58.2439337 HTTP/1.1" 200 (251 ms)
[07/Dec/2023:10:19:18 -0300] 0:0:0:0:0:0:0:1 "GET /bff/clima/-32.4791021/-58.2439337 HTTP/1.1" 200 (252 ms)
[07/Dec/2023:10:19:18 -0300] 0:0:0:0:0:0:0:1 "GET /bff/clima/-32.4791021/-58.2439337 HTTP/1.1" 200 (249 ms)
[07/Dec/2023:10:19:18 -0300] 0:0:0:0:0:0:0:1 "GET /bff/clima/-32.4791021/-58.2439337 HTTP/1.1" 200 (250 ms)
[07/Dec/2023:10:19:18 -0300] 0:0:0:0:0:0:0:1 "GET /bff/clima/-32.4791021/-58.2439337 HTTP/1.1" 200 (249 ms)
[07/Dec/2023:10:19:19 -0300] 0:0:0:0:0:0:0:1 "GET /bff/clima/-32.4791021/-58.2439337 HTTP/1.1" 200 (256 ms)
[07/Dec/2023:10:19:19 -0300] 0:0:0:0:0:0:0:1 "GET /bff/clima/-32.4791021/-58.2439337 HTTP/1.1" 200 (251 ms)
[07/Dec/2023:10:19:19 -0300] 0:0:0:0:0:0:0:1 "GET /bff/clima/-32.4791021/-58.2439337 HTTP/1.1" 200 (251 ms)
[07/Dec/2023:10:19:19 -0300] 0:0:0:0:0:0:0:1 "GET /bff/clima/-32.4791021/-58.2439337 HTTP/1.1" 200 (253 ms)
[07/Dec/2023:10:19:20 -0300] 0:0:0:0:0:0:0:1 "GET /bff/clima/-32.4791021/-58.2439337 HTTP/1.1" 200 (248 ms)
[07/Dec/2023:10:19:20 -0300] 0:0:0:0:0:0:0:1 "GET /bff/clima/-32.4791021/-58.2439337 HTTP/1.1" 200 (252 ms)
[07/Dec/2023:10:22:03 -0300] 0:0:0:0:0:0:0:1 "OPTIONS /bff/clima/-32.4948134/-58.2296597 HTTP/1.1" 200 (3 ms)
[07/Dec/2023:10:22:03 -0300] 0:0:0:0:0:0:0:1 "GET /bff/actividad HTTP/1.1" 200 (197 ms)
[07/Dec/2023:10:22:03 -0300] 0:0:0:0:0:0:0:1 "GET /bff/actividad HTTP/1.1" 200 (132 ms)
[07/Dec/2023:10:22:06 -0300] 0:0:0:0:0:0:0:1 "GET /bff/clima/-32.4948134/-58.2296597 HTTP/1.1" 200 (3123 ms)
[07/Dec/2023:10:22:06 -0300] 0:0:0:0:0:0:0:1 "GET /bff/clima/-32.4948134/-58.2296597 HTTP/1.1" 200 (428 ms)
[07/Dec/2023:10:22:07 -0300] 0:0:0:0:0:0:0:1 "GET /bff/clima/-32.4948134/-58.2296597 HTTP/1.1" 200 (432 ms)
[07/Dec/2023:10:22:07 -0300] 0:0:0:0:0:0:0:1 "GET /bff/clima/-32.4948134/-58.2296597 HTTP/1.1" 200 (432 ms)
[07/Dec/2023:10:22:07 -0300] 0:0:0:0:0:0:0:1 "GET /bff/clima/-32.4948134/-58.2296597 HTTP/1.1" 200 (425 ms)
[07/Dec/2023:10:22:08 -0300] 0:0:0:0:0:0:0:1 "GET /bff/clima/-32.4948134/-58.2296597 HTTP/1.1" 200 (429 ms)
[07/Dec/2023:10:22:08 -0300] 0:0:0:0:0:0:0:1 "GET /bff/clima/-32.4948134/-58.2296597 HTTP/1.1" 200 (428 ms)
[07/Dec/2023:10:22:09 -0300] 0:0:0:0:0:0:0:1 "GET /bff/clima/-32.4948134/-58.2296597 HTTP/1.1" 200 (422 ms)
[07/Dec/2023:10:22:09 -0300] 0:0:0:0:0:0:0:1 "GET /bff/clima/-32.4948134/-58.2296597 HTTP/1.1" 200 (428 ms)
[07/Dec/2023:10:22:10 -0300] 0:0:0:0:0:0:0:1 "GET /bff/clima/-32.4948134/-58.2296597 HTTP/1.1" 200 (435 ms)
[07/Dec/2023:10:22:10 -0300] 0:0:0:0:0:0:0:1 "GET /bff/clima/-32.4948134/-58.2296597 HTTP/1.1" 200 (424 ms)
[07/Dec/2023:10:22:10 -0300] 0:0:0:0:0:0:0:1 "GET /bff/clima/-32.4948134/-58.2296597 HTTP/1.1" 200 (429 ms)
[07/Dec/2023:10:22:11 -0300] 0:0:0:0:0:0:0:1 "GET /bff/clima/-32.4948134/-58.2296597 HTTP/1.1" 200 (424 ms)
[07/Dec/2023:10:22:11 -0300] 0:0:0:0:0:0:0:1 "GET /bff/clima/-32.4948134/-58.2296597 HTTP/1.1" 200 (434 ms)
[07/Dec/2023:10:22:12 -0300] 0:0:0:0:0:0:0:1 "GET /bff/clima/-32.4948134/-58.2296597 HTTP/1.1" 200 (433 ms)
[07/Dec/2023:10:22:13 -0300] 0:0:0:0:0:0:0:1 "GET /bff/clima/-32.4948134/-58.2296597 HTTP/1.1" 200 (860 ms)
[07/Dec/2023:10:22:13 -0300] 0:0:0:0:0:0:0:1 "GET /bff/clima/-32.4948134/-58.2296597 HTTP/1.1" 200 (414 ms)
[07/Dec/2023:10:22:13 -0300] 0:0:0:0:0:0:0:1 "GET /bff/clima/-32.4948134/-58.2296597 HTTP/1.1" 200 (431 ms)
[07/Dec/2023:10:22:14 -0300] 0:0:0:0:0:0:0:1 "GET /bff/clima/-32.4948134/-58.2296597 HTTP/1.1" 200 (434 ms)
[07/Dec/2023:10:22:14 -0300] 0:0:0:0:0:0:0:1 "GET /bff/clima/-32.4948134/-58.2296597 HTTP/1.1" 200 (424 ms)
[07/Dec/2023:10:22:15 -0300] 0:0:0:0:0:0:0:1 "GET /bff/clima/-32.4948134/-58.2296597 HTTP/1.1" 200 (426 ms)
[07/Dec/2023:10:22:16 -0300] 0:0:0:0:0:0:0:1 "GET /bff/clima/-32.4948134/-58.2296597 HTTP/1.1" 200 (864 ms)
[07/Dec/2023:10:22:16 -0300] 0:0:0:0:0:0:0:1 "GET /bff/clima/-32.4948134/-58.2296597 HTTP/1.1" 200 (423 ms)
[07/Dec/2023:10:25:34 -0300] 0:0:0:0:0:0:0:1 "OPTIONS /bff/clima/-32.2249328/-58.1447142 HTTP/1.1" 200 (5 ms)
[07/Dec/2023:10:25:34 -0300] 0:0:0:0:0:0:0:1 "GET /bff/actividad HTTP/1.1" 200 (183 ms)
[07/Dec/2023:10:25:35 -0300] 0:0:0:0:0:0:0:1 "GET /bff/actividad HTTP/1.1" 200 (115 ms)
[07/Dec/2023:10:25:35 -0300] 0:0:0:0:0:0:0:1 "GET /bff/clima/-32.2249328/-58.1447142 HTTP/1.1" 200 (778 ms)
[07/Dec/2023:10:25:35 -0300] 0:0:0:0:0:0:0:1 "GET /bff/clima/-32.2249328/-58.1447142 HTTP/1.1" 200 (264 ms)
[07/Dec/2023:10:25:36 -0300] 0:0:0:0:0:0:0:1 "GET /bff/clima/-32.2249328/-58.1447142 HTTP/1.1" 200 (262 ms)
[07/Dec/2023:10:25:36 -0300] 0:0:0:0:0:0:0:1 "GET /bff/clima/-32.2249328/-58.1447142 HTTP/1.1" 200 (258 ms)
[07/Dec/2023:10:25:36 -0300] 0:0:0:0:0:0:0:1 "GET /bff/clima/-32.2249328/-58.1447142 HTTP/1.1" 200 (257 ms)
[07/Dec/2023:10:25:36 -0300] 0:0:0:0:0:0:0:1 "GET /bff/clima/-32.2249328/-58.1447142 HTTP/1.1" 200 (262 ms)
[07/Dec/2023:10:25:37 -0300] 0:0:0:0:0:0:0:1 "GET /bff/clima/-32.2249328/-58.1447142 HTTP/1.1" 200 (260 ms)
[07/Dec/2023:10:25:37 -0300] 0:0:0:0:0:0:0:1 "GET /bff/clima/-32.2249328/-58.1447142 HTTP/1.1" 200 (277 ms)
[07/Dec/2023:10:25:37 -0300] 0:0:0:0:0:0:0:1 "GET /bff/clima/-32.2249328/-58.1447142 HTTP/1.1" 200 (269 ms)
[07/Dec/2023:10:25:37 -0300] 0:0:0:0:0:0:0:1 "GET /bff/clima/-32.2249328/-58.1447142 HTTP/1.1" 200 (261 ms)
[07/Dec/2023:10:25:38 -0300] 0:0:0:0:0:0:0:1 "GET /bff/clima/-32.2249328/-58.1447142 HTTP/1.1" 200 (258 ms)
[07/Dec/2023:10:25:38 -0300] 0:0:0:0:0:0:0:1 "GET /bff/clima/-32.2249328/-58.1447142 HTTP/1.1" 200 (272 ms)
[07/Dec/2023:10:25:38 -0300] 0:0:0:0:0:0:0:1 "GET /bff/clima/-32.2249328/-58.1447142 HTTP/1.1" 200 (259 ms)
[07/Dec/2023:10:25:38 -0300] 0:0:0:0:0:0:0:1 "GET /bff/clima/-32.2249328/-58.1447142 HTTP/1.1" 200 (265 ms)
[07/Dec/2023:10:25:39 -0300] 0:0:0:0:0:0:0:1 "GET /bff/clima/-32.2249328/-58.1447142 HTTP/1.1" 200 (260 ms)
[07/Dec/2023:10:25:39 -0300] 0:0:0:0:0:0:0:1 "GET /bff/clima/-32.2249328/-58.1447142 HTTP/1.1" 200 (258 ms)
[07/Dec/2023:10:25:39 -0300] 0:0:0:0:0:0:0:1 "GET /bff/clima/-32.2249328/-58.1447142 HTTP/1.1" 200 (258 ms)
[07/Dec/2023:10:25:39 -0300] 0:0:0:0:0:0:0:1 "GET /bff/clima/-32.2249328/-58.1447142 HTTP/1.1" 200 (262 ms)
[07/Dec/2023:10:25:40 -0300] 0:0:0:0:0:0:0:1 "GET /bff/clima/-32.2249328/-58.1447142 HTTP/1.1" 200 (262 ms)
[07/Dec/2023:10:25:40 -0300] 0:0:0:0:0:0:0:1 "GET /bff/clima/-32.2249328/-58.1447142 HTTP/1.1" 200 (266 ms)
[07/Dec/2023:10:25:40 -0300] 0:0:0:0:0:0:0:1 "GET /bff/clima/-32.2249328/-58.1447142 HTTP/1.1" 200 (265 ms)
[07/Dec/2023:10:25:41 -0300] 0:0:0:0:0:0:0:1 "GET /bff/clima/-32.2249328/-58.1447142 HTTP/1.1" 200 (263 ms)
[07/Dec/2023:10:25:41 -0300] 0:0:0:0:0:0:0:1 "GET /bff/clima/-32.2249328/-58.1447142 HTTP/1.1" 200 (262 ms)
[07/Dec/2023:10:25:52 -0300] 0:0:0:0:0:0:0:1 "OPTIONS /bff/clima/-32.4845349/-58.2321416 HTTP/1.1" 200 (5 ms)
[07/Dec/2023:10:25:52 -0300] 0:0:0:0:0:0:0:1 "GET /bff/actividad HTTP/1.1" 200 (166 ms)
[07/Dec/2023:10:25:52 -0300] 0:0:0:0:0:0:0:1 "GET /bff/actividad HTTP/1.1" 200 (110 ms)
[07/Dec/2023:10:25:54 -0300] 0:0:0:0:0:0:0:1 "GET /bff/clima/-32.4845349/-58.2321416 HTTP/1.1" 200 (2592 ms)
[07/Dec/2023:10:25:55 -0300] 0:0:0:0:0:0:0:1 "GET /bff/clima/-32.4845349/-58.2321416 HTTP/1.1" 200 (430 ms)
[07/Dec/2023:10:25:55 -0300] 0:0:0:0:0:0:0:1 "GET /bff/clima/-32.4845349/-58.2321416 HTTP/1.1" 200 (435 ms)
[07/Dec/2023:10:25:56 -0300] 0:0:0:0:0:0:0:1 "GET /bff/clima/-32.4845349/-58.2321416 HTTP/1.1" 200 (431 ms)
[07/Dec/2023:10:25:56 -0300] 0:0:0:0:0:0:0:1 "GET /bff/clima/-32.4845349/-58.2321416 HTTP/1.1" 200 (433 ms)
[07/Dec/2023:10:25:57 -0300] 0:0:0:0:0:0:0:1 "GET /bff/clima/-32.4845349/-58.2321416 HTTP/1.1" 200 (424 ms)
[07/Dec/2023:10:25:57 -0300] 0:0:0:0:0:0:0:1 "GET /bff/clima/-32.4845349/-58.2321416 HTTP/1.1" 200 (426 ms)
[07/Dec/2023:10:25:57 -0300] 0:0:0:0:0:0:0:1 "GET /bff/clima/-32.4845349/-58.2321416 HTTP/1.1" 200 (433 ms)
[07/Dec/2023:10:25:58 -0300] 0:0:0:0:0:0:0:1 "GET /bff/clima/-32.4845349/-58.2321416 HTTP/1.1" 200 (429 ms)
[07/Dec/2023:10:25:58 -0300] 0:0:0:0:0:0:0:1 "GET /bff/clima/-32.4845349/-58.2321416 HTTP/1.1" 200 (431 ms)
[07/Dec/2023:10:25:59 -0300] 0:0:0:0:0:0:0:1 "GET /bff/clima/-32.4845349/-58.2321416 HTTP/1.1" 200 (429 ms)
[07/Dec/2023:10:25:59 -0300] 0:0:0:0:0:0:0:1 "GET /bff/clima/-32.4845349/-58.2321416 HTTP/1.1" 200 (428 ms)
[07/Dec/2023:10:26:00 -0300] 0:0:0:0:0:0:0:1 "GET /bff/clima/-32.4845349/-58.2321416 HTTP/1.1" 200 (429 ms)
[07/Dec/2023:10:26:00 -0300] 0:0:0:0:0:0:0:1 "GET /bff/clima/-32.4845349/-58.2321416 HTTP/1.1" 200 (428 ms)
[07/Dec/2023:10:26:00 -0300] 0:0:0:0:0:0:0:1 "GET /bff/clima/-32.4845349/-58.2321416 HTTP/1.1" 200 (428 ms)
[07/Dec/2023:10:26:01 -0300] 0:0:0:0:0:0:0:1 "GET /bff/clima/-32.4845349/-58.2321416 HTTP/1.1" 200 (430 ms)
[07/Dec/2023:10:26:01 -0300] 0:0:0:0:0:0:0:1 "GET /bff/clima/-32.4845349/-58.2321416 HTTP/1.1" 200 (424 ms)
[07/Dec/2023:10:26:02 -0300] 0:0:0:0:0:0:0:1 "GET /bff/clima/-32.4845349/-58.2321416 HTTP/1.1" 200 (482 ms)
[07/Dec/2023:10:26:02 -0300] 0:0:0:0:0:0:0:1 "GET /bff/clima/-32.4845349/-58.2321416 HTTP/1.1" 200 (425 ms)
[07/Dec/2023:10:26:03 -0300] 0:0:0:0:0:0:0:1 "GET /bff/clima/-32.4845349/-58.2321416 HTTP/1.1" 200 (433 ms)
[07/Dec/2023:10:26:03 -0300] 0:0:0:0:0:0:0:1 "GET /bff/clima/-32.4845349/-58.2321416 HTTP/1.1" 200 (427 ms)
[07/Dec/2023:10:26:04 -0300] 0:0:0:0:0:0:0:1 "GET /bff/clima/-32.4845349/-58.2321416 HTTP/1.1" 200 (424 ms)
[07/Dec/2023:10:26:04 -0300] 0:0:0:0:0:0:0:1 "GET /bff/clima/-32.4845349/-58.2321416 HTTP/1.1" 200 (430 ms)
[07/Dec/2023:10:35:40 -0300] 0:0:0:0:0:0:0:1 "GET /bff/actividad HTTP/1.1" 200 (278 ms)
[07/Dec/2023:10:35:40 -0300] 0:0:0:0:0:0:0:1 "GET /bff/actividad HTTP/1.1" 200 (134 ms)
[07/Dec/2023:10:35:41 -0300] 0:0:0:0:0:0:0:1 "GET /bff/clima/-32.4845349/-58.2321416 HTTP/1.1" 200 (879 ms)
[07/Dec/2023:10:35:41 -0300] 0:0:0:0:0:0:0:1 "GET /bff/clima/-32.4845349/-58.2321416 HTTP/1.1" 200 (255 ms)
[07/Dec/2023:10:35:41 -0300] 0:0:0:0:0:0:0:1 "GET /bff/clima/-32.4845349/-58.2321416 HTTP/1.1" 200 (256 ms)
[07/Dec/2023:10:35:41 -0300] 0:0:0:0:0:0:0:1 "GET /bff/clima/-32.4845349/-58.2321416 HTTP/1.1" 200 (257 ms)
[07/Dec/2023:10:35:42 -0300] 0:0:0:0:0:0:0:1 "GET /bff/clima/-32.4845349/-58.2321416 HTTP/1.1" 200 (261 ms)
[07/Dec/2023:10:35:42 -0300] 0:0:0:0:0:0:0:1 "GET /bff/clima/-32.4845349/-58.2321416 HTTP/1.1" 200 (263 ms)
[07/Dec/2023:10:35:42 -0300] 0:0:0:0:0:0:0:1 "GET /bff/clima/-32.4845349/-58.2321416 HTTP/1.1" 200 (254 ms)
[07/Dec/2023:10:35:42 -0300] 0:0:0:0:0:0:0:1 "GET /bff/clima/-32.4845349/-58.2321416 HTTP/1.1" 200 (253 ms)
[07/Dec/2023:10:35:43 -0300] 0:0:0:0:0:0:0:1 "GET /bff/clima/-32.4845349/-58.2321416 HTTP/1.1" 200 (253 ms)
[07/Dec/2023:10:35:43 -0300] 0:0:0:0:0:0:0:1 "GET /bff/clima/-32.4845349/-58.2321416 HTTP/1.1" 200 (257 ms)
[07/Dec/2023:10:35:43 -0300] 0:0:0:0:0:0:0:1 "GET /bff/clima/-32.4845349/-58.2321416 HTTP/1.1" 200 (252 ms)
[07/Dec/2023:10:35:43 -0300] 0:0:0:0:0:0:0:1 "GET /bff/clima/-32.4845349/-58.2321416 HTTP/1.1" 200 (255 ms)
[07/Dec/2023:10:35:44 -0300] 0:0:0:0:0:0:0:1 "GET /bff/clima/-32.4845349/-58.2321416 HTTP/1.1" 200 (253 ms)
[07/Dec/2023:10:35:44 -0300] 0:0:0:0:0:0:0:1 "GET /bff/clima/-32.4845349/-58.2321416 HTTP/1.1" 200 (259 ms)
[07/Dec/2023:10:35:44 -0300] 0:0:0:0:0:0:0:1 "GET /bff/clima/-32.4845349/-58.2321416 HTTP/1.1" 200 (258 ms)
[07/Dec/2023:10:35:44 -0300] 0:0:0:0:0:0:0:1 "GET /bff/clima/-32.4845349/-58.2321416 HTTP/1.1" 200 (259 ms)
[07/Dec/2023:10:35:45 -0300] 0:0:0:0:0:0:0:1 "GET /bff/clima/-32.4845349/-58.2321416 HTTP/1.1" 200 (257 ms)
[07/Dec/2023:10:35:45 -0300] 0:0:0:0:0:0:0:1 "GET /bff/clima/-32.4845349/-58.2321416 HTTP/1.1" 200 (253 ms)
[07/Dec/2023:10:35:45 -0300] 0:0:0:0:0:0:0:1 "GET /bff/clima/-32.4845349/-58.2321416 HTTP/1.1" 200 (253 ms)
[07/Dec/2023:10:35:45 -0300] 0:0:0:0:0:0:0:1 "GET /bff/clima/-32.4845349/-58.2321416 HTTP/1.1" 200 (257 ms)
[07/Dec/2023:10:35:46 -0300] 0:0:0:0:0:0:0:1 "GET /bff/clima/-32.4845349/-58.2321416 HTTP/1.1" 200 (255 ms)
[07/Dec/2023:10:35:46 -0300] 0:0:0:0:0:0:0:1 "GET /bff/clima/-32.4845349/-58.2321416 HTTP/1.1" 200 (253 ms)
[07/Dec/2023:10:35:46 -0300] 0:0:0:0:0:0:0:1 "GET /bff/clima/-32.4845349/-58.2321416 HTTP/1.1" 200 (255 ms)
[07/Dec/2023:10:36:27 -0300] 0:0:0:0:0:0:0:1 "GET /bff/actividad HTTP/1.1" 200 (177 ms)
[07/Dec/2023:10:36:27 -0300] 0:0:0:0:0:0:0:1 "GET /bff/actividad HTTP/1.1" 200 (125 ms)
[07/Dec/2023:10:36:28 -0300] 0:0:0:0:0:0:0:1 "GET /bff/clima/-32.4845349/-58.2321416 HTTP/1.1" 200 (1239 ms)
[07/Dec/2023:10:36:29 -0300] 0:0:0:0:0:0:0:1 "GET /bff/clima/-32.4845349/-58.2321416 HTTP/1.1" 200 (415 ms)
[07/Dec/2023:10:36:29 -0300] 0:0:0:0:0:0:0:1 "GET /bff/clima/-32.4845349/-58.2321416 HTTP/1.1" 200 (420 ms)
[07/Dec/2023:10:36:30 -0300] 0:0:0:0:0:0:0:1 "GET /bff/clima/-32.4845349/-58.2321416 HTTP/1.1" 200 (410 ms)
[07/Dec/2023:10:36:30 -0300] 0:0:0:0:0:0:0:1 "GET /bff/clima/-32.4845349/-58.2321416 HTTP/1.1" 200 (427 ms)
[07/Dec/2023:10:36:30 -0300] 0:0:0:0:0:0:0:1 "GET /bff/clima/-32.4845349/-58.2321416 HTTP/1.1" 200 (407 ms)
[07/Dec/2023:10:36:31 -0300] 0:0:0:0:0:0:0:1 "GET /bff/clima/-32.4845349/-58.2321416 HTTP/1.1" 200 (428 ms)
[07/Dec/2023:10:36:31 -0300] 0:0:0:0:0:0:0:1 "GET /bff/clima/-32.4845349/-58.2321416 HTTP/1.1" 200 (410 ms)
[07/Dec/2023:10:36:32 -0300] 0:0:0:0:0:0:0:1 "GET /bff/clima/-32.4845349/-58.2321416 HTTP/1.1" 200 (378 ms)
[07/Dec/2023:10:36:32 -0300] 0:0:0:0:0:0:0:1 "GET /bff/clima/-32.4845349/-58.2321416 HTTP/1.1" 200 (398 ms)
[07/Dec/2023:10:36:32 -0300] 0:0:0:0:0:0:0:1 "GET /bff/clima/-32.4845349/-58.2321416 HTTP/1.1" 200 (426 ms)
[07/Dec/2023:10:36:33 -0300] 0:0:0:0:0:0:0:1 "GET /bff/clima/-32.4845349/-58.2321416 HTTP/1.1" 200 (423 ms)
[07/Dec/2023:10:36:33 -0300] 0:0:0:0:0:0:0:1 "GET /bff/clima/-32.4845349/-58.2321416 HTTP/1.1" 200 (392 ms)
[07/Dec/2023:10:36:34 -0300] 0:0:0:0:0:0:0:1 "GET /bff/clima/-32.4845349/-58.2321416 HTTP/1.1" 200 (391 ms)
[07/Dec/2023:10:36:34 -0300] 0:0:0:0:0:0:0:1 "GET /bff/clima/-32.4845349/-58.2321416 HTTP/1.1" 200 (414 ms)
[07/Dec/2023:10:36:35 -0300] 0:0:0:0:0:0:0:1 "GET /bff/clima/-32.4845349/-58.2321416 HTTP/1.1" 200 (425 ms)
[07/Dec/2023:10:36:35 -0300] 0:0:0:0:0:0:0:1 "GET /bff/clima/-32.4845349/-58.2321416 HTTP/1.1" 200 (412 ms)
[07/Dec/2023:10:36:35 -0300] 0:0:0:0:0:0:0:1 "GET /bff/clima/-32.4845349/-58.2321416 HTTP/1.1" 200 (373 ms)
[07/Dec/2023:10:36:36 -0300] 0:0:0:0:0:0:0:1 "GET /bff/clima/-32.4845349/-58.2321416 HTTP/1.1" 200 (254 ms)
[07/Dec/2023:10:36:36 -0300] 0:0:0:0:0:0:0:1 "GET /bff/clima/-32.4845349/-58.2321416 HTTP/1.1" 200 (267 ms)
[07/Dec/2023:10:36:36 -0300] 0:0:0:0:0:0:0:1 "GET /bff/clima/-32.4845349/-58.2321416 HTTP/1.1" 200 (330 ms)
[07/Dec/2023:10:36:37 -0300] 0:0:0:0:0:0:0:1 "GET /bff/clima/-32.4845349/-58.2321416 HTTP/1.1" 200 (390 ms)
[07/Dec/2023:10:36:37 -0300] 0:0:0:0:0:0:0:1 "GET /bff/clima/-32.4845349/-58.2321416 HTTP/1.1" 200 (417 ms)
[07/Dec/2023:10:39:21 -0300] 0:0:0:0:0:0:0:1 "GET /bff/actividad HTTP/1.1" 200 (193 ms)
[07/Dec/2023:10:39:21 -0300] 0:0:0:0:0:0:0:1 "GET /bff/actividad HTTP/1.1" 200 (113 ms)
[07/Dec/2023:10:39:21 -0300] 0:0:0:0:0:0:0:1 "GET /bff/clima/-32.4791021/-58.2439337 HTTP/1.1" 200 (762 ms)
[07/Dec/2023:10:39:22 -0300] 0:0:0:0:0:0:0:1 "GET /bff/clima/-32.4791021/-58.2439337 HTTP/1.1" 200 (250 ms)
[07/Dec/2023:10:39:22 -0300] 0:0:0:0:0:0:0:1 "GET /bff/clima/-32.4791021/-58.2439337 HTTP/1.1" 200 (250 ms)
[07/Dec/2023:10:39:22 -0300] 0:0:0:0:0:0:0:1 "GET /bff/clima/-32.4791021/-58.2439337 HTTP/1.1" 200 (249 ms)
[07/Dec/2023:10:39:22 -0300] 0:0:0:0:0:0:0:1 "GET /bff/clima/-32.4791021/-58.2439337 HTTP/1.1" 200 (250 ms)
[07/Dec/2023:10:39:23 -0300] 0:0:0:0:0:0:0:1 "GET /bff/clima/-32.4791021/-58.2439337 HTTP/1.1" 200 (252 ms)
[07/Dec/2023:10:39:23 -0300] 0:0:0:0:0:0:0:1 "GET /bff/clima/-32.4791021/-58.2439337 HTTP/1.1" 200 (251 ms)
[07/Dec/2023:10:39:23 -0300] 0:0:0:0:0:0:0:1 "GET /bff/clima/-32.4791021/-58.2439337 HTTP/1.1" 200 (255 ms)
[07/Dec/2023:10:39:23 -0300] 0:0:0:0:0:0:0:1 "GET /bff/clima/-32.4791021/-58.2439337 HTTP/1.1" 200 (254 ms)
[07/Dec/2023:10:39:24 -0300] 0:0:0:0:0:0:0:1 "GET /bff/clima/-32.4791021/-58.2439337 HTTP/1.1" 200 (254 ms)
[07/Dec/2023:10:39:24 -0300] 0:0:0:0:0:0:0:1 "GET /bff/clima/-32.4791021/-58.2439337 HTTP/1.1" 200 (251 ms)
[07/Dec/2023:10:39:24 -0300] 0:0:0:0:0:0:0:1 "GET /bff/clima/-32.4791021/-58.2439337 HTTP/1.1" 200 (249 ms)
[07/Dec/2023:10:39:24 -0300] 0:0:0:0:0:0:0:1 "GET /bff/clima/-32.4791021/-58.2439337 HTTP/1.1" 200 (250 ms)
[07/Dec/2023:10:39:25 -0300] 0:0:0:0:0:0:0:1 "GET /bff/clima/-32.4791021/-58.2439337 HTTP/1.1" 200 (249 ms)
[07/Dec/2023:10:39:25 -0300] 0:0:0:0:0:0:0:1 "GET /bff/clima/-32.4791021/-58.2439337 HTTP/1.1" 200 (248 ms)
[07/Dec/2023:10:39:25 -0300] 0:0:0:0:0:0:0:1 "GET /bff/clima/-32.4791021/-58.2439337 HTTP/1.1" 200 (249 ms)
[07/Dec/2023:10:39:25 -0300] 0:0:0:0:0:0:0:1 "GET /bff/clima/-32.4791021/-58.2439337 HTTP/1.1" 200 (248 ms)
[07/Dec/2023:10:39:26 -0300] 0:0:0:0:0:0:0:1 "GET /bff/clima/-32.4791021/-58.2439337 HTTP/1.1" 200 (249 ms)
[07/Dec/2023:10:39:26 -0300] 0:0:0:0:0:0:0:1 "GET /bff/clima/-32.4791021/-58.2439337 HTTP/1.1" 200 (255 ms)
[07/Dec/2023:10:39:26 -0300] 0:0:0:0:0:0:0:1 "GET /bff/clima/-32.4791021/-58.2439337 HTTP/1.1" 200 (254 ms)
[07/Dec/2023:10:39:26 -0300] 0:0:0:0:0:0:0:1 "GET /bff/clima/-32.4791021/-58.2439337 HTTP/1.1" 200 (255 ms)
[07/Dec/2023:10:39:27 -0300] 0:0:0:0:0:0:0:1 "GET /bff/clima/-32.4791021/-58.2439337 HTTP/1.1" 200 (278 ms)
[07/Dec/2023:10:39:27 -0300] 0:0:0:0:0:0:0:1 "GET /bff/clima/-32.4791021/-58.2439337 HTTP/1.1" 200 (295 ms)
[07/Dec/2023:11:06:51 -0300] 0:0:0:0:0:0:0:1 "OPTIONS /bff/actividad HTTP/1.1" 200 (17 ms)
[07/Dec/2023:11:06:51 -0300] 0:0:0:0:0:0:0:1 "OPTIONS /bff/clima/-32.4791021/-58.2439337 HTTP/1.1" 200 (15 ms)
[07/Dec/2023:11:06:51 -0300] 0:0:0:0:0:0:0:1 "OPTIONS /bff/actividad HTTP/1.1" 200 (17 ms)
[07/Dec/2023:11:06:51 -0300] 0:0:0:0:0:0:0:1 "GET /bff/actividad HTTP/1.1" 200 (185 ms)
[07/Dec/2023:11:06:51 -0300] 0:0:0:0:0:0:0:1 "GET /bff/actividad HTTP/1.1" 200 (109 ms)
[07/Dec/2023:11:06:55 -0300] 0:0:0:0:0:0:0:1 "GET /bff/clima/-32.4791021/-58.2439337 HTTP/1.1" 200 (4382 ms)
[07/Dec/2023:11:06:56 -0300] 0:0:0:0:0:0:0:1 "GET /bff/clima/-32.4791021/-58.2439337 HTTP/1.1" 200 (431 ms)
[07/Dec/2023:11:06:56 -0300] 0:0:0:0:0:0:0:1 "GET /bff/clima/-32.4791021/-58.2439337 HTTP/1.1" 200 (424 ms)
[07/Dec/2023:11:06:57 -0300] 0:0:0:0:0:0:0:1 "GET /bff/clima/-32.4791021/-58.2439337 HTTP/1.1" 200 (421 ms)
[07/Dec/2023:11:06:57 -0300] 0:0:0:0:0:0:0:1 "GET /bff/clima/-32.4791021/-58.2439337 HTTP/1.1" 200 (415 ms)
[07/Dec/2023:11:06:58 -0300] 0:0:0:0:0:0:0:1 "GET /bff/clima/-32.4791021/-58.2439337 HTTP/1.1" 200 (417 ms)
[07/Dec/2023:11:06:58 -0300] 0:0:0:0:0:0:0:1 "GET /bff/clima/-32.4791021/-58.2439337 HTTP/1.1" 200 (429 ms)
[07/Dec/2023:11:06:58 -0300] 0:0:0:0:0:0:0:1 "GET /bff/clima/-32.4791021/-58.2439337 HTTP/1.1" 200 (418 ms)
[07/Dec/2023:11:06:59 -0300] 0:0:0:0:0:0:0:1 "GET /bff/clima/-32.4791021/-58.2439337 HTTP/1.1" 200 (401 ms)
[07/Dec/2023:11:06:59 -0300] 0:0:0:0:0:0:0:1 "GET /bff/clima/-32.4791021/-58.2439337 HTTP/1.1" 200 (384 ms)
[07/Dec/2023:11:07:00 -0300] 0:0:0:0:0:0:0:1 "GET /bff/clima/-32.4791021/-58.2439337 HTTP/1.1" 200 (397 ms)
[07/Dec/2023:11:07:00 -0300] 0:0:0:0:0:0:0:1 "GET /bff/clima/-32.4791021/-58.2439337 HTTP/1.1" 200 (417 ms)
[07/Dec/2023:11:07:00 -0300] 0:0:0:0:0:0:0:1 "GET /bff/clima/-32.4791021/-58.2439337 HTTP/1.1" 200 (416 ms)
[07/Dec/2023:11:07:01 -0300] 0:0:0:0:0:0:0:1 "GET /bff/clima/-32.4791021/-58.2439337 HTTP/1.1" 200 (415 ms)
[07/Dec/2023:11:07:01 -0300] 0:0:0:0:0:0:0:1 "GET /bff/clima/-32.4791021/-58.2439337 HTTP/1.1" 200 (384 ms)
[07/Dec/2023:11:07:02 -0300] 0:0:0:0:0:0:0:1 "GET /bff/clima/-32.4791021/-58.2439337 HTTP/1.1" 200 (390 ms)
[07/Dec/2023:11:07:02 -0300] 0:0:0:0:0:0:0:1 "GET /bff/clima/-32.4791021/-58.2439337 HTTP/1.1" 200 (387 ms)
[07/Dec/2023:11:07:02 -0300] 0:0:0:0:0:0:0:1 "GET /bff/clima/-32.4791021/-58.2439337 HTTP/1.1" 200 (397 ms)
[07/Dec/2023:11:07:03 -0300] 0:0:0:0:0:0:0:1 "GET /bff/clima/-32.4791021/-58.2439337 HTTP/1.1" 200 (415 ms)
[07/Dec/2023:11:07:03 -0300] 0:0:0:0:0:0:0:1 "GET /bff/clima/-32.4791021/-58.2439337 HTTP/1.1" 200 (367 ms)
[07/Dec/2023:11:07:03 -0300] 0:0:0:0:0:0:0:1 "GET /bff/clima/-32.4791021/-58.2439337 HTTP/1.1" 200 (249 ms)
[07/Dec/2023:11:07:04 -0300] 0:0:0:0:0:0:0:1 "GET /bff/clima/-32.4791021/-58.2439337 HTTP/1.1" 200 (300 ms)
[07/Dec/2023:11:07:04 -0300] 0:0:0:0:0:0:0:1 "GET /bff/clima/-32.4791021/-58.2439337 HTTP/1.1" 200 (360 ms)
[07/Dec/2023:11:07:39 -0300] 0:0:0:0:0:0:0:1 "GET /bff/actividad HTTP/1.1" 200 (164 ms)
[07/Dec/2023:11:07:39 -0300] 0:0:0:0:0:0:0:1 "GET /bff/actividad HTTP/1.1" 200 (109 ms)
[07/Dec/2023:11:07:42 -0300] 0:0:0:0:0:0:0:1 "GET /bff/clima/-32.4791021/-58.2439337 HTTP/1.1" 200 (3083 ms)
[07/Dec/2023:11:07:42 -0300] 0:0:0:0:0:0:0:1 "GET /bff/clima/-32.4791021/-58.2439337 HTTP/1.1" 200 (424 ms)
[07/Dec/2023:11:07:43 -0300] 0:0:0:0:0:0:0:1 "GET /bff/clima/-32.4791021/-58.2439337 HTTP/1.1" 200 (423 ms)
[07/Dec/2023:11:07:43 -0300] 0:0:0:0:0:0:0:1 "GET /bff/clima/-32.4791021/-58.2439337 HTTP/1.1" 200 (421 ms)
[07/Dec/2023:11:07:43 -0300] 0:0:0:0:0:0:0:1 "GET /bff/clima/-32.4791021/-58.2439337 HTTP/1.1" 200 (437 ms)
[07/Dec/2023:11:07:44 -0300] 0:0:0:0:0:0:0:1 "GET /bff/clima/-32.4791021/-58.2439337 HTTP/1.1" 200 (424 ms)
[07/Dec/2023:11:07:44 -0300] 0:0:0:0:0:0:0:1 "GET /bff/clima/-32.4791021/-58.2439337 HTTP/1.1" 200 (427 ms)
[07/Dec/2023:11:07:45 -0300] 0:0:0:0:0:0:0:1 "GET /bff/clima/-32.4791021/-58.2439337 HTTP/1.1" 200 (428 ms)
[07/Dec/2023:11:07:45 -0300] 0:0:0:0:0:0:0:1 "GET /bff/clima/-32.4791021/-58.2439337 HTTP/1.1" 200 (421 ms)
[07/Dec/2023:11:07:46 -0300] 0:0:0:0:0:0:0:1 "GET /bff/clima/-32.4791021/-58.2439337 HTTP/1.1" 200 (422 ms)
[07/Dec/2023:11:07:46 -0300] 0:0:0:0:0:0:0:1 "GET /bff/clima/-32.4791021/-58.2439337 HTTP/1.1" 200 (432 ms)
[07/Dec/2023:11:07:46 -0300] 0:0:0:0:0:0:0:1 "GET /bff/clima/-32.4791021/-58.2439337 HTTP/1.1" 200 (426 ms)
[07/Dec/2023:11:07:47 -0300] 0:0:0:0:0:0:0:1 "GET /bff/clima/-32.4791021/-58.2439337 HTTP/1.1" 200 (427 ms)
[07/Dec/2023:11:07:47 -0300] 0:0:0:0:0:0:0:1 "GET /bff/clima/-32.4791021/-58.2439337 HTTP/1.1" 200 (425 ms)
[07/Dec/2023:11:07:48 -0300] 0:0:0:0:0:0:0:1 "GET /bff/clima/-32.4791021/-58.2439337 HTTP/1.1" 200 (416 ms)
[07/Dec/2023:11:07:48 -0300] 0:0:0:0:0:0:0:1 "GET /bff/clima/-32.4791021/-58.2439337 HTTP/1.1" 200 (429 ms)
[07/Dec/2023:11:07:49 -0300] 0:0:0:0:0:0:0:1 "GET /bff/clima/-32.4791021/-58.2439337 HTTP/1.1" 200 (430 ms)
[07/Dec/2023:11:07:49 -0300] 0:0:0:0:0:0:0:1 "GET /bff/clima/-32.4791021/-58.2439337 HTTP/1.1" 200 (419 ms)
[07/Dec/2023:11:07:49 -0300] 0:0:0:0:0:0:0:1 "GET /bff/clima/-32.4791021/-58.2439337 HTTP/1.1" 200 (429 ms)
[07/Dec/2023:11:07:50 -0300] 0:0:0:0:0:0:0:1 "GET /bff/clima/-32.4791021/-58.2439337 HTTP/1.1" 200 (431 ms)
[07/Dec/2023:11:07:51 -0300] 0:0:0:0:0:0:0:1 "GET /bff/clima/-32.4791021/-58.2439337 HTTP/1.1" 200 (869 ms)
[07/Dec/2023:11:07:51 -0300] 0:0:0:0:0:0:0:1 "GET /bff/clima/-32.4791021/-58.2439337 HTTP/1.1" 200 (429 ms)
[07/Dec/2023:11:07:52 -0300] 0:0:0:0:0:0:0:1 "GET /bff/clima/-32.4791021/-58.2439337 HTTP/1.1" 200 (426 ms)
[07/Dec/2023:11:09:26 -0300] 0:0:0:0:0:0:0:1 "OPTIONS /bff/clima/-32.4791021/-58.2439337 HTTP/1.1" 200 (6 ms)
[07/Dec/2023:11:09:26 -0300] 0:0:0:0:0:0:0:1 "OPTIONS /bff/usuario/nombre/test2/preferencias HTTP/1.1" 200 (3 ms)
[07/Dec/2023:11:09:26 -0300] 0:0:0:0:0:0:0:1 "OPTIONS /bff/usuario/nombre/test2 HTTP/1.1" 200 (4 ms)
[07/Dec/2023:11:09:26 -0300] 0:0:0:0:0:0:0:1 "OPTIONS /bff/actividad HTTP/1.1" 200 (2 ms)
[07/Dec/2023:11:09:26 -0300] 0:0:0:0:0:0:0:1 "GET /bff/actividad HTTP/1.1" 200 (673 ms)
[07/Dec/2023:11:09:26 -0300] 0:0:0:0:0:0:0:1 "GET /bff/usuario/nombre/test2 HTTP/1.1" 200 (795 ms)
[07/Dec/2023:11:09:27 -0300] 0:0:0:0:0:0:0:1 "OPTIONS /bff/usuario HTTP/1.1" 200 (1 ms)
[07/Dec/2023:11:09:27 -0300] 0:0:0:0:0:0:0:1 "GET /bff/usuario/nombre/test2/preferencias HTTP/1.1" 400 (933 ms)
[07/Dec/2023:11:09:27 -0300] 0:0:0:0:0:0:0:1 "GET /bff/usuario/nombre/test2/preferencias HTTP/1.1" 400 (76 ms)
[07/Dec/2023:11:09:27 -0300] 0:0:0:0:0:0:0:1 "GET /bff/usuario/nombre/test2/preferencias HTTP/1.1" 400 (65 ms)
[07/Dec/2023:11:09:27 -0300] 0:0:0:0:0:0:0:1 "POST /bff/usuario HTTP/1.1" 200 (330 ms)
[07/Dec/2023:11:09:27 -0300] 0:0:0:0:0:0:0:1 "GET /bff/clima/-32.4791021/-58.2439337 HTTP/1.1" 200 (1596 ms)
[07/Dec/2023:11:09:28 -0300] 0:0:0:0:0:0:0:1 "GET /bff/usuario/nombre/test2 HTTP/1.1" 200 (110 ms)
[07/Dec/2023:11:09:28 -0300] 0:0:0:0:0:0:0:1 "GET /bff/usuario/nombre/test2/preferencias HTTP/1.1" 200 (181 ms)
[07/Dec/2023:11:09:28 -0300] 0:0:0:0:0:0:0:1 "GET /bff/actividad HTTP/1.1" 200 (169 ms)
[07/Dec/2023:11:09:28 -0300] 0:0:0:0:0:0:0:1 "GET /bff/clima/-32.4791021/-58.2439337 HTTP/1.1" 200 (278 ms)
[07/Dec/2023:11:09:28 -0300] 0:0:0:0:0:0:0:1 "GET /bff/usuario/nombre/test2/preferencias HTTP/1.1" 200 (108 ms)
[07/Dec/2023:11:09:28 -0300] 0:0:0:0:0:0:0:1 "GET /bff/actividad HTTP/1.1" 200 (106 ms)
[07/Dec/2023:11:09:28 -0300] 0:0:0:0:0:0:0:1 "GET /bff/usuario/nombre/test2/preferencias HTTP/1.1" 200 (121 ms)
[07/Dec/2023:11:09:28 -0300] 0:0:0:0:0:0:0:1 "GET /bff/actividad HTTP/1.1" 200 (109 ms)
[07/Dec/2023:11:09:28 -0300] 0:0:0:0:0:0:0:1 "GET /bff/clima/-32.4791021/-58.2439337 HTTP/1.1" 200 (270 ms)
[07/Dec/2023:11:09:28 -0300] 0:0:0:0:0:0:0:1 "GET /bff/clima/-32.4791021/-58.2439337 HTTP/1.1" 200 (259 ms)
[07/Dec/2023:11:09:29 -0300] 0:0:0:0:0:0:0:1 "GET /bff/clima/-32.4791021/-58.2439337 HTTP/1.1" 200 (255 ms)
[07/Dec/2023:11:09:29 -0300] 0:0:0:0:0:0:0:1 "GET /bff/clima/-32.4791021/-58.2439337 HTTP/1.1" 200 (258 ms)
[07/Dec/2023:11:09:29 -0300] 0:0:0:0:0:0:0:1 "GET /bff/clima/-32.4791021/-58.2439337 HTTP/1.1" 200 (259 ms)
[07/Dec/2023:11:09:29 -0300] 0:0:0:0:0:0:0:1 "GET /bff/clima/-32.4791021/-58.2439337 HTTP/1.1" 200 (259 ms)
[07/Dec/2023:11:09:30 -0300] 0:0:0:0:0:0:0:1 "GET /bff/clima/-32.4791021/-58.2439337 HTTP/1.1" 200 (257 ms)
[07/Dec/2023:11:09:30 -0300] 0:0:0:0:0:0:0:1 "GET /bff/clima/-32.4791021/-58.2439337 HTTP/1.1" 200 (261 ms)
[07/Dec/2023:11:09:30 -0300] 0:0:0:0:0:0:0:1 "GET /bff/clima/-32.4791021/-58.2439337 HTTP/1.1" 200 (255 ms)
[07/Dec/2023:11:09:31 -0300] 0:0:0:0:0:0:0:1 "GET /bff/clima/-32.4791021/-58.2439337 HTTP/1.1" 200 (258 ms)
[07/Dec/2023:11:09:31 -0300] 0:0:0:0:0:0:0:1 "GET /bff/clima/-32.4791021/-58.2439337 HTTP/1.1" 200 (255 ms)
[07/Dec/2023:11:09:31 -0300] 0:0:0:0:0:0:0:1 "GET /bff/clima/-32.4791021/-58.2439337 HTTP/1.1" 200 (257 ms)
[07/Dec/2023:11:09:31 -0300] 0:0:0:0:0:0:0:1 "GET /bff/clima/-32.4791021/-58.2439337 HTTP/1.1" 200 (256 ms)
[07/Dec/2023:11:09:32 -0300] 0:0:0:0:0:0:0:1 "GET /bff/clima/-32.4791021/-58.2439337 HTTP/1.1" 200 (260 ms)
[07/Dec/2023:11:09:32 -0300] 0:0:0:0:0:0:0:1 "GET /bff/clima/-32.4791021/-58.2439337 HTTP/1.1" 200 (256 ms)
[07/Dec/2023:11:09:32 -0300] 0:0:0:0:0:0:0:1 "GET /bff/clima/-32.4791021/-58.2439337 HTTP/1.1" 200 (257 ms)
[07/Dec/2023:11:09:32 -0300] 0:0:0:0:0:0:0:1 "GET /bff/clima/-32.4791021/-58.2439337 HTTP/1.1" 200 (255 ms)
[07/Dec/2023:11:09:33 -0300] 0:0:0:0:0:0:0:1 "GET /bff/clima/-32.4791021/-58.2439337 HTTP/1.1" 200 (261 ms)
[07/Dec/2023:11:09:33 -0300] 0:0:0:0:0:0:0:1 "GET /bff/clima/-32.4791021/-58.2439337 HTTP/1.1" 200 (254 ms)
[07/Dec/2023:11:09:33 -0300] 0:0:0:0:0:0:0:1 "GET /bff/clima/-32.4791021/-58.2439337 HTTP/1.1" 200 (257 ms)
[07/Dec/2023:11:09:33 -0300] 0:0:0:0:0:0:0:1 "GET /bff/clima/-32.4791021/-58.2439337 HTTP/1.1" 200 (259 ms)
[07/Dec/2023:11:09:34 -0300] 0:0:0:0:0:0:0:1 "GET /bff/clima/-32.4791021/-58.2439337 HTTP/1.1" 200 (258 ms)
