[01/Nov/2023:19:36:38 -0300] 0:0:0:0:0:0:0:1 "GET /bff/conector/ping HTTP/1.1" 200 (995 ms)
[01/Nov/2023:19:36:39 -0300] 0:0:0:0:0:0:0:1 "GET /favicon.ico HTTP/1.1" 404 (12 ms)
[01/Nov/2023:19:37:13 -0300] 0:0:0:0:0:0:0:1 "GET /bff/conector/ping HTTP/1.1" 200 (16 ms)
[01/Nov/2023:19:37:45 -0300] 0:0:0:0:0:0:0:1 "GET /bff/conector/ping HTTP/1.1" 200 (17 ms)
[01/Nov/2023:19:38:17 -0300] 0:0:0:0:0:0:0:1 "GET /bff/conector/backend/ping HTTP/1.1" 401 (16 ms)
[01/Nov/2023:19:38:40 -0300] 0:0:0:0:0:0:0:1 "GET /bff/conector HTTP/1.1" 401 (9 ms)
[01/Nov/2023:19:49:09 -0300] 0:0:0:0:0:0:0:1 "GET /bff/conector/ping HTTP/1.1" 200 (529 ms)
[01/Nov/2023:19:49:54 -0300] 0:0:0:0:0:0:0:1 "GET /bff/conector/ping/backend/ping HTTP/1.1" 401 (9 ms)
[01/Nov/2023:19:51:18 -0300] 0:0:0:0:0:0:0:1 "GET /bff/conector/backend/ping HTTP/1.1" 401 (5 ms)
[01/Nov/2023:19:54:51 -0300] 0:0:0:0:0:0:0:1 "GET /bff/conector/ping HTTP/1.1" 200 (23 ms)
[01/Nov/2023:19:55:12 -0300] 0:0:0:0:0:0:0:1 "GET /bff/conector/backend/ping HTTP/1.1" 401 (3 ms)
[01/Nov/2023:19:55:16 -0300] 0:0:0:0:0:0:0:1 "GET /bff/conector/back/ping HTTP/1.1" 401 (5 ms)
[01/Nov/2023:19:55:20 -0300] 0:0:0:0:0:0:0:1 "GET /bff/conector/backend/ping HTTP/1.1" 401 (7 ms)
[01/Nov/2023:19:58:00 -0300] 0:0:0:0:0:0:0:1 "GET /bff/conector/ping HTTP/1.1" 200 (16 ms)
[01/Nov/2023:19:58:38 -0300] 0:0:0:0:0:0:0:1 "GET /bff/conector/ping HTTP/1.1" 200 (15 ms)
[01/Nov/2023:19:58:47 -0300] 0:0:0:0:0:0:0:1 "GET /bff/conector//ping HTTP/1.1" 401 (11 ms)
[01/Nov/2023:19:58:49 -0300] 0:0:0:0:0:0:0:1 "GET /bff/conector/ping HTTP/1.1" 200 (23 ms)
[01/Nov/2023:19:58:57 -0300] 0:0:0:0:0:0:0:1 "GET /bff/conector/backend HTTP/1.1" 401 (4 ms)
[01/Nov/2023:19:59:06 -0300] 0:0:0:0:0:0:0:1 "GET /bff/conector/ping HTTP/1.1" 200 (19 ms)
[01/Nov/2023:20:07:32 -0300] 0:0:0:0:0:0:0:1 "GET /bff/conector/ping HTTP/1.1" 200 (22 ms)
[01/Nov/2023:20:07:55 -0300] 0:0:0:0:0:0:0:1 "GET /bff/backend/ping HTTP/1.1" 401 (5 ms)
[01/Nov/2023:20:15:56 -0300] 0:0:0:0:0:0:0:1 "GET /bff/connector/ping HTTP/1.1" 401 (5 ms)
[01/Nov/2023:20:16:01 -0300] 0:0:0:0:0:0:0:1 "GET /bff/conector/ping HTTP/1.1" 200 (21 ms)
[01/Nov/2023:20:23:15 -0300] 0:0:0:0:0:0:0:1 "GET /bff/conector/ping HTTP/1.1" 200 (376 ms)
[01/Nov/2023:20:23:21 -0300] 0:0:0:0:0:0:0:1 "GET /bff/backend/ping HTTP/1.1" 401 (7 ms)
[01/Nov/2023:20:23:42 -0300] 0:0:0:0:0:0:0:1 "GET /bff/backend/ping HTTP/1.1" 401 (5 ms)
[01/Nov/2023:20:25:58 -0300] 0:0:0:0:0:0:0:1 "GET /backend/ping HTTP/1.1" 404 (9 ms)
[01/Nov/2023:20:26:01 -0300] 0:0:0:0:0:0:0:1 "GET /backend/ping HTTP/1.1" 404 (1 ms)
[01/Nov/2023:20:26:21 -0300] 0:0:0:0:0:0:0:1 "GET /bff/backend/ping HTTP/1.1" 401 (3 ms)
[01/Nov/2023:20:26:29 -0300] 0:0:0:0:0:0:0:1 "GET /bff/backend/pias HTTP/1.1" 401 (8 ms)
[01/Nov/2023:20:26:32 -0300] 0:0:0:0:0:0:0:1 "GET /bff/backend/asdsada HTTP/1.1" 401 (6 ms)
[01/Nov/2023:20:26:35 -0300] 0:0:0:0:0:0:0:1 "GET /bff/backend/ping HTTP/1.1" 401 (3 ms)
[01/Nov/2023:20:31:57 -0300] 0:0:0:0:0:0:0:1 "GET /bff/backend/ping HTTP/1.1" 401 (120 ms)
[01/Nov/2023:20:34:00 -0300] 0:0:0:0:0:0:0:1 "GET /bff/backend/ping HTTP/1.1" 401 (144 ms)
[01/Nov/2023:20:35:55 -0300] 0:0:0:0:0:0:0:1 "GET /bff/conector/ping HTTP/1.1" 200 (329 ms)
[01/Nov/2023:20:35:59 -0300] 0:0:0:0:0:0:0:1 "GET /bff/backend/ping HTTP/1.1" 401 (4 ms)
[01/Nov/2023:20:36:01 -0300] 0:0:0:0:0:0:0:1 "GET /bff/conector/ping HTTP/1.1" 200 (13 ms)
[01/Nov/2023:20:36:04 -0300] 0:0:0:0:0:0:0:1 "GET /bff/backend/ping HTTP/1.1" 401 (4 ms)
[01/Nov/2023:20:37:30 -0300] 0:0:0:0:0:0:0:1 "GET /bff/backend/ping HTTP/1.1" 401 (143 ms)
[01/Nov/2023:20:37:36 -0300] 0:0:0:0:0:0:0:1 "GET /bff/conector/ping HTTP/1.1" 200 (115 ms)
[01/Nov/2023:20:39:34 -0300] 0:0:0:0:0:0:0:1 "GET /bff/conector/ping HTTP/1.1" 200 (821 ms)
[01/Nov/2023:20:40:55 -0300] 0:0:0:0:0:0:0:1 "GET /bff/conector/ping HTTP/1.1" 200 (179 ms)
[01/Nov/2023:20:42:44 -0300] 0:0:0:0:0:0:0:1 "GET /bff/conector/ping HTTP/1.1" 400 (261 ms)
[01/Nov/2023:20:44:37 -0300] 0:0:0:0:0:0:0:1 "GET /bff/conector/ping HTTP/1.1" 200 (603 ms)
[01/Nov/2023:20:46:41 -0300] 0:0:0:0:0:0:0:1 "GET /bff/conector/ping HTTP/1.1" 200 (276 ms)
[01/Nov/2023:20:46:46 -0300] 0:0:0:0:0:0:0:1 "GET /bff/backend/ping HTTP/1.1" 401 (8 ms)
