[06/Dec/2023:15:23:03 -0300] 0:0:0:0:0:0:0:1 "OPTIONS /bff/actividad HTTP/1.1" 200 (194 ms)
[06/Dec/2023:15:23:03 -0300] 0:0:0:0:0:0:0:1 "OPTIONS /bff/clima/-32.4845349/-58.2321416 HTTP/1.1" 200 (194 ms)
[06/Dec/2023:15:23:03 -0300] 0:0:0:0:0:0:0:1 "OPTIONS /bff/actividad HTTP/1.1" 200 (194 ms)
[06/Dec/2023:15:23:05 -0300] 0:0:0:0:0:0:0:1 "GET /bff/actividad HTTP/1.1" 200 (2107 ms)
[06/Dec/2023:15:23:05 -0300] 0:0:0:0:0:0:0:1 "GET /bff/actividad HTTP/1.1" 200 (141 ms)
[06/Dec/2023:15:23:06 -0300] 0:0:0:0:0:0:0:1 "GET /bff/clima/-32.4845349/-58.2321416 HTTP/1.1" 200 (3117 ms)
[06/Dec/2023:15:23:08 -0300] 0:0:0:0:0:0:0:1 "GET /bff/clima/-32.4845349/-58.2321416 HTTP/1.1" 200 (1161 ms)
[06/Dec/2023:15:23:09 -0300] 0:0:0:0:0:0:0:1 "GET /bff/clima/-32.4845349/-58.2321416 HTTP/1.1" 200 (1149 ms)
[06/Dec/2023:15:23:10 -0300] 0:0:0:0:0:0:0:1 "GET /bff/clima/-32.4845349/-58.2321416 HTTP/1.1" 200 (1135 ms)
[06/Dec/2023:15:23:10 -0300] 0:0:0:0:0:0:0:1 "GET /bff/clima/-32.4845349/-58.2321416 HTTP/1.1" 200 (437 ms)
[06/Dec/2023:15:23:11 -0300] 0:0:0:0:0:0:0:1 "GET /bff/clima/-32.4845349/-58.2321416 HTTP/1.1" 200 (438 ms)
[06/Dec/2023:15:23:11 -0300] 0:0:0:0:0:0:0:1 "GET /bff/clima/-32.4845349/-58.2321416 HTTP/1.1" 200 (437 ms)
[06/Dec/2023:15:23:12 -0300] 0:0:0:0:0:0:0:1 "GET /bff/clima/-32.4845349/-58.2321416 HTTP/1.1" 200 (440 ms)
[06/Dec/2023:15:23:12 -0300] 0:0:0:0:0:0:0:1 "GET /bff/clima/-32.4845349/-58.2321416 HTTP/1.1" 200 (438 ms)
[06/Dec/2023:15:23:12 -0300] 0:0:0:0:0:0:0:1 "GET /bff/clima/-32.4845349/-58.2321416 HTTP/1.1" 200 (434 ms)
[06/Dec/2023:15:23:13 -0300] 0:0:0:0:0:0:0:1 "GET /bff/clima/-32.4845349/-58.2321416 HTTP/1.1" 200 (443 ms)
[06/Dec/2023:15:23:14 -0300] 0:0:0:0:0:0:0:1 "GET /bff/clima/-32.4845349/-58.2321416 HTTP/1.1" 200 (903 ms)
[06/Dec/2023:15:23:14 -0300] 0:0:0:0:0:0:0:1 "GET /bff/clima/-32.4845349/-58.2321416 HTTP/1.1" 200 (430 ms)
[06/Dec/2023:15:23:15 -0300] 0:0:0:0:0:0:0:1 "GET /bff/clima/-32.4845349/-58.2321416 HTTP/1.1" 200 (437 ms)
[06/Dec/2023:15:23:15 -0300] 0:0:0:0:0:0:0:1 "GET /bff/clima/-32.4845349/-58.2321416 HTTP/1.1" 200 (429 ms)
[06/Dec/2023:15:23:16 -0300] 0:0:0:0:0:0:0:1 "GET /bff/clima/-32.4845349/-58.2321416 HTTP/1.1" 200 (442 ms)
[06/Dec/2023:15:23:16 -0300] 0:0:0:0:0:0:0:1 "GET /bff/clima/-32.4845349/-58.2321416 HTTP/1.1" 200 (426 ms)
[06/Dec/2023:15:23:16 -0300] 0:0:0:0:0:0:0:1 "GET /bff/clima/-32.4845349/-58.2321416 HTTP/1.1" 200 (426 ms)
[06/Dec/2023:15:23:17 -0300] 0:0:0:0:0:0:0:1 "GET /bff/clima/-32.4845349/-58.2321416 HTTP/1.1" 200 (869 ms)
[06/Dec/2023:15:23:18 -0300] 0:0:0:0:0:0:0:1 "GET /bff/clima/-32.4845349/-58.2321416 HTTP/1.1" 200 (424 ms)
[06/Dec/2023:15:23:18 -0300] 0:0:0:0:0:0:0:1 "GET /bff/clima/-32.4845349/-58.2321416 HTTP/1.1" 200 (431 ms)
[06/Dec/2023:15:23:19 -0300] 0:0:0:0:0:0:0:1 "GET /bff/clima/-32.4845349/-58.2321416 HTTP/1.1" 200 (425 ms)
[06/Dec/2023:15:23:19 -0300] 0:0:0:0:0:0:0:1 "GET /bff/clima/-32.4845349/-58.2321416 HTTP/1.1" 200 (427 ms)
[06/Dec/2023:15:25:59 -0300] 0:0:0:0:0:0:0:1 "GET /bff/actividad HTTP/1.1" 200 (187 ms)
[06/Dec/2023:15:25:59 -0300] 0:0:0:0:0:0:0:1 "GET /bff/actividad HTTP/1.1" 200 (122 ms)
[06/Dec/2023:15:26:01 -0300] 0:0:0:0:0:0:0:1 "GET /bff/clima/-32.4845349/-58.2321416 HTTP/1.1" 200 (2120 ms)
[06/Dec/2023:15:26:02 -0300] 0:0:0:0:0:0:0:1 "GET /bff/clima/-32.4845349/-58.2321416 HTTP/1.1" 200 (437 ms)
[06/Dec/2023:15:26:02 -0300] 0:0:0:0:0:0:0:1 "GET /bff/clima/-32.4845349/-58.2321416 HTTP/1.1" 200 (429 ms)
[06/Dec/2023:15:26:03 -0300] 0:0:0:0:0:0:0:1 "GET /bff/clima/-32.4845349/-58.2321416 HTTP/1.1" 200 (425 ms)
[06/Dec/2023:15:26:03 -0300] 0:0:0:0:0:0:0:1 "GET /bff/clima/-32.4845349/-58.2321416 HTTP/1.1" 200 (428 ms)
[06/Dec/2023:15:26:03 -0300] 0:0:0:0:0:0:0:1 "GET /bff/clima/-32.4845349/-58.2321416 HTTP/1.1" 200 (426 ms)
[06/Dec/2023:15:26:04 -0300] 0:0:0:0:0:0:0:1 "GET /bff/clima/-32.4845349/-58.2321416 HTTP/1.1" 200 (993 ms)
[06/Dec/2023:15:26:05 -0300] 0:0:0:0:0:0:0:1 "GET /bff/clima/-32.4845349/-58.2321416 HTTP/1.1" 200 (437 ms)
[06/Dec/2023:15:26:05 -0300] 0:0:0:0:0:0:0:1 "GET /bff/clima/-32.4845349/-58.2321416 HTTP/1.1" 200 (420 ms)
[06/Dec/2023:15:26:06 -0300] 0:0:0:0:0:0:0:1 "GET /bff/clima/-32.4845349/-58.2321416 HTTP/1.1" 200 (431 ms)
[06/Dec/2023:15:26:07 -0300] 0:0:0:0:0:0:0:1 "GET /bff/clima/-32.4845349/-58.2321416 HTTP/1.1" 200 (947 ms)
[06/Dec/2023:15:26:07 -0300] 0:0:0:0:0:0:0:1 "GET /bff/clima/-32.4845349/-58.2321416 HTTP/1.1" 200 (431 ms)
[06/Dec/2023:15:26:07 -0300] 0:0:0:0:0:0:0:1 "GET /bff/clima/-32.4845349/-58.2321416 HTTP/1.1" 200 (435 ms)
[06/Dec/2023:15:26:08 -0300] 0:0:0:0:0:0:0:1 "GET /bff/clima/-32.4845349/-58.2321416 HTTP/1.1" 200 (436 ms)
[06/Dec/2023:15:26:08 -0300] 0:0:0:0:0:0:0:1 "GET /bff/clima/-32.4845349/-58.2321416 HTTP/1.1" 200 (436 ms)
[06/Dec/2023:15:26:09 -0300] 0:0:0:0:0:0:0:1 "GET /bff/clima/-32.4845349/-58.2321416 HTTP/1.1" 200 (430 ms)
[06/Dec/2023:15:26:09 -0300] 0:0:0:0:0:0:0:1 "GET /bff/clima/-32.4845349/-58.2321416 HTTP/1.1" 200 (424 ms)
[06/Dec/2023:15:26:10 -0300] 0:0:0:0:0:0:0:1 "GET /bff/clima/-32.4845349/-58.2321416 HTTP/1.1" 200 (417 ms)
[06/Dec/2023:15:26:10 -0300] 0:0:0:0:0:0:0:1 "GET /bff/clima/-32.4845349/-58.2321416 HTTP/1.1" 200 (439 ms)
[06/Dec/2023:15:26:11 -0300] 0:0:0:0:0:0:0:1 "GET /bff/clima/-32.4845349/-58.2321416 HTTP/1.1" 200 (436 ms)
[06/Dec/2023:15:26:11 -0300] 0:0:0:0:0:0:0:1 "GET /bff/clima/-32.4845349/-58.2321416 HTTP/1.1" 200 (877 ms)
[06/Dec/2023:15:26:12 -0300] 0:0:0:0:0:0:0:1 "GET /bff/clima/-32.4845349/-58.2321416 HTTP/1.1" 200 (868 ms)
[06/Dec/2023:15:26:13 -0300] 0:0:0:0:0:0:0:1 "GET /bff/clima/-32.4845349/-58.2321416 HTTP/1.1" 200 (441 ms)
[06/Dec/2023:15:28:44 -0300] 0:0:0:0:0:0:0:1 "GET /bff/actividad HTTP/1.1" 200 (167 ms)
[06/Dec/2023:15:28:44 -0300] 0:0:0:0:0:0:0:1 "GET /bff/actividad HTTP/1.1" 200 (111 ms)
[06/Dec/2023:15:28:45 -0300] 0:0:0:0:0:0:0:1 "GET /bff/clima/-32.4845349/-58.2321416 HTTP/1.1" 200 (1229 ms)
[06/Dec/2023:15:28:46 -0300] 0:0:0:0:0:0:0:1 "GET /bff/clima/-32.4845349/-58.2321416 HTTP/1.1" 200 (428 ms)
[06/Dec/2023:15:28:46 -0300] 0:0:0:0:0:0:0:1 "GET /bff/clima/-32.4845349/-58.2321416 HTTP/1.1" 200 (424 ms)
[06/Dec/2023:15:28:47 -0300] 0:0:0:0:0:0:0:1 "GET /bff/clima/-32.4845349/-58.2321416 HTTP/1.1" 200 (400 ms)
[06/Dec/2023:15:28:47 -0300] 0:0:0:0:0:0:0:1 "GET /bff/clima/-32.4845349/-58.2321416 HTTP/1.1" 200 (395 ms)
[06/Dec/2023:15:28:47 -0300] 0:0:0:0:0:0:0:1 "GET /bff/clima/-32.4845349/-58.2321416 HTTP/1.1" 200 (409 ms)
[06/Dec/2023:15:28:48 -0300] 0:0:0:0:0:0:0:1 "GET /bff/clima/-32.4845349/-58.2321416 HTTP/1.1" 200 (429 ms)
[06/Dec/2023:15:28:48 -0300] 0:0:0:0:0:0:0:1 "GET /bff/clima/-32.4845349/-58.2321416 HTTP/1.1" 200 (425 ms)
[06/Dec/2023:15:28:49 -0300] 0:0:0:0:0:0:0:1 "GET /bff/clima/-32.4845349/-58.2321416 HTTP/1.1" 200 (409 ms)
[06/Dec/2023:15:28:49 -0300] 0:0:0:0:0:0:0:1 "GET /bff/clima/-32.4845349/-58.2321416 HTTP/1.1" 200 (414 ms)
[06/Dec/2023:15:28:50 -0300] 0:0:0:0:0:0:0:1 "GET /bff/clima/-32.4845349/-58.2321416 HTTP/1.1" 200 (430 ms)
[06/Dec/2023:15:28:50 -0300] 0:0:0:0:0:0:0:1 "GET /bff/clima/-32.4845349/-58.2321416 HTTP/1.1" 200 (414 ms)
[06/Dec/2023:15:28:50 -0300] 0:0:0:0:0:0:0:1 "GET /bff/clima/-32.4845349/-58.2321416 HTTP/1.1" 200 (404 ms)
[06/Dec/2023:15:28:51 -0300] 0:0:0:0:0:0:0:1 "GET /bff/clima/-32.4845349/-58.2321416 HTTP/1.1" 200 (406 ms)
[06/Dec/2023:15:28:51 -0300] 0:0:0:0:0:0:0:1 "GET /bff/clima/-32.4845349/-58.2321416 HTTP/1.1" 200 (373 ms)
[06/Dec/2023:15:28:51 -0300] 0:0:0:0:0:0:0:1 "GET /bff/clima/-32.4845349/-58.2321416 HTTP/1.1" 200 (258 ms)
[06/Dec/2023:15:28:52 -0300] 0:0:0:0:0:0:0:1 "GET /bff/clima/-32.4845349/-58.2321416 HTTP/1.1" 200 (314 ms)
[06/Dec/2023:15:28:52 -0300] 0:0:0:0:0:0:0:1 "GET /bff/clima/-32.4845349/-58.2321416 HTTP/1.1" 200 (385 ms)
[06/Dec/2023:15:28:53 -0300] 0:0:0:0:0:0:0:1 "GET /bff/clima/-32.4845349/-58.2321416 HTTP/1.1" 200 (411 ms)
[06/Dec/2023:15:28:53 -0300] 0:0:0:0:0:0:0:1 "GET /bff/clima/-32.4845349/-58.2321416 HTTP/1.1" 200 (424 ms)
[06/Dec/2023:15:28:53 -0300] 0:0:0:0:0:0:0:1 "GET /bff/clima/-32.4845349/-58.2321416 HTTP/1.1" 200 (435 ms)
[06/Dec/2023:15:28:54 -0300] 0:0:0:0:0:0:0:1 "GET /bff/clima/-32.4845349/-58.2321416 HTTP/1.1" 200 (410 ms)
[06/Dec/2023:15:28:54 -0300] 0:0:0:0:0:0:0:1 "GET /bff/clima/-32.4845349/-58.2321416 HTTP/1.1" 200 (403 ms)
[06/Dec/2023:15:42:06 -0300] 0:0:0:0:0:0:0:1 "GET /bff/actividad HTTP/1.1" 200 (188 ms)
[06/Dec/2023:15:42:06 -0300] 0:0:0:0:0:0:0:1 "GET /bff/actividad HTTP/1.1" 200 (114 ms)
[06/Dec/2023:15:42:06 -0300] 0:0:0:0:0:0:0:1 "GET /bff/clima/-32.4845349/-58.2321416 HTTP/1.1" 200 (1014 ms)
[06/Dec/2023:15:42:07 -0300] 0:0:0:0:0:0:0:1 "GET /bff/clima/-32.4845349/-58.2321416 HTTP/1.1" 200 (314 ms)
[06/Dec/2023:15:42:07 -0300] 0:0:0:0:0:0:0:1 "GET /bff/clima/-32.4845349/-58.2321416 HTTP/1.1" 200 (368 ms)
[06/Dec/2023:15:42:08 -0300] 0:0:0:0:0:0:0:1 "GET /bff/clima/-32.4845349/-58.2321416 HTTP/1.1" 200 (393 ms)
[06/Dec/2023:15:42:08 -0300] 0:0:0:0:0:0:0:1 "GET /bff/clima/-32.4845349/-58.2321416 HTTP/1.1" 200 (411 ms)
[06/Dec/2023:15:42:08 -0300] 0:0:0:0:0:0:0:1 "GET /bff/clima/-32.4845349/-58.2321416 HTTP/1.1" 200 (425 ms)
[06/Dec/2023:15:42:09 -0300] 0:0:0:0:0:0:0:1 "GET /bff/clima/-32.4845349/-58.2321416 HTTP/1.1" 200 (430 ms)
[06/Dec/2023:15:42:09 -0300] 0:0:0:0:0:0:0:1 "GET /bff/clima/-32.4845349/-58.2321416 HTTP/1.1" 200 (421 ms)
[06/Dec/2023:15:42:10 -0300] 0:0:0:0:0:0:0:1 "GET /bff/clima/-32.4845349/-58.2321416 HTTP/1.1" 200 (424 ms)
[06/Dec/2023:15:42:10 -0300] 0:0:0:0:0:0:0:1 "GET /bff/clima/-32.4845349/-58.2321416 HTTP/1.1" 200 (430 ms)
[06/Dec/2023:15:42:11 -0300] 0:0:0:0:0:0:0:1 "GET /bff/clima/-32.4845349/-58.2321416 HTTP/1.1" 200 (425 ms)
[06/Dec/2023:15:42:11 -0300] 0:0:0:0:0:0:0:1 "GET /bff/clima/-32.4845349/-58.2321416 HTTP/1.1" 200 (403 ms)
[06/Dec/2023:15:42:11 -0300] 0:0:0:0:0:0:0:1 "GET /bff/clima/-32.4845349/-58.2321416 HTTP/1.1" 200 (404 ms)
[06/Dec/2023:15:42:12 -0300] 0:0:0:0:0:0:0:1 "GET /bff/clima/-32.4845349/-58.2321416 HTTP/1.1" 200 (418 ms)
[06/Dec/2023:15:42:12 -0300] 0:0:0:0:0:0:0:1 "GET /bff/clima/-32.4845349/-58.2321416 HTTP/1.1" 200 (417 ms)
[06/Dec/2023:15:42:13 -0300] 0:0:0:0:0:0:0:1 "GET /bff/clima/-32.4845349/-58.2321416 HTTP/1.1" 200 (402 ms)
[06/Dec/2023:15:42:13 -0300] 0:0:0:0:0:0:0:1 "GET /bff/clima/-32.4845349/-58.2321416 HTTP/1.1" 200 (385 ms)
[06/Dec/2023:15:42:13 -0300] 0:0:0:0:0:0:0:1 "GET /bff/clima/-32.4845349/-58.2321416 HTTP/1.1" 200 (403 ms)
[06/Dec/2023:15:42:14 -0300] 0:0:0:0:0:0:0:1 "GET /bff/clima/-32.4845349/-58.2321416 HTTP/1.1" 200 (432 ms)
[06/Dec/2023:15:42:14 -0300] 0:0:0:0:0:0:0:1 "GET /bff/clima/-32.4845349/-58.2321416 HTTP/1.1" 200 (441 ms)
[06/Dec/2023:15:42:15 -0300] 0:0:0:0:0:0:0:1 "GET /bff/clima/-32.4845349/-58.2321416 HTTP/1.1" 200 (404 ms)
[06/Dec/2023:15:42:15 -0300] 0:0:0:0:0:0:0:1 "GET /bff/clima/-32.4845349/-58.2321416 HTTP/1.1" 200 (395 ms)
[06/Dec/2023:15:42:15 -0300] 0:0:0:0:0:0:0:1 "GET /bff/clima/-32.4845349/-58.2321416 HTTP/1.1" 200 (407 ms)
[06/Dec/2023:15:42:37 -0300] 0:0:0:0:0:0:0:1 "GET /bff/actividad HTTP/1.1" 200 (164 ms)
[06/Dec/2023:15:42:37 -0300] 0:0:0:0:0:0:0:1 "GET /bff/actividad HTTP/1.1" 200 (107 ms)
[06/Dec/2023:15:42:39 -0300] 0:0:0:0:0:0:0:1 "GET /bff/clima/-32.4845349/-58.2321416 HTTP/1.1" 200 (1392 ms)
[06/Dec/2023:15:42:39 -0300] 0:0:0:0:0:0:0:1 "GET /bff/clima/-32.4845349/-58.2321416 HTTP/1.1" 200 (295 ms)
[06/Dec/2023:15:42:39 -0300] 0:0:0:0:0:0:0:1 "GET /bff/clima/-32.4845349/-58.2321416 HTTP/1.1" 200 (356 ms)
[06/Dec/2023:15:42:40 -0300] 0:0:0:0:0:0:0:1 "GET /bff/clima/-32.4845349/-58.2321416 HTTP/1.1" 200 (394 ms)
[06/Dec/2023:15:42:40 -0300] 0:0:0:0:0:0:0:1 "GET /bff/clima/-32.4845349/-58.2321416 HTTP/1.1" 200 (418 ms)
[06/Dec/2023:15:42:40 -0300] 0:0:0:0:0:0:0:1 "GET /bff/clima/-32.4845349/-58.2321416 HTTP/1.1" 200 (420 ms)
[06/Dec/2023:15:42:41 -0300] 0:0:0:0:0:0:0:1 "GET /bff/clima/-32.4845349/-58.2321416 HTTP/1.1" 200 (414 ms)
[06/Dec/2023:15:42:41 -0300] 0:0:0:0:0:0:0:1 "GET /bff/clima/-32.4845349/-58.2321416 HTTP/1.1" 200 (406 ms)
[06/Dec/2023:15:42:42 -0300] 0:0:0:0:0:0:0:1 "GET /bff/clima/-32.4845349/-58.2321416 HTTP/1.1" 200 (425 ms)
[06/Dec/2023:15:42:42 -0300] 0:0:0:0:0:0:0:1 "GET /bff/clima/-32.4845349/-58.2321416 HTTP/1.1" 200 (427 ms)
[06/Dec/2023:15:42:42 -0300] 0:0:0:0:0:0:0:1 "GET /bff/clima/-32.4845349/-58.2321416 HTTP/1.1" 200 (413 ms)
[06/Dec/2023:15:42:43 -0300] 0:0:0:0:0:0:0:1 "GET /bff/clima/-32.4845349/-58.2321416 HTTP/1.1" 200 (405 ms)
[06/Dec/2023:15:42:43 -0300] 0:0:0:0:0:0:0:1 "GET /bff/clima/-32.4845349/-58.2321416 HTTP/1.1" 200 (417 ms)
[06/Dec/2023:15:42:44 -0300] 0:0:0:0:0:0:0:1 "GET /bff/clima/-32.4845349/-58.2321416 HTTP/1.1" 200 (421 ms)
[06/Dec/2023:15:42:44 -0300] 0:0:0:0:0:0:0:1 "GET /bff/clima/-32.4845349/-58.2321416 HTTP/1.1" 200 (417 ms)
[06/Dec/2023:15:42:45 -0300] 0:0:0:0:0:0:0:1 "GET /bff/clima/-32.4845349/-58.2321416 HTTP/1.1" 200 (403 ms)
[06/Dec/2023:15:42:45 -0300] 0:0:0:0:0:0:0:1 "GET /bff/clima/-32.4845349/-58.2321416 HTTP/1.1" 200 (405 ms)
[06/Dec/2023:15:42:45 -0300] 0:0:0:0:0:0:0:1 "GET /bff/clima/-32.4845349/-58.2321416 HTTP/1.1" 200 (424 ms)
[06/Dec/2023:15:42:46 -0300] 0:0:0:0:0:0:0:1 "GET /bff/clima/-32.4845349/-58.2321416 HTTP/1.1" 200 (420 ms)
[06/Dec/2023:15:42:46 -0300] 0:0:0:0:0:0:0:1 "GET /bff/clima/-32.4845349/-58.2321416 HTTP/1.1" 200 (398 ms)
[06/Dec/2023:15:42:47 -0300] 0:0:0:0:0:0:0:1 "GET /bff/clima/-32.4845349/-58.2321416 HTTP/1.1" 200 (382 ms)
[06/Dec/2023:15:42:47 -0300] 0:0:0:0:0:0:0:1 "GET /bff/clima/-32.4845349/-58.2321416 HTTP/1.1" 200 (417 ms)
[06/Dec/2023:15:42:47 -0300] 0:0:0:0:0:0:0:1 "GET /bff/clima/-32.4845349/-58.2321416 HTTP/1.1" 200 (423 ms)
[06/Dec/2023:15:43:23 -0300] 0:0:0:0:0:0:0:1 "GET /bff/actividad HTTP/1.1" 200 (179 ms)
[06/Dec/2023:15:43:23 -0300] 0:0:0:0:0:0:0:1 "GET /bff/actividad HTTP/1.1" 200 (118 ms)
[06/Dec/2023:15:43:24 -0300] 0:0:0:0:0:0:0:1 "GET /bff/clima/-32.4845349/-58.2321416 HTTP/1.1" 200 (1239 ms)
[06/Dec/2023:15:43:24 -0300] 0:0:0:0:0:0:0:1 "GET /bff/clima/-32.4845349/-58.2321416 HTTP/1.1" 200 (408 ms)
[06/Dec/2023:15:43:25 -0300] 0:0:0:0:0:0:0:1 "GET /bff/clima/-32.4845349/-58.2321416 HTTP/1.1" 200 (429 ms)
[06/Dec/2023:15:43:25 -0300] 0:0:0:0:0:0:0:1 "GET /bff/clima/-32.4845349/-58.2321416 HTTP/1.1" 200 (424 ms)
[06/Dec/2023:15:43:26 -0300] 0:0:0:0:0:0:0:1 "GET /bff/clima/-32.4845349/-58.2321416 HTTP/1.1" 200 (400 ms)
[06/Dec/2023:15:43:26 -0300] 0:0:0:0:0:0:0:1 "GET /bff/clima/-32.4845349/-58.2321416 HTTP/1.1" 200 (397 ms)
[06/Dec/2023:15:43:26 -0300] 0:0:0:0:0:0:0:1 "GET /bff/clima/-32.4845349/-58.2321416 HTTP/1.1" 200 (421 ms)
[06/Dec/2023:15:43:27 -0300] 0:0:0:0:0:0:0:1 "GET /bff/clima/-32.4845349/-58.2321416 HTTP/1.1" 200 (430 ms)
[06/Dec/2023:15:43:27 -0300] 0:0:0:0:0:0:0:1 "GET /bff/clima/-32.4845349/-58.2321416 HTTP/1.1" 200 (429 ms)
[06/Dec/2023:15:43:28 -0300] 0:0:0:0:0:0:0:1 "GET /bff/clima/-32.4845349/-58.2321416 HTTP/1.1" 200 (412 ms)
[06/Dec/2023:15:43:28 -0300] 0:0:0:0:0:0:0:1 "GET /bff/clima/-32.4845349/-58.2321416 HTTP/1.1" 200 (400 ms)
[06/Dec/2023:15:43:28 -0300] 0:0:0:0:0:0:0:1 "GET /bff/clima/-32.4845349/-58.2321416 HTTP/1.1" 200 (410 ms)
[06/Dec/2023:15:43:29 -0300] 0:0:0:0:0:0:0:1 "GET /bff/clima/-32.4845349/-58.2321416 HTTP/1.1" 200 (435 ms)
[06/Dec/2023:15:43:29 -0300] 0:0:0:0:0:0:0:1 "GET /bff/clima/-32.4845349/-58.2321416 HTTP/1.1" 200 (418 ms)
[06/Dec/2023:15:43:30 -0300] 0:0:0:0:0:0:0:1 "GET /bff/clima/-32.4845349/-58.2321416 HTTP/1.1" 200 (399 ms)
[06/Dec/2023:15:43:30 -0300] 0:0:0:0:0:0:0:1 "GET /bff/clima/-32.4845349/-58.2321416 HTTP/1.1" 200 (390 ms)
[06/Dec/2023:15:43:31 -0300] 0:0:0:0:0:0:0:1 "GET /bff/clima/-32.4845349/-58.2321416 HTTP/1.1" 200 (419 ms)
[06/Dec/2023:15:43:31 -0300] 0:0:0:0:0:0:0:1 "GET /bff/clima/-32.4845349/-58.2321416 HTTP/1.1" 200 (423 ms)
[06/Dec/2023:15:43:31 -0300] 0:0:0:0:0:0:0:1 "GET /bff/clima/-32.4845349/-58.2321416 HTTP/1.1" 200 (412 ms)
[06/Dec/2023:15:43:32 -0300] 0:0:0:0:0:0:0:1 "GET /bff/clima/-32.4845349/-58.2321416 HTTP/1.1" 200 (388 ms)
[06/Dec/2023:15:43:32 -0300] 0:0:0:0:0:0:0:1 "GET /bff/clima/-32.4845349/-58.2321416 HTTP/1.1" 200 (292 ms)
[06/Dec/2023:15:43:32 -0300] 0:0:0:0:0:0:0:1 "GET /bff/clima/-32.4845349/-58.2321416 HTTP/1.1" 200 (267 ms)
[06/Dec/2023:15:43:33 -0300] 0:0:0:0:0:0:0:1 "GET /bff/clima/-32.4845349/-58.2321416 HTTP/1.1" 200 (340 ms)
[06/Dec/2023:15:43:33 -0300] 0:0:0:0:0:0:0:1 "GET /bff/actividad HTTP/1.1" 200 (164 ms)
[06/Dec/2023:15:43:33 -0300] 0:0:0:0:0:0:0:1 "GET /bff/actividad HTTP/1.1" 200 (105 ms)
[06/Dec/2023:15:43:34 -0300] 0:0:0:0:0:0:0:1 "GET /bff/clima/-32.4845349/-58.2321416 HTTP/1.1" 200 (423 ms)
[06/Dec/2023:15:43:34 -0300] 0:0:0:0:0:0:0:1 "GET /bff/clima/-32.4845349/-58.2321416 HTTP/1.1" 200 (426 ms)
[06/Dec/2023:15:43:34 -0300] 0:0:0:0:0:0:0:1 "GET /bff/clima/-32.4845349/-58.2321416 HTTP/1.1" 200 (418 ms)
[06/Dec/2023:15:43:35 -0300] 0:0:0:0:0:0:0:1 "GET /bff/clima/-32.4845349/-58.2321416 HTTP/1.1" 200 (407 ms)
[06/Dec/2023:15:43:35 -0300] 0:0:0:0:0:0:0:1 "GET /bff/clima/-32.4845349/-58.2321416 HTTP/1.1" 200 (421 ms)
[06/Dec/2023:15:43:36 -0300] 0:0:0:0:0:0:0:1 "GET /bff/clima/-32.4845349/-58.2321416 HTTP/1.1" 200 (418 ms)
[06/Dec/2023:15:43:36 -0300] 0:0:0:0:0:0:0:1 "GET /bff/clima/-32.4845349/-58.2321416 HTTP/1.1" 200 (404 ms)
[06/Dec/2023:15:43:36 -0300] 0:0:0:0:0:0:0:1 "GET /bff/clima/-32.4845349/-58.2321416 HTTP/1.1" 200 (394 ms)
[06/Dec/2023:15:43:37 -0300] 0:0:0:0:0:0:0:1 "GET /bff/clima/-32.4845349/-58.2321416 HTTP/1.1" 200 (416 ms)
[06/Dec/2023:15:43:37 -0300] 0:0:0:0:0:0:0:1 "GET /bff/clima/-32.4845349/-58.2321416 HTTP/1.1" 200 (422 ms)
[06/Dec/2023:15:43:38 -0300] 0:0:0:0:0:0:0:1 "GET /bff/clima/-32.4845349/-58.2321416 HTTP/1.1" 200 (410 ms)
[06/Dec/2023:15:43:38 -0300] 0:0:0:0:0:0:0:1 "GET /bff/clima/-32.4845349/-58.2321416 HTTP/1.1" 200 (396 ms)
[06/Dec/2023:15:43:38 -0300] 0:0:0:0:0:0:0:1 "GET /bff/clima/-32.4845349/-58.2321416 HTTP/1.1" 200 (413 ms)
[06/Dec/2023:15:43:39 -0300] 0:0:0:0:0:0:0:1 "GET /bff/clima/-32.4845349/-58.2321416 HTTP/1.1" 200 (866 ms)
[06/Dec/2023:15:43:40 -0300] 0:0:0:0:0:0:0:1 "GET /bff/clima/-32.4845349/-58.2321416 HTTP/1.1" 200 (400 ms)
[06/Dec/2023:15:43:40 -0300] 0:0:0:0:0:0:0:1 "GET /bff/clima/-32.4845349/-58.2321416 HTTP/1.1" 200 (395 ms)
[06/Dec/2023:15:43:41 -0300] 0:0:0:0:0:0:0:1 "GET /bff/clima/-32.4845349/-58.2321416 HTTP/1.1" 200 (431 ms)
[06/Dec/2023:15:43:41 -0300] 0:0:0:0:0:0:0:1 "GET /bff/clima/-32.4845349/-58.2321416 HTTP/1.1" 200 (429 ms)
[06/Dec/2023:15:43:41 -0300] 0:0:0:0:0:0:0:1 "GET /bff/clima/-32.4845349/-58.2321416 HTTP/1.1" 200 (409 ms)
[06/Dec/2023:15:43:42 -0300] 0:0:0:0:0:0:0:1 "GET /bff/clima/-32.4845349/-58.2321416 HTTP/1.1" 200 (387 ms)
[06/Dec/2023:15:43:42 -0300] 0:0:0:0:0:0:0:1 "GET /bff/clima/-32.4845349/-58.2321416 HTTP/1.1" 200 (402 ms)
[06/Dec/2023:15:43:43 -0300] 0:0:0:0:0:0:0:1 "GET /bff/clima/-32.4845349/-58.2321416 HTTP/1.1" 200 (404 ms)
[06/Dec/2023:15:43:43 -0300] 0:0:0:0:0:0:0:1 "GET /bff/clima/-32.4845349/-58.2321416 HTTP/1.1" 200 (257 ms)
[06/Dec/2023:16:01:15 -0300] 0:0:0:0:0:0:0:1 "GET /bff/actividad HTTP/1.1" 200 (179 ms)
[06/Dec/2023:16:01:15 -0300] 0:0:0:0:0:0:0:1 "GET /bff/actividad HTTP/1.1" 200 (127 ms)
[06/Dec/2023:16:01:16 -0300] 0:0:0:0:0:0:0:1 "GET /bff/clima/-32.4845349/-58.2321416 HTTP/1.1" 200 (1243 ms)
[06/Dec/2023:16:01:16 -0300] 0:0:0:0:0:0:0:1 "GET /bff/clima/-32.4845349/-58.2321416 HTTP/1.1" 200 (413 ms)
[06/Dec/2023:16:01:17 -0300] 0:0:0:0:0:0:0:1 "GET /bff/clima/-32.4845349/-58.2321416 HTTP/1.1" 200 (395 ms)
[06/Dec/2023:16:01:17 -0300] 0:0:0:0:0:0:0:1 "GET /bff/clima/-32.4845349/-58.2321416 HTTP/1.1" 200 (411 ms)
[06/Dec/2023:16:01:18 -0300] 0:0:0:0:0:0:0:1 "GET /bff/clima/-32.4845349/-58.2321416 HTTP/1.1" 200 (409 ms)
[06/Dec/2023:16:01:18 -0300] 0:0:0:0:0:0:0:1 "GET /bff/clima/-32.4845349/-58.2321416 HTTP/1.1" 200 (416 ms)
[06/Dec/2023:16:01:19 -0300] 0:0:0:0:0:0:0:1 "GET /bff/clima/-32.4845349/-58.2321416 HTTP/1.1" 200 (402 ms)
[06/Dec/2023:16:01:19 -0300] 0:0:0:0:0:0:0:1 "GET /bff/clima/-32.4845349/-58.2321416 HTTP/1.1" 200 (394 ms)
[06/Dec/2023:16:01:19 -0300] 0:0:0:0:0:0:0:1 "GET /bff/clima/-32.4845349/-58.2321416 HTTP/1.1" 200 (418 ms)
[06/Dec/2023:16:01:20 -0300] 0:0:0:0:0:0:0:1 "GET /bff/clima/-32.4845349/-58.2321416 HTTP/1.1" 200 (422 ms)
[06/Dec/2023:16:01:20 -0300] 0:0:0:0:0:0:0:1 "GET /bff/clima/-32.4845349/-58.2321416 HTTP/1.1" 200 (402 ms)
[06/Dec/2023:16:01:21 -0300] 0:0:0:0:0:0:0:1 "GET /bff/clima/-32.4845349/-58.2321416 HTTP/1.1" 200 (390 ms)
[06/Dec/2023:16:01:21 -0300] 0:0:0:0:0:0:0:1 "GET /bff/clima/-32.4845349/-58.2321416 HTTP/1.1" 200 (404 ms)
[06/Dec/2023:16:01:21 -0300] 0:0:0:0:0:0:0:1 "GET /bff/clima/-32.4845349/-58.2321416 HTTP/1.1" 200 (422 ms)
[06/Dec/2023:16:01:22 -0300] 0:0:0:0:0:0:0:1 "GET /bff/clima/-32.4845349/-58.2321416 HTTP/1.1" 200 (420 ms)
[06/Dec/2023:16:01:22 -0300] 0:0:0:0:0:0:0:1 "GET /bff/clima/-32.4845349/-58.2321416 HTTP/1.1" 200 (406 ms)
[06/Dec/2023:16:01:23 -0300] 0:0:0:0:0:0:0:1 "GET /bff/clima/-32.4845349/-58.2321416 HTTP/1.1" 200 (404 ms)
[06/Dec/2023:16:01:23 -0300] 0:0:0:0:0:0:0:1 "GET /bff/clima/-32.4845349/-58.2321416 HTTP/1.1" 200 (419 ms)
[06/Dec/2023:16:01:23 -0300] 0:0:0:0:0:0:0:1 "GET /bff/clima/-32.4845349/-58.2321416 HTTP/1.1" 200 (419 ms)
[06/Dec/2023:16:01:24 -0300] 0:0:0:0:0:0:0:1 "GET /bff/clima/-32.4845349/-58.2321416 HTTP/1.1" 200 (411 ms)
[06/Dec/2023:16:01:24 -0300] 0:0:0:0:0:0:0:1 "GET /bff/clima/-32.4845349/-58.2321416 HTTP/1.1" 200 (396 ms)
[06/Dec/2023:16:01:25 -0300] 0:0:0:0:0:0:0:1 "GET /bff/clima/-32.4845349/-58.2321416 HTTP/1.1" 200 (391 ms)
[06/Dec/2023:16:01:25 -0300] 0:0:0:0:0:0:0:1 "GET /bff/clima/-32.4845349/-58.2321416 HTTP/1.1" 200 (263 ms)
[06/Dec/2023:16:07:28 -0300] 0:0:0:0:0:0:0:1 "GET /bff/actividad HTTP/1.1" 200 (187 ms)
[06/Dec/2023:16:07:28 -0300] 0:0:0:0:0:0:0:1 "GET /bff/actividad HTTP/1.1" 200 (115 ms)
[06/Dec/2023:16:07:28 -0300] 0:0:0:0:0:0:0:1 "GET /bff/clima/-32.4845349/-58.2321416 HTTP/1.1" 200 (757 ms)
[06/Dec/2023:16:07:29 -0300] 0:0:0:0:0:0:0:1 "GET /bff/clima/-32.4845349/-58.2321416 HTTP/1.1" 200 (253 ms)
[06/Dec/2023:16:07:29 -0300] 0:0:0:0:0:0:0:1 "GET /bff/clima/-32.4845349/-58.2321416 HTTP/1.1" 200 (249 ms)
[06/Dec/2023:16:07:29 -0300] 0:0:0:0:0:0:0:1 "GET /bff/clima/-32.4845349/-58.2321416 HTTP/1.1" 200 (251 ms)
[06/Dec/2023:16:07:29 -0300] 0:0:0:0:0:0:0:1 "GET /bff/clima/-32.4845349/-58.2321416 HTTP/1.1" 200 (251 ms)
[06/Dec/2023:16:07:30 -0300] 0:0:0:0:0:0:0:1 "GET /bff/clima/-32.4845349/-58.2321416 HTTP/1.1" 200 (248 ms)
[06/Dec/2023:16:07:30 -0300] 0:0:0:0:0:0:0:1 "GET /bff/clima/-32.4845349/-58.2321416 HTTP/1.1" 200 (248 ms)
[06/Dec/2023:16:07:30 -0300] 0:0:0:0:0:0:0:1 "GET /bff/clima/-32.4845349/-58.2321416 HTTP/1.1" 200 (249 ms)
[06/Dec/2023:16:07:30 -0300] 0:0:0:0:0:0:0:1 "GET /bff/clima/-32.4845349/-58.2321416 HTTP/1.1" 200 (249 ms)
[06/Dec/2023:16:07:31 -0300] 0:0:0:0:0:0:0:1 "GET /bff/clima/-32.4845349/-58.2321416 HTTP/1.1" 200 (248 ms)
[06/Dec/2023:16:07:31 -0300] 0:0:0:0:0:0:0:1 "GET /bff/clima/-32.4845349/-58.2321416 HTTP/1.1" 200 (248 ms)
[06/Dec/2023:16:07:31 -0300] 0:0:0:0:0:0:0:1 "GET /bff/clima/-32.4845349/-58.2321416 HTTP/1.1" 200 (250 ms)
[06/Dec/2023:16:07:31 -0300] 0:0:0:0:0:0:0:1 "GET /bff/clima/-32.4845349/-58.2321416 HTTP/1.1" 200 (248 ms)
[06/Dec/2023:16:07:32 -0300] 0:0:0:0:0:0:0:1 "GET /bff/clima/-32.4845349/-58.2321416 HTTP/1.1" 200 (249 ms)
[06/Dec/2023:16:07:32 -0300] 0:0:0:0:0:0:0:1 "GET /bff/clima/-32.4845349/-58.2321416 HTTP/1.1" 200 (251 ms)
[06/Dec/2023:16:07:32 -0300] 0:0:0:0:0:0:0:1 "GET /bff/clima/-32.4845349/-58.2321416 HTTP/1.1" 200 (248 ms)
[06/Dec/2023:16:07:32 -0300] 0:0:0:0:0:0:0:1 "GET /bff/clima/-32.4845349/-58.2321416 HTTP/1.1" 200 (255 ms)
[06/Dec/2023:16:07:33 -0300] 0:0:0:0:0:0:0:1 "GET /bff/clima/-32.4845349/-58.2321416 HTTP/1.1" 200 (259 ms)
[06/Dec/2023:16:07:33 -0300] 0:0:0:0:0:0:0:1 "GET /bff/clima/-32.4845349/-58.2321416 HTTP/1.1" 200 (298 ms)
[06/Dec/2023:16:07:33 -0300] 0:0:0:0:0:0:0:1 "GET /bff/clima/-32.4845349/-58.2321416 HTTP/1.1" 200 (315 ms)
[06/Dec/2023:16:07:33 -0300] 0:0:0:0:0:0:0:1 "GET /bff/clima/-32.4845349/-58.2321416 HTTP/1.1" 200 (328 ms)
[06/Dec/2023:16:07:34 -0300] 0:0:0:0:0:0:0:1 "GET /bff/clima/-32.4845349/-58.2321416 HTTP/1.1" 200 (302 ms)
[06/Dec/2023:16:07:34 -0300] 0:0:0:0:0:0:0:1 "GET /bff/clima/-32.4845349/-58.2321416 HTTP/1.1" 200 (255 ms)
[06/Dec/2023:16:18:50 -0300] 0:0:0:0:0:0:0:1 "GET /bff/actividad HTTP/1.1" 200 (171 ms)
[06/Dec/2023:16:18:51 -0300] 0:0:0:0:0:0:0:1 "GET /bff/actividad HTTP/1.1" 200 (116 ms)
[06/Dec/2023:16:18:51 -0300] 0:0:0:0:0:0:0:1 "GET /bff/clima/-32.4845349/-58.2321416 HTTP/1.1" 200 (769 ms)
[06/Dec/2023:16:18:51 -0300] 0:0:0:0:0:0:0:1 "GET /bff/clima/-32.4845349/-58.2321416 HTTP/1.1" 200 (253 ms)
[06/Dec/2023:16:18:52 -0300] 0:0:0:0:0:0:0:1 "GET /bff/clima/-32.4845349/-58.2321416 HTTP/1.1" 200 (252 ms)
[06/Dec/2023:16:18:52 -0300] 0:0:0:0:0:0:0:1 "GET /bff/clima/-32.4845349/-58.2321416 HTTP/1.1" 200 (254 ms)
[06/Dec/2023:16:18:52 -0300] 0:0:0:0:0:0:0:1 "GET /bff/clima/-32.4845349/-58.2321416 HTTP/1.1" 200 (252 ms)
[06/Dec/2023:16:18:52 -0300] 0:0:0:0:0:0:0:1 "GET /bff/clima/-32.4845349/-58.2321416 HTTP/1.1" 200 (253 ms)
[06/Dec/2023:16:18:53 -0300] 0:0:0:0:0:0:0:1 "GET /bff/clima/-32.4845349/-58.2321416 HTTP/1.1" 200 (254 ms)
[06/Dec/2023:16:18:53 -0300] 0:0:0:0:0:0:0:1 "GET /bff/clima/-32.4845349/-58.2321416 HTTP/1.1" 200 (253 ms)
[06/Dec/2023:16:18:53 -0300] 0:0:0:0:0:0:0:1 "GET /bff/clima/-32.4845349/-58.2321416 HTTP/1.1" 200 (254 ms)
[06/Dec/2023:16:18:53 -0300] 0:0:0:0:0:0:0:1 "GET /bff/clima/-32.4845349/-58.2321416 HTTP/1.1" 200 (254 ms)
[06/Dec/2023:16:18:54 -0300] 0:0:0:0:0:0:0:1 "GET /bff/clima/-32.4845349/-58.2321416 HTTP/1.1" 200 (258 ms)
[06/Dec/2023:16:18:54 -0300] 0:0:0:0:0:0:0:1 "GET /bff/clima/-32.4845349/-58.2321416 HTTP/1.1" 200 (255 ms)
[06/Dec/2023:16:18:54 -0300] 0:0:0:0:0:0:0:1 "GET /bff/clima/-32.4845349/-58.2321416 HTTP/1.1" 200 (254 ms)
[06/Dec/2023:16:18:54 -0300] 0:0:0:0:0:0:0:1 "GET /bff/clima/-32.4845349/-58.2321416 HTTP/1.1" 200 (253 ms)
[06/Dec/2023:16:18:55 -0300] 0:0:0:0:0:0:0:1 "GET /bff/clima/-32.4845349/-58.2321416 HTTP/1.1" 200 (254 ms)
[06/Dec/2023:16:18:55 -0300] 0:0:0:0:0:0:0:1 "GET /bff/clima/-32.4845349/-58.2321416 HTTP/1.1" 200 (261 ms)
[06/Dec/2023:16:18:55 -0300] 0:0:0:0:0:0:0:1 "GET /bff/clima/-32.4845349/-58.2321416 HTTP/1.1" 200 (257 ms)
[06/Dec/2023:16:18:55 -0300] 0:0:0:0:0:0:0:1 "GET /bff/clima/-32.4845349/-58.2321416 HTTP/1.1" 200 (260 ms)
[06/Dec/2023:16:18:56 -0300] 0:0:0:0:0:0:0:1 "GET /bff/clima/-32.4845349/-58.2321416 HTTP/1.1" 200 (255 ms)
[06/Dec/2023:16:18:56 -0300] 0:0:0:0:0:0:0:1 "GET /bff/clima/-32.4845349/-58.2321416 HTTP/1.1" 200 (258 ms)
[06/Dec/2023:16:18:56 -0300] 0:0:0:0:0:0:0:1 "GET /bff/clima/-32.4845349/-58.2321416 HTTP/1.1" 200 (252 ms)
[06/Dec/2023:16:18:56 -0300] 0:0:0:0:0:0:0:1 "GET /bff/clima/-32.4845349/-58.2321416 HTTP/1.1" 200 (252 ms)
[06/Dec/2023:16:18:57 -0300] 0:0:0:0:0:0:0:1 "GET /bff/clima/-32.4845349/-58.2321416 HTTP/1.1" 200 (253 ms)
[06/Dec/2023:16:19:20 -0300] 0:0:0:0:0:0:0:1 "GET /bff/actividad HTTP/1.1" 200 (174 ms)
[06/Dec/2023:16:19:20 -0300] 0:0:0:0:0:0:0:1 "GET /bff/actividad HTTP/1.1" 200 (144 ms)
[06/Dec/2023:16:19:21 -0300] 0:0:0:0:0:0:0:1 "GET /bff/clima/-32.4845349/-58.2321416 HTTP/1.1" 200 (1230 ms)
[06/Dec/2023:16:19:22 -0300] 0:0:0:0:0:0:0:1 "GET /bff/clima/-32.4845349/-58.2321416 HTTP/1.1" 200 (425 ms)
[06/Dec/2023:16:19:22 -0300] 0:0:0:0:0:0:0:1 "GET /bff/clima/-32.4845349/-58.2321416 HTTP/1.1" 200 (387 ms)
[06/Dec/2023:16:19:22 -0300] 0:0:0:0:0:0:0:1 "GET /bff/clima/-32.4845349/-58.2321416 HTTP/1.1" 200 (389 ms)
[06/Dec/2023:16:19:23 -0300] 0:0:0:0:0:0:0:1 "GET /bff/clima/-32.4845349/-58.2321416 HTTP/1.1" 200 (404 ms)
[06/Dec/2023:16:19:23 -0300] 0:0:0:0:0:0:0:1 "GET /bff/clima/-32.4845349/-58.2321416 HTTP/1.1" 200 (423 ms)
[06/Dec/2023:16:19:24 -0300] 0:0:0:0:0:0:0:1 "GET /bff/clima/-32.4845349/-58.2321416 HTTP/1.1" 200 (417 ms)
[06/Dec/2023:16:19:24 -0300] 0:0:0:0:0:0:0:1 "GET /bff/clima/-32.4845349/-58.2321416 HTTP/1.1" 200 (390 ms)
[06/Dec/2023:16:19:24 -0300] 0:0:0:0:0:0:0:1 "GET /bff/clima/-32.4845349/-58.2321416 HTTP/1.1" 200 (382 ms)
[06/Dec/2023:16:19:25 -0300] 0:0:0:0:0:0:0:1 "GET /bff/clima/-32.4845349/-58.2321416 HTTP/1.1" 200 (419 ms)
[06/Dec/2023:16:19:25 -0300] 0:0:0:0:0:0:0:1 "GET /bff/clima/-32.4845349/-58.2321416 HTTP/1.1" 200 (425 ms)
[06/Dec/2023:16:19:26 -0300] 0:0:0:0:0:0:0:1 "GET /bff/clima/-32.4845349/-58.2321416 HTTP/1.1" 200 (413 ms)
[06/Dec/2023:16:19:26 -0300] 0:0:0:0:0:0:0:1 "GET /bff/clima/-32.4845349/-58.2321416 HTTP/1.1" 200 (389 ms)
[06/Dec/2023:16:19:26 -0300] 0:0:0:0:0:0:0:1 "GET /bff/clima/-32.4845349/-58.2321416 HTTP/1.1" 200 (410 ms)
[06/Dec/2023:16:19:27 -0300] 0:0:0:0:0:0:0:1 "GET /bff/clima/-32.4845349/-58.2321416 HTTP/1.1" 200 (868 ms)
[06/Dec/2023:16:19:28 -0300] 0:0:0:0:0:0:0:1 "GET /bff/clima/-32.4845349/-58.2321416 HTTP/1.1" 200 (345 ms)
[06/Dec/2023:16:19:28 -0300] 0:0:0:0:0:0:0:1 "GET /bff/clima/-32.4845349/-58.2321416 HTTP/1.1" 200 (249 ms)
[06/Dec/2023:16:19:28 -0300] 0:0:0:0:0:0:0:1 "GET /bff/clima/-32.4845349/-58.2321416 HTTP/1.1" 200 (305 ms)
[06/Dec/2023:16:19:29 -0300] 0:0:0:0:0:0:0:1 "GET /bff/clima/-32.4845349/-58.2321416 HTTP/1.1" 200 (377 ms)
[06/Dec/2023:16:19:29 -0300] 0:0:0:0:0:0:0:1 "GET /bff/clima/-32.4845349/-58.2321416 HTTP/1.1" 200 (414 ms)
[06/Dec/2023:16:19:29 -0300] 0:0:0:0:0:0:0:1 "GET /bff/clima/-32.4845349/-58.2321416 HTTP/1.1" 200 (432 ms)
[06/Dec/2023:16:19:30 -0300] 0:0:0:0:0:0:0:1 "GET /bff/clima/-32.4845349/-58.2321416 HTTP/1.1" 200 (412 ms)
[06/Dec/2023:16:19:30 -0300] 0:0:0:0:0:0:0:1 "GET /bff/clima/-32.4845349/-58.2321416 HTTP/1.1" 200 (391 ms)
[06/Dec/2023:16:19:53 -0300] 0:0:0:0:0:0:0:1 "GET /bff/actividad HTTP/1.1" 200 (172 ms)
[06/Dec/2023:16:19:53 -0300] 0:0:0:0:0:0:0:1 "GET /bff/actividad HTTP/1.1" 200 (114 ms)
[06/Dec/2023:16:19:55 -0300] 0:0:0:0:0:0:0:1 "GET /bff/clima/-32.4845349/-58.2321416 HTTP/1.1" 200 (1749 ms)
[06/Dec/2023:16:19:55 -0300] 0:0:0:0:0:0:0:1 "GET /bff/clima/-32.4845349/-58.2321416 HTTP/1.1" 200 (250 ms)
[06/Dec/2023:16:19:55 -0300] 0:0:0:0:0:0:0:1 "GET /bff/clima/-32.4845349/-58.2321416 HTTP/1.1" 200 (258 ms)
[06/Dec/2023:16:19:55 -0300] 0:0:0:0:0:0:0:1 "GET /bff/clima/-32.4845349/-58.2321416 HTTP/1.1" 200 (252 ms)
[06/Dec/2023:16:19:56 -0300] 0:0:0:0:0:0:0:1 "GET /bff/clima/-32.4845349/-58.2321416 HTTP/1.1" 200 (250 ms)
[06/Dec/2023:16:19:56 -0300] 0:0:0:0:0:0:0:1 "GET /bff/clima/-32.4845349/-58.2321416 HTTP/1.1" 200 (250 ms)
[06/Dec/2023:16:19:56 -0300] 0:0:0:0:0:0:0:1 "GET /bff/clima/-32.4845349/-58.2321416 HTTP/1.1" 200 (250 ms)
[06/Dec/2023:16:19:56 -0300] 0:0:0:0:0:0:0:1 "GET /bff/clima/-32.4845349/-58.2321416 HTTP/1.1" 200 (250 ms)
[06/Dec/2023:16:19:57 -0300] 0:0:0:0:0:0:0:1 "GET /bff/clima/-32.4845349/-58.2321416 HTTP/1.1" 200 (250 ms)
[06/Dec/2023:16:19:57 -0300] 0:0:0:0:0:0:0:1 "GET /bff/clima/-32.4845349/-58.2321416 HTTP/1.1" 200 (251 ms)
[06/Dec/2023:16:19:57 -0300] 0:0:0:0:0:0:0:1 "GET /bff/clima/-32.4845349/-58.2321416 HTTP/1.1" 200 (249 ms)
[06/Dec/2023:16:19:57 -0300] 0:0:0:0:0:0:0:1 "GET /bff/clima/-32.4845349/-58.2321416 HTTP/1.1" 200 (249 ms)
[06/Dec/2023:16:19:58 -0300] 0:0:0:0:0:0:0:1 "GET /bff/clima/-32.4845349/-58.2321416 HTTP/1.1" 200 (250 ms)
[06/Dec/2023:16:19:58 -0300] 0:0:0:0:0:0:0:1 "GET /bff/clima/-32.4845349/-58.2321416 HTTP/1.1" 200 (250 ms)
[06/Dec/2023:16:19:58 -0300] 0:0:0:0:0:0:0:1 "GET /bff/clima/-32.4845349/-58.2321416 HTTP/1.1" 200 (250 ms)
[06/Dec/2023:16:19:58 -0300] 0:0:0:0:0:0:0:1 "GET /bff/clima/-32.4845349/-58.2321416 HTTP/1.1" 200 (252 ms)
[06/Dec/2023:16:19:59 -0300] 0:0:0:0:0:0:0:1 "GET /bff/clima/-32.4845349/-58.2321416 HTTP/1.1" 200 (250 ms)
[06/Dec/2023:16:19:59 -0300] 0:0:0:0:0:0:0:1 "GET /bff/clima/-32.4845349/-58.2321416 HTTP/1.1" 200 (250 ms)
[06/Dec/2023:16:19:59 -0300] 0:0:0:0:0:0:0:1 "GET /bff/clima/-32.4845349/-58.2321416 HTTP/1.1" 200 (250 ms)
[06/Dec/2023:16:19:59 -0300] 0:0:0:0:0:0:0:1 "GET /bff/clima/-32.4845349/-58.2321416 HTTP/1.1" 200 (249 ms)
[06/Dec/2023:16:20:00 -0300] 0:0:0:0:0:0:0:1 "GET /bff/clima/-32.4845349/-58.2321416 HTTP/1.1" 200 (250 ms)
[06/Dec/2023:16:20:00 -0300] 0:0:0:0:0:0:0:1 "GET /bff/clima/-32.4845349/-58.2321416 HTTP/1.1" 200 (249 ms)
[06/Dec/2023:16:20:00 -0300] 0:0:0:0:0:0:0:1 "GET /bff/clima/-32.4845349/-58.2321416 HTTP/1.1" 200 (250 ms)
[06/Dec/2023:16:27:52 -0300] 0:0:0:0:0:0:0:1 "OPTIONS /bff/clima/-32.4845349/-58.2321416 HTTP/1.1" 200 (4 ms)
[06/Dec/2023:16:27:52 -0300] 0:0:0:0:0:0:0:1 "OPTIONS /bff/actividad HTTP/1.1" 200 (3 ms)
[06/Dec/2023:16:27:52 -0300] 0:0:0:0:0:0:0:1 "OPTIONS /bff/actividad HTTP/1.1" 200 (5 ms)
[06/Dec/2023:16:27:52 -0300] 0:0:0:0:0:0:0:1 "GET /bff/actividad HTTP/1.1" 200 (157 ms)
[06/Dec/2023:16:27:52 -0300] 0:0:0:0:0:0:0:1 "GET /bff/actividad HTTP/1.1" 200 (104 ms)
[06/Dec/2023:16:27:53 -0300] 0:0:0:0:0:0:0:1 "GET /bff/clima/-32.4845349/-58.2321416 HTTP/1.1" 200 (1282 ms)
[06/Dec/2023:16:27:53 -0300] 0:0:0:0:0:0:0:1 "GET /bff/clima/-32.4845349/-58.2321416 HTTP/1.1" 200 (420 ms)
[06/Dec/2023:16:27:54 -0300] 0:0:0:0:0:0:0:1 "GET /bff/clima/-32.4845349/-58.2321416 HTTP/1.1" 200 (425 ms)
[06/Dec/2023:16:27:54 -0300] 0:0:0:0:0:0:0:1 "GET /bff/clima/-32.4845349/-58.2321416 HTTP/1.1" 200 (422 ms)
[06/Dec/2023:16:27:55 -0300] 0:0:0:0:0:0:0:1 "GET /bff/clima/-32.4845349/-58.2321416 HTTP/1.1" 200 (423 ms)
[06/Dec/2023:16:27:55 -0300] 0:0:0:0:0:0:0:1 "GET /bff/clima/-32.4845349/-58.2321416 HTTP/1.1" 200 (418 ms)
[06/Dec/2023:16:27:55 -0300] 0:0:0:0:0:0:0:1 "GET /bff/clima/-32.4845349/-58.2321416 HTTP/1.1" 200 (423 ms)
[06/Dec/2023:16:27:56 -0300] 0:0:0:0:0:0:0:1 "GET /bff/clima/-32.4845349/-58.2321416 HTTP/1.1" 200 (423 ms)
[06/Dec/2023:16:27:56 -0300] 0:0:0:0:0:0:0:1 "GET /bff/clima/-32.4845349/-58.2321416 HTTP/1.1" 200 (423 ms)
[06/Dec/2023:16:27:57 -0300] 0:0:0:0:0:0:0:1 "GET /bff/clima/-32.4845349/-58.2321416 HTTP/1.1" 200 (424 ms)
[06/Dec/2023:16:27:57 -0300] 0:0:0:0:0:0:0:1 "GET /bff/clima/-32.4845349/-58.2321416 HTTP/1.1" 200 (424 ms)
[06/Dec/2023:16:27:58 -0300] 0:0:0:0:0:0:0:1 "GET /bff/clima/-32.4845349/-58.2321416 HTTP/1.1" 200 (426 ms)
[06/Dec/2023:16:27:58 -0300] 0:0:0:0:0:0:0:1 "GET /bff/clima/-32.4845349/-58.2321416 HTTP/1.1" 200 (427 ms)
[06/Dec/2023:16:27:58 -0300] 0:0:0:0:0:0:0:1 "GET /bff/clima/-32.4845349/-58.2321416 HTTP/1.1" 200 (432 ms)
[06/Dec/2023:16:27:59 -0300] 0:0:0:0:0:0:0:1 "GET /bff/clima/-32.4845349/-58.2321416 HTTP/1.1" 200 (425 ms)
[06/Dec/2023:16:27:59 -0300] 0:0:0:0:0:0:0:1 "GET /bff/clima/-32.4845349/-58.2321416 HTTP/1.1" 200 (426 ms)
[06/Dec/2023:16:28:00 -0300] 0:0:0:0:0:0:0:1 "GET /bff/clima/-32.4845349/-58.2321416 HTTP/1.1" 200 (427 ms)
[06/Dec/2023:16:28:01 -0300] 0:0:0:0:0:0:0:1 "GET /bff/clima/-32.4845349/-58.2321416 HTTP/1.1" 200 (1271 ms)
[06/Dec/2023:16:28:01 -0300] 0:0:0:0:0:0:0:1 "GET /bff/actividad HTTP/1.1" 200 (151 ms)
[06/Dec/2023:16:28:01 -0300] 0:0:0:0:0:0:0:1 "GET /bff/actividad HTTP/1.1" 200 (105 ms)
[06/Dec/2023:16:28:02 -0300] 0:0:0:0:0:0:0:1 "GET /bff/clima/-32.4845349/-58.2321416 HTTP/1.1" 200 (425 ms)
[06/Dec/2023:16:28:02 -0300] 0:0:0:0:0:0:0:1 "GET /bff/clima/-32.4845349/-58.2321416 HTTP/1.1" 200 (429 ms)
[06/Dec/2023:16:28:02 -0300] 0:0:0:0:0:0:0:1 "GET /bff/clima/-32.4845349/-58.2321416 HTTP/1.1" 200 (435 ms)
[06/Dec/2023:16:28:03 -0300] 0:0:0:0:0:0:0:1 "GET /bff/clima/-32.4845349/-58.2321416 HTTP/1.1" 200 (423 ms)
[06/Dec/2023:16:28:03 -0300] 0:0:0:0:0:0:0:1 "GET /bff/clima/-32.4845349/-58.2321416 HTTP/1.1" 200 (425 ms)
[06/Dec/2023:16:28:04 -0300] 0:0:0:0:0:0:0:1 "GET /bff/clima/-32.4845349/-58.2321416 HTTP/1.1" 200 (433 ms)
[06/Dec/2023:16:28:05 -0300] 0:0:0:0:0:0:0:1 "GET /bff/clima/-32.4845349/-58.2321416 HTTP/1.1" 200 (845 ms)
[06/Dec/2023:16:28:05 -0300] 0:0:0:0:0:0:0:1 "GET /bff/clima/-32.4845349/-58.2321416 HTTP/1.1" 200 (424 ms)
[06/Dec/2023:16:28:05 -0300] 0:0:0:0:0:0:0:1 "GET /bff/clima/-32.4845349/-58.2321416 HTTP/1.1" 200 (431 ms)
[06/Dec/2023:16:28:06 -0300] 0:0:0:0:0:0:0:1 "GET /bff/clima/-32.4845349/-58.2321416 HTTP/1.1" 200 (433 ms)
[06/Dec/2023:16:28:06 -0300] 0:0:0:0:0:0:0:1 "GET /bff/clima/-32.4845349/-58.2321416 HTTP/1.1" 200 (427 ms)
[06/Dec/2023:16:28:07 -0300] 0:0:0:0:0:0:0:1 "GET /bff/clima/-32.4845349/-58.2321416 HTTP/1.1" 200 (427 ms)
[06/Dec/2023:16:28:07 -0300] 0:0:0:0:0:0:0:1 "GET /bff/clima/-32.4845349/-58.2321416 HTTP/1.1" 200 (431 ms)
[06/Dec/2023:16:28:08 -0300] 0:0:0:0:0:0:0:1 "GET /bff/clima/-32.4845349/-58.2321416 HTTP/1.1" 200 (410 ms)
[06/Dec/2023:16:28:08 -0300] 0:0:0:0:0:0:0:1 "GET /bff/clima/-32.4845349/-58.2321416 HTTP/1.1" 200 (432 ms)
[06/Dec/2023:16:28:08 -0300] 0:0:0:0:0:0:0:1 "GET /bff/clima/-32.4845349/-58.2321416 HTTP/1.1" 200 (438 ms)
[06/Dec/2023:16:28:09 -0300] 0:0:0:0:0:0:0:1 "GET /bff/clima/-32.4845349/-58.2321416 HTTP/1.1" 200 (869 ms)
[06/Dec/2023:16:28:10 -0300] 0:0:0:0:0:0:0:1 "GET /bff/clima/-32.4845349/-58.2321416 HTTP/1.1" 200 (430 ms)
[06/Dec/2023:16:28:10 -0300] 0:0:0:0:0:0:0:1 "GET /bff/clima/-32.4845349/-58.2321416 HTTP/1.1" 200 (425 ms)
[06/Dec/2023:16:28:11 -0300] 0:0:0:0:0:0:0:1 "GET /bff/clima/-32.4845349/-58.2321416 HTTP/1.1" 200 (423 ms)
[06/Dec/2023:16:28:11 -0300] 0:0:0:0:0:0:0:1 "GET /bff/clima/-32.4845349/-58.2321416 HTTP/1.1" 200 (423 ms)
[06/Dec/2023:16:28:11 -0300] 0:0:0:0:0:0:0:1 "GET /bff/clima/-32.4845349/-58.2321416 HTTP/1.1" 200 (427 ms)
[06/Dec/2023:16:28:12 -0300] 0:0:0:0:0:0:0:1 "GET /bff/clima/-32.4845349/-58.2321416 HTTP/1.1" 200 (847 ms)
[06/Dec/2023:16:29:03 -0300] 0:0:0:0:0:0:0:1 "GET /bff/actividad HTTP/1.1" 200 (158 ms)
[06/Dec/2023:16:29:03 -0300] 0:0:0:0:0:0:0:1 "GET /bff/actividad HTTP/1.1" 200 (110 ms)
[06/Dec/2023:16:29:04 -0300] 0:0:0:0:0:0:0:1 "GET /bff/clima/-32.4845349/-58.2321416 HTTP/1.1" 200 (753 ms)
[06/Dec/2023:16:29:04 -0300] 0:0:0:0:0:0:0:1 "GET /bff/clima/-32.4845349/-58.2321416 HTTP/1.1" 200 (249 ms)
[06/Dec/2023:16:29:04 -0300] 0:0:0:0:0:0:0:1 "GET /bff/clima/-32.4845349/-58.2321416 HTTP/1.1" 200 (252 ms)
[06/Dec/2023:16:29:04 -0300] 0:0:0:0:0:0:0:1 "GET /bff/clima/-32.4845349/-58.2321416 HTTP/1.1" 200 (250 ms)
[06/Dec/2023:16:29:05 -0300] 0:0:0:0:0:0:0:1 "GET /bff/clima/-32.4845349/-58.2321416 HTTP/1.1" 200 (250 ms)
[06/Dec/2023:16:29:05 -0300] 0:0:0:0:0:0:0:1 "GET /bff/clima/-32.4845349/-58.2321416 HTTP/1.1" 200 (247 ms)
[06/Dec/2023:16:29:05 -0300] 0:0:0:0:0:0:0:1 "GET /bff/clima/-32.4845349/-58.2321416 HTTP/1.1" 200 (250 ms)
[06/Dec/2023:16:29:05 -0300] 0:0:0:0:0:0:0:1 "GET /bff/clima/-32.4845349/-58.2321416 HTTP/1.1" 200 (250 ms)
[06/Dec/2023:16:29:06 -0300] 0:0:0:0:0:0:0:1 "GET /bff/clima/-32.4845349/-58.2321416 HTTP/1.1" 200 (250 ms)
[06/Dec/2023:16:29:06 -0300] 0:0:0:0:0:0:0:1 "GET /bff/clima/-32.4845349/-58.2321416 HTTP/1.1" 200 (249 ms)
[06/Dec/2023:16:29:06 -0300] 0:0:0:0:0:0:0:1 "GET /bff/clima/-32.4845349/-58.2321416 HTTP/1.1" 200 (249 ms)
[06/Dec/2023:16:29:06 -0300] 0:0:0:0:0:0:0:1 "GET /bff/clima/-32.4845349/-58.2321416 HTTP/1.1" 200 (249 ms)
[06/Dec/2023:16:29:07 -0300] 0:0:0:0:0:0:0:1 "GET /bff/clima/-32.4845349/-58.2321416 HTTP/1.1" 200 (249 ms)
[06/Dec/2023:16:29:07 -0300] 0:0:0:0:0:0:0:1 "GET /bff/clima/-32.4845349/-58.2321416 HTTP/1.1" 200 (249 ms)
[06/Dec/2023:16:29:07 -0300] 0:0:0:0:0:0:0:1 "GET /bff/clima/-32.4845349/-58.2321416 HTTP/1.1" 200 (248 ms)
[06/Dec/2023:16:29:07 -0300] 0:0:0:0:0:0:0:1 "GET /bff/clima/-32.4845349/-58.2321416 HTTP/1.1" 200 (251 ms)
[06/Dec/2023:16:29:08 -0300] 0:0:0:0:0:0:0:1 "GET /bff/clima/-32.4845349/-58.2321416 HTTP/1.1" 200 (247 ms)
[06/Dec/2023:16:29:08 -0300] 0:0:0:0:0:0:0:1 "GET /bff/clima/-32.4845349/-58.2321416 HTTP/1.1" 200 (251 ms)
[06/Dec/2023:16:29:08 -0300] 0:0:0:0:0:0:0:1 "GET /bff/clima/-32.4845349/-58.2321416 HTTP/1.1" 200 (248 ms)
[06/Dec/2023:16:29:08 -0300] 0:0:0:0:0:0:0:1 "GET /bff/clima/-32.4845349/-58.2321416 HTTP/1.1" 200 (251 ms)
[06/Dec/2023:16:29:09 -0300] 0:0:0:0:0:0:0:1 "GET /bff/clima/-32.4845349/-58.2321416 HTTP/1.1" 200 (249 ms)
[06/Dec/2023:16:29:09 -0300] 0:0:0:0:0:0:0:1 "GET /bff/clima/-32.4845349/-58.2321416 HTTP/1.1" 200 (249 ms)
[06/Dec/2023:16:29:09 -0300] 0:0:0:0:0:0:0:1 "GET /bff/clima/-32.4845349/-58.2321416 HTTP/1.1" 200 (247 ms)
[06/Dec/2023:16:33:01 -0300] 0:0:0:0:0:0:0:1 "GET /bff/actividad HTTP/1.1" 200 (156 ms)
[06/Dec/2023:16:33:01 -0300] 0:0:0:0:0:0:0:1 "GET /bff/actividad HTTP/1.1" 200 (105 ms)
[06/Dec/2023:16:33:02 -0300] 0:0:0:0:0:0:0:1 "GET /bff/clima/-32.4845349/-58.2321416 HTTP/1.1" 200 (1268 ms)
[06/Dec/2023:16:33:04 -0300] 0:0:0:0:0:0:0:1 "GET /bff/clima/-32.4845349/-58.2321416 HTTP/1.1" 200 (1185 ms)
[06/Dec/2023:16:33:04 -0300] 0:0:0:0:0:0:0:1 "GET /bff/clima/-32.4845349/-58.2321416 HTTP/1.1" 200 (426 ms)
[06/Dec/2023:16:33:05 -0300] 0:0:0:0:0:0:0:1 "GET /bff/clima/-32.4845349/-58.2321416 HTTP/1.1" 200 (422 ms)
[06/Dec/2023:16:33:05 -0300] 0:0:0:0:0:0:0:1 "GET /bff/clima/-32.4845349/-58.2321416 HTTP/1.1" 200 (417 ms)
[06/Dec/2023:16:33:05 -0300] 0:0:0:0:0:0:0:1 "GET /bff/clima/-32.4845349/-58.2321416 HTTP/1.1" 200 (417 ms)
[06/Dec/2023:16:33:06 -0300] 0:0:0:0:0:0:0:1 "GET /bff/clima/-32.4845349/-58.2321416 HTTP/1.1" 200 (951 ms)
[06/Dec/2023:16:33:07 -0300] 0:0:0:0:0:0:0:1 "GET /bff/clima/-32.4845349/-58.2321416 HTTP/1.1" 200 (420 ms)
[06/Dec/2023:16:33:07 -0300] 0:0:0:0:0:0:0:1 "GET /bff/clima/-32.4845349/-58.2321416 HTTP/1.1" 200 (426 ms)
[06/Dec/2023:16:33:08 -0300] 0:0:0:0:0:0:0:1 "GET /bff/clima/-32.4845349/-58.2321416 HTTP/1.1" 200 (419 ms)
[06/Dec/2023:16:33:08 -0300] 0:0:0:0:0:0:0:1 "GET /bff/clima/-32.4845349/-58.2321416 HTTP/1.1" 200 (426 ms)
[06/Dec/2023:16:33:08 -0300] 0:0:0:0:0:0:0:1 "GET /bff/clima/-32.4845349/-58.2321416 HTTP/1.1" 200 (423 ms)
[06/Dec/2023:16:33:09 -0300] 0:0:0:0:0:0:0:1 "GET /bff/clima/-32.4845349/-58.2321416 HTTP/1.1" 200 (871 ms)
[06/Dec/2023:16:33:10 -0300] 0:0:0:0:0:0:0:1 "GET /bff/clima/-32.4845349/-58.2321416 HTTP/1.1" 200 (416 ms)
[06/Dec/2023:16:33:10 -0300] 0:0:0:0:0:0:0:1 "GET /bff/clima/-32.4845349/-58.2321416 HTTP/1.1" 200 (415 ms)
[06/Dec/2023:16:33:11 -0300] 0:0:0:0:0:0:0:1 "GET /bff/clima/-32.4845349/-58.2321416 HTTP/1.1" 200 (425 ms)
[06/Dec/2023:16:33:11 -0300] 0:0:0:0:0:0:0:1 "GET /bff/clima/-32.4845349/-58.2321416 HTTP/1.1" 200 (423 ms)
[06/Dec/2023:16:33:11 -0300] 0:0:0:0:0:0:0:1 "GET /bff/clima/-32.4845349/-58.2321416 HTTP/1.1" 200 (417 ms)
[06/Dec/2023:16:33:12 -0300] 0:0:0:0:0:0:0:1 "GET /bff/clima/-32.4845349/-58.2321416 HTTP/1.1" 200 (410 ms)
[06/Dec/2023:16:33:12 -0300] 0:0:0:0:0:0:0:1 "GET /bff/clima/-32.4845349/-58.2321416 HTTP/1.1" 200 (420 ms)
[06/Dec/2023:16:33:13 -0300] 0:0:0:0:0:0:0:1 "GET /bff/clima/-32.4845349/-58.2321416 HTTP/1.1" 200 (423 ms)
[06/Dec/2023:16:33:13 -0300] 0:0:0:0:0:0:0:1 "GET /bff/clima/-32.4845349/-58.2321416 HTTP/1.1" 200 (420 ms)
[06/Dec/2023:16:33:13 -0300] 0:0:0:0:0:0:0:1 "GET /bff/clima/-32.4845349/-58.2321416 HTTP/1.1" 200 (415 ms)
[06/Dec/2023:16:33:16 -0300] 0:0:0:0:0:0:0:1 "GET /bff/actividad HTTP/1.1" 200 (161 ms)
[06/Dec/2023:16:33:16 -0300] 0:0:0:0:0:0:0:1 "GET /bff/actividad HTTP/1.1" 200 (112 ms)
[06/Dec/2023:16:33:16 -0300] 0:0:0:0:0:0:0:1 "GET /bff/clima/-32.4845349/-58.2321416 HTTP/1.1" 200 (427 ms)
[06/Dec/2023:16:33:17 -0300] 0:0:0:0:0:0:0:1 "GET /bff/clima/-32.4845349/-58.2321416 HTTP/1.1" 200 (422 ms)
[06/Dec/2023:16:33:17 -0300] 0:0:0:0:0:0:0:1 "GET /bff/clima/-32.4845349/-58.2321416 HTTP/1.1" 200 (417 ms)
[06/Dec/2023:16:33:18 -0300] 0:0:0:0:0:0:0:1 "GET /bff/clima/-32.4845349/-58.2321416 HTTP/1.1" 200 (421 ms)
[06/Dec/2023:16:33:18 -0300] 0:0:0:0:0:0:0:1 "GET /bff/clima/-32.4845349/-58.2321416 HTTP/1.1" 200 (839 ms)
[06/Dec/2023:16:33:19 -0300] 0:0:0:0:0:0:0:1 "GET /bff/clima/-32.4845349/-58.2321416 HTTP/1.1" 200 (420 ms)
[06/Dec/2023:16:33:19 -0300] 0:0:0:0:0:0:0:1 "GET /bff/clima/-32.4845349/-58.2321416 HTTP/1.1" 200 (416 ms)
[06/Dec/2023:16:33:20 -0300] 0:0:0:0:0:0:0:1 "GET /bff/clima/-32.4845349/-58.2321416 HTTP/1.1" 200 (420 ms)
[06/Dec/2023:16:33:20 -0300] 0:0:0:0:0:0:0:1 "GET /bff/clima/-32.4845349/-58.2321416 HTTP/1.1" 200 (419 ms)
[06/Dec/2023:16:33:21 -0300] 0:0:0:0:0:0:0:1 "GET /bff/clima/-32.4845349/-58.2321416 HTTP/1.1" 200 (847 ms)
[06/Dec/2023:16:33:21 -0300] 0:0:0:0:0:0:0:1 "GET /bff/clima/-32.4845349/-58.2321416 HTTP/1.1" 200 (421 ms)
[06/Dec/2023:16:33:22 -0300] 0:0:0:0:0:0:0:1 "GET /bff/clima/-32.4845349/-58.2321416 HTTP/1.1" 200 (847 ms)
[06/Dec/2023:16:33:23 -0300] 0:0:0:0:0:0:0:1 "GET /bff/clima/-32.4845349/-58.2321416 HTTP/1.1" 200 (839 ms)
[06/Dec/2023:16:33:24 -0300] 0:0:0:0:0:0:0:1 "GET /bff/actividad HTTP/1.1" 200 (153 ms)
[06/Dec/2023:16:33:24 -0300] 0:0:0:0:0:0:0:1 "GET /bff/actividad HTTP/1.1" 200 (107 ms)
[06/Dec/2023:16:33:24 -0300] 0:0:0:0:0:0:0:1 "GET /bff/clima/-32.4845349/-58.2321416 HTTP/1.1" 200 (424 ms)
[06/Dec/2023:16:33:25 -0300] 0:0:0:0:0:0:0:1 "GET /bff/clima/-32.4845349/-58.2321416 HTTP/1.1" 200 (845 ms)
[06/Dec/2023:16:33:25 -0300] 0:0:0:0:0:0:0:1 "GET /bff/clima/-32.4845349/-58.2321416 HTTP/1.1" 200 (421 ms)
[06/Dec/2023:16:33:26 -0300] 0:0:0:0:0:0:0:1 "GET /bff/clima/-32.4845349/-58.2321416 HTTP/1.1" 200 (412 ms)
[06/Dec/2023:16:33:26 -0300] 0:0:0:0:0:0:0:1 "GET /bff/clima/-32.4845349/-58.2321416 HTTP/1.1" 200 (420 ms)
[06/Dec/2023:16:33:26 -0300] 0:0:0:0:0:0:0:1 "GET /bff/clima/-32.4845349/-58.2321416 HTTP/1.1" 200 (420 ms)
[06/Dec/2023:16:33:27 -0300] 0:0:0:0:0:0:0:1 "GET /bff/clima/-32.4845349/-58.2321416 HTTP/1.1" 200 (416 ms)
[06/Dec/2023:16:33:27 -0300] 0:0:0:0:0:0:0:1 "GET /bff/clima/-32.4845349/-58.2321416 HTTP/1.1" 200 (425 ms)
[06/Dec/2023:16:33:28 -0300] 0:0:0:0:0:0:0:1 "GET /bff/clima/-32.4845349/-58.2321416 HTTP/1.1" 200 (420 ms)
[06/Dec/2023:16:33:28 -0300] 0:0:0:0:0:0:0:1 "GET /bff/clima/-32.4845349/-58.2321416 HTTP/1.1" 200 (419 ms)
[06/Dec/2023:16:33:29 -0300] 0:0:0:0:0:0:0:1 "GET /bff/clima/-32.4845349/-58.2321416 HTTP/1.1" 200 (422 ms)
[06/Dec/2023:16:33:31 -0300] 0:0:0:0:0:0:0:1 "GET /bff/clima/-32.4845349/-58.2321416 HTTP/1.1" 200 (2083 ms)
[06/Dec/2023:16:33:34 -0300] 0:0:0:0:0:0:0:1 "GET /bff/clima/-32.4845349/-58.2321416 HTTP/1.1" 200 (3725 ms)
[06/Dec/2023:16:33:35 -0300] 0:0:0:0:0:0:0:1 "GET /bff/clima/-32.4845349/-58.2321416 HTTP/1.1" 200 (414 ms)
[06/Dec/2023:16:33:35 -0300] 0:0:0:0:0:0:0:1 "GET /bff/clima/-32.4845349/-58.2321416 HTTP/1.1" 200 (419 ms)
[06/Dec/2023:16:33:36 -0300] 0:0:0:0:0:0:0:1 "GET /bff/clima/-32.4845349/-58.2321416 HTTP/1.1" 200 (415 ms)
[06/Dec/2023:16:33:36 -0300] 0:0:0:0:0:0:0:1 "GET /bff/clima/-32.4845349/-58.2321416 HTTP/1.1" 200 (420 ms)
[06/Dec/2023:16:33:37 -0300] 0:0:0:0:0:0:0:1 "GET /bff/clima/-32.4845349/-58.2321416 HTTP/1.1" 200 (831 ms)
[06/Dec/2023:16:33:37 -0300] 0:0:0:0:0:0:0:1 "GET /bff/clima/-32.4845349/-58.2321416 HTTP/1.1" 200 (426 ms)
[06/Dec/2023:16:33:38 -0300] 0:0:0:0:0:0:0:1 "GET /bff/clima/-32.4845349/-58.2321416 HTTP/1.1" 200 (411 ms)
[06/Dec/2023:16:33:38 -0300] 0:0:0:0:0:0:0:1 "GET /bff/clima/-32.4845349/-58.2321416 HTTP/1.1" 200 (427 ms)
[06/Dec/2023:16:33:39 -0300] 0:0:0:0:0:0:0:1 "GET /bff/clima/-32.4845349/-58.2321416 HTTP/1.1" 200 (419 ms)
[06/Dec/2023:16:33:39 -0300] 0:0:0:0:0:0:0:1 "GET /bff/clima/-32.4845349/-58.2321416 HTTP/1.1" 200 (422 ms)
[06/Dec/2023:16:35:55 -0300] 0:0:0:0:0:0:0:1 "GET /bff/actividad HTTP/1.1" 200 (162 ms)
[06/Dec/2023:16:35:55 -0300] 0:0:0:0:0:0:0:1 "GET /bff/actividad HTTP/1.1" 200 (108 ms)
[06/Dec/2023:16:35:56 -0300] 0:0:0:0:0:0:0:1 "GET /bff/clima/-32.4845349/-58.2321416 HTTP/1.1" 200 (755 ms)
[06/Dec/2023:16:35:56 -0300] 0:0:0:0:0:0:0:1 "GET /bff/clima/-32.4845349/-58.2321416 HTTP/1.1" 200 (251 ms)
[06/Dec/2023:16:35:56 -0300] 0:0:0:0:0:0:0:1 "GET /bff/clima/-32.4845349/-58.2321416 HTTP/1.1" 200 (251 ms)
[06/Dec/2023:16:35:57 -0300] 0:0:0:0:0:0:0:1 "GET /bff/clima/-32.4845349/-58.2321416 HTTP/1.1" 200 (248 ms)
[06/Dec/2023:16:35:57 -0300] 0:0:0:0:0:0:0:1 "GET /bff/clima/-32.4845349/-58.2321416 HTTP/1.1" 200 (247 ms)
[06/Dec/2023:16:35:57 -0300] 0:0:0:0:0:0:0:1 "GET /bff/clima/-32.4845349/-58.2321416 HTTP/1.1" 200 (249 ms)
[06/Dec/2023:16:35:57 -0300] 0:0:0:0:0:0:0:1 "GET /bff/clima/-32.4845349/-58.2321416 HTTP/1.1" 200 (249 ms)
[06/Dec/2023:16:35:58 -0300] 0:0:0:0:0:0:0:1 "GET /bff/clima/-32.4845349/-58.2321416 HTTP/1.1" 200 (248 ms)
[06/Dec/2023:16:35:58 -0300] 0:0:0:0:0:0:0:1 "GET /bff/clima/-32.4845349/-58.2321416 HTTP/1.1" 200 (249 ms)
[06/Dec/2023:16:35:58 -0300] 0:0:0:0:0:0:0:1 "GET /bff/clima/-32.4845349/-58.2321416 HTTP/1.1" 200 (249 ms)
[06/Dec/2023:16:35:58 -0300] 0:0:0:0:0:0:0:1 "GET /bff/clima/-32.4845349/-58.2321416 HTTP/1.1" 200 (248 ms)
[06/Dec/2023:16:35:59 -0300] 0:0:0:0:0:0:0:1 "GET /bff/clima/-32.4845349/-58.2321416 HTTP/1.1" 200 (249 ms)
[06/Dec/2023:16:35:59 -0300] 0:0:0:0:0:0:0:1 "GET /bff/clima/-32.4845349/-58.2321416 HTTP/1.1" 200 (247 ms)
[06/Dec/2023:16:35:59 -0300] 0:0:0:0:0:0:0:1 "GET /bff/clima/-32.4845349/-58.2321416 HTTP/1.1" 200 (248 ms)
[06/Dec/2023:16:35:59 -0300] 0:0:0:0:0:0:0:1 "GET /bff/clima/-32.4845349/-58.2321416 HTTP/1.1" 200 (248 ms)
[06/Dec/2023:16:36:00 -0300] 0:0:0:0:0:0:0:1 "GET /bff/clima/-32.4845349/-58.2321416 HTTP/1.1" 200 (251 ms)
[06/Dec/2023:16:36:00 -0300] 0:0:0:0:0:0:0:1 "GET /bff/clima/-32.4845349/-58.2321416 HTTP/1.1" 200 (248 ms)
[06/Dec/2023:16:36:00 -0300] 0:0:0:0:0:0:0:1 "GET /bff/clima/-32.4845349/-58.2321416 HTTP/1.1" 200 (248 ms)
[06/Dec/2023:16:36:00 -0300] 0:0:0:0:0:0:0:1 "GET /bff/clima/-32.4845349/-58.2321416 HTTP/1.1" 200 (247 ms)
[06/Dec/2023:16:36:01 -0300] 0:0:0:0:0:0:0:1 "GET /bff/clima/-32.4845349/-58.2321416 HTTP/1.1" 200 (247 ms)
[06/Dec/2023:16:36:01 -0300] 0:0:0:0:0:0:0:1 "GET /bff/clima/-32.4845349/-58.2321416 HTTP/1.1" 200 (248 ms)
[06/Dec/2023:16:36:01 -0300] 0:0:0:0:0:0:0:1 "GET /bff/clima/-32.4845349/-58.2321416 HTTP/1.1" 200 (249 ms)
[06/Dec/2023:16:36:01 -0300] 0:0:0:0:0:0:0:1 "GET /bff/clima/-32.4845349/-58.2321416 HTTP/1.1" 200 (248 ms)
[06/Dec/2023:16:44:53 -0300] 0:0:0:0:0:0:0:1 "GET /bff/actividad HTTP/1.1" 200 (153 ms)
[06/Dec/2023:16:44:53 -0300] 0:0:0:0:0:0:0:1 "GET /bff/actividad HTTP/1.1" 200 (107 ms)
[06/Dec/2023:16:44:56 -0300] 0:0:0:0:0:0:0:1 "GET /bff/clima/-32.4845349/-58.2321416 HTTP/1.1" 200 (3288 ms)
[06/Dec/2023:16:44:56 -0300] 0:0:0:0:0:0:0:1 "GET /bff/clima/-32.4845349/-58.2321416 HTTP/1.1" 200 (415 ms)
[06/Dec/2023:16:44:57 -0300] 0:0:0:0:0:0:0:1 "GET /bff/clima/-32.4845349/-58.2321416 HTTP/1.1" 200 (418 ms)
[06/Dec/2023:16:44:58 -0300] 0:0:0:0:0:0:0:1 "GET /bff/clima/-32.4845349/-58.2321416 HTTP/1.1" 200 (1170 ms)
[06/Dec/2023:16:44:58 -0300] 0:0:0:0:0:0:0:1 "GET /bff/clima/-32.4845349/-58.2321416 HTTP/1.1" 200 (414 ms)
[06/Dec/2023:16:44:59 -0300] 0:0:0:0:0:0:0:1 "GET /bff/clima/-32.4845349/-58.2321416 HTTP/1.1" 200 (416 ms)
[06/Dec/2023:16:45:00 -0300] 0:0:0:0:0:0:0:1 "GET /bff/clima/-32.4845349/-58.2321416 HTTP/1.1" 200 (1031 ms)
[06/Dec/2023:16:45:00 -0300] 0:0:0:0:0:0:0:1 "GET /bff/clima/-32.4845349/-58.2321416 HTTP/1.1" 200 (415 ms)
[06/Dec/2023:16:45:00 -0300] 0:0:0:0:0:0:0:1 "GET /bff/clima/-32.4845349/-58.2321416 HTTP/1.1" 200 (420 ms)
[06/Dec/2023:16:45:01 -0300] 0:0:0:0:0:0:0:1 "GET /bff/clima/-32.4845349/-58.2321416 HTTP/1.1" 200 (430 ms)
[06/Dec/2023:16:45:01 -0300] 0:0:0:0:0:0:0:1 "GET /bff/clima/-32.4845349/-58.2321416 HTTP/1.1" 200 (417 ms)
[06/Dec/2023:16:45:02 -0300] 0:0:0:0:0:0:0:1 "GET /bff/clima/-32.4845349/-58.2321416 HTTP/1.1" 200 (416 ms)
[06/Dec/2023:16:45:02 -0300] 0:0:0:0:0:0:0:1 "GET /bff/clima/-32.4845349/-58.2321416 HTTP/1.1" 200 (417 ms)
[06/Dec/2023:16:45:03 -0300] 0:0:0:0:0:0:0:1 "GET /bff/clima/-32.4845349/-58.2321416 HTTP/1.1" 200 (423 ms)
[06/Dec/2023:16:45:03 -0300] 0:0:0:0:0:0:0:1 "GET /bff/clima/-32.4845349/-58.2321416 HTTP/1.1" 200 (414 ms)
[06/Dec/2023:16:45:04 -0300] 0:0:0:0:0:0:0:1 "GET /bff/clima/-32.4845349/-58.2321416 HTTP/1.1" 200 (849 ms)
[06/Dec/2023:16:45:04 -0300] 0:0:0:0:0:0:0:1 "GET /bff/clima/-32.4845349/-58.2321416 HTTP/1.1" 200 (419 ms)
[06/Dec/2023:16:45:05 -0300] 0:0:0:0:0:0:0:1 "GET /bff/clima/-32.4845349/-58.2321416 HTTP/1.1" 200 (425 ms)
[06/Dec/2023:16:45:05 -0300] 0:0:0:0:0:0:0:1 "GET /bff/clima/-32.4845349/-58.2321416 HTTP/1.1" 200 (419 ms)
[06/Dec/2023:16:45:05 -0300] 0:0:0:0:0:0:0:1 "GET /bff/clima/-32.4845349/-58.2321416 HTTP/1.1" 200 (416 ms)
[06/Dec/2023:16:45:06 -0300] 0:0:0:0:0:0:0:1 "GET /bff/clima/-32.4845349/-58.2321416 HTTP/1.1" 200 (418 ms)
[06/Dec/2023:16:45:07 -0300] 0:0:0:0:0:0:0:1 "GET /bff/clima/-32.4845349/-58.2321416 HTTP/1.1" 200 (838 ms)
[06/Dec/2023:16:45:07 -0300] 0:0:0:0:0:0:0:1 "GET /bff/clima/-32.4845349/-58.2321416 HTTP/1.1" 200 (420 ms)
[06/Dec/2023:16:49:15 -0300] 0:0:0:0:0:0:0:1 "GET /bff/actividad HTTP/1.1" 200 (160 ms)
[06/Dec/2023:16:49:16 -0300] 0:0:0:0:0:0:0:1 "GET /bff/actividad HTTP/1.1" 200 (112 ms)
[06/Dec/2023:16:49:16 -0300] 0:0:0:0:0:0:0:1 "GET /bff/clima/-32.4845349/-58.2321416 HTTP/1.1" 200 (764 ms)
[06/Dec/2023:16:49:16 -0300] 0:0:0:0:0:0:0:1 "GET /bff/clima/-32.4845349/-58.2321416 HTTP/1.1" 200 (253 ms)
[06/Dec/2023:16:49:17 -0300] 0:0:0:0:0:0:0:1 "GET /bff/clima/-32.4845349/-58.2321416 HTTP/1.1" 200 (249 ms)
[06/Dec/2023:16:49:17 -0300] 0:0:0:0:0:0:0:1 "GET /bff/clima/-32.4845349/-58.2321416 HTTP/1.1" 200 (252 ms)
[06/Dec/2023:16:49:17 -0300] 0:0:0:0:0:0:0:1 "GET /bff/clima/-32.4845349/-58.2321416 HTTP/1.1" 200 (251 ms)
[06/Dec/2023:16:49:17 -0300] 0:0:0:0:0:0:0:1 "GET /bff/clima/-32.4845349/-58.2321416 HTTP/1.1" 200 (250 ms)
[06/Dec/2023:16:49:18 -0300] 0:0:0:0:0:0:0:1 "GET /bff/clima/-32.4845349/-58.2321416 HTTP/1.1" 200 (250 ms)
[06/Dec/2023:16:49:18 -0300] 0:0:0:0:0:0:0:1 "GET /bff/clima/-32.4845349/-58.2321416 HTTP/1.1" 200 (252 ms)
[06/Dec/2023:16:49:18 -0300] 0:0:0:0:0:0:0:1 "GET /bff/clima/-32.4845349/-58.2321416 HTTP/1.1" 200 (249 ms)
[06/Dec/2023:16:49:18 -0300] 0:0:0:0:0:0:0:1 "GET /bff/clima/-32.4845349/-58.2321416 HTTP/1.1" 200 (248 ms)
[06/Dec/2023:16:49:19 -0300] 0:0:0:0:0:0:0:1 "GET /bff/clima/-32.4845349/-58.2321416 HTTP/1.1" 200 (251 ms)
[06/Dec/2023:16:49:19 -0300] 0:0:0:0:0:0:0:1 "GET /bff/clima/-32.4845349/-58.2321416 HTTP/1.1" 200 (251 ms)
[06/Dec/2023:16:49:19 -0300] 0:0:0:0:0:0:0:1 "GET /bff/clima/-32.4845349/-58.2321416 HTTP/1.1" 200 (251 ms)
[06/Dec/2023:16:49:19 -0300] 0:0:0:0:0:0:0:1 "GET /bff/clima/-32.4845349/-58.2321416 HTTP/1.1" 200 (250 ms)
[06/Dec/2023:16:49:20 -0300] 0:0:0:0:0:0:0:1 "GET /bff/clima/-32.4845349/-58.2321416 HTTP/1.1" 200 (250 ms)
[06/Dec/2023:16:49:20 -0300] 0:0:0:0:0:0:0:1 "GET /bff/clima/-32.4845349/-58.2321416 HTTP/1.1" 200 (252 ms)
[06/Dec/2023:16:49:20 -0300] 0:0:0:0:0:0:0:1 "GET /bff/clima/-32.4845349/-58.2321416 HTTP/1.1" 200 (249 ms)
[06/Dec/2023:16:49:20 -0300] 0:0:0:0:0:0:0:1 "GET /bff/clima/-32.4845349/-58.2321416 HTTP/1.1" 200 (249 ms)
[06/Dec/2023:16:49:21 -0300] 0:0:0:0:0:0:0:1 "GET /bff/clima/-32.4845349/-58.2321416 HTTP/1.1" 200 (250 ms)
[06/Dec/2023:16:49:21 -0300] 0:0:0:0:0:0:0:1 "GET /bff/clima/-32.4845349/-58.2321416 HTTP/1.1" 200 (250 ms)
[06/Dec/2023:16:49:21 -0300] 0:0:0:0:0:0:0:1 "GET /bff/clima/-32.4845349/-58.2321416 HTTP/1.1" 200 (249 ms)
[06/Dec/2023:16:49:21 -0300] 0:0:0:0:0:0:0:1 "GET /bff/clima/-32.4845349/-58.2321416 HTTP/1.1" 200 (250 ms)
[06/Dec/2023:16:49:22 -0300] 0:0:0:0:0:0:0:1 "GET /bff/clima/-32.4845349/-58.2321416 HTTP/1.1" 200 (250 ms)
[06/Dec/2023:16:50:32 -0300] 0:0:0:0:0:0:0:1 "GET /bff/actividad HTTP/1.1" 200 (170 ms)
[06/Dec/2023:16:50:32 -0300] 0:0:0:0:0:0:0:1 "GET /bff/actividad HTTP/1.1" 200 (117 ms)
[06/Dec/2023:16:50:32 -0300] 0:0:0:0:0:0:0:1 "GET /bff/clima/-32.4845349/-58.2321416 HTTP/1.1" 200 (753 ms)
[06/Dec/2023:16:50:32 -0300] 0:0:0:0:0:0:0:1 "GET /bff/clima/-32.4845349/-58.2321416 HTTP/1.1" 200 (261 ms)
[06/Dec/2023:16:50:33 -0300] 0:0:0:0:0:0:0:1 "GET /bff/clima/-32.4845349/-58.2321416 HTTP/1.1" 200 (261 ms)
[06/Dec/2023:16:50:33 -0300] 0:0:0:0:0:0:0:1 "GET /bff/clima/-32.4845349/-58.2321416 HTTP/1.1" 200 (249 ms)
[06/Dec/2023:16:50:33 -0300] 0:0:0:0:0:0:0:1 "GET /bff/clima/-32.4845349/-58.2321416 HTTP/1.1" 200 (258 ms)
[06/Dec/2023:16:50:33 -0300] 0:0:0:0:0:0:0:1 "GET /bff/clima/-32.4845349/-58.2321416 HTTP/1.1" 200 (249 ms)
[06/Dec/2023:16:50:34 -0300] 0:0:0:0:0:0:0:1 "GET /bff/clima/-32.4845349/-58.2321416 HTTP/1.1" 200 (246 ms)
[06/Dec/2023:16:50:34 -0300] 0:0:0:0:0:0:0:1 "GET /bff/clima/-32.4845349/-58.2321416 HTTP/1.1" 200 (247 ms)
[06/Dec/2023:16:50:34 -0300] 0:0:0:0:0:0:0:1 "GET /bff/clima/-32.4845349/-58.2321416 HTTP/1.1" 200 (245 ms)
[06/Dec/2023:16:50:34 -0300] 0:0:0:0:0:0:0:1 "GET /bff/clima/-32.4845349/-58.2321416 HTTP/1.1" 200 (248 ms)
[06/Dec/2023:16:50:35 -0300] 0:0:0:0:0:0:0:1 "GET /bff/clima/-32.4845349/-58.2321416 HTTP/1.1" 200 (255 ms)
[06/Dec/2023:16:50:35 -0300] 0:0:0:0:0:0:0:1 "GET /bff/clima/-32.4845349/-58.2321416 HTTP/1.1" 200 (247 ms)
[06/Dec/2023:16:50:35 -0300] 0:0:0:0:0:0:0:1 "GET /bff/clima/-32.4845349/-58.2321416 HTTP/1.1" 200 (247 ms)
[06/Dec/2023:16:50:35 -0300] 0:0:0:0:0:0:0:1 "GET /bff/clima/-32.4845349/-58.2321416 HTTP/1.1" 200 (247 ms)
[06/Dec/2023:16:50:36 -0300] 0:0:0:0:0:0:0:1 "GET /bff/clima/-32.4845349/-58.2321416 HTTP/1.1" 200 (247 ms)
[06/Dec/2023:16:50:36 -0300] 0:0:0:0:0:0:0:1 "GET /bff/clima/-32.4845349/-58.2321416 HTTP/1.1" 200 (247 ms)
[06/Dec/2023:16:50:36 -0300] 0:0:0:0:0:0:0:1 "GET /bff/clima/-32.4845349/-58.2321416 HTTP/1.1" 200 (248 ms)
[06/Dec/2023:16:50:36 -0300] 0:0:0:0:0:0:0:1 "GET /bff/clima/-32.4845349/-58.2321416 HTTP/1.1" 200 (247 ms)
[06/Dec/2023:16:50:37 -0300] 0:0:0:0:0:0:0:1 "GET /bff/clima/-32.4845349/-58.2321416 HTTP/1.1" 200 (248 ms)
[06/Dec/2023:16:50:37 -0300] 0:0:0:0:0:0:0:1 "GET /bff/clima/-32.4845349/-58.2321416 HTTP/1.1" 200 (248 ms)
[06/Dec/2023:16:50:37 -0300] 0:0:0:0:0:0:0:1 "GET /bff/clima/-32.4845349/-58.2321416 HTTP/1.1" 200 (247 ms)
[06/Dec/2023:16:50:37 -0300] 0:0:0:0:0:0:0:1 "GET /bff/clima/-32.4845349/-58.2321416 HTTP/1.1" 200 (247 ms)
[06/Dec/2023:16:50:38 -0300] 0:0:0:0:0:0:0:1 "GET /bff/clima/-32.4845349/-58.2321416 HTTP/1.1" 200 (247 ms)
[06/Dec/2023:16:50:39 -0300] 0:0:0:0:0:0:0:1 "GET /bff/actividad HTTP/1.1" 200 (154 ms)
[06/Dec/2023:16:50:39 -0300] 0:0:0:0:0:0:0:1 "GET /bff/clima/-32.4845349/-58.2321416 HTTP/1.1" 200 (252 ms)
[06/Dec/2023:16:50:39 -0300] 0:0:0:0:0:0:0:1 "GET /bff/actividad HTTP/1.1" 200 (106 ms)
[06/Dec/2023:16:50:40 -0300] 0:0:0:0:0:0:0:1 "GET /bff/clima/-32.4845349/-58.2321416 HTTP/1.1" 200 (250 ms)
[06/Dec/2023:16:50:40 -0300] 0:0:0:0:0:0:0:1 "GET /bff/clima/-32.4845349/-58.2321416 HTTP/1.1" 200 (248 ms)
[06/Dec/2023:16:50:40 -0300] 0:0:0:0:0:0:0:1 "GET /bff/clima/-32.4845349/-58.2321416 HTTP/1.1" 200 (246 ms)
[06/Dec/2023:16:50:40 -0300] 0:0:0:0:0:0:0:1 "GET /bff/clima/-32.4845349/-58.2321416 HTTP/1.1" 200 (250 ms)
[06/Dec/2023:16:50:41 -0300] 0:0:0:0:0:0:0:1 "GET /bff/clima/-32.4845349/-58.2321416 HTTP/1.1" 200 (247 ms)
[06/Dec/2023:16:50:41 -0300] 0:0:0:0:0:0:0:1 "GET /bff/clima/-32.4845349/-58.2321416 HTTP/1.1" 200 (247 ms)
[06/Dec/2023:16:50:41 -0300] 0:0:0:0:0:0:0:1 "GET /bff/clima/-32.4845349/-58.2321416 HTTP/1.1" 200 (250 ms)
[06/Dec/2023:16:50:41 -0300] 0:0:0:0:0:0:0:1 "GET /bff/clima/-32.4845349/-58.2321416 HTTP/1.1" 200 (249 ms)
[06/Dec/2023:16:50:42 -0300] 0:0:0:0:0:0:0:1 "GET /bff/clima/-32.4845349/-58.2321416 HTTP/1.1" 200 (247 ms)
[06/Dec/2023:16:50:42 -0300] 0:0:0:0:0:0:0:1 "GET /bff/clima/-32.4845349/-58.2321416 HTTP/1.1" 200 (248 ms)
[06/Dec/2023:16:50:42 -0300] 0:0:0:0:0:0:0:1 "GET /bff/clima/-32.4845349/-58.2321416 HTTP/1.1" 200 (249 ms)
[06/Dec/2023:16:50:42 -0300] 0:0:0:0:0:0:0:1 "GET /bff/clima/-32.4845349/-58.2321416 HTTP/1.1" 200 (248 ms)
[06/Dec/2023:16:50:43 -0300] 0:0:0:0:0:0:0:1 "GET /bff/clima/-32.4845349/-58.2321416 HTTP/1.1" 200 (248 ms)
[06/Dec/2023:16:50:43 -0300] 0:0:0:0:0:0:0:1 "GET /bff/clima/-32.4845349/-58.2321416 HTTP/1.1" 200 (246 ms)
[06/Dec/2023:16:50:43 -0300] 0:0:0:0:0:0:0:1 "GET /bff/clima/-32.4845349/-58.2321416 HTTP/1.1" 200 (247 ms)
[06/Dec/2023:16:50:43 -0300] 0:0:0:0:0:0:0:1 "GET /bff/clima/-32.4845349/-58.2321416 HTTP/1.1" 200 (247 ms)
[06/Dec/2023:16:50:44 -0300] 0:0:0:0:0:0:0:1 "GET /bff/clima/-32.4845349/-58.2321416 HTTP/1.1" 200 (246 ms)
[06/Dec/2023:16:50:44 -0300] 0:0:0:0:0:0:0:1 "GET /bff/clima/-32.4845349/-58.2321416 HTTP/1.1" 200 (247 ms)
[06/Dec/2023:16:50:44 -0300] 0:0:0:0:0:0:0:1 "GET /bff/clima/-32.4845349/-58.2321416 HTTP/1.1" 200 (246 ms)
[06/Dec/2023:16:50:44 -0300] 0:0:0:0:0:0:0:1 "GET /bff/clima/-32.4845349/-58.2321416 HTTP/1.1" 200 (253 ms)
[06/Dec/2023:16:50:45 -0300] 0:0:0:0:0:0:0:1 "GET /bff/clima/-32.4845349/-58.2321416 HTTP/1.1" 200 (251 ms)
[06/Dec/2023:16:50:45 -0300] 0:0:0:0:0:0:0:1 "GET /bff/clima/-32.4845349/-58.2321416 HTTP/1.1" 200 (247 ms)
[06/Dec/2023:16:50:46 -0300] 0:0:0:0:0:0:0:1 "GET /bff/actividad HTTP/1.1" 200 (161 ms)
[06/Dec/2023:16:50:46 -0300] 0:0:0:0:0:0:0:1 "GET /bff/clima/-32.4845349/-58.2321416 HTTP/1.1" 200 (253 ms)
[06/Dec/2023:16:50:46 -0300] 0:0:0:0:0:0:0:1 "GET /bff/actividad HTTP/1.1" 200 (110 ms)
[06/Dec/2023:16:50:46 -0300] 0:0:0:0:0:0:0:1 "GET /bff/clima/-32.4845349/-58.2321416 HTTP/1.1" 200 (249 ms)
[06/Dec/2023:16:50:46 -0300] 0:0:0:0:0:0:0:1 "GET /bff/clima/-32.4845349/-58.2321416 HTTP/1.1" 200 (250 ms)
[06/Dec/2023:16:50:47 -0300] 0:0:0:0:0:0:0:1 "GET /bff/clima/-32.4845349/-58.2321416 HTTP/1.1" 200 (247 ms)
[06/Dec/2023:16:50:47 -0300] 0:0:0:0:0:0:0:1 "GET /bff/clima/-32.4845349/-58.2321416 HTTP/1.1" 200 (249 ms)
[06/Dec/2023:16:50:47 -0300] 0:0:0:0:0:0:0:1 "GET /bff/clima/-32.4845349/-58.2321416 HTTP/1.1" 200 (250 ms)
[06/Dec/2023:16:50:47 -0300] 0:0:0:0:0:0:0:1 "GET /bff/clima/-32.4845349/-58.2321416 HTTP/1.1" 200 (248 ms)
[06/Dec/2023:16:50:48 -0300] 0:0:0:0:0:0:0:1 "GET /bff/clima/-32.4845349/-58.2321416 HTTP/1.1" 200 (247 ms)
[06/Dec/2023:16:50:48 -0300] 0:0:0:0:0:0:0:1 "GET /bff/clima/-32.4845349/-58.2321416 HTTP/1.1" 200 (248 ms)
[06/Dec/2023:16:50:48 -0300] 0:0:0:0:0:0:0:1 "GET /bff/clima/-32.4845349/-58.2321416 HTTP/1.1" 200 (248 ms)
[06/Dec/2023:16:50:48 -0300] 0:0:0:0:0:0:0:1 "GET /bff/clima/-32.4845349/-58.2321416 HTTP/1.1" 200 (246 ms)
[06/Dec/2023:16:50:49 -0300] 0:0:0:0:0:0:0:1 "GET /bff/clima/-32.4845349/-58.2321416 HTTP/1.1" 200 (247 ms)
[06/Dec/2023:16:50:49 -0300] 0:0:0:0:0:0:0:1 "GET /bff/clima/-32.4845349/-58.2321416 HTTP/1.1" 200 (247 ms)
[06/Dec/2023:16:50:49 -0300] 0:0:0:0:0:0:0:1 "GET /bff/clima/-32.4845349/-58.2321416 HTTP/1.1" 200 (248 ms)
[06/Dec/2023:16:50:49 -0300] 0:0:0:0:0:0:0:1 "GET /bff/clima/-32.4845349/-58.2321416 HTTP/1.1" 200 (254 ms)
[06/Dec/2023:16:50:50 -0300] 0:0:0:0:0:0:0:1 "GET /bff/clima/-32.4845349/-58.2321416 HTTP/1.1" 200 (257 ms)
[06/Dec/2023:16:50:50 -0300] 0:0:0:0:0:0:0:1 "GET /bff/clima/-32.4845349/-58.2321416 HTTP/1.1" 200 (249 ms)
[06/Dec/2023:16:50:50 -0300] 0:0:0:0:0:0:0:1 "GET /bff/clima/-32.4845349/-58.2321416 HTTP/1.1" 200 (247 ms)
[06/Dec/2023:16:50:50 -0300] 0:0:0:0:0:0:0:1 "GET /bff/clima/-32.4845349/-58.2321416 HTTP/1.1" 200 (248 ms)
[06/Dec/2023:16:50:51 -0300] 0:0:0:0:0:0:0:1 "GET /bff/clima/-32.4845349/-58.2321416 HTTP/1.1" 200 (247 ms)
[06/Dec/2023:16:50:51 -0300] 0:0:0:0:0:0:0:1 "GET /bff/clima/-32.4845349/-58.2321416 HTTP/1.1" 200 (246 ms)
[06/Dec/2023:16:50:51 -0300] 0:0:0:0:0:0:0:1 "GET /bff/clima/-32.4845349/-58.2321416 HTTP/1.1" 200 (248 ms)
[06/Dec/2023:16:50:51 -0300] 0:0:0:0:0:0:0:1 "GET /bff/clima/-32.4845349/-58.2321416 HTTP/1.1" 200 (248 ms)
[06/Dec/2023:16:51:00 -0300] 0:0:0:0:0:0:0:1 "OPTIONS /bff/clima/-32.4845349/-58.2321416 HTTP/1.1" 200 (2 ms)
[06/Dec/2023:16:51:00 -0300] 0:0:0:0:0:0:0:1 "OPTIONS /bff/actividad HTTP/1.1" 200 (2 ms)
[06/Dec/2023:16:51:00 -0300] 0:0:0:0:0:0:0:1 "OPTIONS /bff/usuario/nombre/rodrigo/preferencias HTTP/1.1" 200 (1 ms)
[06/Dec/2023:16:51:00 -0300] 0:0:0:0:0:0:0:1 "OPTIONS /bff/usuario/nombre/rodrigo HTTP/1.1" 200 (2 ms)
[06/Dec/2023:16:51:01 -0300] 0:0:0:0:0:0:0:1 "GET /bff/actividad HTTP/1.1" 200 (276 ms)
[06/Dec/2023:16:51:01 -0300] 0:0:0:0:0:0:0:1 "GET /bff/usuario/nombre/rodrigo HTTP/1.1" 200 (499 ms)
[06/Dec/2023:16:51:01 -0300] 0:0:0:0:0:0:0:1 "GET /bff/usuario/nombre/rodrigo/preferencias HTTP/1.1" 200 (585 ms)
[06/Dec/2023:16:51:01 -0300] 0:0:0:0:0:0:0:1 "GET /bff/usuario/nombre/rodrigo/preferencias HTTP/1.1" 200 (113 ms)
[06/Dec/2023:16:51:01 -0300] 0:0:0:0:0:0:0:1 "GET /bff/usuario/nombre/rodrigo/preferencias HTTP/1.1" 200 (111 ms)
[06/Dec/2023:16:51:02 -0300] 0:0:0:0:0:0:0:1 "GET /bff/clima/-32.4845349/-58.2321416 HTTP/1.1" 200 (1466 ms)
[06/Dec/2023:16:51:03 -0300] 0:0:0:0:0:0:0:1 "GET /bff/clima/-32.4845349/-58.2321416 HTTP/1.1" 200 (1193 ms)
[06/Dec/2023:16:51:03 -0300] 0:0:0:0:0:0:0:1 "GET /bff/clima/-32.4845349/-58.2321416 HTTP/1.1" 200 (423 ms)
[06/Dec/2023:16:51:04 -0300] 0:0:0:0:0:0:0:1 "GET /bff/clima/-32.4845349/-58.2321416 HTTP/1.1" 200 (428 ms)
[06/Dec/2023:16:51:05 -0300] 0:0:0:0:0:0:0:1 "GET /bff/clima/-32.4845349/-58.2321416 HTTP/1.1" 200 (1041 ms)
[06/Dec/2023:16:51:05 -0300] 0:0:0:0:0:0:0:1 "GET /bff/clima/-32.4845349/-58.2321416 HTTP/1.1" 200 (422 ms)
[06/Dec/2023:16:51:06 -0300] 0:0:0:0:0:0:0:1 "GET /bff/clima/-32.4845349/-58.2321416 HTTP/1.1" 200 (994 ms)
[06/Dec/2023:16:51:07 -0300] 0:0:0:0:0:0:0:1 "GET /bff/clima/-32.4845349/-58.2321416 HTTP/1.1" 200 (988 ms)
[06/Dec/2023:16:51:08 -0300] 0:0:0:0:0:0:0:1 "GET /bff/clima/-32.4845349/-58.2321416 HTTP/1.1" 200 (429 ms)
[06/Dec/2023:16:51:08 -0300] 0:0:0:0:0:0:0:1 "GET /bff/clima/-32.4845349/-58.2321416 HTTP/1.1" 200 (422 ms)
[06/Dec/2023:16:51:08 -0300] 0:0:0:0:0:0:0:1 "GET /bff/clima/-32.4845349/-58.2321416 HTTP/1.1" 200 (424 ms)
[06/Dec/2023:16:51:09 -0300] 0:0:0:0:0:0:0:1 "GET /bff/clima/-32.4845349/-58.2321416 HTTP/1.1" 200 (910 ms)
[06/Dec/2023:16:51:10 -0300] 0:0:0:0:0:0:0:1 "GET /bff/clima/-32.4845349/-58.2321416 HTTP/1.1" 200 (426 ms)
[06/Dec/2023:16:51:10 -0300] 0:0:0:0:0:0:0:1 "GET /bff/clima/-32.4845349/-58.2321416 HTTP/1.1" 200 (422 ms)
[06/Dec/2023:16:51:11 -0300] 0:0:0:0:0:0:0:1 "GET /bff/clima/-32.4845349/-58.2321416 HTTP/1.1" 200 (872 ms)
[06/Dec/2023:16:51:11 -0300] 0:0:0:0:0:0:0:1 "GET /bff/clima/-32.4845349/-58.2321416 HTTP/1.1" 200 (424 ms)
[06/Dec/2023:16:51:12 -0300] 0:0:0:0:0:0:0:1 "GET /bff/clima/-32.4845349/-58.2321416 HTTP/1.1" 200 (421 ms)
[06/Dec/2023:16:51:12 -0300] 0:0:0:0:0:0:0:1 "GET /bff/clima/-32.4845349/-58.2321416 HTTP/1.1" 200 (421 ms)
[06/Dec/2023:16:51:13 -0300] 0:0:0:0:0:0:0:1 "GET /bff/clima/-32.4845349/-58.2321416 HTTP/1.1" 200 (424 ms)
[06/Dec/2023:16:51:13 -0300] 0:0:0:0:0:0:0:1 "GET /bff/clima/-32.4845349/-58.2321416 HTTP/1.1" 200 (421 ms)
[06/Dec/2023:16:51:14 -0300] 0:0:0:0:0:0:0:1 "GET /bff/clima/-32.4845349/-58.2321416 HTTP/1.1" 200 (424 ms)
[06/Dec/2023:16:51:14 -0300] 0:0:0:0:0:0:0:1 "GET /bff/clima/-32.4845349/-58.2321416 HTTP/1.1" 200 (427 ms)
[06/Dec/2023:16:51:14 -0300] 0:0:0:0:0:0:0:1 "GET /bff/clima/-32.4845349/-58.2321416 HTTP/1.1" 200 (417 ms)
[06/Dec/2023:16:51:33 -0300] 0:0:0:0:0:0:0:1 "GET /bff/usuario/nombre/rodrigo/preferencias HTTP/1.1" 200 (154 ms)
[06/Dec/2023:16:51:33 -0300] 0:0:0:0:0:0:0:1 "OPTIONS /bff/usuario/usuarioActividad/rodrigo/Biblioteca HTTP/1.1" 200 (2 ms)
[06/Dec/2023:16:51:33 -0300] 0:0:0:0:0:0:0:1 "OPTIONS /bff/usuario/usuarioActividad/rodrigo/Teatro HTTP/1.1" 200 (2 ms)
[06/Dec/2023:16:51:33 -0300] 0:0:0:0:0:0:0:1 "OPTIONS /bff/usuario/usuarioActividad/rodrigo/Correr HTTP/1.1" 200 (1 ms)
[06/Dec/2023:16:51:33 -0300] 0:0:0:0:0:0:0:1 "OPTIONS /bff/usuario/usuarioActividad/rodrigo/Futbol HTTP/1.1" 200 (2 ms)
[06/Dec/2023:16:51:33 -0300] 0:0:0:0:0:0:0:1 "OPTIONS /bff/usuario/usuarioActividad/rodrigo/Golf HTTP/1.1" 200 (1 ms)
[06/Dec/2023:16:51:33 -0300] 0:0:0:0:0:0:0:1 "DELETE /bff/usuario/usuarioActividad/rodrigo/Biblioteca HTTP/1.1" 200 (419 ms)
[06/Dec/2023:16:51:33 -0300] 0:0:0:0:0:0:0:1 "DELETE /bff/usuario/usuarioActividad/rodrigo/Teatro HTTP/1.1" 200 (421 ms)
[06/Dec/2023:16:51:33 -0300] 0:0:0:0:0:0:0:1 "DELETE /bff/usuario/usuarioActividad/rodrigo/Golf HTTP/1.1" 200 (416 ms)
[06/Dec/2023:16:51:33 -0300] 0:0:0:0:0:0:0:1 "DELETE /bff/usuario/usuarioActividad/rodrigo/Correr HTTP/1.1" 200 (420 ms)
[06/Dec/2023:16:51:33 -0300] 0:0:0:0:0:0:0:1 "DELETE /bff/usuario/usuarioActividad/rodrigo/Futbol HTTP/1.1" 200 (419 ms)
[06/Dec/2023:16:51:34 -0300] 0:0:0:0:0:0:0:1 "GET /bff/usuario/nombre/rodrigo HTTP/1.1" 200 (105 ms)
[06/Dec/2023:16:51:35 -0300] 0:0:0:0:0:0:0:1 "GET /bff/actividad HTTP/1.1" 200 (157 ms)
[06/Dec/2023:16:51:35 -0300] 0:0:0:0:0:0:0:1 "GET /bff/usuario/nombre/rodrigo/preferencias HTTP/1.1" 200 (160 ms)
[06/Dec/2023:16:51:35 -0300] 0:0:0:0:0:0:0:1 "GET /bff/usuario/nombre/rodrigo/preferencias HTTP/1.1" 200 (110 ms)
[06/Dec/2023:16:51:35 -0300] 0:0:0:0:0:0:0:1 "GET /bff/usuario/nombre/rodrigo/preferencias HTTP/1.1" 200 (112 ms)
[06/Dec/2023:16:51:37 -0300] 0:0:0:0:0:0:0:1 "GET /bff/clima/-32.4845349/-58.2321416 HTTP/1.1" 200 (2379 ms)
[06/Dec/2023:16:51:37 -0300] 0:0:0:0:0:0:0:1 "GET /bff/clima/-32.4845349/-58.2321416 HTTP/1.1" 200 (264 ms)
[06/Dec/2023:16:51:37 -0300] 0:0:0:0:0:0:0:1 "GET /bff/clima/-32.4845349/-58.2321416 HTTP/1.1" 200 (324 ms)
[06/Dec/2023:16:51:38 -0300] 0:0:0:0:0:0:0:1 "GET /bff/clima/-32.4845349/-58.2321416 HTTP/1.1" 200 (409 ms)
[06/Dec/2023:16:51:38 -0300] 0:0:0:0:0:0:0:1 "GET /bff/clima/-32.4845349/-58.2321416 HTTP/1.1" 200 (424 ms)
[06/Dec/2023:16:51:39 -0300] 0:0:0:0:0:0:0:1 "GET /bff/clima/-32.4845349/-58.2321416 HTTP/1.1" 200 (416 ms)
[06/Dec/2023:16:51:39 -0300] 0:0:0:0:0:0:0:1 "GET /bff/clima/-32.4845349/-58.2321416 HTTP/1.1" 200 (404 ms)
[06/Dec/2023:16:51:39 -0300] 0:0:0:0:0:0:0:1 "GET /bff/clima/-32.4845349/-58.2321416 HTTP/1.1" 200 (422 ms)
[06/Dec/2023:16:51:40 -0300] 0:0:0:0:0:0:0:1 "GET /bff/clima/-32.4845349/-58.2321416 HTTP/1.1" 200 (419 ms)
[06/Dec/2023:16:51:40 -0300] 0:0:0:0:0:0:0:1 "GET /bff/clima/-32.4845349/-58.2321416 HTTP/1.1" 200 (412 ms)
[06/Dec/2023:16:51:41 -0300] 0:0:0:0:0:0:0:1 "GET /bff/clima/-32.4845349/-58.2321416 HTTP/1.1" 200 (411 ms)
[06/Dec/2023:16:51:42 -0300] 0:0:0:0:0:0:0:1 "GET /bff/clima/-32.4845349/-58.2321416 HTTP/1.1" 200 (920 ms)
[06/Dec/2023:16:51:42 -0300] 0:0:0:0:0:0:0:1 "GET /bff/clima/-32.4845349/-58.2321416 HTTP/1.1" 200 (407 ms)
[06/Dec/2023:16:52:04 -0300] 0:0:0:0:0:0:0:1 "OPTIONS /bff/clima/-32.4905972/-58.2440004 HTTP/1.1" 200 (1 ms)
[06/Dec/2023:16:52:04 -0300] 0:0:0:0:0:0:0:1 "GET /bff/usuario/nombre/rodrigo HTTP/1.1" 200 (114 ms)
[06/Dec/2023:16:52:04 -0300] 0:0:0:0:0:0:0:1 "GET /bff/usuario/nombre/rodrigo/preferencias HTTP/1.1" 200 (149 ms)
[06/Dec/2023:16:52:04 -0300] 0:0:0:0:0:0:0:1 "GET /bff/actividad HTTP/1.1" 200 (153 ms)
[06/Dec/2023:16:52:04 -0300] 0:0:0:0:0:0:0:1 "GET /bff/usuario/nombre/rodrigo/preferencias HTTP/1.1" 200 (157 ms)
[06/Dec/2023:16:52:04 -0300] 0:0:0:0:0:0:0:1 "GET /bff/usuario/nombre/rodrigo/preferencias HTTP/1.1" 200 (171 ms)
[06/Dec/2023:16:52:05 -0300] 0:0:0:0:0:0:0:1 "GET /bff/clima/-32.4905972/-58.2440004 HTTP/1.1" 200 (1259 ms)
[06/Dec/2023:16:52:06 -0300] 0:0:0:0:0:0:0:1 "GET /bff/clima/-32.4905972/-58.2440004 HTTP/1.1" 200 (1183 ms)
[06/Dec/2023:16:52:07 -0300] 0:0:0:0:0:0:0:1 "GET /bff/clima/-32.4905972/-58.2440004 HTTP/1.1" 200 (417 ms)
[06/Dec/2023:16:52:08 -0300] 0:0:0:0:0:0:0:1 "GET /bff/clima/-32.4905972/-58.2440004 HTTP/1.1" 200 (1772 ms)
[06/Dec/2023:16:52:09 -0300] 0:0:0:0:0:0:0:1 "GET /bff/clima/-32.4905972/-58.2440004 HTTP/1.1" 200 (424 ms)
[06/Dec/2023:16:52:09 -0300] 0:0:0:0:0:0:0:1 "GET /bff/clima/-32.4905972/-58.2440004 HTTP/1.1" 200 (421 ms)
[06/Dec/2023:16:52:10 -0300] 0:0:0:0:0:0:0:1 "GET /bff/clima/-32.4905972/-58.2440004 HTTP/1.1" 200 (421 ms)
[06/Dec/2023:16:52:10 -0300] 0:0:0:0:0:0:0:1 "GET /bff/clima/-32.4905972/-58.2440004 HTTP/1.1" 200 (422 ms)
[06/Dec/2023:16:52:10 -0300] 0:0:0:0:0:0:0:1 "GET /bff/clima/-32.4905972/-58.2440004 HTTP/1.1" 200 (414 ms)
[06/Dec/2023:16:52:11 -0300] 0:0:0:0:0:0:0:1 "GET /bff/clima/-32.4905972/-58.2440004 HTTP/1.1" 200 (427 ms)
[06/Dec/2023:16:52:11 -0300] 0:0:0:0:0:0:0:1 "GET /bff/clima/-32.4905972/-58.2440004 HTTP/1.1" 200 (421 ms)
[06/Dec/2023:16:52:12 -0300] 0:0:0:0:0:0:0:1 "GET /bff/clima/-32.4905972/-58.2440004 HTTP/1.1" 200 (421 ms)
[06/Dec/2023:16:52:12 -0300] 0:0:0:0:0:0:0:1 "GET /bff/clima/-32.4905972/-58.2440004 HTTP/1.1" 200 (417 ms)
[06/Dec/2023:16:52:41 -0300] 0:0:0:0:0:0:0:1 "OPTIONS /bff/clima/-32.4338358/-58.6328796 HTTP/1.1" 200 (1 ms)
[06/Dec/2023:16:52:41 -0300] 0:0:0:0:0:0:0:1 "GET /bff/usuario/nombre/rodrigo HTTP/1.1" 200 (108 ms)
[06/Dec/2023:16:52:41 -0300] 0:0:0:0:0:0:0:1 "GET /bff/actividad HTTP/1.1" 200 (145 ms)
[06/Dec/2023:16:52:41 -0300] 0:0:0:0:0:0:0:1 "GET /bff/usuario/nombre/rodrigo/preferencias HTTP/1.1" 200 (157 ms)
[06/Dec/2023:16:52:41 -0300] 0:0:0:0:0:0:0:1 "GET /bff/usuario/nombre/rodrigo/preferencias HTTP/1.1" 200 (108 ms)
[06/Dec/2023:16:52:41 -0300] 0:0:0:0:0:0:0:1 "GET /bff/usuario/nombre/rodrigo/preferencias HTTP/1.1" 200 (108 ms)
[06/Dec/2023:16:52:41 -0300] 0:0:0:0:0:0:0:1 "GET /bff/clima/-32.4338358/-58.6328796 HTTP/1.1" 200 (736 ms)
[06/Dec/2023:16:52:42 -0300] 0:0:0:0:0:0:0:1 "GET /bff/clima/-32.4338358/-58.6328796 HTTP/1.1" 200 (246 ms)
[06/Dec/2023:16:52:42 -0300] 0:0:0:0:0:0:0:1 "GET /bff/clima/-32.4338358/-58.6328796 HTTP/1.1" 200 (246 ms)
[06/Dec/2023:16:52:42 -0300] 0:0:0:0:0:0:0:1 "GET /bff/clima/-32.4338358/-58.6328796 HTTP/1.1" 200 (248 ms)
[06/Dec/2023:16:52:42 -0300] 0:0:0:0:0:0:0:1 "GET /bff/clima/-32.4338358/-58.6328796 HTTP/1.1" 200 (245 ms)
[06/Dec/2023:16:52:43 -0300] 0:0:0:0:0:0:0:1 "GET /bff/clima/-32.4338358/-58.6328796 HTTP/1.1" 200 (247 ms)
[06/Dec/2023:16:52:43 -0300] 0:0:0:0:0:0:0:1 "GET /bff/clima/-32.4338358/-58.6328796 HTTP/1.1" 200 (245 ms)
[06/Dec/2023:16:52:43 -0300] 0:0:0:0:0:0:0:1 "GET /bff/clima/-32.4338358/-58.6328796 HTTP/1.1" 200 (245 ms)
[06/Dec/2023:16:52:43 -0300] 0:0:0:0:0:0:0:1 "GET /bff/clima/-32.4338358/-58.6328796 HTTP/1.1" 200 (245 ms)
[06/Dec/2023:16:52:44 -0300] 0:0:0:0:0:0:0:1 "GET /bff/clima/-32.4338358/-58.6328796 HTTP/1.1" 200 (245 ms)
[06/Dec/2023:16:52:44 -0300] 0:0:0:0:0:0:0:1 "GET /bff/clima/-32.4338358/-58.6328796 HTTP/1.1" 200 (245 ms)
[06/Dec/2023:16:52:44 -0300] 0:0:0:0:0:0:0:1 "GET /bff/clima/-32.4338358/-58.6328796 HTTP/1.1" 200 (247 ms)
[06/Dec/2023:16:52:44 -0300] 0:0:0:0:0:0:0:1 "GET /bff/clima/-32.4338358/-58.6328796 HTTP/1.1" 200 (245 ms)
[06/Dec/2023:16:53:11 -0300] 0:0:0:0:0:0:0:1 "GET /bff/usuario/nombre/rodrigo HTTP/1.1" 200 (101 ms)
[06/Dec/2023:16:53:11 -0300] 0:0:0:0:0:0:0:1 "GET /bff/usuario/nombre/rodrigo/preferencias HTTP/1.1" 200 (160 ms)
[06/Dec/2023:16:53:11 -0300] 0:0:0:0:0:0:0:1 "GET /bff/actividad HTTP/1.1" 200 (161 ms)
[06/Dec/2023:16:53:11 -0300] 0:0:0:0:0:0:0:1 "GET /bff/usuario/nombre/rodrigo/preferencias HTTP/1.1" 200 (160 ms)
[06/Dec/2023:16:53:12 -0300] 0:0:0:0:0:0:0:1 "GET /bff/usuario/nombre/rodrigo/preferencias HTTP/1.1" 200 (186 ms)
[06/Dec/2023:16:53:12 -0300] 0:0:0:0:0:0:0:1 "GET /bff/clima/-32.4845349/-58.2321416 HTTP/1.1" 200 (1015 ms)
[06/Dec/2023:16:53:12 -0300] 0:0:0:0:0:0:0:1 "GET /bff/clima/-32.4845349/-58.2321416 HTTP/1.1" 200 (339 ms)
[06/Dec/2023:16:53:13 -0300] 0:0:0:0:0:0:0:1 "GET /bff/clima/-32.4845349/-58.2321416 HTTP/1.1" 200 (413 ms)
[06/Dec/2023:16:53:13 -0300] 0:0:0:0:0:0:0:1 "GET /bff/clima/-32.4845349/-58.2321416 HTTP/1.1" 200 (427 ms)
[06/Dec/2023:16:53:14 -0300] 0:0:0:0:0:0:0:1 "GET /bff/clima/-32.4845349/-58.2321416 HTTP/1.1" 200 (416 ms)
[06/Dec/2023:16:53:14 -0300] 0:0:0:0:0:0:0:1 "GET /bff/clima/-32.4845349/-58.2321416 HTTP/1.1" 200 (398 ms)
[06/Dec/2023:16:53:15 -0300] 0:0:0:0:0:0:0:1 "GET /bff/clima/-32.4845349/-58.2321416 HTTP/1.1" 200 (415 ms)
[06/Dec/2023:16:53:15 -0300] 0:0:0:0:0:0:0:1 "GET /bff/clima/-32.4845349/-58.2321416 HTTP/1.1" 200 (420 ms)
[06/Dec/2023:16:53:15 -0300] 0:0:0:0:0:0:0:1 "GET /bff/clima/-32.4845349/-58.2321416 HTTP/1.1" 200 (409 ms)
[06/Dec/2023:16:53:16 -0300] 0:0:0:0:0:0:0:1 "GET /bff/clima/-32.4845349/-58.2321416 HTTP/1.1" 200 (394 ms)
[06/Dec/2023:16:53:16 -0300] 0:0:0:0:0:0:0:1 "GET /bff/clima/-32.4845349/-58.2321416 HTTP/1.1" 200 (419 ms)
[06/Dec/2023:16:53:17 -0300] 0:0:0:0:0:0:0:1 "GET /bff/clima/-32.4845349/-58.2321416 HTTP/1.1" 200 (421 ms)
[06/Dec/2023:16:53:17 -0300] 0:0:0:0:0:0:0:1 "GET /bff/clima/-32.4845349/-58.2321416 HTTP/1.1" 200 (404 ms)
[06/Dec/2023:17:07:44 -0300] 0:0:0:0:0:0:0:1 "GET /bff/usuario/nombre/rodrigo HTTP/1.1" 200 (103 ms)
[06/Dec/2023:17:07:44 -0300] 0:0:0:0:0:0:0:1 "GET /bff/usuario/nombre/rodrigo/preferencias HTTP/1.1" 200 (162 ms)
[06/Dec/2023:17:07:44 -0300] 0:0:0:0:0:0:0:1 "GET /bff/actividad HTTP/1.1" 200 (173 ms)
[06/Dec/2023:17:07:45 -0300] 0:0:0:0:0:0:0:1 "GET /bff/usuario/nombre/rodrigo/preferencias HTTP/1.1" 200 (109 ms)
[06/Dec/2023:17:07:45 -0300] 0:0:0:0:0:0:0:1 "GET /bff/usuario/nombre/rodrigo/preferencias HTTP/1.1" 200 (108 ms)
[06/Dec/2023:17:07:45 -0300] 0:0:0:0:0:0:0:1 "GET /bff/clima/-32.4845349/-58.2321416 HTTP/1.1" 200 (778 ms)
[06/Dec/2023:17:07:45 -0300] 0:0:0:0:0:0:0:1 "GET /bff/clima/-32.4845349/-58.2321416 HTTP/1.1" 200 (248 ms)
[06/Dec/2023:17:07:45 -0300] 0:0:0:0:0:0:0:1 "GET /bff/clima/-32.4845349/-58.2321416 HTTP/1.1" 200 (249 ms)
[06/Dec/2023:17:07:46 -0300] 0:0:0:0:0:0:0:1 "GET /bff/clima/-32.4845349/-58.2321416 HTTP/1.1" 200 (248 ms)
[06/Dec/2023:17:07:46 -0300] 0:0:0:0:0:0:0:1 "GET /bff/clima/-32.4845349/-58.2321416 HTTP/1.1" 200 (250 ms)
[06/Dec/2023:17:07:46 -0300] 0:0:0:0:0:0:0:1 "GET /bff/clima/-32.4845349/-58.2321416 HTTP/1.1" 200 (249 ms)
[06/Dec/2023:17:07:46 -0300] 0:0:0:0:0:0:0:1 "GET /bff/clima/-32.4845349/-58.2321416 HTTP/1.1" 200 (249 ms)
[06/Dec/2023:17:07:47 -0300] 0:0:0:0:0:0:0:1 "GET /bff/clima/-32.4845349/-58.2321416 HTTP/1.1" 200 (249 ms)
[06/Dec/2023:17:07:47 -0300] 0:0:0:0:0:0:0:1 "GET /bff/clima/-32.4845349/-58.2321416 HTTP/1.1" 200 (248 ms)
[06/Dec/2023:17:07:47 -0300] 0:0:0:0:0:0:0:1 "GET /bff/clima/-32.4845349/-58.2321416 HTTP/1.1" 200 (248 ms)
[06/Dec/2023:17:07:47 -0300] 0:0:0:0:0:0:0:1 "GET /bff/clima/-32.4845349/-58.2321416 HTTP/1.1" 200 (249 ms)
[06/Dec/2023:17:07:48 -0300] 0:0:0:0:0:0:0:1 "GET /bff/clima/-32.4845349/-58.2321416 HTTP/1.1" 200 (248 ms)
[06/Dec/2023:17:07:48 -0300] 0:0:0:0:0:0:0:1 "GET /bff/clima/-32.4845349/-58.2321416 HTTP/1.1" 200 (248 ms)
