[21/Nov/2023:09:40:42 -0300] 0:0:0:0:0:0:0:1 "OPTIONS /bff/actividad HTTP/1.1" 200 (636 ms)
[21/Nov/2023:09:40:42 -0300] 0:0:0:0:0:0:0:1 "OPTIONS /bff/clima/-32.2301979/-58.1779218 HTTP/1.1" 200 (678 ms)
[21/Nov/2023:09:40:42 -0300] 0:0:0:0:0:0:0:1 "OPTIONS /bff/actividad HTTP/1.1" 200 (636 ms)
[21/Nov/2023:09:40:46 -0300] 0:0:0:0:0:0:0:1 "GET /bff/actividad HTTP/1.1" 200 (4182 ms)
[21/Nov/2023:09:40:47 -0300] 0:0:0:0:0:0:0:1 "GET /bff/actividad HTTP/1.1" 200 (1298 ms)
[21/Nov/2023:09:40:49 -0300] 0:0:0:0:0:0:0:1 "GET /bff/clima/-32.2301979/-58.1779218 HTTP/1.1" 200 (7756 ms)
[21/Nov/2023:09:40:50 -0300] 0:0:0:0:0:0:0:1 "GET /bff/clima/-32.2301979/-58.1779218 HTTP/1.1" 200 (308 ms)
[21/Nov/2023:09:40:51 -0300] 0:0:0:0:0:0:0:1 "GET /bff/clima/-32.2301979/-58.1779218 HTTP/1.1" 200 (295 ms)
[21/Nov/2023:09:40:51 -0300] 0:0:0:0:0:0:0:1 "GET /bff/clima/-32.2301979/-58.1779218 HTTP/1.1" 200 (362 ms)
[21/Nov/2023:09:40:51 -0300] 0:0:0:0:0:0:0:1 "GET /bff/clima/-32.2301979/-58.1779218 HTTP/1.1" 200 (297 ms)
[21/Nov/2023:09:40:52 -0300] 0:0:0:0:0:0:0:1 "GET /bff/clima/-32.2301979/-58.1779218 HTTP/1.1" 200 (352 ms)
[21/Nov/2023:09:40:52 -0300] 0:0:0:0:0:0:0:1 "GET /bff/clima/-32.2301979/-58.1779218 HTTP/1.1" 200 (281 ms)
[21/Nov/2023:09:40:52 -0300] 0:0:0:0:0:0:0:1 "GET /bff/clima/-32.2301979/-58.1779218 HTTP/1.1" 200 (278 ms)
[21/Nov/2023:09:40:53 -0300] 0:0:0:0:0:0:0:1 "GET /bff/clima/-32.2301979/-58.1779218 HTTP/1.1" 200 (282 ms)
[21/Nov/2023:09:40:53 -0300] 0:0:0:0:0:0:0:1 "GET /bff/clima/-32.2301979/-58.1779218 HTTP/1.1" 200 (268 ms)
[21/Nov/2023:09:40:53 -0300] 0:0:0:0:0:0:0:1 "GET /bff/clima/-32.2301979/-58.1779218 HTTP/1.1" 200 (266 ms)
[21/Nov/2023:09:40:53 -0300] 0:0:0:0:0:0:0:1 "GET /bff/clima/-32.2301979/-58.1779218 HTTP/1.1" 200 (264 ms)
[21/Nov/2023:09:40:54 -0300] 0:0:0:0:0:0:0:1 "GET /bff/clima/-32.2301979/-58.1779218 HTTP/1.1" 200 (269 ms)
[21/Nov/2023:09:40:54 -0300] 0:0:0:0:0:0:0:1 "GET /bff/clima/-32.2301979/-58.1779218 HTTP/1.1" 200 (274 ms)
[21/Nov/2023:09:40:54 -0300] 0:0:0:0:0:0:0:1 "GET /bff/clima/-32.2301979/-58.1779218 HTTP/1.1" 200 (287 ms)
[21/Nov/2023:09:43:29 -0300] 0:0:0:0:0:0:0:1 "OPTIONS /bff/clima/-32.2301979/-58.1779218 HTTP/1.1" 200 (12 ms)
[21/Nov/2023:09:43:29 -0300] 0:0:0:0:0:0:0:1 "OPTIONS /bff/usuario/nombre/rodrigo/preferencias HTTP/1.1" 200 (7 ms)
[21/Nov/2023:09:43:29 -0300] 0:0:0:0:0:0:0:1 "OPTIONS /bff/usuario/nombre/rodrigo HTTP/1.1" 200 (8 ms)
[21/Nov/2023:09:43:29 -0300] 0:0:0:0:0:0:0:1 "OPTIONS /bff/actividad HTTP/1.1" 200 (5 ms)
[21/Nov/2023:09:43:30 -0300] 0:0:0:0:0:0:0:1 "GET /bff/actividad HTTP/1.1" 200 (581 ms)
[21/Nov/2023:09:43:30 -0300] 0:0:0:0:0:0:0:1 "GET /bff/usuario/nombre/rodrigo HTTP/1.1" 200 (827 ms)
[21/Nov/2023:09:43:30 -0300] 0:0:0:0:0:0:0:1 "GET /bff/usuario/nombre/rodrigo/preferencias HTTP/1.1" 200 (987 ms)
[21/Nov/2023:09:43:30 -0300] 0:0:0:0:0:0:0:1 "GET /bff/usuario/nombre/rodrigo/preferencias HTTP/1.1" 200 (200 ms)
[21/Nov/2023:09:43:30 -0300] 0:0:0:0:0:0:0:1 "GET /bff/clima/-32.2301979/-58.1779218 HTTP/1.1" 200 (1484 ms)
[21/Nov/2023:09:43:31 -0300] 0:0:0:0:0:0:0:1 "GET /bff/usuario/nombre/rodrigo/preferencias HTTP/1.1" 200 (144 ms)
[21/Nov/2023:09:43:31 -0300] 0:0:0:0:0:0:0:1 "GET /bff/clima/-32.2301979/-58.1779218 HTTP/1.1" 200 (273 ms)
[21/Nov/2023:09:43:31 -0300] 0:0:0:0:0:0:0:1 "GET /bff/clima/-32.2301979/-58.1779218 HTTP/1.1" 200 (277 ms)
[21/Nov/2023:09:43:31 -0300] 0:0:0:0:0:0:0:1 "GET /bff/clima/-32.2301979/-58.1779218 HTTP/1.1" 200 (262 ms)
[21/Nov/2023:09:43:32 -0300] 0:0:0:0:0:0:0:1 "GET /bff/clima/-32.2301979/-58.1779218 HTTP/1.1" 200 (258 ms)
[21/Nov/2023:09:43:32 -0300] 0:0:0:0:0:0:0:1 "GET /bff/clima/-32.2301979/-58.1779218 HTTP/1.1" 200 (263 ms)
[21/Nov/2023:09:43:32 -0300] 0:0:0:0:0:0:0:1 "GET /bff/clima/-32.2301979/-58.1779218 HTTP/1.1" 200 (255 ms)
[21/Nov/2023:09:43:32 -0300] 0:0:0:0:0:0:0:1 "GET /bff/clima/-32.2301979/-58.1779218 HTTP/1.1" 200 (259 ms)
[21/Nov/2023:09:43:33 -0300] 0:0:0:0:0:0:0:1 "GET /bff/clima/-32.2301979/-58.1779218 HTTP/1.1" 200 (256 ms)
[21/Nov/2023:09:43:33 -0300] 0:0:0:0:0:0:0:1 "GET /bff/clima/-32.2301979/-58.1779218 HTTP/1.1" 200 (258 ms)
[21/Nov/2023:09:43:33 -0300] 0:0:0:0:0:0:0:1 "GET /bff/clima/-32.2301979/-58.1779218 HTTP/1.1" 200 (257 ms)
[21/Nov/2023:09:43:33 -0300] 0:0:0:0:0:0:0:1 "GET /bff/clima/-32.2301979/-58.1779218 HTTP/1.1" 200 (254 ms)
[21/Nov/2023:09:43:34 -0300] 0:0:0:0:0:0:0:1 "GET /bff/clima/-32.2301979/-58.1779218 HTTP/1.1" 200 (259 ms)
[21/Nov/2023:09:55:13 -0300] 0:0:0:0:0:0:0:1 "GET /bff/usuario/nombre/rodrigo HTTP/1.1" 200 (178 ms)
[21/Nov/2023:09:55:13 -0300] 0:0:0:0:0:0:0:1 "GET /bff/actividad HTTP/1.1" 200 (215 ms)
[21/Nov/2023:09:55:13 -0300] 0:0:0:0:0:0:0:1 "GET /bff/usuario/nombre/rodrigo/preferencias HTTP/1.1" 200 (247 ms)
[21/Nov/2023:09:55:13 -0300] 0:0:0:0:0:0:0:1 "GET /bff/usuario/nombre/rodrigo/preferencias HTTP/1.1" 200 (128 ms)
[21/Nov/2023:09:55:13 -0300] 0:0:0:0:0:0:0:1 "GET /bff/usuario/nombre/rodrigo/preferencias HTTP/1.1" 200 (125 ms)
[21/Nov/2023:10:08:27 -0300] 0:0:0:0:0:0:0:1 "OPTIONS /bff/clima/-32.2301953/-58.1779263 HTTP/1.1" 200 (55 ms)
[21/Nov/2023:10:08:27 -0300] 0:0:0:0:0:0:0:1 "GET /bff/usuario/nombre/rodrigo HTTP/1.1" 200 (246 ms)
[21/Nov/2023:10:08:27 -0300] 0:0:0:0:0:0:0:1 "GET /bff/usuario/nombre/rodrigo/preferencias HTTP/1.1" 200 (406 ms)
[21/Nov/2023:10:08:27 -0300] 0:0:0:0:0:0:0:1 "GET /bff/actividad HTTP/1.1" 200 (402 ms)
[21/Nov/2023:10:08:28 -0300] 0:0:0:0:0:0:0:1 "GET /bff/usuario/nombre/rodrigo/preferencias HTTP/1.1" 200 (913 ms)
[21/Nov/2023:10:08:29 -0300] 0:0:0:0:0:0:0:1 "GET /bff/usuario/nombre/rodrigo/preferencias HTTP/1.1" 200 (136 ms)
[21/Nov/2023:10:08:29 -0300] 0:0:0:0:0:0:0:1 "GET /bff/clima/-32.2301953/-58.1779263 HTTP/1.1" 200 (1504 ms)
[21/Nov/2023:10:08:29 -0300] 0:0:0:0:0:0:0:1 "GET /bff/clima/-32.2301953/-58.1779263 HTTP/1.1" 200 (298 ms)
[21/Nov/2023:10:08:29 -0300] 0:0:0:0:0:0:0:1 "GET /bff/clima/-32.2301953/-58.1779263 HTTP/1.1" 200 (267 ms)
[21/Nov/2023:10:08:29 -0300] 0:0:0:0:0:0:0:1 "GET /bff/clima/-32.2301953/-58.1779263 HTTP/1.1" 200 (277 ms)
[21/Nov/2023:10:08:30 -0300] 0:0:0:0:0:0:0:1 "GET /bff/clima/-32.2301953/-58.1779263 HTTP/1.1" 200 (275 ms)
[21/Nov/2023:10:08:30 -0300] 0:0:0:0:0:0:0:1 "GET /bff/clima/-32.2301953/-58.1779263 HTTP/1.1" 200 (273 ms)
[21/Nov/2023:10:08:30 -0300] 0:0:0:0:0:0:0:1 "GET /bff/clima/-32.2301953/-58.1779263 HTTP/1.1" 200 (269 ms)
[21/Nov/2023:10:08:31 -0300] 0:0:0:0:0:0:0:1 "GET /bff/clima/-32.2301953/-58.1779263 HTTP/1.1" 200 (279 ms)
[21/Nov/2023:10:08:31 -0300] 0:0:0:0:0:0:0:1 "GET /bff/clima/-32.2301953/-58.1779263 HTTP/1.1" 200 (266 ms)
[21/Nov/2023:10:08:31 -0300] 0:0:0:0:0:0:0:1 "GET /bff/clima/-32.2301953/-58.1779263 HTTP/1.1" 200 (266 ms)
[21/Nov/2023:10:08:31 -0300] 0:0:0:0:0:0:0:1 "GET /bff/clima/-32.2301953/-58.1779263 HTTP/1.1" 200 (273 ms)
[21/Nov/2023:10:08:32 -0300] 0:0:0:0:0:0:0:1 "GET /bff/clima/-32.2301953/-58.1779263 HTTP/1.1" 200 (273 ms)
[21/Nov/2023:10:08:32 -0300] 0:0:0:0:0:0:0:1 "GET /bff/clima/-32.2301953/-58.1779263 HTTP/1.1" 200 (264 ms)
[21/Nov/2023:10:10:55 -0300] 0:0:0:0:0:0:0:1 "GET /bff/usuario/nombre/rodrigo HTTP/1.1" 200 (146 ms)
[21/Nov/2023:10:10:55 -0300] 0:0:0:0:0:0:0:1 "GET /bff/usuario/nombre/rodrigo/preferencias HTTP/1.1" 200 (200 ms)
[21/Nov/2023:10:10:55 -0300] 0:0:0:0:0:0:0:1 "GET /bff/actividad HTTP/1.1" 200 (179 ms)
[21/Nov/2023:10:10:55 -0300] 0:0:0:0:0:0:0:1 "GET /bff/usuario/nombre/rodrigo/preferencias HTTP/1.1" 200 (140 ms)
[21/Nov/2023:10:10:56 -0300] 0:0:0:0:0:0:0:1 "GET /bff/usuario/nombre/rodrigo/preferencias HTTP/1.1" 200 (185 ms)
[21/Nov/2023:10:11:30 -0300] 0:0:0:0:0:0:0:1 "GET /bff/usuario/nombre/rodrigo HTTP/1.1" 200 (109 ms)
[21/Nov/2023:10:11:31 -0300] 0:0:0:0:0:0:0:1 "GET /bff/usuario/nombre/rodrigo/preferencias HTTP/1.1" 200 (160 ms)
[21/Nov/2023:10:11:31 -0300] 0:0:0:0:0:0:0:1 "GET /bff/actividad HTTP/1.1" 200 (180 ms)
[21/Nov/2023:10:11:31 -0300] 0:0:0:0:0:0:0:1 "GET /bff/usuario/nombre/rodrigo/preferencias HTTP/1.1" 200 (128 ms)
[21/Nov/2023:10:11:31 -0300] 0:0:0:0:0:0:0:1 "GET /bff/usuario/nombre/rodrigo/preferencias HTTP/1.1" 200 (135 ms)
[21/Nov/2023:11:01:13 -0300] 0:0:0:0:0:0:0:1 "OPTIONS /bff/clima/-32.2301979/-58.1779218 HTTP/1.1" 200 (48 ms)
[21/Nov/2023:11:01:14 -0300] 0:0:0:0:0:0:0:1 "GET /bff/clima/-32.2301979/-58.1779218 HTTP/1.1" 200 (1032 ms)
[21/Nov/2023:11:01:19 -0300] 0:0:0:0:0:0:0:1 "OPTIONS /bff/actividad HTTP/1.1" 200 (6 ms)
[21/Nov/2023:11:01:19 -0300] 0:0:0:0:0:0:0:1 "OPTIONS /bff/actividad HTTP/1.1" 200 (8 ms)
[21/Nov/2023:11:01:19 -0300] 0:0:0:0:0:0:0:1 "GET /bff/actividad HTTP/1.1" 200 (298 ms)
[21/Nov/2023:11:01:19 -0300] 0:0:0:0:0:0:0:1 "GET /bff/actividad HTTP/1.1" 200 (147 ms)
[21/Nov/2023:11:01:20 -0300] 0:0:0:0:0:0:0:1 "GET /bff/clima/-32.2301979/-58.1779218 HTTP/1.1" 200 (790 ms)
[21/Nov/2023:11:01:20 -0300] 0:0:0:0:0:0:0:1 "GET /bff/clima/-32.2301979/-58.1779218 HTTP/1.1" 200 (268 ms)
[21/Nov/2023:11:01:20 -0300] 0:0:0:0:0:0:0:1 "GET /bff/clima/-32.2301979/-58.1779218 HTTP/1.1" 200 (259 ms)
[21/Nov/2023:11:01:21 -0300] 0:0:0:0:0:0:0:1 "GET /bff/clima/-32.2301979/-58.1779218 HTTP/1.1" 200 (269 ms)
[21/Nov/2023:11:01:21 -0300] 0:0:0:0:0:0:0:1 "GET /bff/clima/-32.2301979/-58.1779218 HTTP/1.1" 200 (257 ms)
[21/Nov/2023:11:01:21 -0300] 0:0:0:0:0:0:0:1 "GET /bff/clima/-32.2301979/-58.1779218 HTTP/1.1" 200 (271 ms)
[21/Nov/2023:11:01:21 -0300] 0:0:0:0:0:0:0:1 "GET /bff/clima/-32.2301979/-58.1779218 HTTP/1.1" 200 (263 ms)
[21/Nov/2023:11:01:22 -0300] 0:0:0:0:0:0:0:1 "GET /bff/clima/-32.2301979/-58.1779218 HTTP/1.1" 200 (258 ms)
[21/Nov/2023:11:01:22 -0300] 0:0:0:0:0:0:0:1 "GET /bff/clima/-32.2301979/-58.1779218 HTTP/1.1" 200 (292 ms)
[21/Nov/2023:11:01:22 -0300] 0:0:0:0:0:0:0:1 "GET /bff/clima/-32.2301979/-58.1779218 HTTP/1.1" 200 (281 ms)
[21/Nov/2023:11:01:29 -0300] 0:0:0:0:0:0:0:1 "OPTIONS /bff/clima/-32.2301979/-58.1779218 HTTP/1.1" 200 (4 ms)
[21/Nov/2023:11:01:32 -0300] 0:0:0:0:0:0:0:1 "OPTIONS /bff/usuario/nombre/rodrigo/preferencias HTTP/1.1" 200 (4 ms)
[21/Nov/2023:11:01:32 -0300] 0:0:0:0:0:0:0:1 "OPTIONS /bff/actividad HTTP/1.1" 200 (5 ms)
[21/Nov/2023:11:01:32 -0300] 0:0:0:0:0:0:0:1 "OPTIONS /bff/usuario/nombre/rodrigo HTTP/1.1" 200 (4 ms)
[21/Nov/2023:11:01:32 -0300] 0:0:0:0:0:0:0:1 "GET /bff/actividad HTTP/1.1" 200 (170 ms)
[21/Nov/2023:11:01:32 -0300] 0:0:0:0:0:0:0:1 "GET /bff/usuario/nombre/rodrigo/preferencias HTTP/1.1" 200 (215 ms)
[21/Nov/2023:11:01:32 -0300] 0:0:0:0:0:0:0:1 "GET /bff/usuario/nombre/rodrigo HTTP/1.1" 200 (133 ms)
[21/Nov/2023:11:01:33 -0300] 0:0:0:0:0:0:0:1 "GET /bff/usuario/nombre/rodrigo/preferencias HTTP/1.1" 200 (161 ms)
[21/Nov/2023:11:01:33 -0300] 0:0:0:0:0:0:0:1 "GET /bff/usuario/nombre/rodrigo/preferencias HTTP/1.1" 200 (151 ms)
[21/Nov/2023:11:01:33 -0300] 0:0:0:0:0:0:0:1 "GET /bff/clima/-32.2301979/-58.1779218 HTTP/1.1" 200 (3417 ms)
[21/Nov/2023:11:01:33 -0300] 0:0:0:0:0:0:0:1 "GET /bff/clima/-32.2301979/-58.1779218 HTTP/1.1" 200 (293 ms)
[21/Nov/2023:11:01:33 -0300] 0:0:0:0:0:0:0:1 "GET /bff/clima/-32.2301979/-58.1779218 HTTP/1.1" 200 (279 ms)
[21/Nov/2023:11:01:34 -0300] 0:0:0:0:0:0:0:1 "GET /bff/clima/-32.2301979/-58.1779218 HTTP/1.1" 200 (266 ms)
[21/Nov/2023:11:01:34 -0300] 0:0:0:0:0:0:0:1 "GET /bff/clima/-32.2301979/-58.1779218 HTTP/1.1" 200 (270 ms)
[21/Nov/2023:11:01:34 -0300] 0:0:0:0:0:0:0:1 "GET /bff/clima/-32.2301979/-58.1779218 HTTP/1.1" 200 (268 ms)
[21/Nov/2023:11:01:35 -0300] 0:0:0:0:0:0:0:1 "GET /bff/clima/-32.2301979/-58.1779218 HTTP/1.1" 200 (256 ms)
[21/Nov/2023:11:01:35 -0300] 0:0:0:0:0:0:0:1 "GET /bff/clima/-32.2301979/-58.1779218 HTTP/1.1" 200 (269 ms)
[21/Nov/2023:11:01:35 -0300] 0:0:0:0:0:0:0:1 "GET /bff/clima/-32.2301979/-58.1779218 HTTP/1.1" 200 (264 ms)
[21/Nov/2023:11:01:35 -0300] 0:0:0:0:0:0:0:1 "GET /bff/clima/-32.2301979/-58.1779218 HTTP/1.1" 200 (259 ms)
[21/Nov/2023:11:01:36 -0300] 0:0:0:0:0:0:0:1 "GET /bff/clima/-32.2301979/-58.1779218 HTTP/1.1" 200 (271 ms)
[21/Nov/2023:11:01:36 -0300] 0:0:0:0:0:0:0:1 "GET /bff/clima/-32.2301979/-58.1779218 HTTP/1.1" 200 (272 ms)
[21/Nov/2023:11:01:36 -0300] 0:0:0:0:0:0:0:1 "GET /bff/clima/-32.2301979/-58.1779218 HTTP/1.1" 200 (255 ms)
[21/Nov/2023:11:24:51 -0300] 0:0:0:0:0:0:0:1 "GET /bff/usuario/nombre/rodrigo HTTP/1.1" 200 (154 ms)
[21/Nov/2023:11:24:51 -0300] 0:0:0:0:0:0:0:1 "GET /bff/usuario/nombre/rodrigo/preferencias HTTP/1.1" 200 (191 ms)
[21/Nov/2023:11:24:51 -0300] 0:0:0:0:0:0:0:1 "GET /bff/actividad HTTP/1.1" 200 (163 ms)
[21/Nov/2023:11:24:51 -0300] 0:0:0:0:0:0:0:1 "GET /bff/usuario/nombre/rodrigo/preferencias HTTP/1.1" 200 (116 ms)
[21/Nov/2023:11:24:51 -0300] 0:0:0:0:0:0:0:1 "GET /bff/usuario/nombre/rodrigo/preferencias HTTP/1.1" 200 (121 ms)
[21/Nov/2023:12:09:52 -0300] 0:0:0:0:0:0:0:1 "OPTIONS /bff/clima/-32.2301979/-58.1779218 HTTP/1.1" 200 (9 ms)
[21/Nov/2023:12:09:53 -0300] 0:0:0:0:0:0:0:1 "GET /bff/clima/-32.2301979/-58.1779218 HTTP/1.1" 200 (871 ms)
[21/Nov/2023:12:13:33 -0300] 0:0:0:0:0:0:0:1 "OPTIONS /bff/clima/undefined/undefined HTTP/1.1" 200 (4 ms)
[21/Nov/2023:12:13:33 -0300] 0:0:0:0:0:0:0:1 "OPTIONS /bff/actividad HTTP/1.1" 200 (3 ms)
[21/Nov/2023:12:13:33 -0300] 0:0:0:0:0:0:0:1 "GET /bff/clima/undefined/undefined HTTP/1.1" 500 (156 ms)
[21/Nov/2023:12:13:33 -0300] 0:0:0:0:0:0:0:1 "GET /bff/actividad HTTP/1.1" 200 (183 ms)
[21/Nov/2023:12:13:33 -0300] 0:0:0:0:0:0:0:1 "GET /bff/actividad HTTP/1.1" 200 (116 ms)
[21/Nov/2023:12:27:06 -0300] 0:0:0:0:0:0:0:1 "OPTIONS /bff/clima/-32.2302141/-58.1779222 HTTP/1.1" 200 (50 ms)
[21/Nov/2023:12:27:06 -0300] 0:0:0:0:0:0:0:1 "GET /bff/actividad HTTP/1.1" 200 (227 ms)
[21/Nov/2023:12:27:06 -0300] 0:0:0:0:0:0:0:1 "GET /bff/actividad HTTP/1.1" 200 (182 ms)
[21/Nov/2023:12:27:07 -0300] 0:0:0:0:0:0:0:1 "GET /bff/clima/-32.2302141/-58.1779222 HTTP/1.1" 200 (990 ms)
[21/Nov/2023:12:27:07 -0300] 0:0:0:0:0:0:0:1 "GET /bff/clima/-32.2302141/-58.1779222 HTTP/1.1" 200 (520 ms)
[21/Nov/2023:12:27:08 -0300] 0:0:0:0:0:0:0:1 "GET /bff/clima/-32.2302141/-58.1779222 HTTP/1.1" 200 (601 ms)
[21/Nov/2023:12:27:09 -0300] 0:0:0:0:0:0:0:1 "GET /bff/clima/-32.2302141/-58.1779222 HTTP/1.1" 200 (696 ms)
[21/Nov/2023:12:27:09 -0300] 0:0:0:0:0:0:0:1 "GET /bff/clima/-32.2302141/-58.1779222 HTTP/1.1" 200 (455 ms)
[21/Nov/2023:12:27:10 -0300] 0:0:0:0:0:0:0:1 "GET /bff/clima/-32.2302141/-58.1779222 HTTP/1.1" 200 (591 ms)
[21/Nov/2023:12:27:10 -0300] 0:0:0:0:0:0:0:1 "GET /bff/clima/-32.2302141/-58.1779222 HTTP/1.1" 200 (426 ms)
[21/Nov/2023:12:27:10 -0300] 0:0:0:0:0:0:0:1 "GET /bff/clima/-32.2302141/-58.1779222 HTTP/1.1" 200 (280 ms)
[21/Nov/2023:12:27:11 -0300] 0:0:0:0:0:0:0:1 "GET /bff/clima/-32.2302141/-58.1779222 HTTP/1.1" 200 (266 ms)
[21/Nov/2023:12:27:11 -0300] 0:0:0:0:0:0:0:1 "GET /bff/clima/-32.2302141/-58.1779222 HTTP/1.1" 200 (292 ms)
[21/Nov/2023:12:27:11 -0300] 0:0:0:0:0:0:0:1 "GET /bff/clima/-32.2302141/-58.1779222 HTTP/1.1" 200 (261 ms)
[21/Nov/2023:12:27:12 -0300] 0:0:0:0:0:0:0:1 "GET /bff/clima/-32.2302141/-58.1779222 HTTP/1.1" 200 (261 ms)
[21/Nov/2023:12:27:12 -0300] 0:0:0:0:0:0:0:1 "GET /bff/clima/-32.2302141/-58.1779222 HTTP/1.1" 200 (258 ms)
[21/Nov/2023:12:27:12 -0300] 0:0:0:0:0:0:0:1 "GET /bff/clima/-32.2302141/-58.1779222 HTTP/1.1" 200 (265 ms)
[21/Nov/2023:12:27:12 -0300] 0:0:0:0:0:0:0:1 "GET /bff/clima/-32.2302141/-58.1779222 HTTP/1.1" 200 (297 ms)
[21/Nov/2023:13:38:08 -0300] 0:0:0:0:0:0:0:1 "OPTIONS /bff/clima/-32.2301979/-58.1779218 HTTP/1.1" 200 (916 ms)
[21/Nov/2023:13:38:08 -0300] 0:0:0:0:0:0:0:1 "OPTIONS /bff/actividad HTTP/1.1" 200 (914 ms)
[21/Nov/2023:13:38:08 -0300] 0:0:0:0:0:0:0:1 "OPTIONS /bff/actividad HTTP/1.1" 200 (916 ms)
[21/Nov/2023:13:38:14 -0300] 0:0:0:0:0:0:0:1 "GET /bff/actividad HTTP/1.1" 200 (5683 ms)
[21/Nov/2023:13:38:14 -0300] 0:0:0:0:0:0:0:1 "GET /bff/actividad HTTP/1.1" 200 (183 ms)
[21/Nov/2023:13:38:14 -0300] 0:0:0:0:0:0:0:1 "GET /bff/clima/-32.2301979/-58.1779218 HTTP/1.1" 200 (6133 ms)
[21/Nov/2023:13:38:15 -0300] 0:0:0:0:0:0:0:1 "GET /bff/clima/-32.2301979/-58.1779218 HTTP/1.1" 200 (350 ms)
[21/Nov/2023:13:38:15 -0300] 0:0:0:0:0:0:0:1 "GET /bff/clima/-32.2301979/-58.1779218 HTTP/1.1" 200 (291 ms)
[21/Nov/2023:13:38:15 -0300] 0:0:0:0:0:0:0:1 "GET /bff/clima/-32.2301979/-58.1779218 HTTP/1.1" 200 (296 ms)
[21/Nov/2023:13:38:16 -0300] 0:0:0:0:0:0:0:1 "GET /bff/clima/-32.2301979/-58.1779218 HTTP/1.1" 200 (286 ms)
[21/Nov/2023:13:38:16 -0300] 0:0:0:0:0:0:0:1 "GET /bff/clima/-32.2301979/-58.1779218 HTTP/1.1" 200 (273 ms)
[21/Nov/2023:13:38:16 -0300] 0:0:0:0:0:0:0:1 "GET /bff/clima/-32.2301979/-58.1779218 HTTP/1.1" 200 (284 ms)
[21/Nov/2023:13:38:17 -0300] 0:0:0:0:0:0:0:1 "GET /bff/clima/-32.2301979/-58.1779218 HTTP/1.1" 200 (366 ms)
[21/Nov/2023:13:38:17 -0300] 0:0:0:0:0:0:0:1 "GET /bff/clima/-32.2301979/-58.1779218 HTTP/1.1" 200 (308 ms)
[21/Nov/2023:13:38:17 -0300] 0:0:0:0:0:0:0:1 "GET /bff/clima/-32.2301979/-58.1779218 HTTP/1.1" 200 (278 ms)
[21/Nov/2023:13:38:18 -0300] 0:0:0:0:0:0:0:1 "GET /bff/clima/-32.2301979/-58.1779218 HTTP/1.1" 200 (274 ms)
[21/Nov/2023:13:38:18 -0300] 0:0:0:0:0:0:0:1 "GET /bff/clima/-32.2301979/-58.1779218 HTTP/1.1" 200 (275 ms)
[21/Nov/2023:13:38:18 -0300] 0:0:0:0:0:0:0:1 "GET /bff/clima/-32.2301979/-58.1779218 HTTP/1.1" 200 (269 ms)
[21/Nov/2023:13:38:18 -0300] 0:0:0:0:0:0:0:1 "GET /bff/clima/-32.2301979/-58.1779218 HTTP/1.1" 200 (270 ms)
[21/Nov/2023:13:38:19 -0300] 0:0:0:0:0:0:0:1 "GET /bff/clima/-32.2301979/-58.1779218 HTTP/1.1" 200 (276 ms)
[21/Nov/2023:13:47:29 -0300] 0:0:0:0:0:0:0:1 "GET /bff/actividad HTTP/1.1" 200 (245 ms)
[21/Nov/2023:13:47:29 -0300] 0:0:0:0:0:0:0:1 "GET /bff/actividad HTTP/1.1" 200 (152 ms)
