[12/Nov/2023:19:50:44 -0300] 0:0:0:0:0:0:0:1 "OPTIONS /bff/actividad HTTP/1.1" 200 (214 ms)
[12/Nov/2023:19:50:44 -0300] 0:0:0:0:0:0:0:1 "OPTIONS /bff/actividad HTTP/1.1" 200 (214 ms)
[12/Nov/2023:19:50:44 -0300] 0:0:0:0:0:0:0:1 "OPTIONS /bff/clima/-144/33 HTTP/1.1" 200 (214 ms)
[12/Nov/2023:19:50:45 -0300] 0:0:0:0:0:0:0:1 "GET /bff/actividad HTTP/1.1" 200 (900 ms)
[12/Nov/2023:19:50:45 -0300] 0:0:0:0:0:0:0:1 "GET /bff/actividad HTTP/1.1" 200 (118 ms)
[12/Nov/2023:19:50:46 -0300] 0:0:0:0:0:0:0:1 "GET /bff/clima/-144/33 HTTP/1.1" 400 (2327 ms)
[12/Nov/2023:19:51:03 -0300] 0:0:0:0:0:0:0:1 "OPTIONS /bff/clima/-144/33 HTTP/1.1" 200 (8 ms)
[12/Nov/2023:19:51:03 -0300] 0:0:0:0:0:0:0:1 "OPTIONS /bff/usuario/nombre/rodrigo/preferencias HTTP/1.1" 200 (7 ms)
[12/Nov/2023:19:51:03 -0300] 0:0:0:0:0:0:0:1 "OPTIONS /bff/usuario/nombre/rodrigo HTTP/1.1" 200 (6 ms)
[12/Nov/2023:19:51:03 -0300] 0:0:0:0:0:0:0:1 "OPTIONS /bff/actividad HTTP/1.1" 200 (4 ms)
[12/Nov/2023:19:51:03 -0300] 0:0:0:0:0:0:0:1 "GET /bff/usuario/nombre/rodrigo HTTP/1.1" 200 (138 ms)
[12/Nov/2023:19:51:03 -0300] 0:0:0:0:0:0:0:1 "GET /bff/actividad HTTP/1.1" 200 (189 ms)
[12/Nov/2023:19:51:03 -0300] 0:0:0:0:0:0:0:1 "GET /bff/usuario/nombre/rodrigo/preferencias HTTP/1.1" 200 (382 ms)
[12/Nov/2023:19:51:03 -0300] 0:0:0:0:0:0:0:1 "GET /bff/usuario/nombre/rodrigo/preferencias HTTP/1.1" 200 (143 ms)
[12/Nov/2023:19:51:04 -0300] 0:0:0:0:0:0:0:1 "GET /bff/usuario/nombre/rodrigo/preferencias HTTP/1.1" 200 (120 ms)
[12/Nov/2023:19:51:04 -0300] 0:0:0:0:0:0:0:1 "GET /bff/clima/-144/33 HTTP/1.1" 400 (1148 ms)
[12/Nov/2023:19:51:04 -0300] 0:0:0:0:0:0:0:1 "GET /bff/clima/-144/33 HTTP/1.1" 400 (319 ms)
[12/Nov/2023:19:51:05 -0300] 0:0:0:0:0:0:0:1 "GET /bff/clima/-144/33 HTTP/1.1" 400 (327 ms)
[12/Nov/2023:19:51:05 -0300] 0:0:0:0:0:0:0:1 "GET /bff/clima/-144/33 HTTP/1.1" 400 (913 ms)
[12/Nov/2023:19:51:05 -0300] 0:0:0:0:0:0:0:1 "GET /bff/clima/-144/33 HTTP/1.1" 400 (318 ms)
[12/Nov/2023:19:54:00 -0300] 0:0:0:0:0:0:0:1 "GET /bff/usuario/nombre/rodrigo HTTP/1.1" 200 (112 ms)
[12/Nov/2023:19:54:00 -0300] 0:0:0:0:0:0:0:1 "GET /bff/usuario/nombre/rodrigo/preferencias HTTP/1.1" 200 (173 ms)
[12/Nov/2023:19:54:00 -0300] 0:0:0:0:0:0:0:1 "GET /bff/actividad HTTP/1.1" 200 (182 ms)
[12/Nov/2023:19:54:00 -0300] 0:0:0:0:0:0:0:1 "GET /bff/usuario/nombre/rodrigo/preferencias HTTP/1.1" 200 (118 ms)
[12/Nov/2023:19:54:00 -0300] 0:0:0:0:0:0:0:1 "GET /bff/usuario/nombre/rodrigo/preferencias HTTP/1.1" 200 (124 ms)
[12/Nov/2023:19:54:00 -0300] 0:0:0:0:0:0:0:1 "GET /bff/clima/-144/33 HTTP/1.1" 400 (923 ms)
[12/Nov/2023:19:54:01 -0300] 0:0:0:0:0:0:0:1 "GET /bff/clima/-144/33 HTTP/1.1" 400 (310 ms)
[12/Nov/2023:19:54:01 -0300] 0:0:0:0:0:0:0:1 "GET /bff/clima/-144/33 HTTP/1.1" 400 (314 ms)
[12/Nov/2023:19:54:02 -0300] 0:0:0:0:0:0:0:1 "GET /bff/clima/-144/33 HTTP/1.1" 400 (893 ms)
[12/Nov/2023:19:54:02 -0300] 0:0:0:0:0:0:0:1 "GET /bff/clima/-144/33 HTTP/1.1" 400 (312 ms)
[12/Nov/2023:19:54:43 -0300] 0:0:0:0:0:0:0:1 "GET /bff/usuario/nombre/rodrigo HTTP/1.1" 200 (115 ms)
[12/Nov/2023:19:54:43 -0300] 0:0:0:0:0:0:0:1 "GET /bff/actividad HTTP/1.1" 200 (166 ms)
[12/Nov/2023:19:54:43 -0300] 0:0:0:0:0:0:0:1 "GET /bff/usuario/nombre/rodrigo/preferencias HTTP/1.1" 200 (176 ms)
[12/Nov/2023:19:54:43 -0300] 0:0:0:0:0:0:0:1 "GET /bff/usuario/nombre/rodrigo/preferencias HTTP/1.1" 200 (116 ms)
[12/Nov/2023:19:54:43 -0300] 0:0:0:0:0:0:0:1 "GET /bff/usuario/nombre/rodrigo/preferencias HTTP/1.1" 200 (113 ms)
[12/Nov/2023:19:54:45 -0300] 0:0:0:0:0:0:0:1 "GET /bff/clima/-144/33 HTTP/1.1" 400 (1921 ms)
[12/Nov/2023:19:54:45 -0300] 0:0:0:0:0:0:0:1 "GET /bff/clima/-144/33 HTTP/1.1" 400 (309 ms)
[12/Nov/2023:19:54:45 -0300] 0:0:0:0:0:0:0:1 "GET /bff/clima/-144/33 HTTP/1.1" 400 (312 ms)
[12/Nov/2023:19:54:46 -0300] 0:0:0:0:0:0:0:1 "GET /bff/clima/-144/33 HTTP/1.1" 400 (890 ms)
[12/Nov/2023:19:54:46 -0300] 0:0:0:0:0:0:0:1 "GET /bff/clima/-144/33 HTTP/1.1" 400 (308 ms)
[12/Nov/2023:19:59:31 -0300] 0:0:0:0:0:0:0:1 "GET /bff/usuario/nombre/rodrigo HTTP/1.1" 200 (123 ms)
[12/Nov/2023:19:59:31 -0300] 0:0:0:0:0:0:0:1 "GET /bff/usuario/nombre/rodrigo/preferencias HTTP/1.1" 200 (210 ms)
[12/Nov/2023:19:59:31 -0300] 0:0:0:0:0:0:0:1 "GET /bff/actividad HTTP/1.1" 200 (183 ms)
[12/Nov/2023:19:59:31 -0300] 0:0:0:0:0:0:0:1 "GET /bff/usuario/nombre/rodrigo/preferencias HTTP/1.1" 200 (121 ms)
[12/Nov/2023:19:59:31 -0300] 0:0:0:0:0:0:0:1 "GET /bff/usuario/nombre/rodrigo/preferencias HTTP/1.1" 200 (126 ms)
[12/Nov/2023:19:59:31 -0300] 0:0:0:0:0:0:0:1 "GET /bff/clima/-144/33 HTTP/1.1" 400 (945 ms)
[12/Nov/2023:19:59:32 -0300] 0:0:0:0:0:0:0:1 "GET /bff/clima/-144/33 HTTP/1.1" 400 (310 ms)
[12/Nov/2023:19:59:32 -0300] 0:0:0:0:0:0:0:1 "GET /bff/clima/-144/33 HTTP/1.1" 400 (307 ms)
[12/Nov/2023:19:59:33 -0300] 0:0:0:0:0:0:0:1 "GET /bff/clima/-144/33 HTTP/1.1" 400 (891 ms)
[12/Nov/2023:19:59:33 -0300] 0:0:0:0:0:0:0:1 "GET /bff/clima/-144/33 HTTP/1.1" 400 (308 ms)
[12/Nov/2023:19:59:57 -0300] 0:0:0:0:0:0:0:1 "GET /bff/usuario/nombre/rodrigo HTTP/1.1" 200 (111 ms)
[12/Nov/2023:19:59:57 -0300] 0:0:0:0:0:0:0:1 "GET /bff/usuario/nombre/rodrigo/preferencias HTTP/1.1" 200 (158 ms)
[12/Nov/2023:19:59:57 -0300] 0:0:0:0:0:0:0:1 "GET /bff/actividad HTTP/1.1" 200 (169 ms)
[12/Nov/2023:19:59:58 -0300] 0:0:0:0:0:0:0:1 "GET /bff/usuario/nombre/rodrigo/preferencias HTTP/1.1" 200 (110 ms)
[12/Nov/2023:19:59:58 -0300] 0:0:0:0:0:0:0:1 "GET /bff/usuario/nombre/rodrigo/preferencias HTTP/1.1" 200 (116 ms)
[12/Nov/2023:19:59:58 -0300] 0:0:0:0:0:0:0:1 "GET /bff/clima/-144/33 HTTP/1.1" 400 (899 ms)
[12/Nov/2023:19:59:58 -0300] 0:0:0:0:0:0:0:1 "GET /bff/clima/-144/33 HTTP/1.1" 400 (312 ms)
[12/Nov/2023:19:59:59 -0300] 0:0:0:0:0:0:0:1 "GET /bff/clima/-144/33 HTTP/1.1" 400 (316 ms)
[12/Nov/2023:19:59:59 -0300] 0:0:0:0:0:0:0:1 "GET /bff/clima/-144/33 HTTP/1.1" 400 (897 ms)
[12/Nov/2023:20:00:00 -0300] 0:0:0:0:0:0:0:1 "GET /bff/clima/-144/33 HTTP/1.1" 400 (315 ms)
[12/Nov/2023:20:00:36 -0300] 0:0:0:0:0:0:0:1 "GET /bff/usuario/nombre/rodrigo/preferencias HTTP/1.1" 200 (159 ms)
[12/Nov/2023:20:01:54 -0300] 0:0:0:0:0:0:0:1 "GET /bff/usuario/nombre/rodrigo/preferencias HTTP/1.1" 200 (158 ms)
[12/Nov/2023:20:02:50 -0300] 0:0:0:0:0:0:0:1 "GET /bff/usuario/nombre/rodrigo/preferencias HTTP/1.1" 200 (162 ms)
[12/Nov/2023:20:02:50 -0300] 0:0:0:0:0:0:0:1 "GET /bff/usuario/nombre/rodrigo HTTP/1.1" 200 (132 ms)
[12/Nov/2023:20:02:50 -0300] 0:0:0:0:0:0:0:1 "GET /bff/actividad HTTP/1.1" 200 (182 ms)
[12/Nov/2023:20:02:50 -0300] 0:0:0:0:0:0:0:1 "GET /bff/usuario/nombre/rodrigo/preferencias HTTP/1.1" 200 (129 ms)
[12/Nov/2023:20:02:50 -0300] 0:0:0:0:0:0:0:1 "GET /bff/usuario/nombre/rodrigo/preferencias HTTP/1.1" 200 (145 ms)
[12/Nov/2023:20:02:50 -0300] 0:0:0:0:0:0:0:1 "GET /bff/clima/-144/33 HTTP/1.1" 400 (905 ms)
[12/Nov/2023:20:02:51 -0300] 0:0:0:0:0:0:0:1 "GET /bff/clima/-144/33 HTTP/1.1" 400 (310 ms)
[12/Nov/2023:20:02:51 -0300] 0:0:0:0:0:0:0:1 "GET /bff/clima/-144/33 HTTP/1.1" 400 (310 ms)
[12/Nov/2023:20:02:52 -0300] 0:0:0:0:0:0:0:1 "GET /bff/clima/-144/33 HTTP/1.1" 400 (890 ms)
[12/Nov/2023:20:02:52 -0300] 0:0:0:0:0:0:0:1 "GET /bff/clima/-144/33 HTTP/1.1" 400 (308 ms)
[12/Nov/2023:20:03:03 -0300] 0:0:0:0:0:0:0:1 "GET /bff/usuario/nombre/rodrigo/preferencias HTTP/1.1" 200 (165 ms)
[12/Nov/2023:20:03:08 -0300] 0:0:0:0:0:0:0:1 "GET /bff/usuario/nombre/rodrigo/preferencias HTTP/1.1" 200 (164 ms)
[12/Nov/2023:20:05:06 -0300] 0:0:0:0:0:0:0:1 "GET /bff/usuario/nombre/rodrigo HTTP/1.1" 200 (120 ms)
[12/Nov/2023:20:05:06 -0300] 0:0:0:0:0:0:0:1 "GET /bff/usuario/nombre/rodrigo/preferencias HTTP/1.1" 200 (187 ms)
[12/Nov/2023:20:05:06 -0300] 0:0:0:0:0:0:0:1 "GET /bff/actividad HTTP/1.1" 200 (168 ms)
[12/Nov/2023:20:05:06 -0300] 0:0:0:0:0:0:0:1 "GET /bff/usuario/nombre/rodrigo/preferencias HTTP/1.1" 200 (108 ms)
[12/Nov/2023:20:05:06 -0300] 0:0:0:0:0:0:0:1 "GET /bff/usuario/nombre/rodrigo/preferencias HTTP/1.1" 200 (114 ms)
[12/Nov/2023:20:05:07 -0300] 0:0:0:0:0:0:0:1 "GET /bff/clima/-144/33 HTTP/1.1" 400 (913 ms)
[12/Nov/2023:20:05:07 -0300] 0:0:0:0:0:0:0:1 "GET /bff/clima/-144/33 HTTP/1.1" 400 (307 ms)
[12/Nov/2023:20:05:07 -0300] 0:0:0:0:0:0:0:1 "GET /bff/clima/-144/33 HTTP/1.1" 400 (307 ms)
[12/Nov/2023:20:05:08 -0300] 0:0:0:0:0:0:0:1 "GET /bff/clima/-144/33 HTTP/1.1" 400 (896 ms)
[12/Nov/2023:20:05:08 -0300] 0:0:0:0:0:0:0:1 "GET /bff/clima/-144/33 HTTP/1.1" 400 (315 ms)
[12/Nov/2023:20:05:14 -0300] 0:0:0:0:0:0:0:1 "GET /bff/usuario/nombre/rodrigo/preferencias HTTP/1.1" 200 (162 ms)
[12/Nov/2023:20:05:14 -0300] 0:0:0:0:0:0:0:1 "OPTIONS /bff/usuario/usuarioActividad/rodrigo/Actividades%20hogare%C3%B1as HTTP/1.1" 200 (2 ms)
[12/Nov/2023:20:05:14 -0300] 0:0:0:0:0:0:0:1 "POST /bff/usuario/usuarioActividad/rodrigo/Actividades%20hogare%C3%B1as HTTP/1.1" 400 (50 ms)
[12/Nov/2023:20:05:27 -0300] 0:0:0:0:0:0:0:1 "GET /bff/usuario/nombre/rodrigo/preferencias HTTP/1.1" 200 (155 ms)
[12/Nov/2023:20:05:27 -0300] 0:0:0:0:0:0:0:1 "OPTIONS /bff/usuario/usuarioActividad/rodrigo/Correr HTTP/1.1" 200 (2 ms)
[12/Nov/2023:20:05:27 -0300] 0:0:0:0:0:0:0:1 "POST /bff/usuario/usuarioActividad/rodrigo/Correr HTTP/1.1" 400 (19 ms)
[12/Nov/2023:20:16:07 -0300] 0:0:0:0:0:0:0:1 "GET /bff/usuario/nombre/rodrigo HTTP/1.1" 200 (122 ms)
[12/Nov/2023:20:16:07 -0300] 0:0:0:0:0:0:0:1 "GET /bff/usuario/nombre/rodrigo/preferencias HTTP/1.1" 200 (165 ms)
[12/Nov/2023:20:16:07 -0300] 0:0:0:0:0:0:0:1 "GET /bff/actividad HTTP/1.1" 200 (168 ms)
[12/Nov/2023:20:16:07 -0300] 0:0:0:0:0:0:0:1 "GET /bff/usuario/nombre/rodrigo/preferencias HTTP/1.1" 200 (107 ms)
[12/Nov/2023:20:16:07 -0300] 0:0:0:0:0:0:0:1 "GET /bff/usuario/nombre/rodrigo/preferencias HTTP/1.1" 200 (114 ms)
[12/Nov/2023:20:16:08 -0300] 0:0:0:0:0:0:0:1 "GET /bff/clima/-144/33 HTTP/1.1" 400 (947 ms)
[12/Nov/2023:20:16:08 -0300] 0:0:0:0:0:0:0:1 "GET /bff/clima/-144/33 HTTP/1.1" 400 (316 ms)
[12/Nov/2023:20:16:09 -0300] 0:0:0:0:0:0:0:1 "GET /bff/clima/-144/33 HTTP/1.1" 400 (312 ms)
[12/Nov/2023:20:16:09 -0300] 0:0:0:0:0:0:0:1 "GET /bff/clima/-144/33 HTTP/1.1" 400 (897 ms)
[12/Nov/2023:20:16:09 -0300] 0:0:0:0:0:0:0:1 "GET /bff/clima/-144/33 HTTP/1.1" 400 (311 ms)
[12/Nov/2023:20:16:19 -0300] 0:0:0:0:0:0:0:1 "GET /bff/usuario/nombre/rodrigo/preferencias HTTP/1.1" 200 (164 ms)
[12/Nov/2023:20:17:06 -0300] 0:0:0:0:0:0:0:1 "GET /bff/usuario/nombre/rodrigo HTTP/1.1" 200 (116 ms)
[12/Nov/2023:20:17:06 -0300] 0:0:0:0:0:0:0:1 "GET /bff/actividad HTTP/1.1" 200 (160 ms)
[12/Nov/2023:20:17:06 -0300] 0:0:0:0:0:0:0:1 "GET /bff/usuario/nombre/rodrigo/preferencias HTTP/1.1" 200 (166 ms)
[12/Nov/2023:20:17:06 -0300] 0:0:0:0:0:0:0:1 "GET /bff/usuario/nombre/rodrigo/preferencias HTTP/1.1" 200 (113 ms)
[12/Nov/2023:20:17:06 -0300] 0:0:0:0:0:0:0:1 "GET /bff/usuario/nombre/rodrigo/preferencias HTTP/1.1" 200 (110 ms)
[12/Nov/2023:20:17:07 -0300] 0:0:0:0:0:0:0:1 "GET /bff/clima/-144/33 HTTP/1.1" 400 (915 ms)
[12/Nov/2023:20:17:07 -0300] 0:0:0:0:0:0:0:1 "GET /bff/clima/-144/33 HTTP/1.1" 400 (313 ms)
[12/Nov/2023:20:17:07 -0300] 0:0:0:0:0:0:0:1 "GET /bff/clima/-144/33 HTTP/1.1" 400 (316 ms)
[12/Nov/2023:20:17:08 -0300] 0:0:0:0:0:0:0:1 "GET /bff/clima/-144/33 HTTP/1.1" 400 (885 ms)
[12/Nov/2023:20:17:08 -0300] 0:0:0:0:0:0:0:1 "GET /bff/clima/-144/33 HTTP/1.1" 400 (306 ms)
[12/Nov/2023:20:17:24 -0300] 0:0:0:0:0:0:0:1 "GET /bff/usuario/nombre/rodrigo/preferencias HTTP/1.1" 200 (158 ms)
[12/Nov/2023:20:17:25 -0300] 0:0:0:0:0:0:0:1 "GET /bff/usuario/nombre/rodrigo/preferencias HTTP/1.1" 200 (113 ms)
[12/Nov/2023:20:17:25 -0300] 0:0:0:0:0:0:0:1 "GET /bff/usuario/nombre/rodrigo HTTP/1.1" 200 (411 ms)
[12/Nov/2023:20:17:25 -0300] 0:0:0:0:0:0:0:1 "GET /bff/actividad HTTP/1.1" 200 (462 ms)
[12/Nov/2023:20:17:25 -0300] 0:0:0:0:0:0:0:1 "GET /bff/usuario/nombre/rodrigo/preferencias HTTP/1.1" 200 (117 ms)
[12/Nov/2023:20:17:28 -0300] 0:0:0:0:0:0:0:1 "GET /bff/clima/-144/33 HTTP/1.1" 400 (3903 ms)
[12/Nov/2023:20:17:28 -0300] 0:0:0:0:0:0:0:1 "GET /bff/clima/-144/33 HTTP/1.1" 400 (310 ms)
[12/Nov/2023:20:17:29 -0300] 0:0:0:0:0:0:0:1 "GET /bff/clima/-144/33 HTTP/1.1" 400 (306 ms)
[12/Nov/2023:20:17:29 -0300] 0:0:0:0:0:0:0:1 "GET /bff/clima/-144/33 HTTP/1.1" 400 (894 ms)
[12/Nov/2023:20:17:30 -0300] 0:0:0:0:0:0:0:1 "GET /bff/clima/-144/33 HTTP/1.1" 400 (308 ms)
[12/Nov/2023:20:17:56 -0300] 0:0:0:0:0:0:0:1 "GET /bff/usuario/nombre/rodrigo/preferencias HTTP/1.1" 200 (155 ms)
[12/Nov/2023:20:17:56 -0300] 0:0:0:0:0:0:0:1 "POST /bff/usuario/usuarioActividad/rodrigo/Correr HTTP/1.1" 400 (23 ms)
[12/Nov/2023:20:18:08 -0300] 0:0:0:0:0:0:0:1 "GET /bff/usuario/nombre/rodrigo/preferencias HTTP/1.1" 200 (162 ms)
[12/Nov/2023:20:18:11 -0300] 0:0:0:0:0:0:0:1 "GET /bff/usuario/nombre/rodrigo/preferencias HTTP/1.1" 200 (152 ms)
[12/Nov/2023:20:18:11 -0300] 0:0:0:0:0:0:0:1 "OPTIONS /bff/usuario/usuarioActividad/rodrigo/Senderismo HTTP/1.1" 200 (1 ms)
[12/Nov/2023:20:18:11 -0300] 0:0:0:0:0:0:0:1 "POST /bff/usuario/usuarioActividad/rodrigo/Senderismo HTTP/1.1" 400 (24 ms)
[12/Nov/2023:20:18:19 -0300] 0:0:0:0:0:0:0:1 "GET /bff/usuario/nombre/rodrigo/preferencias HTTP/1.1" 200 (153 ms)
[12/Nov/2023:20:18:23 -0300] 0:0:0:0:0:0:0:1 "GET /bff/usuario/nombre/rodrigo/preferencias HTTP/1.1" 200 (153 ms)
[12/Nov/2023:20:18:23 -0300] 0:0:0:0:0:0:0:1 "POST /bff/usuario/usuarioActividad/rodrigo/Correr HTTP/1.1" 400 (30 ms)
[12/Nov/2023:20:19:59 -0300] 0:0:0:0:0:0:0:1 "GET /bff/conector/ping HTTP/1.1" 200 (193 ms)
[12/Nov/2023:20:19:59 -0300] 0:0:0:0:0:0:0:1 "GET /favicon.ico HTTP/1.1" 404 (8 ms)
[12/Nov/2023:20:20:07 -0300] 0:0:0:0:0:0:0:1 "GET /bff/usuario/nombre/rodrigo HTTP/1.1" 200 (351 ms)
[12/Nov/2023:20:20:07 -0300] 0:0:0:0:0:0:0:1 "GET /bff/usuario/nombre/rodrigo/preferencias HTTP/1.1" 200 (398 ms)
[12/Nov/2023:20:20:07 -0300] 0:0:0:0:0:0:0:1 "GET /bff/usuario/nombre/rodrigo/preferencias HTTP/1.1" 200 (132 ms)
[12/Nov/2023:20:20:07 -0300] 0:0:0:0:0:0:0:1 "GET /bff/actividad HTTP/1.1" 200 (681 ms)
[12/Nov/2023:20:20:07 -0300] 0:0:0:0:0:0:0:1 "GET /bff/usuario/nombre/rodrigo/preferencias HTTP/1.1" 200 (126 ms)
[12/Nov/2023:20:20:08 -0300] 0:0:0:0:0:0:0:1 "GET /bff/clima/-144/33 HTTP/1.1" 400 (1179 ms)
[12/Nov/2023:20:20:08 -0300] 0:0:0:0:0:0:0:1 "GET /bff/clima/-144/33 HTTP/1.1" 400 (317 ms)
[12/Nov/2023:20:20:09 -0300] 0:0:0:0:0:0:0:1 "GET /bff/clima/-144/33 HTTP/1.1" 400 (892 ms)
[12/Nov/2023:20:20:09 -0300] 0:0:0:0:0:0:0:1 "GET /bff/clima/-144/33 HTTP/1.1" 400 (1106 ms)
[12/Nov/2023:20:20:09 -0300] 0:0:0:0:0:0:0:1 "GET /bff/clima/-144/33 HTTP/1.1" 400 (313 ms)
[12/Nov/2023:20:20:16 -0300] 0:0:0:0:0:0:0:1 "GET /bff/usuario/nombre/rodrigo/preferencias HTTP/1.1" 200 (174 ms)
[12/Nov/2023:20:20:16 -0300] 0:0:0:0:0:0:0:1 "POST /bff/usuario/usuarioActividad/rodrigo/Correr HTTP/1.1" 400 (46 ms)
[12/Nov/2023:20:21:02 -0300] 0:0:0:0:0:0:0:1 "POST /bff/usuario/usuarioActividad/rodrigo/Correr HTTP/1.1" 401 (2 ms)
[12/Nov/2023:20:21:47 -0300] 0:0:0:0:0:0:0:1 "GET /bff/usuario/nombre/rodrigo/preferencias HTTP/1.1" 200 (173 ms)
[12/Nov/2023:20:21:50 -0300] 0:0:0:0:0:0:0:1 "GET /bff/usuario/nombre/rodrigo/preferencias HTTP/1.1" 200 (166 ms)
[12/Nov/2023:20:21:50 -0300] 0:0:0:0:0:0:0:1 "POST /bff/usuario/usuarioActividad/rodrigo/Senderismo HTTP/1.1" 400 (29 ms)
[12/Nov/2023:20:22:17 -0300] 0:0:0:0:0:0:0:1 "GET /bff/usuario/nombre/rodrigo/preferencias HTTP/1.1" 200 (172 ms)
[12/Nov/2023:20:22:17 -0300] 0:0:0:0:0:0:0:1 "GET /bff/usuario/nombre/rodrigo/preferencias HTTP/1.1" 200 (113 ms)
[12/Nov/2023:20:22:17 -0300] 0:0:0:0:0:0:0:1 "GET /bff/usuario/nombre/rodrigo HTTP/1.1" 200 (386 ms)
[12/Nov/2023:20:22:17 -0300] 0:0:0:0:0:0:0:1 "GET /bff/actividad HTTP/1.1" 200 (418 ms)
[12/Nov/2023:20:22:18 -0300] 0:0:0:0:0:0:0:1 "GET /bff/usuario/nombre/rodrigo/preferencias HTTP/1.1" 200 (679 ms)
[12/Nov/2023:20:22:19 -0300] 0:0:0:0:0:0:0:1 "GET /bff/clima/-144/33 HTTP/1.1" 400 (2986 ms)
[12/Nov/2023:20:22:20 -0300] 0:0:0:0:0:0:0:1 "GET /bff/clima/-144/33 HTTP/1.1" 400 (311 ms)
[12/Nov/2023:20:22:20 -0300] 0:0:0:0:0:0:0:1 "GET /bff/clima/-144/33 HTTP/1.1" 400 (312 ms)
[12/Nov/2023:20:22:21 -0300] 0:0:0:0:0:0:0:1 "GET /bff/clima/-144/33 HTTP/1.1" 400 (890 ms)
[12/Nov/2023:20:22:21 -0300] 0:0:0:0:0:0:0:1 "GET /bff/clima/-144/33 HTTP/1.1" 400 (308 ms)
[12/Nov/2023:20:22:25 -0300] 0:0:0:0:0:0:0:1 "GET /bff/usuario/nombre/rodrigo/preferencias HTTP/1.1" 200 (168 ms)
[12/Nov/2023:20:22:25 -0300] 0:0:0:0:0:0:0:1 "DELETE /bff/usuario/usuarioActividad/rodrigo/Senderismo HTTP/1.1" 200 (370 ms)
[12/Nov/2023:20:23:21 -0300] 0:0:0:0:0:0:0:1 "GET /bff/usuario/nombre/rodrigo HTTP/1.1" 200 (122 ms)
[12/Nov/2023:20:23:21 -0300] 0:0:0:0:0:0:0:1 "GET /bff/actividad HTTP/1.1" 200 (161 ms)
[12/Nov/2023:20:23:21 -0300] 0:0:0:0:0:0:0:1 "GET /bff/usuario/nombre/rodrigo/preferencias HTTP/1.1" 200 (174 ms)
[12/Nov/2023:20:23:21 -0300] 0:0:0:0:0:0:0:1 "GET /bff/usuario/nombre/rodrigo/preferencias HTTP/1.1" 200 (414 ms)
[12/Nov/2023:20:23:22 -0300] 0:0:0:0:0:0:0:1 "GET /bff/usuario/nombre/rodrigo/preferencias HTTP/1.1" 200 (114 ms)
[12/Nov/2023:20:23:23 -0300] 0:0:0:0:0:0:0:1 "GET /bff/clima/-144/33 HTTP/1.1" 400 (1911 ms)
[12/Nov/2023:20:23:23 -0300] 0:0:0:0:0:0:0:1 "GET /bff/clima/-144/33 HTTP/1.1" 400 (311 ms)
[12/Nov/2023:20:23:23 -0300] 0:0:0:0:0:0:0:1 "GET /bff/clima/-144/33 HTTP/1.1" 400 (319 ms)
[12/Nov/2023:20:23:28 -0300] 0:0:0:0:0:0:0:1 "GET /bff/usuario/nombre/rodrigo/preferencias HTTP/1.1" 200 (162 ms)
[12/Nov/2023:20:23:28 -0300] 0:0:0:0:0:0:0:1 "POST /bff/usuario/usuarioActividad/rodrigo/Senderismo HTTP/1.1" 400 (27 ms)
[12/Nov/2023:20:24:39 -0300] 0:0:0:0:0:0:0:1 "GET /bff/usuario/nombre/rodrigo/preferencias HTTP/1.1" 200 (168 ms)
[12/Nov/2023:20:24:39 -0300] 0:0:0:0:0:0:0:1 "POST /bff/usuario/usuarioActividad/rodrigo/Senderismo HTTP/1.1" 400 (26 ms)
[12/Nov/2023:20:24:54 -0300] 0:0:0:0:0:0:0:1 "GET /bff/usuario/nombre/rodrigo/preferencias HTTP/1.1" 200 (165 ms)
[12/Nov/2023:20:24:54 -0300] 0:0:0:0:0:0:0:1 "POST /bff/usuario/usuarioActividad/rodrigo/Senderismo HTTP/1.1" 400 (29 ms)
[12/Nov/2023:20:29:29 -0300] 0:0:0:0:0:0:0:1 "GET /bff/usuario/nombre/rodrigo HTTP/1.1" 200 (487 ms)
[12/Nov/2023:20:29:29 -0300] 0:0:0:0:0:0:0:1 "GET /bff/actividad HTTP/1.1" 200 (487 ms)
[12/Nov/2023:20:29:29 -0300] 0:0:0:0:0:0:0:1 "GET /bff/usuario/nombre/rodrigo/preferencias HTTP/1.1" 200 (750 ms)
[12/Nov/2023:20:29:29 -0300] 0:0:0:0:0:0:0:1 "GET /bff/usuario/nombre/rodrigo/preferencias HTTP/1.1" 200 (142 ms)
[12/Nov/2023:20:29:29 -0300] 0:0:0:0:0:0:0:1 "GET /bff/usuario/nombre/rodrigo/preferencias HTTP/1.1" 200 (124 ms)
[12/Nov/2023:20:29:30 -0300] 0:0:0:0:0:0:0:1 "GET /bff/clima/-144/33 HTTP/1.1" 400 (1204 ms)
[12/Nov/2023:20:29:30 -0300] 0:0:0:0:0:0:0:1 "GET /bff/clima/-144/33 HTTP/1.1" 400 (312 ms)
[12/Nov/2023:20:29:30 -0300] 0:0:0:0:0:0:0:1 "GET /bff/clima/-144/33 HTTP/1.1" 400 (309 ms)
[12/Nov/2023:20:29:36 -0300] 0:0:0:0:0:0:0:1 "GET /bff/usuario/nombre/rodrigo/preferencias HTTP/1.1" 200 (167 ms)
[12/Nov/2023:20:29:37 -0300] 0:0:0:0:0:0:0:1 "POST /bff/usuario/usuarioActividad/rodrigo/Senderismo HTTP/1.1" 200 (851 ms)
[12/Nov/2023:20:29:47 -0300] 0:0:0:0:0:0:0:1 "GET /bff/usuario/nombre/rodrigo HTTP/1.1" 200 (118 ms)
[12/Nov/2023:20:29:47 -0300] 0:0:0:0:0:0:0:1 "GET /bff/actividad HTTP/1.1" 200 (177 ms)
[12/Nov/2023:20:29:47 -0300] 0:0:0:0:0:0:0:1 "GET /bff/usuario/nombre/rodrigo/preferencias HTTP/1.1" 200 (169 ms)
[12/Nov/2023:20:29:47 -0300] 0:0:0:0:0:0:0:1 "GET /bff/usuario/nombre/rodrigo/preferencias HTTP/1.1" 200 (125 ms)
[12/Nov/2023:20:29:47 -0300] 0:0:0:0:0:0:0:1 "GET /bff/usuario/nombre/rodrigo/preferencias HTTP/1.1" 200 (126 ms)
[12/Nov/2023:20:29:48 -0300] 0:0:0:0:0:0:0:1 "GET /bff/clima/-144/33 HTTP/1.1" 400 (894 ms)
[12/Nov/2023:20:29:48 -0300] 0:0:0:0:0:0:0:1 "GET /bff/clima/-144/33 HTTP/1.1" 400 (306 ms)
[12/Nov/2023:20:29:48 -0300] 0:0:0:0:0:0:0:1 "GET /bff/clima/-144/33 HTTP/1.1" 400 (309 ms)
[12/Nov/2023:20:29:49 -0300] 0:0:0:0:0:0:0:1 "GET /bff/clima/-144/33 HTTP/1.1" 400 (887 ms)
[12/Nov/2023:20:29:49 -0300] 0:0:0:0:0:0:0:1 "GET /bff/clima/-144/33 HTTP/1.1" 400 (307 ms)
[12/Nov/2023:20:29:55 -0300] 0:0:0:0:0:0:0:1 "GET /bff/usuario/nombre/rodrigo/preferencias HTTP/1.1" 200 (164 ms)
[12/Nov/2023:20:29:55 -0300] 0:0:0:0:0:0:0:1 "POST /bff/usuario/usuarioActividad/rodrigo/Actividades%20hogare%C3%B1as HTTP/1.1" 200 (270 ms)
[12/Nov/2023:20:30:01 -0300] 0:0:0:0:0:0:0:1 "GET /bff/usuario/nombre/rodrigo/preferencias HTTP/1.1" 200 (169 ms)
[12/Nov/2023:20:30:01 -0300] 0:0:0:0:0:0:0:1 "GET /bff/usuario/nombre/rodrigo HTTP/1.1" 200 (119 ms)
[12/Nov/2023:20:30:01 -0300] 0:0:0:0:0:0:0:1 "GET /bff/actividad HTTP/1.1" 200 (169 ms)
[12/Nov/2023:20:30:01 -0300] 0:0:0:0:0:0:0:1 "GET /bff/usuario/nombre/rodrigo/preferencias HTTP/1.1" 200 (114 ms)
[12/Nov/2023:20:30:01 -0300] 0:0:0:0:0:0:0:1 "GET /bff/usuario/nombre/rodrigo/preferencias HTTP/1.1" 200 (111 ms)
[12/Nov/2023:20:30:02 -0300] 0:0:0:0:0:0:0:1 "GET /bff/clima/-144/33 HTTP/1.1" 400 (895 ms)
[12/Nov/2023:20:30:02 -0300] 0:0:0:0:0:0:0:1 "GET /bff/clima/-144/33 HTTP/1.1" 400 (306 ms)
[12/Nov/2023:20:30:02 -0300] 0:0:0:0:0:0:0:1 "GET /bff/clima/-144/33 HTTP/1.1" 400 (305 ms)
[12/Nov/2023:20:30:03 -0300] 0:0:0:0:0:0:0:1 "GET /bff/clima/-144/33 HTTP/1.1" 400 (890 ms)
[12/Nov/2023:20:30:03 -0300] 0:0:0:0:0:0:0:1 "GET /bff/clima/-144/33 HTTP/1.1" 400 (310 ms)
[12/Nov/2023:20:30:16 -0300] 0:0:0:0:0:0:0:1 "GET /bff/usuario/nombre/rodrigo/preferencias HTTP/1.1" 200 (163 ms)
[12/Nov/2023:20:30:16 -0300] 0:0:0:0:0:0:0:1 "OPTIONS /bff/usuario/usuarioActividad/rodrigo/Pesca HTTP/1.1" 200 (5 ms)
[12/Nov/2023:20:30:17 -0300] 0:0:0:0:0:0:0:1 "POST /bff/usuario/usuarioActividad/rodrigo/Pesca HTTP/1.1" 200 (265 ms)
[12/Nov/2023:20:30:17 -0300] 0:0:0:0:0:0:0:1 "DELETE /bff/usuario/usuarioActividad/rodrigo/Senderismo HTTP/1.1" 200 (350 ms)
[12/Nov/2023:20:30:35 -0300] 0:0:0:0:0:0:0:1 "GET /bff/usuario/nombre/rodrigo HTTP/1.1" 200 (106 ms)
[12/Nov/2023:20:30:35 -0300] 0:0:0:0:0:0:0:1 "GET /bff/actividad HTTP/1.1" 200 (169 ms)
[12/Nov/2023:20:30:35 -0300] 0:0:0:0:0:0:0:1 "GET /bff/usuario/nombre/rodrigo/preferencias HTTP/1.1" 200 (170 ms)
[12/Nov/2023:20:30:35 -0300] 0:0:0:0:0:0:0:1 "GET /bff/usuario/nombre/rodrigo/preferencias HTTP/1.1" 200 (115 ms)
[12/Nov/2023:20:30:35 -0300] 0:0:0:0:0:0:0:1 "GET /bff/usuario/nombre/rodrigo/preferencias HTTP/1.1" 200 (116 ms)
[12/Nov/2023:20:30:36 -0300] 0:0:0:0:0:0:0:1 "GET /bff/clima/-144/33 HTTP/1.1" 400 (907 ms)
[12/Nov/2023:20:30:36 -0300] 0:0:0:0:0:0:0:1 "GET /bff/clima/-144/33 HTTP/1.1" 400 (311 ms)
[12/Nov/2023:20:30:36 -0300] 0:0:0:0:0:0:0:1 "GET /bff/clima/-144/33 HTTP/1.1" 400 (317 ms)
[12/Nov/2023:20:30:37 -0300] 0:0:0:0:0:0:0:1 "GET /bff/clima/-144/33 HTTP/1.1" 400 (887 ms)
[12/Nov/2023:20:30:37 -0300] 0:0:0:0:0:0:0:1 "GET /bff/clima/-144/33 HTTP/1.1" 400 (306 ms)
[12/Nov/2023:20:30:40 -0300] 0:0:0:0:0:0:0:1 "GET /bff/usuario/nombre/rodrigo/preferencias HTTP/1.1" 200 (159 ms)
[12/Nov/2023:20:30:40 -0300] 0:0:0:0:0:0:0:1 "OPTIONS /bff/usuario/usuarioActividad/rodrigo/Futbol HTTP/1.1" 200 (6 ms)
[12/Nov/2023:20:30:40 -0300] 0:0:0:0:0:0:0:1 "OPTIONS /bff/usuario/usuarioActividad/rodrigo/Golf HTTP/1.1" 200 (2 ms)
[12/Nov/2023:20:30:40 -0300] 0:0:0:0:0:0:0:1 "POST /bff/usuario/usuarioActividad/rodrigo/Correr HTTP/1.1" 200 (216 ms)
[12/Nov/2023:20:30:40 -0300] 0:0:0:0:0:0:0:1 "POST /bff/usuario/usuarioActividad/rodrigo/Senderismo HTTP/1.1" 200 (271 ms)
[12/Nov/2023:20:30:40 -0300] 0:0:0:0:0:0:0:1 "POST /bff/usuario/usuarioActividad/rodrigo/Futbol HTTP/1.1" 200 (274 ms)
[12/Nov/2023:20:30:40 -0300] 0:0:0:0:0:0:0:1 "POST /bff/usuario/usuarioActividad/rodrigo/Golf HTTP/1.1" 200 (279 ms)
[12/Nov/2023:20:30:44 -0300] 0:0:0:0:0:0:0:1 "GET /bff/usuario/nombre/rodrigo/preferencias HTTP/1.1" 200 (160 ms)
[12/Nov/2023:20:30:44 -0300] 0:0:0:0:0:0:0:1 "GET /bff/usuario/nombre/rodrigo HTTP/1.1" 200 (114 ms)
[12/Nov/2023:20:30:44 -0300] 0:0:0:0:0:0:0:1 "GET /bff/actividad HTTP/1.1" 200 (169 ms)
[12/Nov/2023:20:30:45 -0300] 0:0:0:0:0:0:0:1 "GET /bff/usuario/nombre/rodrigo/preferencias HTTP/1.1" 200 (113 ms)
[12/Nov/2023:20:30:45 -0300] 0:0:0:0:0:0:0:1 "GET /bff/usuario/nombre/rodrigo/preferencias HTTP/1.1" 200 (118 ms)
[12/Nov/2023:20:30:45 -0300] 0:0:0:0:0:0:0:1 "GET /bff/clima/-144/33 HTTP/1.1" 400 (910 ms)
[12/Nov/2023:20:30:45 -0300] 0:0:0:0:0:0:0:1 "GET /bff/clima/-144/33 HTTP/1.1" 400 (309 ms)
[12/Nov/2023:20:30:46 -0300] 0:0:0:0:0:0:0:1 "GET /bff/clima/-144/33 HTTP/1.1" 400 (311 ms)
[12/Nov/2023:20:30:47 -0300] 0:0:0:0:0:0:0:1 "GET /bff/clima/-144/33 HTTP/1.1" 400 (1681 ms)
[12/Nov/2023:20:30:47 -0300] 0:0:0:0:0:0:0:1 "GET /bff/clima/-144/33 HTTP/1.1" 400 (305 ms)
[12/Nov/2023:20:30:51 -0300] 0:0:0:0:0:0:0:1 "GET /bff/usuario/nombre/rodrigo/preferencias HTTP/1.1" 200 (157 ms)
[12/Nov/2023:20:30:51 -0300] 0:0:0:0:0:0:0:1 "OPTIONS /bff/usuario/usuarioActividad/rodrigo/Camping HTTP/1.1" 200 (3 ms)
[12/Nov/2023:20:30:51 -0300] 0:0:0:0:0:0:0:1 "DELETE /bff/usuario/usuarioActividad/rodrigo/Actividades%20hogare%C3%B1as HTTP/1.1" 200 (307 ms)
[12/Nov/2023:20:30:51 -0300] 0:0:0:0:0:0:0:1 "DELETE /bff/usuario/usuarioActividad/rodrigo/Camping HTTP/1.1" 200 (340 ms)
[12/Nov/2023:20:30:51 -0300] 0:0:0:0:0:0:0:1 "DELETE /bff/usuario/usuarioActividad/rodrigo/Correr HTTP/1.1" 200 (374 ms)
[12/Nov/2023:20:30:51 -0300] 0:0:0:0:0:0:0:1 "DELETE /bff/usuario/usuarioActividad/rodrigo/Pesca HTTP/1.1" 200 (379 ms)
[12/Nov/2023:20:30:51 -0300] 0:0:0:0:0:0:0:1 "DELETE /bff/usuario/usuarioActividad/rodrigo/Futbol HTTP/1.1" 200 (376 ms)
[12/Nov/2023:20:30:55 -0300] 0:0:0:0:0:0:0:1 "GET /bff/actividad HTTP/1.1" 200 (163 ms)
[12/Nov/2023:20:30:55 -0300] 0:0:0:0:0:0:0:1 "GET /bff/usuario/nombre/rodrigo HTTP/1.1" 200 (106 ms)
[12/Nov/2023:20:30:55 -0300] 0:0:0:0:0:0:0:1 "GET /bff/usuario/nombre/rodrigo/preferencias HTTP/1.1" 200 (185 ms)
[12/Nov/2023:20:30:55 -0300] 0:0:0:0:0:0:0:1 "GET /bff/usuario/nombre/rodrigo/preferencias HTTP/1.1" 200 (114 ms)
[12/Nov/2023:20:30:55 -0300] 0:0:0:0:0:0:0:1 "GET /bff/usuario/nombre/rodrigo/preferencias HTTP/1.1" 200 (110 ms)
[12/Nov/2023:20:30:56 -0300] 0:0:0:0:0:0:0:1 "GET /bff/clima/-144/33 HTTP/1.1" 400 (890 ms)
[12/Nov/2023:20:30:56 -0300] 0:0:0:0:0:0:0:1 "GET /bff/clima/-144/33 HTTP/1.1" 400 (313 ms)
[12/Nov/2023:20:30:56 -0300] 0:0:0:0:0:0:0:1 "GET /bff/clima/-144/33 HTTP/1.1" 400 (307 ms)
[12/Nov/2023:20:30:57 -0300] 0:0:0:0:0:0:0:1 "GET /bff/clima/-144/33 HTTP/1.1" 400 (893 ms)
[12/Nov/2023:20:30:57 -0300] 0:0:0:0:0:0:0:1 "GET /bff/clima/-144/33 HTTP/1.1" 400 (307 ms)
[12/Nov/2023:20:31:07 -0300] 0:0:0:0:0:0:0:1 "GET /bff/usuario/nombre/rodrigo/preferencias HTTP/1.1" 200 (153 ms)
[12/Nov/2023:20:31:07 -0300] 0:0:0:0:0:0:0:1 "POST /bff/usuario/usuarioActividad/rodrigo/Actividades%20hogare%C3%B1as HTTP/1.1" 200 (245 ms)
[12/Nov/2023:20:31:07 -0300] 0:0:0:0:0:0:0:1 "POST /bff/usuario/usuarioActividad/rodrigo/Pesca HTTP/1.1" 200 (268 ms)
[12/Nov/2023:20:31:07 -0300] 0:0:0:0:0:0:0:1 "POST /bff/usuario/usuarioActividad/rodrigo/Camping HTTP/1.1" 200 (273 ms)
[12/Nov/2023:20:31:07 -0300] 0:0:0:0:0:0:0:1 "DELETE /bff/usuario/usuarioActividad/rodrigo/Golf HTTP/1.1" 200 (306 ms)
[12/Nov/2023:20:31:07 -0300] 0:0:0:0:0:0:0:1 "DELETE /bff/usuario/usuarioActividad/rodrigo/Senderismo HTTP/1.1" 200 (374 ms)
[12/Nov/2023:20:31:12 -0300] 0:0:0:0:0:0:0:1 "GET /bff/usuario/nombre/rodrigo HTTP/1.1" 200 (110 ms)
[12/Nov/2023:20:31:12 -0300] 0:0:0:0:0:0:0:1 "GET /bff/actividad HTTP/1.1" 200 (164 ms)
[12/Nov/2023:20:31:12 -0300] 0:0:0:0:0:0:0:1 "GET /bff/usuario/nombre/rodrigo/preferencias HTTP/1.1" 200 (167 ms)
[12/Nov/2023:20:31:12 -0300] 0:0:0:0:0:0:0:1 "GET /bff/usuario/nombre/rodrigo/preferencias HTTP/1.1" 200 (111 ms)
[12/Nov/2023:20:31:12 -0300] 0:0:0:0:0:0:0:1 "GET /bff/usuario/nombre/rodrigo/preferencias HTTP/1.1" 200 (107 ms)
[12/Nov/2023:20:31:13 -0300] 0:0:0:0:0:0:0:1 "GET /bff/clima/-144/33 HTTP/1.1" 400 (895 ms)
[12/Nov/2023:20:31:13 -0300] 0:0:0:0:0:0:0:1 "GET /bff/clima/-144/33 HTTP/1.1" 400 (304 ms)
[12/Nov/2023:20:31:13 -0300] 0:0:0:0:0:0:0:1 "GET /bff/clima/-144/33 HTTP/1.1" 400 (309 ms)
[12/Nov/2023:20:31:14 -0300] 0:0:0:0:0:0:0:1 "GET /bff/clima/-144/33 HTTP/1.1" 400 (887 ms)
[12/Nov/2023:20:31:14 -0300] 0:0:0:0:0:0:0:1 "GET /bff/clima/-144/33 HTTP/1.1" 400 (303 ms)
