[10/Nov/2023:10:57:19 -0300] 0:0:0:0:0:0:0:1 "OPTIONS /bff/clima/0/0 HTTP/1.1" 200 (533 ms)
[10/Nov/2023:10:57:19 -0300] 0:0:0:0:0:0:0:1 "OPTIONS /bff/actividad HTTP/1.1" 200 (566 ms)
[10/Nov/2023:10:57:19 -0300] 0:0:0:0:0:0:0:1 "OPTIONS /bff/actividad HTTP/1.1" 200 (671 ms)
[10/Nov/2023:10:57:24 -0300] 0:0:0:0:0:0:0:1 "GET /bff/actividad HTTP/1.1" 200 (4637 ms)
[10/Nov/2023:10:57:24 -0300] 0:0:0:0:0:0:0:1 "GET /bff/actividad HTTP/1.1" 200 (216 ms)
[10/Nov/2023:10:57:24 -0300] 0:0:0:0:0:0:0:1 "GET /bff/clima/0/0 HTTP/1.1" 200 (4880 ms)
[10/Nov/2023:10:57:48 -0300] 0:0:0:0:0:0:0:1 "OPTIONS /bff/clima/0/0 HTTP/1.1" 200 (19 ms)
[10/Nov/2023:10:57:49 -0300] 0:0:0:0:0:0:0:1 "OPTIONS /bff/actividad HTTP/1.1" 200 (14 ms)
[10/Nov/2023:10:57:49 -0300] 0:0:0:0:0:0:0:1 "OPTIONS /bff/usuario/nombre/rodrigo HTTP/1.1" 200 (10 ms)
[10/Nov/2023:10:57:50 -0300] 0:0:0:0:0:0:0:1 "OPTIONS /bff/usuario/nombre/rodrigo/preferencias HTTP/1.1" 200 (34 ms)
[10/Nov/2023:10:57:50 -0300] 0:0:0:0:0:0:0:1 "GET /bff/actividad HTTP/1.1" 200 (992 ms)
[10/Nov/2023:10:57:50 -0300] 0:0:0:0:0:0:0:1 "GET /bff/usuario/nombre/rodrigo HTTP/1.1" 200 (994 ms)
[10/Nov/2023:10:57:51 -0300] 0:0:0:0:0:0:0:1 "GET /bff/usuario/nombre/rodrigo/preferencias HTTP/1.1" 200 (912 ms)
[10/Nov/2023:10:57:51 -0300] 0:0:0:0:0:0:0:1 "GET /bff/usuario/nombre/rodrigo/preferencias HTTP/1.1" 200 (154 ms)
[10/Nov/2023:10:57:51 -0300] 0:0:0:0:0:0:0:1 "GET /bff/usuario/nombre/rodrigo/preferencias HTTP/1.1" 200 (138 ms)
[10/Nov/2023:10:57:51 -0300] 0:0:0:0:0:0:0:1 "GET /bff/clima/0/0 HTTP/1.1" 200 (2687 ms)
[10/Nov/2023:11:01:39 -0300] 0:0:0:0:0:0:0:1 "GET /bff/usuario/nombre/rodrigo/preferencias HTTP/1.1" 200 (944 ms)
[10/Nov/2023:11:01:39 -0300] 0:0:0:0:0:0:0:1 "GET /bff/actividad HTTP/1.1" 200 (626 ms)
[10/Nov/2023:11:01:40 -0300] 0:0:0:0:0:0:0:1 "GET /bff/clima/0/0 HTTP/1.1" 200 (1241 ms)
[10/Nov/2023:11:01:40 -0300] 0:0:0:0:0:0:0:1 "GET /bff/usuario/nombre/rodrigo/preferencias HTTP/1.1" 200 (186 ms)
[10/Nov/2023:11:01:40 -0300] 0:0:0:0:0:0:0:1 "GET /bff/usuario/nombre/rodrigo HTTP/1.1" 200 (107 ms)
[10/Nov/2023:11:01:40 -0300] 0:0:0:0:0:0:0:1 "GET /bff/usuario/nombre/rodrigo/preferencias HTTP/1.1" 200 (142 ms)
[10/Nov/2023:11:12:05 -0300] 0:0:0:0:0:0:0:1 "GET /bff/usuario/nombre/rodrigo HTTP/1.1" 200 (106 ms)
[10/Nov/2023:11:12:05 -0300] 0:0:0:0:0:0:0:1 "GET /bff/usuario/nombre/rodrigo/preferencias HTTP/1.1" 200 (161 ms)
[10/Nov/2023:11:12:05 -0300] 0:0:0:0:0:0:0:1 "GET /bff/actividad HTTP/1.1" 200 (176 ms)
[10/Nov/2023:11:12:05 -0300] 0:0:0:0:0:0:0:1 "GET /bff/usuario/nombre/rodrigo/preferencias HTTP/1.1" 200 (124 ms)
[10/Nov/2023:11:12:05 -0300] 0:0:0:0:0:0:0:1 "GET /bff/usuario/nombre/rodrigo/preferencias HTTP/1.1" 200 (117 ms)
[10/Nov/2023:11:12:06 -0300] 0:0:0:0:0:0:0:1 "GET /bff/clima/0/0 HTTP/1.1" 200 (817 ms)
[10/Nov/2023:11:36:57 -0300] 0:0:0:0:0:0:0:1 "GET /bff/usuario/nombre/rodrigo/preferencias HTTP/1.1" 200 (359 ms)
[10/Nov/2023:11:36:57 -0300] 0:0:0:0:0:0:0:1 "GET /bff/usuario/nombre/rodrigo HTTP/1.1" 200 (74 ms)
[10/Nov/2023:11:36:57 -0300] 0:0:0:0:0:0:0:1 "GET /bff/usuario/nombre/rodrigo/preferencias HTTP/1.1" 200 (212 ms)
[10/Nov/2023:11:36:57 -0300] 0:0:0:0:0:0:0:1 "GET /bff/actividad HTTP/1.1" 200 (171 ms)
[10/Nov/2023:11:36:58 -0300] 0:0:0:0:0:0:0:1 "GET /bff/clima/0/0 HTTP/1.1" 200 (903 ms)
[10/Nov/2023:11:36:58 -0300] 0:0:0:0:0:0:0:1 "GET /bff/usuario/nombre/rodrigo/preferencias HTTP/1.1" 200 (212 ms)
[10/Nov/2023:11:38:14 -0300] 0:0:0:0:0:0:0:1 "GET /bff/usuario/nombre/rodrigo/preferencias HTTP/1.1" 200 (176 ms)
[10/Nov/2023:11:38:14 -0300] 0:0:0:0:0:0:0:1 "GET /bff/actividad HTTP/1.1" 200 (156 ms)
[10/Nov/2023:11:38:14 -0300] 0:0:0:0:0:0:0:1 "GET /bff/usuario/nombre/rodrigo HTTP/1.1" 200 (86 ms)
[10/Nov/2023:11:38:14 -0300] 0:0:0:0:0:0:0:1 "GET /bff/usuario/nombre/rodrigo/preferencias HTTP/1.1" 200 (137 ms)
[10/Nov/2023:11:38:15 -0300] 0:0:0:0:0:0:0:1 "GET /bff/usuario/nombre/rodrigo/preferencias HTTP/1.1" 200 (130 ms)
[10/Nov/2023:11:38:15 -0300] 0:0:0:0:0:0:0:1 "GET /bff/clima/0/0 HTTP/1.1" 200 (832 ms)
[10/Nov/2023:11:41:44 -0300] 0:0:0:0:0:0:0:1 "GET /bff/actividad HTTP/1.1" 200 (168 ms)
[10/Nov/2023:11:41:44 -0300] 0:0:0:0:0:0:0:1 "GET /bff/usuario/nombre/rodrigo/preferencias HTTP/1.1" 200 (243 ms)
[10/Nov/2023:11:41:45 -0300] 0:0:0:0:0:0:0:1 "GET /bff/usuario/nombre/rodrigo HTTP/1.1" 200 (163 ms)
[10/Nov/2023:11:41:45 -0300] 0:0:0:0:0:0:0:1 "GET /bff/usuario/nombre/rodrigo/preferencias HTTP/1.1" 200 (134 ms)
[10/Nov/2023:11:41:45 -0300] 0:0:0:0:0:0:0:1 "GET /bff/usuario/nombre/rodrigo/preferencias HTTP/1.1" 200 (148 ms)
[10/Nov/2023:11:41:45 -0300] 0:0:0:0:0:0:0:1 "GET /bff/clima/0/0 HTTP/1.1" 200 (870 ms)
[10/Nov/2023:11:42:22 -0300] 0:0:0:0:0:0:0:1 "GET /bff/usuario/nombre/rodrigo/preferencias HTTP/1.1" 200 (170 ms)
[10/Nov/2023:11:42:22 -0300] 0:0:0:0:0:0:0:1 "GET /bff/actividad HTTP/1.1" 200 (155 ms)
[10/Nov/2023:11:42:22 -0300] 0:0:0:0:0:0:0:1 "GET /bff/usuario/nombre/rodrigo/preferencias HTTP/1.1" 200 (122 ms)
[10/Nov/2023:11:42:23 -0300] 0:0:0:0:0:0:0:1 "GET /bff/usuario/nombre/rodrigo HTTP/1.1" 200 (105 ms)
[10/Nov/2023:11:42:23 -0300] 0:0:0:0:0:0:0:1 "GET /bff/usuario/nombre/rodrigo/preferencias HTTP/1.1" 200 (146 ms)
[10/Nov/2023:11:42:23 -0300] 0:0:0:0:0:0:0:1 "GET /bff/clima/0/0 HTTP/1.1" 200 (1087 ms)
[10/Nov/2023:11:43:29 -0300] 0:0:0:0:0:0:0:1 "GET /bff/usuario/nombre/rodrigo/preferencias HTTP/1.1" 200 (163 ms)
[10/Nov/2023:11:43:29 -0300] 0:0:0:0:0:0:0:1 "GET /bff/actividad HTTP/1.1" 200 (152 ms)
[10/Nov/2023:11:43:29 -0300] 0:0:0:0:0:0:0:1 "GET /bff/usuario/nombre/rodrigo HTTP/1.1" 200 (103 ms)
[10/Nov/2023:11:43:29 -0300] 0:0:0:0:0:0:0:1 "GET /bff/usuario/nombre/rodrigo/preferencias HTTP/1.1" 200 (122 ms)
[10/Nov/2023:11:43:29 -0300] 0:0:0:0:0:0:0:1 "GET /bff/usuario/nombre/rodrigo/preferencias HTTP/1.1" 200 (108 ms)
[10/Nov/2023:11:43:29 -0300] 0:0:0:0:0:0:0:1 "GET /bff/clima/0/0 HTTP/1.1" 200 (777 ms)
[10/Nov/2023:11:44:01 -0300] 0:0:0:0:0:0:0:1 "GET /bff/actividad HTTP/1.1" 200 (147 ms)
[10/Nov/2023:11:44:01 -0300] 0:0:0:0:0:0:0:1 "GET /bff/usuario/nombre/rodrigo/preferencias HTTP/1.1" 200 (160 ms)
[10/Nov/2023:11:44:01 -0300] 0:0:0:0:0:0:0:1 "GET /bff/usuario/nombre/rodrigo HTTP/1.1" 200 (70 ms)
[10/Nov/2023:11:44:01 -0300] 0:0:0:0:0:0:0:1 "GET /bff/usuario/nombre/rodrigo/preferencias HTTP/1.1" 200 (135 ms)
[10/Nov/2023:11:44:01 -0300] 0:0:0:0:0:0:0:1 "GET /bff/usuario/nombre/rodrigo/preferencias HTTP/1.1" 200 (100 ms)
[10/Nov/2023:11:44:02 -0300] 0:0:0:0:0:0:0:1 "GET /bff/clima/0/0 HTTP/1.1" 200 (785 ms)
[10/Nov/2023:11:44:30 -0300] 0:0:0:0:0:0:0:1 "GET /bff/usuario/nombre/rodrigo/preferencias HTTP/1.1" 200 (173 ms)
[10/Nov/2023:11:44:30 -0300] 0:0:0:0:0:0:0:1 "GET /bff/actividad HTTP/1.1" 200 (144 ms)
[10/Nov/2023:11:44:30 -0300] 0:0:0:0:0:0:0:1 "GET /bff/usuario/nombre/rodrigo HTTP/1.1" 200 (79 ms)
[10/Nov/2023:11:44:30 -0300] 0:0:0:0:0:0:0:1 "GET /bff/usuario/nombre/rodrigo/preferencias HTTP/1.1" 200 (151 ms)
[10/Nov/2023:11:44:30 -0300] 0:0:0:0:0:0:0:1 "GET /bff/clima/0/0 HTTP/1.1" 200 (771 ms)
[10/Nov/2023:11:44:30 -0300] 0:0:0:0:0:0:0:1 "GET /bff/usuario/nombre/rodrigo/preferencias HTTP/1.1" 200 (134 ms)
[10/Nov/2023:11:47:47 -0300] 0:0:0:0:0:0:0:1 "GET /bff/actividad HTTP/1.1" 200 (187 ms)
[10/Nov/2023:11:47:47 -0300] 0:0:0:0:0:0:0:1 "GET /bff/usuario/nombre/rodrigo HTTP/1.1" 200 (113 ms)
[10/Nov/2023:11:47:47 -0300] 0:0:0:0:0:0:0:1 "GET /bff/usuario/nombre/rodrigo/preferencias HTTP/1.1" 200 (230 ms)
[10/Nov/2023:11:47:47 -0300] 0:0:0:0:0:0:0:1 "GET /bff/usuario/nombre/rodrigo/preferencias HTTP/1.1" 200 (119 ms)
[10/Nov/2023:11:47:47 -0300] 0:0:0:0:0:0:0:1 "GET /bff/usuario/nombre/rodrigo/preferencias HTTP/1.1" 200 (115 ms)
[10/Nov/2023:11:47:48 -0300] 0:0:0:0:0:0:0:1 "GET /bff/clima/0/0 HTTP/1.1" 200 (891 ms)
[10/Nov/2023:11:49:48 -0300] 0:0:0:0:0:0:0:1 "GET /bff/actividad HTTP/1.1" 200 (179 ms)
[10/Nov/2023:11:49:48 -0300] 0:0:0:0:0:0:0:1 "GET /bff/usuario/nombre/rodrigo/preferencias HTTP/1.1" 200 (180 ms)
[10/Nov/2023:11:49:49 -0300] 0:0:0:0:0:0:0:1 "GET /bff/usuario/nombre/rodrigo HTTP/1.1" 200 (113 ms)
[10/Nov/2023:11:49:49 -0300] 0:0:0:0:0:0:0:1 "GET /bff/usuario/nombre/rodrigo/preferencias HTTP/1.1" 200 (117 ms)
[10/Nov/2023:11:49:49 -0300] 0:0:0:0:0:0:0:1 "GET /bff/usuario/nombre/rodrigo/preferencias HTTP/1.1" 200 (119 ms)
[10/Nov/2023:11:49:49 -0300] 0:0:0:0:0:0:0:1 "GET /bff/clima/0/0 HTTP/1.1" 200 (773 ms)
[10/Nov/2023:11:50:17 -0300] 0:0:0:0:0:0:0:1 "GET /bff/usuario/nombre/rodrigo/preferencias HTTP/1.1" 200 (158 ms)
[10/Nov/2023:11:50:17 -0300] 0:0:0:0:0:0:0:1 "GET /bff/actividad HTTP/1.1" 200 (156 ms)
[10/Nov/2023:11:50:17 -0300] 0:0:0:0:0:0:0:1 "GET /bff/usuario/nombre/rodrigo HTTP/1.1" 200 (69 ms)
[10/Nov/2023:11:50:17 -0300] 0:0:0:0:0:0:0:1 "GET /bff/usuario/nombre/rodrigo/preferencias HTTP/1.1" 200 (122 ms)
[10/Nov/2023:11:50:18 -0300] 0:0:0:0:0:0:0:1 "GET /bff/usuario/nombre/rodrigo/preferencias HTTP/1.1" 200 (114 ms)
[10/Nov/2023:11:50:18 -0300] 0:0:0:0:0:0:0:1 "GET /bff/clima/0/0 HTTP/1.1" 200 (741 ms)
[10/Nov/2023:11:50:47 -0300] 0:0:0:0:0:0:0:1 "GET /bff/usuario/nombre/rodrigo/preferencias HTTP/1.1" 200 (183 ms)
[10/Nov/2023:11:50:47 -0300] 0:0:0:0:0:0:0:1 "GET /bff/actividad HTTP/1.1" 200 (170 ms)
[10/Nov/2023:11:50:47 -0300] 0:0:0:0:0:0:0:1 "GET /bff/usuario/nombre/rodrigo HTTP/1.1" 200 (74 ms)
[10/Nov/2023:11:50:47 -0300] 0:0:0:0:0:0:0:1 "GET /bff/usuario/nombre/rodrigo/preferencias HTTP/1.1" 200 (110 ms)
[10/Nov/2023:11:50:48 -0300] 0:0:0:0:0:0:0:1 "GET /bff/usuario/nombre/rodrigo/preferencias HTTP/1.1" 200 (122 ms)
[10/Nov/2023:11:50:48 -0300] 0:0:0:0:0:0:0:1 "GET /bff/clima/0/0 HTTP/1.1" 200 (826 ms)
[10/Nov/2023:11:51:55 -0300] 0:0:0:0:0:0:0:1 "GET /bff/usuario/nombre/rodrigo/preferencias HTTP/1.1" 200 (160 ms)
[10/Nov/2023:11:51:55 -0300] 0:0:0:0:0:0:0:1 "GET /bff/actividad HTTP/1.1" 200 (182 ms)
[10/Nov/2023:11:51:55 -0300] 0:0:0:0:0:0:0:1 "GET /bff/usuario/nombre/rodrigo/preferencias HTTP/1.1" 200 (114 ms)
[10/Nov/2023:11:51:55 -0300] 0:0:0:0:0:0:0:1 "GET /bff/usuario/nombre/rodrigo HTTP/1.1" 200 (128 ms)
[10/Nov/2023:11:51:56 -0300] 0:0:0:0:0:0:0:1 "GET /bff/usuario/nombre/rodrigo/preferencias HTTP/1.1" 200 (134 ms)
[10/Nov/2023:11:51:56 -0300] 0:0:0:0:0:0:0:1 "GET /bff/clima/0/0 HTTP/1.1" 200 (814 ms)
[10/Nov/2023:11:53:01 -0300] 0:0:0:0:0:0:0:1 "GET /bff/usuario/nombre/rodrigo/preferencias HTTP/1.1" 200 (161 ms)
[10/Nov/2023:11:53:01 -0300] 0:0:0:0:0:0:0:1 "GET /bff/actividad HTTP/1.1" 200 (155 ms)
[10/Nov/2023:11:53:01 -0300] 0:0:0:0:0:0:0:1 "GET /bff/usuario/nombre/rodrigo HTTP/1.1" 200 (134 ms)
[10/Nov/2023:11:53:01 -0300] 0:0:0:0:0:0:0:1 "GET /bff/usuario/nombre/rodrigo/preferencias HTTP/1.1" 200 (126 ms)
[10/Nov/2023:11:53:01 -0300] 0:0:0:0:0:0:0:1 "GET /bff/usuario/nombre/rodrigo/preferencias HTTP/1.1" 200 (112 ms)
[10/Nov/2023:11:53:02 -0300] 0:0:0:0:0:0:0:1 "GET /bff/clima/0/0 HTTP/1.1" 200 (855 ms)
[10/Nov/2023:11:53:48 -0300] 0:0:0:0:0:0:0:1 "GET /bff/actividad HTTP/1.1" 200 (166 ms)
[10/Nov/2023:11:53:48 -0300] 0:0:0:0:0:0:0:1 "GET /bff/usuario/nombre/rodrigo/preferencias HTTP/1.1" 200 (207 ms)
[10/Nov/2023:11:53:48 -0300] 0:0:0:0:0:0:0:1 "GET /bff/usuario/nombre/rodrigo HTTP/1.1" 200 (148 ms)
[10/Nov/2023:11:53:48 -0300] 0:0:0:0:0:0:0:1 "GET /bff/usuario/nombre/rodrigo/preferencias HTTP/1.1" 200 (138 ms)
[10/Nov/2023:11:53:48 -0300] 0:0:0:0:0:0:0:1 "GET /bff/usuario/nombre/rodrigo/preferencias HTTP/1.1" 200 (109 ms)
[10/Nov/2023:11:53:48 -0300] 0:0:0:0:0:0:0:1 "GET /bff/clima/0/0 HTTP/1.1" 200 (772 ms)
[10/Nov/2023:11:54:02 -0300] 0:0:0:0:0:0:0:1 "GET /bff/usuario/nombre/rodrigo/preferencias HTTP/1.1" 200 (172 ms)
[10/Nov/2023:11:54:02 -0300] 0:0:0:0:0:0:0:1 "GET /bff/usuario/nombre/rodrigo HTTP/1.1" 200 (112 ms)
[10/Nov/2023:11:54:02 -0300] 0:0:0:0:0:0:0:1 "GET /bff/actividad HTTP/1.1" 200 (158 ms)
[10/Nov/2023:11:54:02 -0300] 0:0:0:0:0:0:0:1 "GET /bff/usuario/nombre/rodrigo/preferencias HTTP/1.1" 200 (123 ms)
[10/Nov/2023:11:54:02 -0300] 0:0:0:0:0:0:0:1 "GET /bff/usuario/nombre/rodrigo/preferencias HTTP/1.1" 200 (109 ms)
[10/Nov/2023:11:54:02 -0300] 0:0:0:0:0:0:0:1 "GET /bff/clima/0/0 HTTP/1.1" 200 (785 ms)
[10/Nov/2023:12:00:31 -0300] 0:0:0:0:0:0:0:1 "OPTIONS /bff/clima/0/0 HTTP/1.1" 200 (6 ms)
[10/Nov/2023:12:00:31 -0300] 0:0:0:0:0:0:0:1 "OPTIONS /bff/actividad HTTP/1.1" 200 (5 ms)
[10/Nov/2023:12:00:32 -0300] 0:0:0:0:0:0:0:1 "OPTIONS /bff/usuario/nombre/rodrigo/preferencias HTTP/1.1" 200 (3 ms)
[10/Nov/2023:12:00:32 -0300] 0:0:0:0:0:0:0:1 "OPTIONS /bff/usuario/nombre/rodrigo HTTP/1.1" 200 (5 ms)
[10/Nov/2023:12:00:32 -0300] 0:0:0:0:0:0:0:1 "GET /bff/actividad HTTP/1.1" 200 (243 ms)
[10/Nov/2023:12:00:32 -0300] 0:0:0:0:0:0:0:1 "GET /bff/usuario/nombre/rodrigo/preferencias HTTP/1.1" 200 (155 ms)
[10/Nov/2023:12:00:32 -0300] 0:0:0:0:0:0:0:1 "GET /bff/usuario/nombre/rodrigo HTTP/1.1" 200 (118 ms)
[10/Nov/2023:12:00:32 -0300] 0:0:0:0:0:0:0:1 "GET /bff/usuario/nombre/rodrigo/preferencias HTTP/1.1" 200 (122 ms)
[10/Nov/2023:12:00:32 -0300] 0:0:0:0:0:0:0:1 "GET /bff/usuario/nombre/rodrigo/preferencias HTTP/1.1" 200 (141 ms)
[10/Nov/2023:12:00:32 -0300] 0:0:0:0:0:0:0:1 "GET /bff/clima/0/0 HTTP/1.1" 200 (1067 ms)
[10/Nov/2023:12:00:51 -0300] 0:0:0:0:0:0:0:1 "GET /bff/usuario/nombre/rodrigo/preferencias HTTP/1.1" 200 (184 ms)
[10/Nov/2023:12:00:51 -0300] 0:0:0:0:0:0:0:1 "GET /bff/actividad HTTP/1.1" 200 (231 ms)
[10/Nov/2023:12:00:51 -0300] 0:0:0:0:0:0:0:1 "GET /bff/clima/0/0 HTTP/1.1" 200 (776 ms)
[10/Nov/2023:12:00:51 -0300] 0:0:0:0:0:0:0:1 "GET /bff/usuario/nombre/rodrigo/preferencias HTTP/1.1" 200 (161 ms)
[10/Nov/2023:12:00:51 -0300] 0:0:0:0:0:0:0:1 "GET /bff/usuario/nombre/rodrigo HTTP/1.1" 200 (84 ms)
[10/Nov/2023:12:00:52 -0300] 0:0:0:0:0:0:0:1 "GET /bff/usuario/nombre/rodrigo/preferencias HTTP/1.1" 200 (436 ms)
[10/Nov/2023:12:03:36 -0300] 0:0:0:0:0:0:0:1 "GET /bff/usuario/nombre/rodrigo/preferencias HTTP/1.1" 200 (172 ms)
[10/Nov/2023:12:03:36 -0300] 0:0:0:0:0:0:0:1 "GET /bff/actividad HTTP/1.1" 200 (146 ms)
[10/Nov/2023:12:03:37 -0300] 0:0:0:0:0:0:0:1 "GET /bff/usuario/nombre/rodrigo/preferencias HTTP/1.1" 200 (126 ms)
[10/Nov/2023:12:03:37 -0300] 0:0:0:0:0:0:0:1 "GET /bff/usuario/nombre/rodrigo HTTP/1.1" 200 (110 ms)
[10/Nov/2023:12:03:37 -0300] 0:0:0:0:0:0:0:1 "GET /bff/usuario/nombre/rodrigo/preferencias HTTP/1.1" 200 (107 ms)
[10/Nov/2023:12:03:37 -0300] 0:0:0:0:0:0:0:1 "GET /bff/clima/0/0 HTTP/1.1" 200 (762 ms)
[10/Nov/2023:12:03:43 -0300] 0:0:0:0:0:0:0:1 "GET /bff/usuario/nombre/rodrigo/preferencias HTTP/1.1" 200 (157 ms)
[10/Nov/2023:12:03:43 -0300] 0:0:0:0:0:0:0:1 "GET /bff/actividad HTTP/1.1" 200 (142 ms)
[10/Nov/2023:12:03:44 -0300] 0:0:0:0:0:0:0:1 "GET /bff/usuario/nombre/rodrigo HTTP/1.1" 200 (85 ms)
[10/Nov/2023:12:03:44 -0300] 0:0:0:0:0:0:0:1 "GET /bff/usuario/nombre/rodrigo/preferencias HTTP/1.1" 200 (231 ms)
[10/Nov/2023:12:03:44 -0300] 0:0:0:0:0:0:0:1 "GET /bff/usuario/nombre/rodrigo/preferencias HTTP/1.1" 200 (111 ms)
[10/Nov/2023:12:03:44 -0300] 0:0:0:0:0:0:0:1 "GET /bff/clima/0/0 HTTP/1.1" 200 (823 ms)
[10/Nov/2023:12:04:10 -0300] 0:0:0:0:0:0:0:1 "GET /bff/usuario/nombre/rodrigo/preferencias HTTP/1.1" 200 (166 ms)
[10/Nov/2023:12:04:10 -0300] 0:0:0:0:0:0:0:1 "GET /bff/actividad HTTP/1.1" 200 (143 ms)
[10/Nov/2023:12:04:10 -0300] 0:0:0:0:0:0:0:1 "GET /bff/usuario/nombre/rodrigo HTTP/1.1" 200 (128 ms)
[10/Nov/2023:12:04:10 -0300] 0:0:0:0:0:0:0:1 "GET /bff/usuario/nombre/rodrigo/preferencias HTTP/1.1" 200 (139 ms)
[10/Nov/2023:12:04:10 -0300] 0:0:0:0:0:0:0:1 "GET /bff/usuario/nombre/rodrigo/preferencias HTTP/1.1" 200 (120 ms)
[10/Nov/2023:12:04:10 -0300] 0:0:0:0:0:0:0:1 "GET /bff/clima/0/0 HTTP/1.1" 200 (769 ms)
[10/Nov/2023:12:04:35 -0300] 0:0:0:0:0:0:0:1 "GET /bff/usuario/nombre/rodrigo/preferencias HTTP/1.1" 200 (144 ms)
[10/Nov/2023:12:04:35 -0300] 0:0:0:0:0:0:0:1 "GET /bff/actividad HTTP/1.1" 200 (140 ms)
[10/Nov/2023:12:04:35 -0300] 0:0:0:0:0:0:0:1 "GET /bff/usuario/nombre/rodrigo/preferencias HTTP/1.1" 200 (105 ms)
[10/Nov/2023:12:04:35 -0300] 0:0:0:0:0:0:0:1 "GET /bff/usuario/nombre/rodrigo HTTP/1.1" 200 (121 ms)
[10/Nov/2023:12:04:35 -0300] 0:0:0:0:0:0:0:1 "GET /bff/usuario/nombre/rodrigo/preferencias HTTP/1.1" 200 (108 ms)
[10/Nov/2023:12:04:35 -0300] 0:0:0:0:0:0:0:1 "GET /bff/clima/0/0 HTTP/1.1" 200 (730 ms)
[10/Nov/2023:12:05:42 -0300] 0:0:0:0:0:0:0:1 "GET /bff/usuario/nombre/rodrigo HTTP/1.1" 200 (158 ms)
[10/Nov/2023:12:05:42 -0300] 0:0:0:0:0:0:0:1 "GET /bff/usuario/nombre/rodrigo/preferencias HTTP/1.1" 200 (356 ms)
[10/Nov/2023:12:05:42 -0300] 0:0:0:0:0:0:0:1 "GET /bff/actividad HTTP/1.1" 200 (288 ms)
[10/Nov/2023:12:05:42 -0300] 0:0:0:0:0:0:0:1 "GET /bff/usuario/nombre/rodrigo/preferencias HTTP/1.1" 200 (252 ms)
[10/Nov/2023:12:05:42 -0300] 0:0:0:0:0:0:0:1 "GET /bff/usuario/nombre/rodrigo/preferencias HTTP/1.1" 200 (129 ms)
[10/Nov/2023:12:05:42 -0300] 0:0:0:0:0:0:0:1 "GET /bff/clima/0/0 HTTP/1.1" 200 (1179 ms)
[10/Nov/2023:12:12:51 -0300] 0:0:0:0:0:0:0:1 "GET /bff/usuario/nombre/rodrigo/preferencias HTTP/1.1" 200 (175 ms)
[10/Nov/2023:12:12:51 -0300] 0:0:0:0:0:0:0:1 "GET /bff/actividad HTTP/1.1" 200 (157 ms)
[10/Nov/2023:12:12:51 -0300] 0:0:0:0:0:0:0:1 "GET /bff/usuario/nombre/rodrigo HTTP/1.1" 200 (116 ms)
[10/Nov/2023:12:12:51 -0300] 0:0:0:0:0:0:0:1 "GET /bff/usuario/nombre/rodrigo/preferencias HTTP/1.1" 200 (102 ms)
[10/Nov/2023:12:12:52 -0300] 0:0:0:0:0:0:0:1 "GET /bff/usuario/nombre/rodrigo/preferencias HTTP/1.1" 200 (97 ms)
[10/Nov/2023:12:12:52 -0300] 0:0:0:0:0:0:0:1 "GET /bff/clima/0/0 HTTP/1.1" 200 (905 ms)
[10/Nov/2023:12:12:52 -0300] 0:0:0:0:0:0:0:1 "GET /bff/clima/0/0 HTTP/1.1" 200 (254 ms)
[10/Nov/2023:12:12:52 -0300] 0:0:0:0:0:0:0:1 "GET /bff/clima/0/0 HTTP/1.1" 200 (256 ms)
[10/Nov/2023:12:12:53 -0300] 0:0:0:0:0:0:0:1 "GET /bff/clima/0/0 HTTP/1.1" 200 (254 ms)
[10/Nov/2023:12:12:53 -0300] 0:0:0:0:0:0:0:1 "GET /bff/clima/0/0 HTTP/1.1" 200 (250 ms)
[10/Nov/2023:12:12:53 -0300] 0:0:0:0:0:0:0:1 "GET /bff/clima/0/0 HTTP/1.1" 200 (250 ms)
[10/Nov/2023:12:12:53 -0300] 0:0:0:0:0:0:0:1 "GET /bff/clima/0/0 HTTP/1.1" 200 (251 ms)
[10/Nov/2023:12:17:14 -0300] 0:0:0:0:0:0:0:1 "OPTIONS /bff/clima/-32.5/-58.25 HTTP/1.1" 200 (5 ms)
[10/Nov/2023:12:17:14 -0300] 0:0:0:0:0:0:0:1 "GET /bff/usuario/nombre/rodrigo/preferencias HTTP/1.1" 200 (146 ms)
[10/Nov/2023:12:17:14 -0300] 0:0:0:0:0:0:0:1 "GET /bff/usuario/nombre/rodrigo HTTP/1.1" 200 (118 ms)
[10/Nov/2023:12:17:14 -0300] 0:0:0:0:0:0:0:1 "GET /bff/actividad HTTP/1.1" 200 (170 ms)
[10/Nov/2023:12:17:14 -0300] 0:0:0:0:0:0:0:1 "GET /bff/usuario/nombre/rodrigo/preferencias HTTP/1.1" 200 (124 ms)
[10/Nov/2023:12:17:14 -0300] 0:0:0:0:0:0:0:1 "GET /bff/usuario/nombre/rodrigo/preferencias HTTP/1.1" 200 (96 ms)
[10/Nov/2023:12:17:14 -0300] 0:0:0:0:0:0:0:1 "GET /bff/clima/-32.5/-58.25 HTTP/1.1" 200 (947 ms)
[10/Nov/2023:12:17:15 -0300] 0:0:0:0:0:0:0:1 "GET /bff/clima/-32.5/-58.25 HTTP/1.1" 200 (258 ms)
[10/Nov/2023:12:17:15 -0300] 0:0:0:0:0:0:0:1 "GET /bff/clima/-32.5/-58.25 HTTP/1.1" 200 (256 ms)
[10/Nov/2023:12:17:15 -0300] 0:0:0:0:0:0:0:1 "GET /bff/clima/-32.5/-58.25 HTTP/1.1" 200 (262 ms)
[10/Nov/2023:12:17:16 -0300] 0:0:0:0:0:0:0:1 "GET /bff/clima/-32.5/-58.25 HTTP/1.1" 200 (257 ms)
[10/Nov/2023:12:17:16 -0300] 0:0:0:0:0:0:0:1 "GET /bff/clima/-32.5/-58.25 HTTP/1.1" 200 (256 ms)
[10/Nov/2023:12:17:16 -0300] 0:0:0:0:0:0:0:1 "GET /bff/clima/-32.5/-58.25 HTTP/1.1" 200 (253 ms)
[10/Nov/2023:12:20:24 -0300] 0:0:0:0:0:0:0:1 "OPTIONS /bff/clima/-27.46784/-58.8344 HTTP/1.1" 200 (14 ms)
[10/Nov/2023:12:20:25 -0300] 0:0:0:0:0:0:0:1 "GET /bff/actividad HTTP/1.1" 200 (160 ms)
[10/Nov/2023:12:20:25 -0300] 0:0:0:0:0:0:0:1 "GET /bff/usuario/nombre/rodrigo/preferencias HTTP/1.1" 200 (180 ms)
[10/Nov/2023:12:20:25 -0300] 0:0:0:0:0:0:0:1 "GET /bff/usuario/nombre/rodrigo HTTP/1.1" 200 (119 ms)
[10/Nov/2023:12:20:25 -0300] 0:0:0:0:0:0:0:1 "GET /bff/usuario/nombre/rodrigo/preferencias HTTP/1.1" 200 (103 ms)
[10/Nov/2023:12:20:25 -0300] 0:0:0:0:0:0:0:1 "GET /bff/usuario/nombre/rodrigo/preferencias HTTP/1.1" 200 (111 ms)
[10/Nov/2023:12:20:25 -0300] 0:0:0:0:0:0:0:1 "GET /bff/clima/-27.46784/-58.8344 HTTP/1.1" 200 (821 ms)
[10/Nov/2023:12:20:26 -0300] 0:0:0:0:0:0:0:1 "GET /bff/clima/-27.46784/-58.8344 HTTP/1.1" 200 (258 ms)
[10/Nov/2023:12:20:26 -0300] 0:0:0:0:0:0:0:1 "GET /bff/clima/-27.46784/-58.8344 HTTP/1.1" 200 (247 ms)
[10/Nov/2023:12:20:26 -0300] 0:0:0:0:0:0:0:1 "GET /bff/clima/-27.46784/-58.8344 HTTP/1.1" 200 (251 ms)
[10/Nov/2023:12:20:26 -0300] 0:0:0:0:0:0:0:1 "GET /bff/clima/-27.46784/-58.8344 HTTP/1.1" 200 (245 ms)
[10/Nov/2023:12:20:27 -0300] 0:0:0:0:0:0:0:1 "GET /bff/clima/-27.46784/-58.8344 HTTP/1.1" 200 (255 ms)
[10/Nov/2023:12:20:27 -0300] 0:0:0:0:0:0:0:1 "GET /bff/clima/-27.46784/-58.8344 HTTP/1.1" 200 (262 ms)
[10/Nov/2023:12:20:45 -0300] 0:0:0:0:0:0:0:1 "OPTIONS /bff/clima/-27.46784/-35.8344 HTTP/1.1" 200 (8 ms)
[10/Nov/2023:12:20:45 -0300] 0:0:0:0:0:0:0:1 "GET /bff/usuario/nombre/rodrigo/preferencias HTTP/1.1" 200 (152 ms)
[10/Nov/2023:12:20:45 -0300] 0:0:0:0:0:0:0:1 "GET /bff/actividad HTTP/1.1" 200 (147 ms)
[10/Nov/2023:12:20:46 -0300] 0:0:0:0:0:0:0:1 "GET /bff/usuario/nombre/rodrigo HTTP/1.1" 200 (121 ms)
[10/Nov/2023:12:20:46 -0300] 0:0:0:0:0:0:0:1 "GET /bff/usuario/nombre/rodrigo/preferencias HTTP/1.1" 200 (143 ms)
[10/Nov/2023:12:20:46 -0300] 0:0:0:0:0:0:0:1 "GET /bff/usuario/nombre/rodrigo/preferencias HTTP/1.1" 200 (124 ms)
[10/Nov/2023:12:20:46 -0300] 0:0:0:0:0:0:0:1 "GET /bff/clima/-27.46784/-35.8344 HTTP/1.1" 200 (964 ms)
[10/Nov/2023:12:20:46 -0300] 0:0:0:0:0:0:0:1 "GET /bff/clima/-27.46784/-35.8344 HTTP/1.1" 200 (263 ms)
[10/Nov/2023:12:20:47 -0300] 0:0:0:0:0:0:0:1 "GET /bff/clima/-27.46784/-35.8344 HTTP/1.1" 200 (256 ms)
[10/Nov/2023:12:20:47 -0300] 0:0:0:0:0:0:0:1 "GET /bff/clima/-27.46784/-35.8344 HTTP/1.1" 200 (253 ms)
[10/Nov/2023:12:20:47 -0300] 0:0:0:0:0:0:0:1 "GET /bff/clima/-27.46784/-35.8344 HTTP/1.1" 200 (260 ms)
[10/Nov/2023:12:20:48 -0300] 0:0:0:0:0:0:0:1 "GET /bff/clima/-27.46784/-35.8344 HTTP/1.1" 200 (282 ms)
[10/Nov/2023:12:20:48 -0300] 0:0:0:0:0:0:0:1 "GET /bff/clima/-27.46784/-35.8344 HTTP/1.1" 200 (255 ms)
[10/Nov/2023:12:34:17 -0300] 0:0:0:0:0:0:0:1 "OPTIONS /bff/clima/-41.14557/-71.30822 HTTP/1.1" 200 (41 ms)
[10/Nov/2023:12:34:17 -0300] 0:0:0:0:0:0:0:1 "GET /bff/usuario/nombre/rodrigo HTTP/1.1" 200 (156 ms)
[10/Nov/2023:12:34:17 -0300] 0:0:0:0:0:0:0:1 "GET /bff/actividad HTTP/1.1" 200 (242 ms)
[10/Nov/2023:12:34:17 -0300] 0:0:0:0:0:0:0:1 "GET /bff/usuario/nombre/rodrigo/preferencias HTTP/1.1" 200 (283 ms)
[10/Nov/2023:12:34:17 -0300] 0:0:0:0:0:0:0:1 "GET /bff/usuario/nombre/rodrigo/preferencias HTTP/1.1" 200 (144 ms)
[10/Nov/2023:12:34:17 -0300] 0:0:0:0:0:0:0:1 "GET /bff/usuario/nombre/rodrigo/preferencias HTTP/1.1" 200 (130 ms)
[10/Nov/2023:12:34:18 -0300] 0:0:0:0:0:0:0:1 "GET /bff/clima/-41.14557/-71.30822 HTTP/1.1" 400 (79 ms)
[10/Nov/2023:12:34:18 -0300] 0:0:0:0:0:0:0:1 "GET /bff/clima/-41.14557/-71.30822 HTTP/1.1" 400 (1277 ms)
[10/Nov/2023:12:34:18 -0300] 0:0:0:0:0:0:0:1 "GET /bff/clima/-41.14557/-71.30822 HTTP/1.1" 400 (27 ms)
[10/Nov/2023:12:34:18 -0300] 0:0:0:0:0:0:0:1 "GET /bff/clima/-41.14557/-71.30822 HTTP/1.1" 400 (33 ms)
[10/Nov/2023:12:34:18 -0300] 0:0:0:0:0:0:0:1 "GET /bff/clima/-41.14557/-71.30822 HTTP/1.1" 400 (87 ms)
[10/Nov/2023:12:34:44 -0300] 0:0:0:0:0:0:0:1 "OPTIONS /bff/clima/-41.145/-71.302 HTTP/1.1" 200 (4 ms)
[10/Nov/2023:12:34:45 -0300] 0:0:0:0:0:0:0:1 "GET /bff/usuario/nombre/rodrigo/preferencias HTTP/1.1" 200 (186 ms)
[10/Nov/2023:12:34:45 -0300] 0:0:0:0:0:0:0:1 "GET /bff/actividad HTTP/1.1" 200 (183 ms)
[10/Nov/2023:12:34:45 -0300] 0:0:0:0:0:0:0:1 "GET /bff/usuario/nombre/rodrigo HTTP/1.1" 200 (101 ms)
[10/Nov/2023:12:34:45 -0300] 0:0:0:0:0:0:0:1 "GET /bff/usuario/nombre/rodrigo/preferencias HTTP/1.1" 200 (125 ms)
[10/Nov/2023:12:34:45 -0300] 0:0:0:0:0:0:0:1 "GET /bff/clima/-41.145/-71.302 HTTP/1.1" 200 (804 ms)
[10/Nov/2023:12:34:45 -0300] 0:0:0:0:0:0:0:1 "GET /bff/usuario/nombre/rodrigo/preferencias HTTP/1.1" 200 (157 ms)
[10/Nov/2023:12:34:45 -0300] 0:0:0:0:0:0:0:1 "GET /bff/clima/-41.145/-71.302 HTTP/1.1" 200 (261 ms)
[10/Nov/2023:12:34:46 -0300] 0:0:0:0:0:0:0:1 "GET /bff/clima/-41.145/-71.302 HTTP/1.1" 200 (282 ms)
[10/Nov/2023:12:34:46 -0300] 0:0:0:0:0:0:0:1 "GET /bff/clima/-41.145/-71.302 HTTP/1.1" 200 (250 ms)
[10/Nov/2023:12:34:46 -0300] 0:0:0:0:0:0:0:1 "GET /bff/clima/-41.145/-71.302 HTTP/1.1" 200 (256 ms)
[10/Nov/2023:12:34:47 -0300] 0:0:0:0:0:0:0:1 "GET /bff/clima/-41.145/-71.302 HTTP/1.1" 200 (252 ms)
[10/Nov/2023:12:34:47 -0300] 0:0:0:0:0:0:0:1 "GET /bff/clima/-41.145/-71.302 HTTP/1.1" 200 (249 ms)
[10/Nov/2023:12:35:31 -0300] 0:0:0:0:0:0:0:1 "OPTIONS /bff/clima/-24.7859/-65.4116 HTTP/1.1" 200 (10 ms)
[10/Nov/2023:12:35:31 -0300] 0:0:0:0:0:0:0:1 "GET /bff/usuario/nombre/rodrigo/preferencias HTTP/1.1" 200 (163 ms)
[10/Nov/2023:12:35:31 -0300] 0:0:0:0:0:0:0:1 "GET /bff/actividad HTTP/1.1" 200 (145 ms)
[10/Nov/2023:12:35:31 -0300] 0:0:0:0:0:0:0:1 "GET /bff/usuario/nombre/rodrigo/preferencias HTTP/1.1" 200 (144 ms)
[10/Nov/2023:12:35:31 -0300] 0:0:0:0:0:0:0:1 "GET /bff/usuario/nombre/rodrigo HTTP/1.1" 200 (78 ms)
[10/Nov/2023:12:35:32 -0300] 0:0:0:0:0:0:0:1 "GET /bff/usuario/nombre/rodrigo/preferencias HTTP/1.1" 200 (114 ms)
[10/Nov/2023:12:35:32 -0300] 0:0:0:0:0:0:0:1 "GET /bff/clima/-24.7859/-65.4116 HTTP/1.1" 200 (746 ms)
[10/Nov/2023:12:35:32 -0300] 0:0:0:0:0:0:0:1 "GET /bff/clima/-24.7859/-65.4116 HTTP/1.1" 200 (252 ms)
[10/Nov/2023:12:35:32 -0300] 0:0:0:0:0:0:0:1 "GET /bff/clima/-24.7859/-65.4116 HTTP/1.1" 200 (253 ms)
[10/Nov/2023:12:35:33 -0300] 0:0:0:0:0:0:0:1 "GET /bff/clima/-24.7859/-65.4116 HTTP/1.1" 200 (246 ms)
[10/Nov/2023:12:35:33 -0300] 0:0:0:0:0:0:0:1 "GET /bff/clima/-24.7859/-65.4116 HTTP/1.1" 200 (250 ms)
[10/Nov/2023:12:35:33 -0300] 0:0:0:0:0:0:0:1 "GET /bff/clima/-24.7859/-65.4116 HTTP/1.1" 200 (249 ms)
[10/Nov/2023:12:35:33 -0300] 0:0:0:0:0:0:0:1 "GET /bff/clima/-24.7859/-65.4116 HTTP/1.1" 200 (253 ms)
[10/Nov/2023:12:39:27 -0300] 0:0:0:0:0:0:0:1 "OPTIONS /bff/clima/51.50853/-0.12574 HTTP/1.1" 200 (4 ms)
[10/Nov/2023:12:39:27 -0300] 0:0:0:0:0:0:0:1 "GET /bff/usuario/nombre/rodrigo/preferencias HTTP/1.1" 200 (197 ms)
[10/Nov/2023:12:39:27 -0300] 0:0:0:0:0:0:0:1 "GET /bff/actividad HTTP/1.1" 200 (245 ms)
[10/Nov/2023:12:39:28 -0300] 0:0:0:0:0:0:0:1 "GET /bff/clima/51.50853/-0.12574 HTTP/1.1" 200 (1063 ms)
[10/Nov/2023:12:39:28 -0300] 0:0:0:0:0:0:0:1 "GET /bff/usuario/nombre/rodrigo/preferencias HTTP/1.1" 200 (465 ms)
[10/Nov/2023:12:39:28 -0300] 0:0:0:0:0:0:0:1 "GET /bff/usuario/nombre/rodrigo/preferencias HTTP/1.1" 200 (112 ms)
[10/Nov/2023:12:39:28 -0300] 0:0:0:0:0:0:0:1 "GET /bff/clima/51.50853/-0.12574 HTTP/1.1" 200 (339 ms)
[10/Nov/2023:12:39:28 -0300] 0:0:0:0:0:0:0:1 "GET /bff/usuario/nombre/rodrigo HTTP/1.1" 200 (96 ms)
[10/Nov/2023:12:39:29 -0300] 0:0:0:0:0:0:0:1 "GET /bff/clima/51.50853/-0.12574 HTTP/1.1" 200 (276 ms)
[10/Nov/2023:12:39:29 -0300] 0:0:0:0:0:0:0:1 "GET /bff/clima/51.50853/-0.12574 HTTP/1.1" 200 (257 ms)
[10/Nov/2023:12:39:29 -0300] 0:0:0:0:0:0:0:1 "GET /bff/clima/51.50853/-0.12574 HTTP/1.1" 200 (261 ms)
[10/Nov/2023:12:39:29 -0300] 0:0:0:0:0:0:0:1 "GET /bff/clima/51.50853/-0.12574 HTTP/1.1" 200 (259 ms)
[10/Nov/2023:12:39:30 -0300] 0:0:0:0:0:0:0:1 "GET /bff/clima/51.50853/-0.12574 HTTP/1.1" 200 (264 ms)
[10/Nov/2023:12:43:51 -0300] 0:0:0:0:0:0:0:1 "GET /bff/usuario/nombre/rodrigo/preferencias HTTP/1.1" 200 (155 ms)
[10/Nov/2023:12:43:51 -0300] 0:0:0:0:0:0:0:1 "GET /bff/usuario/nombre/rodrigo HTTP/1.1" 200 (207 ms)
[10/Nov/2023:12:43:52 -0300] 0:0:0:0:0:0:0:1 "GET /bff/actividad HTTP/1.1" 200 (333 ms)
[10/Nov/2023:12:43:52 -0300] 0:0:0:0:0:0:0:1 "GET /bff/usuario/nombre/rodrigo/preferencias HTTP/1.1" 200 (185 ms)
[10/Nov/2023:12:43:52 -0300] 0:0:0:0:0:0:0:1 "GET /bff/clima/51.50853/-0.12574 HTTP/1.1" 200 (800 ms)
[10/Nov/2023:12:43:52 -0300] 0:0:0:0:0:0:0:1 "GET /bff/usuario/nombre/rodrigo/preferencias HTTP/1.1" 200 (131 ms)
[10/Nov/2023:12:43:52 -0300] 0:0:0:0:0:0:0:1 "GET /bff/clima/51.50853/-0.12574 HTTP/1.1" 200 (327 ms)
[10/Nov/2023:12:43:52 -0300] 0:0:0:0:0:0:0:1 "GET /bff/clima/51.50853/-0.12574 HTTP/1.1" 200 (276 ms)
[10/Nov/2023:12:43:53 -0300] 0:0:0:0:0:0:0:1 "GET /bff/clima/51.50853/-0.12574 HTTP/1.1" 200 (264 ms)
[10/Nov/2023:12:43:53 -0300] 0:0:0:0:0:0:0:1 "GET /bff/clima/51.50853/-0.12574 HTTP/1.1" 200 (273 ms)
[10/Nov/2023:12:43:53 -0300] 0:0:0:0:0:0:0:1 "GET /bff/clima/51.50853/-0.12574 HTTP/1.1" 200 (257 ms)
[10/Nov/2023:12:43:53 -0300] 0:0:0:0:0:0:0:1 "GET /bff/clima/51.50853/-0.12574 HTTP/1.1" 200 (258 ms)
[10/Nov/2023:12:44:12 -0300] 0:0:0:0:0:0:0:1 "OPTIONS /bff/clima/-51.50853/-0.12574 HTTP/1.1" 200 (5 ms)
[10/Nov/2023:12:44:12 -0300] 0:0:0:0:0:0:0:1 "GET /bff/usuario/nombre/rodrigo/preferencias HTTP/1.1" 200 (139 ms)
[10/Nov/2023:12:44:12 -0300] 0:0:0:0:0:0:0:1 "GET /bff/actividad HTTP/1.1" 200 (167 ms)
[10/Nov/2023:12:44:12 -0300] 0:0:0:0:0:0:0:1 "GET /bff/usuario/nombre/rodrigo HTTP/1.1" 200 (93 ms)
[10/Nov/2023:12:44:12 -0300] 0:0:0:0:0:0:0:1 "GET /bff/usuario/nombre/rodrigo/preferencias HTTP/1.1" 200 (96 ms)
[10/Nov/2023:12:44:12 -0300] 0:0:0:0:0:0:0:1 "GET /bff/usuario/nombre/rodrigo/preferencias HTTP/1.1" 200 (94 ms)
[10/Nov/2023:12:44:12 -0300] 0:0:0:0:0:0:0:1 "GET /bff/clima/-51.50853/-0.12574 HTTP/1.1" 200 (736 ms)
[10/Nov/2023:12:44:13 -0300] 0:0:0:0:0:0:0:1 "GET /bff/clima/-51.50853/-0.12574 HTTP/1.1" 200 (258 ms)
[10/Nov/2023:12:44:13 -0300] 0:0:0:0:0:0:0:1 "GET /bff/clima/-51.50853/-0.12574 HTTP/1.1" 200 (250 ms)
[10/Nov/2023:12:44:13 -0300] 0:0:0:0:0:0:0:1 "GET /bff/clima/-51.50853/-0.12574 HTTP/1.1" 200 (258 ms)
[10/Nov/2023:12:44:13 -0300] 0:0:0:0:0:0:0:1 "GET /bff/clima/-51.50853/-0.12574 HTTP/1.1" 200 (249 ms)
[10/Nov/2023:12:44:14 -0300] 0:0:0:0:0:0:0:1 "GET /bff/clima/-51.50853/-0.12574 HTTP/1.1" 200 (248 ms)
[10/Nov/2023:12:44:14 -0300] 0:0:0:0:0:0:0:1 "GET /bff/clima/-51.50853/-0.12574 HTTP/1.1" 200 (245 ms)
[10/Nov/2023:12:44:26 -0300] 0:0:0:0:0:0:0:1 "OPTIONS /bff/clima/-31.50853/-0.12574 HTTP/1.1" 200 (4 ms)
[10/Nov/2023:12:44:26 -0300] 0:0:0:0:0:0:0:1 "GET /bff/usuario/nombre/rodrigo/preferencias HTTP/1.1" 200 (138 ms)
[10/Nov/2023:12:44:26 -0300] 0:0:0:0:0:0:0:1 "GET /bff/actividad HTTP/1.1" 200 (166 ms)
[10/Nov/2023:12:44:26 -0300] 0:0:0:0:0:0:0:1 "GET /bff/usuario/nombre/rodrigo HTTP/1.1" 200 (108 ms)
[10/Nov/2023:12:44:26 -0300] 0:0:0:0:0:0:0:1 "GET /bff/usuario/nombre/rodrigo/preferencias HTTP/1.1" 200 (94 ms)
[10/Nov/2023:12:44:26 -0300] 0:0:0:0:0:0:0:1 "GET /bff/usuario/nombre/rodrigo/preferencias HTTP/1.1" 200 (95 ms)
[10/Nov/2023:12:44:26 -0300] 0:0:0:0:0:0:0:1 "GET /bff/clima/-31.50853/-0.12574 HTTP/1.1" 200 (761 ms)
[10/Nov/2023:12:44:27 -0300] 0:0:0:0:0:0:0:1 "GET /bff/clima/-31.50853/-0.12574 HTTP/1.1" 200 (253 ms)
[10/Nov/2023:12:44:27 -0300] 0:0:0:0:0:0:0:1 "GET /bff/clima/-31.50853/-0.12574 HTTP/1.1" 200 (256 ms)
[10/Nov/2023:12:44:27 -0300] 0:0:0:0:0:0:0:1 "GET /bff/clima/-31.50853/-0.12574 HTTP/1.1" 200 (258 ms)
[10/Nov/2023:12:44:27 -0300] 0:0:0:0:0:0:0:1 "GET /bff/clima/-31.50853/-0.12574 HTTP/1.1" 200 (273 ms)
[10/Nov/2023:12:44:28 -0300] 0:0:0:0:0:0:0:1 "GET /bff/clima/-31.50853/-0.12574 HTTP/1.1" 200 (599 ms)
[10/Nov/2023:12:44:29 -0300] 0:0:0:0:0:0:0:1 "GET /bff/clima/-31.50853/-0.12574 HTTP/1.1" 200 (448 ms)
[10/Nov/2023:13:20:55 -0300] 0:0:0:0:0:0:0:1 "OPTIONS /bff/actividad HTTP/1.1" 200 (106 ms)
[10/Nov/2023:13:20:55 -0300] 0:0:0:0:0:0:0:1 "OPTIONS /bff/actividad HTTP/1.1" 200 (106 ms)
[10/Nov/2023:13:20:55 -0300] 0:0:0:0:0:0:0:1 "GET /bff/actividad HTTP/1.1" 200 (461 ms)
[10/Nov/2023:13:20:56 -0300] 0:0:0:0:0:0:0:1 "GET /bff/actividad HTTP/1.1" 200 (99 ms)
[10/Nov/2023:13:20:56 -0300] 0:0:0:0:0:0:0:1 "GET /bff/clima/-31.50853/-0.12574 HTTP/1.1" 200 (1004 ms)
[10/Nov/2023:13:21:14 -0300] 0:0:0:0:0:0:0:1 "OPTIONS /bff/usuario/nombre/rodrigo HTTP/1.1" 200 (4 ms)
[10/Nov/2023:13:21:14 -0300] 0:0:0:0:0:0:0:1 "OPTIONS /bff/actividad HTTP/1.1" 200 (3 ms)
[10/Nov/2023:13:21:14 -0300] 0:0:0:0:0:0:0:1 "OPTIONS /bff/usuario/nombre/rodrigo/preferencias HTTP/1.1" 200 (11 ms)
[10/Nov/2023:13:21:14 -0300] 0:0:0:0:0:0:0:1 "GET /bff/actividad HTTP/1.1" 200 (387 ms)
[10/Nov/2023:13:21:14 -0300] 0:0:0:0:0:0:0:1 "GET /bff/usuario/nombre/rodrigo HTTP/1.1" 200 (436 ms)
[10/Nov/2023:13:21:14 -0300] 0:0:0:0:0:0:0:1 "GET /bff/usuario/nombre/rodrigo/preferencias HTTP/1.1" 200 (387 ms)
[10/Nov/2023:13:21:15 -0300] 0:0:0:0:0:0:0:1 "GET /bff/clima/-31.50853/-0.12574 HTTP/1.1" 200 (1043 ms)
[10/Nov/2023:13:21:15 -0300] 0:0:0:0:0:0:0:1 "GET /bff/usuario/nombre/rodrigo/preferencias HTTP/1.1" 200 (161 ms)
[10/Nov/2023:13:21:15 -0300] 0:0:0:0:0:0:0:1 "GET /bff/usuario/nombre/rodrigo/preferencias HTTP/1.1" 200 (171 ms)
[10/Nov/2023:13:21:15 -0300] 0:0:0:0:0:0:0:1 "GET /bff/clima/-31.50853/-0.12574 HTTP/1.1" 200 (264 ms)
[10/Nov/2023:13:21:15 -0300] 0:0:0:0:0:0:0:1 "GET /bff/clima/-31.50853/-0.12574 HTTP/1.1" 200 (261 ms)
[10/Nov/2023:13:21:15 -0300] 0:0:0:0:0:0:0:1 "GET /bff/clima/-31.50853/-0.12574 HTTP/1.1" 200 (261 ms)
[10/Nov/2023:13:21:16 -0300] 0:0:0:0:0:0:0:1 "GET /bff/clima/-31.50853/-0.12574 HTTP/1.1" 200 (269 ms)
[10/Nov/2023:13:21:16 -0300] 0:0:0:0:0:0:0:1 "GET /bff/clima/-31.50853/-0.12574 HTTP/1.1" 200 (288 ms)
[10/Nov/2023:13:21:16 -0300] 0:0:0:0:0:0:0:1 "GET /bff/clima/-31.50853/-0.12574 HTTP/1.1" 200 (262 ms)
[10/Nov/2023:13:24:08 -0300] 0:0:0:0:0:0:0:1 "GET /bff/usuario/nombre/rodrigo/preferencias HTTP/1.1" 200 (440 ms)
[10/Nov/2023:13:24:08 -0300] 0:0:0:0:0:0:0:1 "GET /bff/actividad HTTP/1.1" 200 (116 ms)
[10/Nov/2023:13:24:08 -0300] 0:0:0:0:0:0:0:1 "GET /bff/usuario/nombre/rodrigo HTTP/1.1" 200 (161 ms)
[10/Nov/2023:13:24:09 -0300] 0:0:0:0:0:0:0:1 "GET /bff/usuario/nombre/rodrigo/preferencias HTTP/1.1" 200 (914 ms)
[10/Nov/2023:13:24:09 -0300] 0:0:0:0:0:0:0:1 "GET /bff/clima/-31.50853/-0.12574 HTTP/1.1" 200 (2354 ms)
[10/Nov/2023:13:24:09 -0300] 0:0:0:0:0:0:0:1 "GET /bff/usuario/nombre/rodrigo/preferencias HTTP/1.1" 200 (165 ms)
[10/Nov/2023:13:24:09 -0300] 0:0:0:0:0:0:0:1 "GET /bff/clima/-31.50853/-0.12574 HTTP/1.1" 200 (276 ms)
[10/Nov/2023:13:24:09 -0300] 0:0:0:0:0:0:0:1 "GET /bff/clima/-31.50853/-0.12574 HTTP/1.1" 200 (350 ms)
[10/Nov/2023:13:24:10 -0300] 0:0:0:0:0:0:0:1 "GET /bff/clima/-31.50853/-0.12574 HTTP/1.1" 200 (259 ms)
[10/Nov/2023:13:24:10 -0300] 0:0:0:0:0:0:0:1 "GET /bff/clima/-31.50853/-0.12574 HTTP/1.1" 200 (259 ms)
[10/Nov/2023:13:24:10 -0300] 0:0:0:0:0:0:0:1 "GET /bff/clima/-31.50853/-0.12574 HTTP/1.1" 200 (250 ms)
[10/Nov/2023:13:24:10 -0300] 0:0:0:0:0:0:0:1 "GET /bff/clima/-31.50853/-0.12574 HTTP/1.1" 200 (254 ms)
[10/Nov/2023:13:32:34 -0300] 0:0:0:0:0:0:0:1 "GET /bff/usuario/nombre/rodrigo/preferencias HTTP/1.1" 200 (296 ms)
[10/Nov/2023:13:32:34 -0300] 0:0:0:0:0:0:0:1 "GET /bff/actividad HTTP/1.1" 200 (198 ms)
[10/Nov/2023:13:32:34 -0300] 0:0:0:0:0:0:0:1 "GET /bff/usuario/nombre/rodrigo/preferencias HTTP/1.1" 200 (132 ms)
[10/Nov/2023:13:32:34 -0300] 0:0:0:0:0:0:0:1 "GET /bff/usuario/nombre/rodrigo/preferencias HTTP/1.1" 200 (130 ms)
[10/Nov/2023:13:32:34 -0300] 0:0:0:0:0:0:0:1 "GET /bff/usuario/nombre/rodrigo HTTP/1.1" 200 (96 ms)
[10/Nov/2023:13:32:35 -0300] 0:0:0:0:0:0:0:1 "GET /bff/clima/-31.50853/-0.12574 HTTP/1.1" 200 (940 ms)
[10/Nov/2023:13:32:35 -0300] 0:0:0:0:0:0:0:1 "GET /bff/clima/-31.50853/-0.12574 HTTP/1.1" 200 (261 ms)
[10/Nov/2023:13:32:35 -0300] 0:0:0:0:0:0:0:1 "GET /bff/clima/-31.50853/-0.12574 HTTP/1.1" 200 (262 ms)
[10/Nov/2023:13:32:35 -0300] 0:0:0:0:0:0:0:1 "GET /bff/clima/-31.50853/-0.12574 HTTP/1.1" 200 (255 ms)
[10/Nov/2023:13:32:36 -0300] 0:0:0:0:0:0:0:1 "GET /bff/clima/-31.50853/-0.12574 HTTP/1.1" 200 (250 ms)
[10/Nov/2023:13:32:36 -0300] 0:0:0:0:0:0:0:1 "GET /bff/clima/-31.50853/-0.12574 HTTP/1.1" 200 (252 ms)
[10/Nov/2023:13:32:36 -0300] 0:0:0:0:0:0:0:1 "GET /bff/clima/-31.50853/-0.12574 HTTP/1.1" 200 (253 ms)
[10/Nov/2023:13:35:16 -0300] 0:0:0:0:0:0:0:1 "GET /bff/usuario/nombre/rodrigo/preferencias HTTP/1.1" 200 (139 ms)
[10/Nov/2023:13:35:16 -0300] 0:0:0:0:0:0:0:1 "GET /bff/actividad HTTP/1.1" 200 (144 ms)
[10/Nov/2023:13:35:17 -0300] 0:0:0:0:0:0:0:1 "GET /bff/usuario/nombre/rodrigo/preferencias HTTP/1.1" 200 (106 ms)
[10/Nov/2023:13:35:17 -0300] 0:0:0:0:0:0:0:1 "GET /bff/usuario/nombre/rodrigo/preferencias HTTP/1.1" 200 (112 ms)
[10/Nov/2023:13:35:17 -0300] 0:0:0:0:0:0:0:1 "GET /bff/clima/-31.50853/-0.12574 HTTP/1.1" 200 (734 ms)
[10/Nov/2023:13:35:17 -0300] 0:0:0:0:0:0:0:1 "GET /bff/usuario/nombre/rodrigo HTTP/1.1" 200 (111 ms)
[10/Nov/2023:13:35:17 -0300] 0:0:0:0:0:0:0:1 "GET /bff/clima/-31.50853/-0.12574 HTTP/1.1" 200 (248 ms)
[10/Nov/2023:13:35:18 -0300] 0:0:0:0:0:0:0:1 "GET /bff/clima/-31.50853/-0.12574 HTTP/1.1" 200 (269 ms)
[10/Nov/2023:13:35:18 -0300] 0:0:0:0:0:0:0:1 "GET /bff/clima/-31.50853/-0.12574 HTTP/1.1" 200 (762 ms)
[10/Nov/2023:13:35:19 -0300] 0:0:0:0:0:0:0:1 "GET /bff/clima/-31.50853/-0.12574 HTTP/1.1" 200 (307 ms)
[10/Nov/2023:13:35:19 -0300] 0:0:0:0:0:0:0:1 "GET /bff/clima/-31.50853/-0.12574 HTTP/1.1" 200 (304 ms)
[10/Nov/2023:13:35:19 -0300] 0:0:0:0:0:0:0:1 "GET /bff/clima/-31.50853/-0.12574 HTTP/1.1" 200 (303 ms)
[10/Nov/2023:13:36:13 -0300] 0:0:0:0:0:0:0:1 "GET /bff/actividad HTTP/1.1" 200 (337 ms)
[10/Nov/2023:13:36:14 -0300] 0:0:0:0:0:0:0:1 "GET /bff/usuario/nombre/rodrigo/preferencias HTTP/1.1" 200 (902 ms)
[10/Nov/2023:13:36:14 -0300] 0:0:0:0:0:0:0:1 "GET /bff/clima/-31.50853/-0.12574 HTTP/1.1" 200 (1268 ms)
[10/Nov/2023:13:36:14 -0300] 0:0:0:0:0:0:0:1 "GET /bff/usuario/nombre/rodrigo/preferencias HTTP/1.1" 200 (166 ms)
[10/Nov/2023:13:36:14 -0300] 0:0:0:0:0:0:0:1 "GET /bff/usuario/nombre/rodrigo HTTP/1.1" 200 (92 ms)
[10/Nov/2023:13:36:14 -0300] 0:0:0:0:0:0:0:1 "GET /bff/usuario/nombre/rodrigo/preferencias HTTP/1.1" 200 (167 ms)
[10/Nov/2023:13:36:14 -0300] 0:0:0:0:0:0:0:1 "GET /bff/clima/-31.50853/-0.12574 HTTP/1.1" 200 (257 ms)
[10/Nov/2023:13:36:15 -0300] 0:0:0:0:0:0:0:1 "GET /bff/clima/-31.50853/-0.12574 HTTP/1.1" 200 (285 ms)
[10/Nov/2023:13:36:15 -0300] 0:0:0:0:0:0:0:1 "GET /bff/clima/-31.50853/-0.12574 HTTP/1.1" 200 (272 ms)
[10/Nov/2023:13:36:15 -0300] 0:0:0:0:0:0:0:1 "GET /bff/clima/-31.50853/-0.12574 HTTP/1.1" 200 (259 ms)
[10/Nov/2023:13:36:15 -0300] 0:0:0:0:0:0:0:1 "GET /bff/clima/-31.50853/-0.12574 HTTP/1.1" 200 (253 ms)
[10/Nov/2023:13:36:16 -0300] 0:0:0:0:0:0:0:1 "GET /bff/clima/-31.50853/-0.12574 HTTP/1.1" 200 (258 ms)
[10/Nov/2023:13:42:45 -0300] 0:0:0:0:0:0:0:1 "GET /bff/usuario/nombre/rodrigo HTTP/1.1" 200 (174 ms)
[10/Nov/2023:13:42:45 -0300] 0:0:0:0:0:0:0:1 "GET /bff/usuario/nombre/rodrigo/preferencias HTTP/1.1" 200 (375 ms)
[10/Nov/2023:13:42:45 -0300] 0:0:0:0:0:0:0:1 "GET /bff/actividad HTTP/1.1" 200 (341 ms)
[10/Nov/2023:13:42:46 -0300] 0:0:0:0:0:0:0:1 "GET /bff/usuario/nombre/rodrigo/preferencias HTTP/1.1" 200 (103 ms)
[10/Nov/2023:13:42:46 -0300] 0:0:0:0:0:0:0:1 "GET /bff/usuario/nombre/rodrigo/preferencias HTTP/1.1" 200 (162 ms)
[10/Nov/2023:13:42:46 -0300] 0:0:0:0:0:0:0:1 "GET /bff/clima/-31.50853/-0.12574 HTTP/1.1" 200 (2593 ms)
[10/Nov/2023:13:42:46 -0300] 0:0:0:0:0:0:0:1 "GET /bff/clima/-31.50853/-0.12574 HTTP/1.1" 200 (308 ms)
[10/Nov/2023:13:42:47 -0300] 0:0:0:0:0:0:0:1 "GET /bff/clima/-31.50853/-0.12574 HTTP/1.1" 200 (261 ms)
[10/Nov/2023:13:42:47 -0300] 0:0:0:0:0:0:0:1 "GET /bff/clima/-31.50853/-0.12574 HTTP/1.1" 200 (257 ms)
[10/Nov/2023:13:42:47 -0300] 0:0:0:0:0:0:0:1 "GET /bff/clima/-31.50853/-0.12574 HTTP/1.1" 200 (262 ms)
[10/Nov/2023:13:42:47 -0300] 0:0:0:0:0:0:0:1 "GET /bff/clima/-31.50853/-0.12574 HTTP/1.1" 200 (279 ms)
[10/Nov/2023:13:42:48 -0300] 0:0:0:0:0:0:0:1 "GET /bff/clima/-31.50853/-0.12574 HTTP/1.1" 200 (258 ms)
[10/Nov/2023:13:54:16 -0300] 0:0:0:0:0:0:0:1 "OPTIONS /bff/clima/-32.48463/-58.23217 HTTP/1.1" 200 (7 ms)
[10/Nov/2023:13:54:16 -0300] 0:0:0:0:0:0:0:1 "GET /bff/actividad HTTP/1.1" 200 (333 ms)
[10/Nov/2023:13:54:16 -0300] 0:0:0:0:0:0:0:1 "GET /bff/usuario/nombre/rodrigo HTTP/1.1" 200 (372 ms)
[10/Nov/2023:13:54:16 -0300] 0:0:0:0:0:0:0:1 "GET /bff/usuario/nombre/rodrigo/preferencias HTTP/1.1" 200 (687 ms)
[10/Nov/2023:13:54:17 -0300] 0:0:0:0:0:0:0:1 "GET /bff/clima/-32.48463/-58.23217 HTTP/1.1" 200 (915 ms)
[10/Nov/2023:13:54:17 -0300] 0:0:0:0:0:0:0:1 "GET /bff/usuario/nombre/rodrigo/preferencias HTTP/1.1" 200 (139 ms)
[10/Nov/2023:13:54:17 -0300] 0:0:0:0:0:0:0:1 "GET /bff/clima/-32.48463/-58.23217 HTTP/1.1" 200 (256 ms)
[10/Nov/2023:13:54:17 -0300] 0:0:0:0:0:0:0:1 "GET /bff/usuario/nombre/rodrigo/preferencias HTTP/1.1" 200 (153 ms)
[10/Nov/2023:13:54:17 -0300] 0:0:0:0:0:0:0:1 "GET /bff/clima/-32.48463/-58.23217 HTTP/1.1" 200 (305 ms)
[10/Nov/2023:13:54:18 -0300] 0:0:0:0:0:0:0:1 "GET /bff/clima/-32.48463/-58.23217 HTTP/1.1" 200 (282 ms)
[10/Nov/2023:13:54:18 -0300] 0:0:0:0:0:0:0:1 "GET /bff/clima/-32.48463/-58.23217 HTTP/1.1" 200 (259 ms)
[10/Nov/2023:13:54:18 -0300] 0:0:0:0:0:0:0:1 "GET /bff/clima/-32.48463/-58.23217 HTTP/1.1" 200 (266 ms)
[10/Nov/2023:13:54:19 -0300] 0:0:0:0:0:0:0:1 "GET /bff/clima/-32.48463/-58.23217 HTTP/1.1" 200 (259 ms)
[10/Nov/2023:14:02:11 -0300] 0:0:0:0:0:0:0:1 "GET /bff/usuario/nombre/rodrigo/preferencias HTTP/1.1" 200 (181 ms)
[10/Nov/2023:14:02:11 -0300] 0:0:0:0:0:0:0:1 "GET /bff/actividad HTTP/1.1" 200 (191 ms)
[10/Nov/2023:14:02:11 -0300] 0:0:0:0:0:0:0:1 "GET /bff/usuario/nombre/rodrigo HTTP/1.1" 200 (177 ms)
[10/Nov/2023:14:02:11 -0300] 0:0:0:0:0:0:0:1 "GET /bff/usuario/nombre/rodrigo/preferencias HTTP/1.1" 200 (166 ms)
[10/Nov/2023:14:02:11 -0300] 0:0:0:0:0:0:0:1 "GET /bff/usuario/nombre/rodrigo/preferencias HTTP/1.1" 200 (206 ms)
[10/Nov/2023:14:02:11 -0300] 0:0:0:0:0:0:0:1 "GET /bff/clima/-32.48463/-58.23217 HTTP/1.1" 200 (957 ms)
[10/Nov/2023:14:02:12 -0300] 0:0:0:0:0:0:0:1 "GET /bff/clima/-32.48463/-58.23217 HTTP/1.1" 200 (306 ms)
[10/Nov/2023:14:02:12 -0300] 0:0:0:0:0:0:0:1 "GET /bff/clima/-32.48463/-58.23217 HTTP/1.1" 200 (262 ms)
[10/Nov/2023:14:02:12 -0300] 0:0:0:0:0:0:0:1 "GET /bff/clima/-32.48463/-58.23217 HTTP/1.1" 200 (268 ms)
[10/Nov/2023:14:02:13 -0300] 0:0:0:0:0:0:0:1 "GET /bff/clima/-32.48463/-58.23217 HTTP/1.1" 200 (267 ms)
[10/Nov/2023:14:02:13 -0300] 0:0:0:0:0:0:0:1 "GET /bff/clima/-32.48463/-58.23217 HTTP/1.1" 200 (287 ms)
[10/Nov/2023:14:02:13 -0300] 0:0:0:0:0:0:0:1 "GET /bff/clima/-32.48463/-58.23217 HTTP/1.1" 200 (268 ms)
[10/Nov/2023:14:24:13 -0300] 0:0:0:0:0:0:0:1 "OPTIONS /bff/usuario/nombre/rodrigo/preferencias HTTP/1.1" 200 (6 ms)
[10/Nov/2023:14:24:13 -0300] 0:0:0:0:0:0:0:1 "OPTIONS /bff/actividad HTTP/1.1" 200 (3 ms)
[10/Nov/2023:14:24:14 -0300] 0:0:0:0:0:0:0:1 "OPTIONS /bff/usuario/nombre/rodrigo HTTP/1.1" 200 (2 ms)
[10/Nov/2023:14:24:14 -0300] 0:0:0:0:0:0:0:1 "GET /bff/usuario/nombre/rodrigo HTTP/1.1" 200 (114 ms)
[10/Nov/2023:14:24:14 -0300] 0:0:0:0:0:0:0:1 "GET /bff/usuario/nombre/rodrigo/preferencias HTTP/1.1" 200 (321 ms)
[10/Nov/2023:14:24:14 -0300] 0:0:0:0:0:0:0:1 "GET /bff/actividad HTTP/1.1" 200 (286 ms)
[10/Nov/2023:14:24:14 -0300] 0:0:0:0:0:0:0:1 "GET /bff/usuario/nombre/rodrigo/preferencias HTTP/1.1" 200 (134 ms)
[10/Nov/2023:14:24:14 -0300] 0:0:0:0:0:0:0:1 "GET /bff/clima/-32.48463/-58.23217 HTTP/1.1" 200 (908 ms)
[10/Nov/2023:14:24:14 -0300] 0:0:0:0:0:0:0:1 "GET /bff/usuario/nombre/rodrigo/preferencias HTTP/1.1" 200 (163 ms)
[10/Nov/2023:14:24:15 -0300] 0:0:0:0:0:0:0:1 "GET /bff/clima/-32.48463/-58.23217 HTTP/1.1" 200 (278 ms)
[10/Nov/2023:14:24:15 -0300] 0:0:0:0:0:0:0:1 "GET /bff/clima/-32.48463/-58.23217 HTTP/1.1" 200 (262 ms)
[10/Nov/2023:14:24:15 -0300] 0:0:0:0:0:0:0:1 "GET /bff/clima/-32.48463/-58.23217 HTTP/1.1" 200 (282 ms)
[10/Nov/2023:14:24:15 -0300] 0:0:0:0:0:0:0:1 "GET /bff/clima/-32.48463/-58.23217 HTTP/1.1" 200 (246 ms)
[10/Nov/2023:14:24:16 -0300] 0:0:0:0:0:0:0:1 "GET /bff/clima/-32.48463/-58.23217 HTTP/1.1" 200 (252 ms)
[10/Nov/2023:14:24:16 -0300] 0:0:0:0:0:0:0:1 "GET /bff/clima/-32.48463/-58.23217 HTTP/1.1" 200 (250 ms)
[10/Nov/2023:14:24:56 -0300] 0:0:0:0:0:0:0:1 "GET /bff/usuario/nombre/rodrigo/preferencias HTTP/1.1" 200 (201 ms)
[10/Nov/2023:14:24:56 -0300] 0:0:0:0:0:0:0:1 "GET /bff/actividad HTTP/1.1" 200 (175 ms)
[10/Nov/2023:14:24:57 -0300] 0:0:0:0:0:0:0:1 "GET /bff/usuario/nombre/rodrigo/preferencias HTTP/1.1" 200 (153 ms)
[10/Nov/2023:14:24:57 -0300] 0:0:0:0:0:0:0:1 "GET /bff/usuario/nombre/rodrigo HTTP/1.1" 200 (89 ms)
[10/Nov/2023:14:24:57 -0300] 0:0:0:0:0:0:0:1 "GET /bff/clima/-32.48463/-58.23217 HTTP/1.1" 200 (776 ms)
[10/Nov/2023:14:24:57 -0300] 0:0:0:0:0:0:0:1 "GET /bff/usuario/nombre/rodrigo/preferencias HTTP/1.1" 200 (189 ms)
[10/Nov/2023:14:24:57 -0300] 0:0:0:0:0:0:0:1 "GET /bff/clima/-32.48463/-58.23217 HTTP/1.1" 200 (263 ms)
[10/Nov/2023:14:24:57 -0300] 0:0:0:0:0:0:0:1 "GET /bff/clima/-32.48463/-58.23217 HTTP/1.1" 200 (291 ms)
[10/Nov/2023:14:24:58 -0300] 0:0:0:0:0:0:0:1 "GET /bff/clima/-32.48463/-58.23217 HTTP/1.1" 200 (966 ms)
[10/Nov/2023:14:24:59 -0300] 0:0:0:0:0:0:0:1 "GET /bff/clima/-32.48463/-58.23217 HTTP/1.1" 200 (257 ms)
[10/Nov/2023:14:24:59 -0300] 0:0:0:0:0:0:0:1 "GET /bff/clima/-32.48463/-58.23217 HTTP/1.1" 200 (249 ms)
[10/Nov/2023:14:24:59 -0300] 0:0:0:0:0:0:0:1 "GET /bff/clima/-32.48463/-58.23217 HTTP/1.1" 200 (259 ms)
[10/Nov/2023:14:25:45 -0300] 0:0:0:0:0:0:0:1 "GET /bff/usuario/nombre/rodrigo/preferencias HTTP/1.1" 200 (159 ms)
[10/Nov/2023:14:25:46 -0300] 0:0:0:0:0:0:0:1 "GET /bff/actividad HTTP/1.1" 200 (189 ms)
[10/Nov/2023:14:25:46 -0300] 0:0:0:0:0:0:0:1 "GET /bff/usuario/nombre/rodrigo/preferencias HTTP/1.1" 200 (128 ms)
[10/Nov/2023:14:25:46 -0300] 0:0:0:0:0:0:0:1 "GET /bff/usuario/nombre/rodrigo HTTP/1.1" 200 (143 ms)
[10/Nov/2023:14:25:46 -0300] 0:0:0:0:0:0:0:1 "GET /bff/usuario/nombre/rodrigo/preferencias HTTP/1.1" 200 (187 ms)
[10/Nov/2023:14:25:46 -0300] 0:0:0:0:0:0:0:1 "GET /bff/clima/-32.48463/-58.23217 HTTP/1.1" 200 (875 ms)
[10/Nov/2023:14:25:46 -0300] 0:0:0:0:0:0:0:1 "GET /bff/clima/-32.48463/-58.23217 HTTP/1.1" 200 (290 ms)
[10/Nov/2023:14:25:47 -0300] 0:0:0:0:0:0:0:1 "GET /bff/clima/-32.48463/-58.23217 HTTP/1.1" 200 (268 ms)
[10/Nov/2023:14:25:47 -0300] 0:0:0:0:0:0:0:1 "GET /bff/clima/-32.48463/-58.23217 HTTP/1.1" 200 (258 ms)
[10/Nov/2023:14:25:47 -0300] 0:0:0:0:0:0:0:1 "GET /bff/clima/-32.48463/-58.23217 HTTP/1.1" 200 (264 ms)
[10/Nov/2023:14:25:47 -0300] 0:0:0:0:0:0:0:1 "GET /bff/clima/-32.48463/-58.23217 HTTP/1.1" 200 (270 ms)
[10/Nov/2023:14:25:48 -0300] 0:0:0:0:0:0:0:1 "GET /bff/clima/-32.48463/-58.23217 HTTP/1.1" 200 (267 ms)
[10/Nov/2023:14:28:23 -0300] 0:0:0:0:0:0:0:1 "GET /bff/usuario/nombre/rodrigo/preferencias HTTP/1.1" 200 (263 ms)
[10/Nov/2023:14:28:24 -0300] 0:0:0:0:0:0:0:1 "GET /bff/clima/-32.48463/-58.23217 HTTP/1.1" 200 (1784 ms)
[10/Nov/2023:14:28:24 -0300] 0:0:0:0:0:0:0:1 "GET /bff/actividad HTTP/1.1" 200 (229 ms)
[10/Nov/2023:14:28:24 -0300] 0:0:0:0:0:0:0:1 "GET /bff/clima/-32.48463/-58.23217 HTTP/1.1" 200 (260 ms)
[10/Nov/2023:14:28:24 -0300] 0:0:0:0:0:0:0:1 "GET /bff/usuario/nombre/rodrigo/preferencias HTTP/1.1" 200 (203 ms)
[10/Nov/2023:14:28:24 -0300] 0:0:0:0:0:0:0:1 "GET /bff/usuario/nombre/rodrigo HTTP/1.1" 200 (190 ms)
[10/Nov/2023:14:28:24 -0300] 0:0:0:0:0:0:0:1 "GET /bff/usuario/nombre/rodrigo/preferencias HTTP/1.1" 200 (138 ms)
[10/Nov/2023:14:28:24 -0300] 0:0:0:0:0:0:0:1 "GET /bff/clima/-32.48463/-58.23217 HTTP/1.1" 200 (287 ms)
[10/Nov/2023:14:28:25 -0300] 0:0:0:0:0:0:0:1 "GET /bff/clima/-32.48463/-58.23217 HTTP/1.1" 200 (265 ms)
[10/Nov/2023:14:28:25 -0300] 0:0:0:0:0:0:0:1 "GET /bff/clima/-32.48463/-58.23217 HTTP/1.1" 200 (263 ms)
[10/Nov/2023:14:28:25 -0300] 0:0:0:0:0:0:0:1 "GET /bff/clima/-32.48463/-58.23217 HTTP/1.1" 200 (302 ms)
[10/Nov/2023:14:28:26 -0300] 0:0:0:0:0:0:0:1 "GET /bff/clima/-32.48463/-58.23217 HTTP/1.1" 200 (273 ms)
[10/Nov/2023:14:40:22 -0300] 0:0:0:0:0:0:0:1 "GET /bff/actividad HTTP/1.1" 200 (205 ms)
[10/Nov/2023:14:40:22 -0300] 0:0:0:0:0:0:0:1 "GET /bff/usuario/nombre/rodrigo/preferencias HTTP/1.1" 200 (265 ms)
[10/Nov/2023:14:40:22 -0300] 0:0:0:0:0:0:0:1 "GET /bff/usuario/nombre/rodrigo HTTP/1.1" 200 (138 ms)
[10/Nov/2023:14:40:22 -0300] 0:0:0:0:0:0:0:1 "GET /bff/usuario/nombre/rodrigo/preferencias HTTP/1.1" 200 (121 ms)
[10/Nov/2023:14:40:23 -0300] 0:0:0:0:0:0:0:1 "GET /bff/usuario/nombre/rodrigo/preferencias HTTP/1.1" 200 (163 ms)
[10/Nov/2023:14:40:23 -0300] 0:0:0:0:0:0:0:1 "GET /bff/clima/-32.48463/-58.23217 HTTP/1.1" 200 (1240 ms)
[10/Nov/2023:14:40:23 -0300] 0:0:0:0:0:0:0:1 "GET /bff/clima/-32.48463/-58.23217 HTTP/1.1" 200 (275 ms)
[10/Nov/2023:14:40:24 -0300] 0:0:0:0:0:0:0:1 "GET /bff/clima/-32.48463/-58.23217 HTTP/1.1" 200 (256 ms)
[10/Nov/2023:14:40:24 -0300] 0:0:0:0:0:0:0:1 "GET /bff/clima/-32.48463/-58.23217 HTTP/1.1" 200 (265 ms)
[10/Nov/2023:14:40:24 -0300] 0:0:0:0:0:0:0:1 "GET /bff/clima/-32.48463/-58.23217 HTTP/1.1" 200 (256 ms)
[10/Nov/2023:14:40:25 -0300] 0:0:0:0:0:0:0:1 "GET /bff/clima/-32.48463/-58.23217 HTTP/1.1" 200 (291 ms)
[10/Nov/2023:14:40:25 -0300] 0:0:0:0:0:0:0:1 "GET /bff/clima/-32.48463/-58.23217 HTTP/1.1" 200 (255 ms)
[10/Nov/2023:14:40:30 -0300] 0:0:0:0:0:0:0:1 "GET /bff/usuario/nombre/rodrigo/preferencias HTTP/1.1" 200 (182 ms)
[10/Nov/2023:14:47:42 -0300] 0:0:0:0:0:0:0:1 "GET /bff/usuario/nombre/rodrigo HTTP/1.1" 200 (208 ms)
[10/Nov/2023:14:47:42 -0300] 0:0:0:0:0:0:0:1 "GET /bff/usuario/nombre/rodrigo/preferencias HTTP/1.1" 200 (404 ms)
[10/Nov/2023:14:47:42 -0300] 0:0:0:0:0:0:0:1 "GET /bff/actividad HTTP/1.1" 200 (402 ms)
[10/Nov/2023:14:47:42 -0300] 0:0:0:0:0:0:0:1 "GET /bff/usuario/nombre/rodrigo/preferencias HTTP/1.1" 200 (113 ms)
[10/Nov/2023:14:47:42 -0300] 0:0:0:0:0:0:0:1 "GET /bff/usuario/nombre/rodrigo/preferencias HTTP/1.1" 200 (153 ms)
[10/Nov/2023:14:47:42 -0300] 0:0:0:0:0:0:0:1 "GET /bff/clima/-32.48463/-58.23217 HTTP/1.1" 200 (1221 ms)
[10/Nov/2023:14:47:43 -0300] 0:0:0:0:0:0:0:1 "GET /bff/clima/-32.48463/-58.23217 HTTP/1.1" 200 (281 ms)
[10/Nov/2023:14:47:43 -0300] 0:0:0:0:0:0:0:1 "GET /bff/clima/-32.48463/-58.23217 HTTP/1.1" 200 (342 ms)
[10/Nov/2023:14:47:43 -0300] 0:0:0:0:0:0:0:1 "GET /bff/clima/-32.48463/-58.23217 HTTP/1.1" 200 (253 ms)
[10/Nov/2023:14:47:44 -0300] 0:0:0:0:0:0:0:1 "GET /bff/clima/-32.48463/-58.23217 HTTP/1.1" 200 (303 ms)
[10/Nov/2023:14:47:44 -0300] 0:0:0:0:0:0:0:1 "GET /bff/clima/-32.48463/-58.23217 HTTP/1.1" 200 (252 ms)
[10/Nov/2023:14:47:44 -0300] 0:0:0:0:0:0:0:1 "GET /bff/clima/-32.48463/-58.23217 HTTP/1.1" 200 (252 ms)
[10/Nov/2023:15:07:24 -0300] 0:0:0:0:0:0:0:1 "OPTIONS /bff/clima/-32.48463/-58.23217 HTTP/1.1" 200 (73 ms)
[10/Nov/2023:15:07:28 -0300] 0:0:0:0:0:0:0:1 "GET /bff/clima/-32.48463/-58.23217 HTTP/1.1" 400 (4295 ms)
[10/Nov/2023:15:07:50 -0300] 0:0:0:0:0:0:0:1 "GET /bff/usuario/nombre/rodrigo HTTP/1.1" 200 (1312 ms)
[10/Nov/2023:15:07:50 -0300] 0:0:0:0:0:0:0:1 "GET /bff/actividad HTTP/1.1" 200 (1441 ms)
[10/Nov/2023:15:07:50 -0300] 0:0:0:0:0:0:0:1 "GET /bff/usuario/nombre/rodrigo/preferencias HTTP/1.1" 200 (1497 ms)
[10/Nov/2023:15:07:51 -0300] 0:0:0:0:0:0:0:1 "GET /bff/usuario/nombre/rodrigo/preferencias HTTP/1.1" 200 (799 ms)
[10/Nov/2023:15:07:51 -0300] 0:0:0:0:0:0:0:1 "GET /bff/usuario/nombre/rodrigo/preferencias HTTP/1.1" 200 (250 ms)
[10/Nov/2023:15:07:52 -0300] 0:0:0:0:0:0:0:1 "GET /bff/clima/-32.48463/-58.23217 HTTP/1.1" 400 (2299 ms)
[10/Nov/2023:15:07:54 -0300] 0:0:0:0:0:0:0:1 "GET /bff/clima/-32.48463/-58.23217 HTTP/1.1" 400 (1130 ms)
[10/Nov/2023:15:08:49 -0300] 0:0:0:0:0:0:0:1 "GET /bff/usuario/nombre/rodrigo/preferencias HTTP/1.1" 200 (191 ms)
[10/Nov/2023:15:08:49 -0300] 0:0:0:0:0:0:0:1 "GET /bff/actividad HTTP/1.1" 200 (154 ms)
[10/Nov/2023:15:08:50 -0300] 0:0:0:0:0:0:0:1 "GET /bff/usuario/nombre/rodrigo/preferencias HTTP/1.1" 200 (171 ms)
[10/Nov/2023:15:08:50 -0300] 0:0:0:0:0:0:0:1 "GET /bff/usuario/nombre/rodrigo/preferencias HTTP/1.1" 200 (183 ms)
[10/Nov/2023:15:08:50 -0300] 0:0:0:0:0:0:0:1 "GET /bff/usuario/nombre/rodrigo HTTP/1.1" 200 (146 ms)
[10/Nov/2023:15:08:51 -0300] 0:0:0:0:0:0:0:1 "GET /bff/clima/-32.48463/-58.23217 HTTP/1.1" 400 (2728 ms)
[10/Nov/2023:15:08:51 -0300] 0:0:0:0:0:0:0:1 "GET /bff/clima/-32.48463/-58.23217 HTTP/1.1" 400 (352 ms)
[10/Nov/2023:15:08:52 -0300] 0:0:0:0:0:0:0:1 "GET /bff/clima/-32.48463/-58.23217 HTTP/1.1" 400 (514 ms)
[10/Nov/2023:15:14:52 -0300] 0:0:0:0:0:0:0:1 "GET /bff/actividad HTTP/1.1" 200 (2890 ms)
[10/Nov/2023:15:14:52 -0300] 0:0:0:0:0:0:0:1 "GET /bff/usuario/nombre/rodrigo/preferencias HTTP/1.1" 200 (2983 ms)
[10/Nov/2023:15:14:52 -0300] 0:0:0:0:0:0:0:1 "GET /bff/usuario/nombre/rodrigo HTTP/1.1" 200 (2714 ms)
[10/Nov/2023:15:14:54 -0300] 0:0:0:0:0:0:0:1 "GET /bff/clima/-32.48463/-58.23217 HTTP/1.1" 400 (5610 ms)
[10/Nov/2023:15:14:55 -0300] 0:0:0:0:0:0:0:1 "GET /bff/clima/-32.48463/-58.23217 HTTP/1.1" 400 (893 ms)
[10/Nov/2023:15:15:02 -0300] 0:0:0:0:0:0:0:1 "GET /bff/usuario/nombre/rodrigo/preferencias HTTP/1.1" 200 (9955 ms)
[10/Nov/2023:15:15:02 -0300] 0:0:0:0:0:0:0:1 "GET /bff/clima/-32.48463/-58.23217 HTTP/1.1" 400 (102 ms)
[10/Nov/2023:15:15:04 -0300] 0:0:0:0:0:0:0:1 "GET /bff/usuario/nombre/rodrigo/preferencias HTTP/1.1" 200 (1694 ms)
[10/Nov/2023:15:16:31 -0300] 0:0:0:0:0:0:0:1 "GET /bff/usuario/nombre/rodrigo/preferencias HTTP/1.1" 200 (193 ms)
[10/Nov/2023:15:16:32 -0300] 0:0:0:0:0:0:0:1 "GET /bff/actividad HTTP/1.1" 200 (265 ms)
[10/Nov/2023:15:16:32 -0300] 0:0:0:0:0:0:0:1 "GET /bff/usuario/nombre/rodrigo/preferencias HTTP/1.1" 200 (252 ms)
[10/Nov/2023:15:16:32 -0300] 0:0:0:0:0:0:0:1 "GET /bff/usuario/nombre/rodrigo HTTP/1.1" 200 (141 ms)
[10/Nov/2023:15:16:33 -0300] 0:0:0:0:0:0:0:1 "GET /bff/usuario/nombre/rodrigo/preferencias HTTP/1.1" 200 (231 ms)
[10/Nov/2023:15:16:33 -0300] 0:0:0:0:0:0:0:1 "GET /bff/clima/-32.48463/-58.23217 HTTP/1.1" 400 (2508 ms)
[10/Nov/2023:15:16:34 -0300] 0:0:0:0:0:0:0:1 "GET /bff/clima/-32.48463/-58.23217 HTTP/1.1" 400 (635 ms)
[10/Nov/2023:15:16:34 -0300] 0:0:0:0:0:0:0:1 "GET /bff/clima/-32.48463/-58.23217 HTTP/1.1" 400 (61 ms)
[10/Nov/2023:15:16:35 -0300] 0:0:0:0:0:0:0:1 "GET /bff/clima/-32.48463/-58.23217 HTTP/1.1" 400 (800 ms)
[10/Nov/2023:15:20:28 -0300] 0:0:0:0:0:0:0:1 "GET /bff/usuario/nombre/rodrigo HTTP/1.1" 200 (232 ms)
[10/Nov/2023:15:20:29 -0300] 0:0:0:0:0:0:0:1 "GET /bff/actividad HTTP/1.1" 200 (347 ms)
[10/Nov/2023:15:20:29 -0300] 0:0:0:0:0:0:0:1 "GET /bff/usuario/nombre/rodrigo/preferencias HTTP/1.1" 200 (404 ms)
[10/Nov/2023:15:20:29 -0300] 0:0:0:0:0:0:0:1 "GET /bff/usuario/nombre/rodrigo/preferencias HTTP/1.1" 200 (179 ms)
[10/Nov/2023:15:20:29 -0300] 0:0:0:0:0:0:0:1 "GET /bff/usuario/nombre/rodrigo/preferencias HTTP/1.1" 200 (155 ms)
[10/Nov/2023:15:20:29 -0300] 0:0:0:0:0:0:0:1 "GET /bff/clima/-32.48463/-58.23217 HTTP/1.1" 200 (1213 ms)
[10/Nov/2023:15:20:30 -0300] 0:0:0:0:0:0:0:1 "GET /bff/clima/-32.48463/-58.23217 HTTP/1.1" 200 (303 ms)
[10/Nov/2023:15:20:30 -0300] 0:0:0:0:0:0:0:1 "GET /bff/clima/-32.48463/-58.23217 HTTP/1.1" 200 (294 ms)
[10/Nov/2023:15:20:30 -0300] 0:0:0:0:0:0:0:1 "GET /bff/clima/-32.48463/-58.23217 HTTP/1.1" 200 (280 ms)
[10/Nov/2023:15:20:30 -0300] 0:0:0:0:0:0:0:1 "GET /bff/clima/-32.48463/-58.23217 HTTP/1.1" 200 (270 ms)
[10/Nov/2023:15:20:31 -0300] 0:0:0:0:0:0:0:1 "GET /bff/clima/-32.48463/-58.23217 HTTP/1.1" 200 (263 ms)
[10/Nov/2023:15:20:31 -0300] 0:0:0:0:0:0:0:1 "GET /bff/clima/-32.48463/-58.23217 HTTP/1.1" 200 (268 ms)
[10/Nov/2023:15:23:06 -0300] 0:0:0:0:0:0:0:1 "OPTIONS /bff/clima/-27/133 HTTP/1.1" 200 (63 ms)
[10/Nov/2023:15:23:06 -0300] 0:0:0:0:0:0:0:1 "GET /bff/usuario/nombre/rodrigo/preferencias HTTP/1.1" 200 (253 ms)
[10/Nov/2023:15:23:06 -0300] 0:0:0:0:0:0:0:1 "GET /bff/usuario/nombre/rodrigo HTTP/1.1" 200 (117 ms)
[10/Nov/2023:15:23:07 -0300] 0:0:0:0:0:0:0:1 "GET /bff/actividad HTTP/1.1" 200 (323 ms)
[10/Nov/2023:15:23:07 -0300] 0:0:0:0:0:0:0:1 "GET /bff/usuario/nombre/rodrigo/preferencias HTTP/1.1" 200 (235 ms)
[10/Nov/2023:15:23:07 -0300] 0:0:0:0:0:0:0:1 "GET /bff/usuario/nombre/rodrigo/preferencias HTTP/1.1" 200 (264 ms)
[10/Nov/2023:15:23:07 -0300] 0:0:0:0:0:0:0:1 "GET /bff/clima/-27/133 HTTP/1.1" 200 (991 ms)
[10/Nov/2023:15:23:08 -0300] 0:0:0:0:0:0:0:1 "GET /bff/clima/-27/133 HTTP/1.1" 200 (334 ms)
[10/Nov/2023:15:23:08 -0300] 0:0:0:0:0:0:0:1 "GET /bff/clima/-27/133 HTTP/1.1" 200 (269 ms)
[10/Nov/2023:15:23:08 -0300] 0:0:0:0:0:0:0:1 "GET /bff/clima/-27/133 HTTP/1.1" 200 (259 ms)
[10/Nov/2023:15:23:08 -0300] 0:0:0:0:0:0:0:1 "GET /bff/clima/-27/133 HTTP/1.1" 200 (258 ms)
[10/Nov/2023:15:23:09 -0300] 0:0:0:0:0:0:0:1 "GET /bff/clima/-27/133 HTTP/1.1" 200 (290 ms)
[10/Nov/2023:15:23:09 -0300] 0:0:0:0:0:0:0:1 "GET /bff/clima/-27/133 HTTP/1.1" 200 (265 ms)
[10/Nov/2023:15:24:39 -0300] 0:0:0:0:0:0:0:1 "OPTIONS /bff/clima/-38/145 HTTP/1.1" 200 (21 ms)
[10/Nov/2023:15:24:39 -0300] 0:0:0:0:0:0:0:1 "OPTIONS /bff/usuario/nombre/rodrigo/preferencias HTTP/1.1" 200 (4 ms)
[10/Nov/2023:15:24:39 -0300] 0:0:0:0:0:0:0:1 "OPTIONS /bff/actividad HTTP/1.1" 200 (6 ms)
[10/Nov/2023:15:24:39 -0300] 0:0:0:0:0:0:0:1 "OPTIONS /bff/usuario/nombre/rodrigo HTTP/1.1" 200 (11 ms)
[10/Nov/2023:15:24:39 -0300] 0:0:0:0:0:0:0:1 "GET /bff/usuario/nombre/rodrigo/preferencias HTTP/1.1" 200 (242 ms)
[10/Nov/2023:15:24:39 -0300] 0:0:0:0:0:0:0:1 "GET /bff/usuario/nombre/rodrigo HTTP/1.1" 200 (129 ms)
[10/Nov/2023:15:24:39 -0300] 0:0:0:0:0:0:0:1 "GET /bff/actividad HTTP/1.1" 200 (224 ms)
[10/Nov/2023:15:24:40 -0300] 0:0:0:0:0:0:0:1 "GET /bff/usuario/nombre/rodrigo/preferencias HTTP/1.1" 200 (287 ms)
[10/Nov/2023:15:24:40 -0300] 0:0:0:0:0:0:0:1 "GET /bff/clima/-38/145 HTTP/1.1" 200 (966 ms)
[10/Nov/2023:15:24:40 -0300] 0:0:0:0:0:0:0:1 "GET /bff/usuario/nombre/rodrigo/preferencias HTTP/1.1" 200 (191 ms)
[10/Nov/2023:15:24:40 -0300] 0:0:0:0:0:0:0:1 "GET /bff/clima/-38/145 HTTP/1.1" 200 (355 ms)
[10/Nov/2023:15:24:40 -0300] 0:0:0:0:0:0:0:1 "GET /bff/clima/-38/145 HTTP/1.1" 200 (341 ms)
[10/Nov/2023:15:24:41 -0300] 0:0:0:0:0:0:0:1 "GET /bff/clima/-38/145 HTTP/1.1" 200 (274 ms)
[10/Nov/2023:15:24:41 -0300] 0:0:0:0:0:0:0:1 "GET /bff/clima/-38/145 HTTP/1.1" 200 (276 ms)
[10/Nov/2023:15:24:41 -0300] 0:0:0:0:0:0:0:1 "GET /bff/clima/-38/145 HTTP/1.1" 200 (274 ms)
[10/Nov/2023:15:24:42 -0300] 0:0:0:0:0:0:0:1 "GET /bff/clima/-38/145 HTTP/1.1" 200 (294 ms)
