[02/Nov/2023:15:29:15 -0300] 0:0:0:0:0:0:0:1 "GET /bff/conector/ping HTTP/1.1" 400 (261 ms)
[02/Nov/2023:15:29:15 -0300] 0:0:0:0:0:0:0:1 "GET /favicon.ico HTTP/1.1" 404 (4 ms)
[02/Nov/2023:15:29:25 -0300] 0:0:0:0:0:0:0:1 "GET /bff/backend/ping HTTP/1.1" 401 (6 ms)
[02/Nov/2023:15:31:43 -0300] 0:0:0:0:0:0:0:1 "GET /bff/backend/ping HTTP/1.1" 401 (6 ms)
[02/Nov/2023:15:32:17 -0300] 0:0:0:0:0:0:0:1 "GET /bff/conector/ping HTTP/1.1" 400 (14 ms)
[02/Nov/2023:15:33:13 -0300] 0:0:0:0:0:0:0:1 "GET /bff/conector/ping HTTP/1.1" 200 (127 ms)
[02/Nov/2023:15:34:04 -0300] 0:0:0:0:0:0:0:1 "GET /bff/conector/ping HTTP/1.1" 400 (189 ms)
[02/Nov/2023:15:34:09 -0300] 0:0:0:0:0:0:0:1 "GET /bff/backend/ping HTTP/1.1" 401 (4 ms)
[02/Nov/2023:15:34:15 -0300] 0:0:0:0:0:0:0:1 "GET /bff/backend/ping HTTP/1.1" 401 (5 ms)
[02/Nov/2023:15:34:22 -0300] 0:0:0:0:0:0:0:1 "GET /bff/backend/backend/ping HTTP/1.1" 401 (6 ms)
[02/Nov/2023:15:34:26 -0300] 0:0:0:0:0:0:0:1 "GET /bff/backend/ping HTTP/1.1" 401 (3 ms)
[02/Nov/2023:15:35:49 -0300] 0:0:0:0:0:0:0:1 "GET /bff/Test/ping HTTP/1.1" 401 (86 ms)
[02/Nov/2023:15:36:00 -0300] 0:0:0:0:0:0:0:1 "GET /bff/test/ping HTTP/1.1" 401 (6 ms)
[02/Nov/2023:15:42:36 -0300] 0:0:0:0:0:0:0:1 "GET /bff/backend/ping HTTP/1.1" 401 (106 ms)
[02/Nov/2023:15:44:20 -0300] 0:0:0:0:0:0:0:1 "GET /bff/backend/pd HTTP/1.1" 401 (7 ms)
[02/Nov/2023:15:44:21 -0300] 0:0:0:0:0:0:0:1 "GET /bff/backend/ping HTTP/1.1" 401 (5 ms)
[02/Nov/2023:15:46:53 -0300] 0:0:0:0:0:0:0:1 "GET /bff/backend/ping HTTP/1.1" 401 (90 ms)
[02/Nov/2023:15:46:58 -0300] 0:0:0:0:0:0:0:1 "GET /bff/conector/ping HTTP/1.1" 400 (98 ms)
[02/Nov/2023:15:47:01 -0300] 0:0:0:0:0:0:0:1 "GET /bff/backend/ping HTTP/1.1" 401 (2 ms)
[02/Nov/2023:15:49:31 -0300] 0:0:0:0:0:0:0:1 "GET /bff/backend/ping HTTP/1.1" 401 (5 ms)
[02/Nov/2023:15:52:51 -0300] 0:0:0:0:0:0:0:1 "GET /bff/ping HTTP/1.1" 200 (149 ms)
[02/Nov/2023:15:52:55 -0300] 0:0:0:0:0:0:0:1 "GET /bff/2/ping HTTP/1.1" 401 (5 ms)
[02/Nov/2023:15:52:57 -0300] 0:0:0:0:0:0:0:1 "GET /bff/ping HTTP/1.1" 200 (6 ms)
[02/Nov/2023:15:53:11 -0300] 0:0:0:0:0:0:0:1 "GET /bff/2ping HTTP/1.1" 401 (6 ms)
[02/Nov/2023:15:53:17 -0300] 0:0:0:0:0:0:0:1 "GET /bff/2/ping HTTP/1.1" 401 (5 ms)
[02/Nov/2023:15:54:09 -0300] 0:0:0:0:0:0:0:1 "GET /bff/ping HTTP/1.1" 200 (152 ms)
[02/Nov/2023:15:54:40 -0300] 0:0:0:0:0:0:0:1 "GET /bff/ping HTTP/1.1" 200 (121 ms)
[02/Nov/2023:15:54:43 -0300] 0:0:0:0:0:0:0:1 "GET /bff/2/ping HTTP/1.1" 401 (4 ms)
[02/Nov/2023:15:54:57 -0300] 0:0:0:0:0:0:0:1 "GET /bff/2/ping HTTP/1.1" 401 (5 ms)
[02/Nov/2023:15:56:12 -0300] 0:0:0:0:0:0:0:1 "GET /bff/2/ping HTTP/1.1" 401 (112 ms)
[02/Nov/2023:15:56:23 -0300] 0:0:0:0:0:0:0:1 "GET /bff/ping HTTP/1.1" 404 (70 ms)
[02/Nov/2023:15:56:34 -0300] 0:0:0:0:0:0:0:1 "GET /bff/pid HTTP/1.1" 401 (4 ms)
[02/Nov/2023:15:56:36 -0300] 0:0:0:0:0:0:0:1 "GET /bff/ping HTTP/1.1" 404 (27 ms)
[02/Nov/2023:15:56:37 -0300] 0:0:0:0:0:0:0:1 "GET /bff/2/ping HTTP/1.1" 401 (3 ms)
[02/Nov/2023:15:56:40 -0300] 0:0:0:0:0:0:0:1 "GET /bff/22/ping HTTP/1.1" 401 (3 ms)
[02/Nov/2023:15:58:08 -0300] 0:0:0:0:0:0:0:1 "GET /bff/ping HTTP/1.1" 200 (147 ms)
[02/Nov/2023:15:58:55 -0300] 0:0:0:0:0:0:0:1 "GET /bff/ping HTTP/1.1" 404 (193 ms)
[02/Nov/2023:15:59:01 -0300] 0:0:0:0:0:0:0:1 "GET /bff/2/ping HTTP/1.1" 401 (4 ms)
[02/Nov/2023:15:59:31 -0300] 0:0:0:0:0:0:0:1 "GET /bff/2/ping HTTP/1.1" 401 (102 ms)
[02/Nov/2023:16:00:22 -0300] 0:0:0:0:0:0:0:1 "GET /bff/ping HTTP/1.1" 200 (127 ms)
[02/Nov/2023:16:00:39 -0300] 0:0:0:0:0:0:0:1 "GET /bff/conector/ping HTTP/1.1" 400 (52 ms)
[02/Nov/2023:16:03:28 -0300] 127.0.0.1 "GET /bff/conector/ping HTTP/1.1" 400 (211 ms)
[02/Nov/2023:16:03:32 -0300] 0:0:0:0:0:0:0:1 "GET /bff/conector/pingBack HTTP/1.1" 401 (6 ms)
[02/Nov/2023:16:04:14 -0300] 0:0:0:0:0:0:0:1 "GET /bff/conector/pingBack HTTP/1.1" 401 (108 ms)
[02/Nov/2023:16:04:18 -0300] 0:0:0:0:0:0:0:1 "GET /bff/conector/ping HTTP/1.1" 400 (101 ms)
[02/Nov/2023:16:04:34 -0300] 0:0:0:0:0:0:0:1 "GET /bff/conector/pingBack HTTP/1.1" 401 (5 ms)
[02/Nov/2023:16:06:29 -0300] 0:0:0:0:0:0:0:1 "GET /bff/conector/ping2 HTTP/1.1" 401 (103 ms)
[02/Nov/2023:16:06:33 -0300] 0:0:0:0:0:0:0:1 "GET /bff/conector/ping HTTP/1.1" 404 (71 ms)
[02/Nov/2023:16:07:06 -0300] 0:0:0:0:0:0:0:1 "GET /bff/conector/ping HTTP/1.1" 400 (191 ms)
[02/Nov/2023:16:08:36 -0300] 0:0:0:0:0:0:0:1 "GET /bff/conector/ping HTTP/1.1" 404 (181 ms)
[02/Nov/2023:16:08:39 -0300] 0:0:0:0:0:0:0:1 "GET /bff/conector/ping2 HTTP/1.1" 401 (5 ms)
[02/Nov/2023:16:08:41 -0300] 0:0:0:0:0:0:0:1 "GET /bff/conector/ping HTTP/1.1" 404 (29 ms)
[02/Nov/2023:16:10:04 -0300] 0:0:0:0:0:0:0:1 "GET /bff/conector/ping HTTP/1.1" 400 (172 ms)
[02/Nov/2023:16:10:07 -0300] 0:0:0:0:0:0:0:1 "GET /bff/conector/ping2 HTTP/1.1" 401 (7 ms)
[02/Nov/2023:16:10:11 -0300] 0:0:0:0:0:0:0:1 "GET /bff/ping2 HTTP/1.1" 401 (4 ms)
[02/Nov/2023:16:10:46 -0300] 0:0:0:0:0:0:0:1 "GET /bff/ping HTTP/1.1" 200 (143 ms)
[02/Nov/2023:16:11:18 -0300] 0:0:0:0:0:0:0:1 "GET /bff/ping HTTP/1.1" 404 (191 ms)
[02/Nov/2023:16:11:22 -0300] 0:0:0:0:0:0:0:1 "GET /bff/pinge HTTP/1.1" 401 (6 ms)
[02/Nov/2023:16:11:27 -0300] 0:0:0:0:0:0:0:1 "GET /bff/ping HTTP/1.1" 404 (29 ms)
[02/Nov/2023:16:11:50 -0300] 0:0:0:0:0:0:0:1 "GET /bff/ping HTTP/1.1" 200 (127 ms)
[02/Nov/2023:16:13:40 -0300] 0:0:0:0:0:0:0:1 "GET /bff/ping HTTP/1.1" 200 (148 ms)
[02/Nov/2023:16:15:38 -0300] 0:0:0:0:0:0:0:1 "GET /bff/custom HTTP/1.1" 401 (89 ms)
[02/Nov/2023:16:20:02 -0300] 0:0:0:0:0:0:0:1 "GET /bff/custom HTTP/1.1" 401 (81 ms)
[02/Nov/2023:16:20:14 -0300] 0:0:0:0:0:0:0:1 "GET /bff/cust3 HTTP/1.1" 401 (4 ms)
[02/Nov/2023:16:20:20 -0300] 0:0:0:0:0:0:0:1 "GET /bff/ping HTTP/1.1" 200 (53 ms)
[02/Nov/2023:16:21:39 -0300] 0:0:0:0:0:0:0:1 "GET /bff/ping HTTP/1.1" 200 (140 ms)
[02/Nov/2023:16:21:53 -0300] 0:0:0:0:0:0:0:1 "GET /bff/custom%7D HTTP/1.1" 401 (7 ms)
[02/Nov/2023:16:21:56 -0300] 0:0:0:0:0:0:0:1 "GET /bff/custom HTTP/1.1" 401 (4 ms)
[02/Nov/2023:16:22:06 -0300] 0:0:0:0:0:0:0:1 "GET /bff/ping HTTP/1.1" 200 (7 ms)
[02/Nov/2023:16:22:33 -0300] 0:0:0:0:0:0:0:1 "GET /bff/ping HTTP/1.1" 404 (169 ms)
[02/Nov/2023:16:29:08 -0300] 0:0:0:0:0:0:0:1 "GET /bff/ping HTTP/1.1" 200 (157 ms)
[02/Nov/2023:16:29:13 -0300] 0:0:0:0:0:0:0:1 "GET /bff/test HTTP/1.1" 401 (5 ms)
[02/Nov/2023:16:31:22 -0300] 0:0:0:0:0:0:0:1 "GET /bff/ping2 HTTP/1.1" 401 (105 ms)
[02/Nov/2023:16:31:28 -0300] 0:0:0:0:0:0:0:1 "GET /bff/ping2 HTTP/1.1" 401 (5 ms)
[02/Nov/2023:16:31:31 -0300] 0:0:0:0:0:0:0:1 "GET /bff/ping HTTP/1.1" 404 (87 ms)
[02/Nov/2023:16:35:23 -0300] 0:0:0:0:0:0:0:1 "GET /bff/ping HTTP/1.1" 404 (37 ms)
[02/Nov/2023:16:35:27 -0300] 0:0:0:0:0:0:0:1 "GET /bff/ping HTTP/1.1" 404 (5 ms)
[02/Nov/2023:16:35:35 -0300] 0:0:0:0:0:0:0:1 "GET /bff/ping2 HTTP/1.1" 401 (2 ms)
[02/Nov/2023:16:36:29 -0300] 0:0:0:0:0:0:0:1 "GET /bff/ping2 HTTP/1.1" 401 (131 ms)
[02/Nov/2023:16:36:31 -0300] 0:0:0:0:0:0:0:1 "GET /bff/ping HTTP/1.1" 200 (38 ms)
[02/Nov/2023:16:36:39 -0300] 0:0:0:0:0:0:0:1 "GET /bff/test HTTP/1.1" 401 (3 ms)
[02/Nov/2023:16:46:39 -0300] 0:0:0:0:0:0:0:1 "GET /bff/conector/ping HTTP/1.1" 400 (224 ms)
[02/Nov/2023:16:46:46 -0300] 0:0:0:0:0:0:0:1 "GET /bff/backend/ping HTTP/1.1" 401 (6 ms)
[02/Nov/2023:16:46:56 -0300] 0:0:0:0:0:0:0:1 "GET /bff/backend/usuario HTTP/1.1" 401 (7 ms)
[02/Nov/2023:16:48:34 -0300] 0:0:0:0:0:0:0:1 "GET /bff/backend/usuario/Ana/preferencias HTTP/1.1" 401 (107 ms)
[02/Nov/2023:16:48:46 -0300] 0:0:0:0:0:0:0:1 "GET /bff/backend/usuario/nombre/Ana/preferencias HTTP/1.1" 401 (8 ms)
[02/Nov/2023:16:50:15 -0300] 0:0:0:0:0:0:0:1 "GET /bff/backend/ping HTTP/1.1" 401 (112 ms)
[02/Nov/2023:16:50:31 -0300] 0:0:0:0:0:0:0:1 "GET /bff/backend/version HTTP/1.1" 401 (4 ms)
